{"/Users/isyahex/Desktop/prjct/practix/server/src/app.module.ts": {"path":"/Users/isyahex/Desktop/prjct/practix/server/src/app.module.ts","statementMap":{"0":{"start":{"line":1,"column":0},"end":{"line":1,"column":72}},"1":{"start":{"line":2,"column":0},"end":{"line":2,"column":46}},"2":{"start":{"line":3,"column":0},"end":{"line":3,"column":52}},"3":{"start":{"line":4,"column":0},"end":{"line":4,"column":50}},"4":{"start":{"line":5,"column":0},"end":{"line":5,"column":54}},"5":{"start":{"line":6,"column":0},"end":{"line":6,"column":51}},"6":{"start":{"line":7,"column":0},"end":{"line":7,"column":48}},"7":{"start":{"line":8,"column":0},"end":{"line":8,"column":51}},"8":{"start":{"line":9,"column":0},"end":{"line":9,"column":51}},"9":{"start":{"line":10,"column":0},"end":{"line":10,"column":69}},"10":{"start":{"line":11,"column":0},"end":{"line":11,"column":42}},"11":{"start":{"line":12,"column":0},"end":{"line":12,"column":57}},"12":{"start":{"line":13,"column":0},"end":{"line":13,"column":71}},"13":{"start":{"line":14,"column":0},"end":{"line":14,"column":60}},"14":{"start":{"line":15,"column":0},"end":{"line":15,"column":66}},"15":{"start":{"line":16,"column":0},"end":{"line":16,"column":75}},"16":{"start":{"line":17,"column":0},"end":{"line":17,"column":60}},"17":{"start":{"line":18,"column":0},"end":{"line":18,"column":72}},"18":{"start":{"line":19,"column":0},"end":{"line":19,"column":60}},"19":{"start":{"line":20,"column":0},"end":{"line":20,"column":51}},"20":{"start":{"line":21,"column":0},"end":{"line":21,"column":61}},"21":{"start":{"line":22,"column":0},"end":{"line":22,"column":61}},"22":{"start":{"line":23,"column":0},"end":{"line":23,"column":60}},"23":{"start":{"line":24,"column":0},"end":{"line":24,"column":79}},"24":{"start":{"line":25,"column":0},"end":{"line":25,"column":54}},"25":{"start":{"line":75,"column":7},"end":{"line":80,"column":null}},"26":{"start":{"line":78,"column":4},"end":{"line":78,"column":54}},"27":{"start":{"line":75,"column":13},"end":{"line":75,"column":22}},"28":{"start":{"line":75,"column":13},"end":{"line":80,"column":null}}},"fnMap":{"0":{"name":"(anonymous_1)","decl":{"start":{"line":76,"column":2},"end":{"line":76,"column":11}},"loc":{"start":{"line":76,"column":40},"end":{"line":79,"column":3}}}},"branchMap":{},"s":{"0":0,"1":0,"2":0,"3":0,"4":0,"5":0,"6":0,"7":0,"8":0,"9":0,"10":0,"11":0,"12":0,"13":0,"14":0,"15":0,"16":0,"17":0,"18":0,"19":0,"20":0,"21":0,"22":0,"23":0,"24":0,"25":0,"26":0,"27":0,"28":0},"f":{"0":0},"b":{}}
,"/Users/isyahex/Desktop/prjct/practix/server/src/main.ts": {"path":"/Users/isyahex/Desktop/prjct/practix/server/src/main.ts","statementMap":{"0":{"start":{"line":1,"column":0},"end":{"line":1,"column":43}},"1":{"start":{"line":2,"column":0},"end":{"line":2,"column":41}},"2":{"start":{"line":3,"column":0},"end":{"line":3,"column":48}},"3":{"start":{"line":4,"column":0},"end":{"line":4,"column":60}},"4":{"start":{"line":5,"column":0},"end":{"line":5,"column":79}},"5":{"start":{"line":6,"column":0},"end":{"line":6,"column":71}},"6":{"start":{"line":7,"column":0},"end":{"line":7,"column":65}},"7":{"start":{"line":8,"column":0},"end":{"line":8,"column":28}},"8":{"start":{"line":11,"column":14},"end":{"line":13,"column":4}},"9":{"start":{"line":16,"column":17},"end":{"line":16,"column":54}},"10":{"start":{"line":17,"column":2},"end":{"line":17,"column":24}},"11":{"start":{"line":20,"column":23},"end":{"line":20,"column":60}},"12":{"start":{"line":21,"column":2},"end":{"line":58,"column":4}},"13":{"start":{"line":61,"column":2},"end":{"line":61,"column":79}},"14":{"start":{"line":64,"column":2},"end":{"line":64,"column":52}},"15":{"start":{"line":67,"column":2},"end":{"line":67,"column":53}},"16":{"start":{"line":70,"column":2},"end":{"line":101,"column":3}},"17":{"start":{"line":71,"column":19},"end":{"line":93,"column":14}},"18":{"start":{"line":94,"column":21},"end":{"line":94,"column":62}},"19":{"start":{"line":95,"column":4},"end":{"line":99,"column":7}},"20":{"start":{"line":100,"column":4},"end":{"line":100,"column":70}},"21":{"start":{"line":104,"column":25},"end":{"line":106,"column":81}},"22":{"start":{"line":105,"column":51},"end":{"line":105,"column":59}},"23":{"start":{"line":105,"column":73},"end":{"line":105,"column":82}},"24":{"start":{"line":108,"column":2},"end":{"line":132,"column":5}},"25":{"start":{"line":113,"column":6},"end":{"line":121,"column":7}},"26":{"start":{"line":115,"column":8},"end":{"line":117,"column":9}},"27":{"start":{"line":116,"column":10},"end":{"line":116,"column":38}},"28":{"start":{"line":120,"column":8},"end":{"line":120,"column":36}},"29":{"start":{"line":123,"column":6},"end":{"line":128,"column":7}},"30":{"start":{"line":124,"column":8},"end":{"line":124,"column":29}},"31":{"start":{"line":126,"column":8},"end":{"line":126,"column":75}},"32":{"start":{"line":127,"column":8},"end":{"line":127,"column":51}},"33":{"start":{"line":135,"column":2},"end":{"line":135,"column":28}},"34":{"start":{"line":137,"column":15},"end":{"line":137,"column":65}},"35":{"start":{"line":138,"column":2},"end":{"line":138,"column":36}},"36":{"start":{"line":139,"column":2},"end":{"line":139,"column":73}},"37":{"start":{"line":141,"column":0},"end":{"line":141,"column":12}}},"fnMap":{"0":{"name":"bootstrap","decl":{"start":{"line":10,"column":15},"end":{"line":10,"column":24}},"loc":{"start":{"line":10,"column":24},"end":{"line":140,"column":1}}},"1":{"name":"(anonymous_1)","decl":{"start":{"line":105,"column":46},"end":{"line":105,"column":47}},"loc":{"start":{"line":105,"column":51},"end":{"line":105,"column":59}}},"2":{"name":"(anonymous_2)","decl":{"start":{"line":105,"column":68},"end":{"line":105,"column":69}},"loc":{"start":{"line":105,"column":73},"end":{"line":105,"column":82}}},"3":{"name":"(anonymous_3)","decl":{"start":{"line":109,"column":12},"end":{"line":109,"column":13}},"loc":{"start":{"line":109,"column":33},"end":{"line":129,"column":5}}}},"branchMap":{"0":{"loc":{"start":{"line":24,"column":29},"end":{"line":38,"column":15}},"type":"cond-expr","locations":[{"start":{"line":25,"column":10},"end":{"line":37,"column":null}},{"start":{"line":38,"column":10},"end":{"line":38,"column":15}}]},"1":{"loc":{"start":{"line":40,"column":12},"end":{"line":46,"column":15}},"type":"cond-expr","locations":[{"start":{"line":41,"column":10},"end":{"line":45,"column":null}},{"start":{"line":46,"column":10},"end":{"line":46,"column":15}}]},"2":{"loc":{"start":{"line":70,"column":2},"end":{"line":101,"column":3}},"type":"if","locations":[{"start":{"line":70,"column":2},"end":{"line":101,"column":3}},{"start":{},"end":{}}]},"3":{"loc":{"start":{"line":104,"column":25},"end":{"line":106,"column":81}},"type":"cond-expr","locations":[{"start":{"line":105,"column":6},"end":{"line":105,"column":83}},{"start":{"line":106,"column":6},"end":{"line":106,"column":81}}]},"4":{"loc":{"start":{"line":113,"column":6},"end":{"line":121,"column":7}},"type":"if","locations":[{"start":{"line":113,"column":6},"end":{"line":121,"column":7}},{"start":{},"end":{}}]},"5":{"loc":{"start":{"line":115,"column":8},"end":{"line":117,"column":9}},"type":"if","locations":[{"start":{"line":115,"column":8},"end":{"line":117,"column":9}},{"start":{},"end":{}}]},"6":{"loc":{"start":{"line":123,"column":6},"end":{"line":128,"column":7}},"type":"if","locations":[{"start":{"line":123,"column":6},"end":{"line":128,"column":7}},{"start":{"line":125,"column":13},"end":{"line":128,"column":7}}]},"7":{"loc":{"start":{"line":137,"column":15},"end":{"line":137,"column":65}},"type":"cond-expr","locations":[{"start":{"line":137,"column":34},"end":{"line":137,"column":58}},{"start":{"line":137,"column":61},"end":{"line":137,"column":65}}]}},"s":{"0":0,"1":0,"2":0,"3":0,"4":0,"5":0,"6":0,"7":0,"8":0,"9":0,"10":0,"11":0,"12":0,"13":0,"14":0,"15":0,"16":0,"17":0,"18":0,"19":0,"20":0,"21":0,"22":0,"23":0,"24":0,"25":0,"26":0,"27":0,"28":0,"29":0,"30":0,"31":0,"32":0,"33":0,"34":0,"35":0,"36":0,"37":0},"f":{"0":0,"1":0,"2":0,"3":0},"b":{"0":[0,0],"1":[0,0],"2":[0,0],"3":[0,0],"4":[0,0],"5":[0,0],"6":[0,0],"7":[0,0]}}
,"/Users/isyahex/Desktop/prjct/practix/server/src/admin/admin.controller.ts": {"path":"/Users/isyahex/Desktop/prjct/practix/server/src/admin/admin.controller.ts","statementMap":{"0":{"start":{"line":1,"column":0},"end":{"line":1,"column":60}},"1":{"start":{"line":2,"column":0},"end":{"line":2,"column":45}},"2":{"start":{"line":3,"column":0},"end":{"line":3,"column":47}},"3":{"start":{"line":4,"column":0},"end":{"line":4,"column":61}},"4":{"start":{"line":5,"column":0},"end":{"line":5,"column":56}},"5":{"start":{"line":10,"column":7},"end":{"line":66,"column":null}},"6":{"start":{"line":11,"column":31},"end":{"line":11,"column":45}},"7":{"start":{"line":19,"column":4},"end":{"line":19,"column":49}},"8":{"start":{"line":28,"column":4},"end":{"line":28,"column":50}},"9":{"start":{"line":37,"column":4},"end":{"line":37,"column":48}},"10":{"start":{"line":46,"column":4},"end":{"line":46,"column":50}},"11":{"start":{"line":55,"column":4},"end":{"line":55,"column":52}},"12":{"start":{"line":64,"column":4},"end":{"line":64,"column":47}},"13":{"start":{"line":10,"column":13},"end":{"line":10,"column":28}},"14":{"start":{"line":18,"column":8},"end":{"line":20,"column":null}},"15":{"start":{"line":27,"column":8},"end":{"line":29,"column":null}},"16":{"start":{"line":36,"column":8},"end":{"line":38,"column":null}},"17":{"start":{"line":45,"column":8},"end":{"line":47,"column":null}},"18":{"start":{"line":54,"column":8},"end":{"line":56,"column":null}},"19":{"start":{"line":63,"column":8},"end":{"line":65,"column":null}},"20":{"start":{"line":10,"column":13},"end":{"line":66,"column":null}}},"fnMap":{"0":{"name":"(anonymous_2)","decl":{"start":{"line":11,"column":2},"end":{"line":11,"column":31}},"loc":{"start":{"line":11,"column":57},"end":{"line":11,"column":61}}},"1":{"name":"(anonymous_3)","decl":{"start":{"line":18,"column":8},"end":{"line":18,"column":25}},"loc":{"start":{"line":18,"column":25},"end":{"line":20,"column":3}}},"2":{"name":"(anonymous_4)","decl":{"start":{"line":27,"column":8},"end":{"line":27,"column":26}},"loc":{"start":{"line":27,"column":26},"end":{"line":29,"column":3}}},"3":{"name":"(anonymous_5)","decl":{"start":{"line":36,"column":8},"end":{"line":36,"column":24}},"loc":{"start":{"line":36,"column":24},"end":{"line":38,"column":3}}},"4":{"name":"(anonymous_6)","decl":{"start":{"line":45,"column":8},"end":{"line":45,"column":26}},"loc":{"start":{"line":45,"column":26},"end":{"line":47,"column":3}}},"5":{"name":"(anonymous_7)","decl":{"start":{"line":54,"column":8},"end":{"line":54,"column":28}},"loc":{"start":{"line":54,"column":28},"end":{"line":56,"column":3}}},"6":{"name":"(anonymous_8)","decl":{"start":{"line":63,"column":8},"end":{"line":63,"column":23}},"loc":{"start":{"line":63,"column":23},"end":{"line":65,"column":3}}}},"branchMap":{},"s":{"0":0,"1":0,"2":0,"3":0,"4":0,"5":0,"6":0,"7":0,"8":0,"9":0,"10":0,"11":0,"12":0,"13":0,"14":0,"15":0,"16":0,"17":0,"18":0,"19":0,"20":0},"f":{"0":0,"1":0,"2":0,"3":0,"4":0,"5":0,"6":0},"b":{}}
,"/Users/isyahex/Desktop/prjct/practix/server/src/admin/admin.module.ts": {"path":"/Users/isyahex/Desktop/prjct/practix/server/src/admin/admin.module.ts","statementMap":{"0":{"start":{"line":1,"column":0},"end":{"line":1,"column":40}},"1":{"start":{"line":2,"column":0},"end":{"line":2,"column":53}},"2":{"start":{"line":3,"column":0},"end":{"line":3,"column":47}},"3":{"start":{"line":4,"column":0},"end":{"line":4,"column":68}},"4":{"start":{"line":5,"column":0},"end":{"line":5,"column":62}},"5":{"start":{"line":6,"column":0},"end":{"line":6,"column":55}},"6":{"start":{"line":7,"column":0},"end":{"line":7,"column":52}},"7":{"start":{"line":15,"column":7},"end":{"line":15,"column":null}},"8":{"start":{"line":15,"column":13},"end":{"line":15,"column":24}},"9":{"start":{"line":15,"column":13},"end":{"line":15,"column":null}}},"fnMap":{},"branchMap":{},"s":{"0":0,"1":0,"2":0,"3":0,"4":0,"5":0,"6":0,"7":0,"8":0,"9":0},"f":{},"b":{}}
,"/Users/isyahex/Desktop/prjct/practix/server/src/admin/admin.service.ts": {"path":"/Users/isyahex/Desktop/prjct/practix/server/src/admin/admin.service.ts","statementMap":{"0":{"start":{"line":1,"column":0},"end":{"line":1,"column":44}},"1":{"start":{"line":2,"column":0},"end":{"line":2,"column":57}},"2":{"start":{"line":5,"column":7},"end":{"line":464,"column":null}},"3":{"start":{"line":6,"column":31},"end":{"line":6,"column":39}},"4":{"start":{"line":13,"column":16},"end":{"line":13,"column":26}},"5":{"start":{"line":14,"column":26},"end":{"line":14,"column":76}},"6":{"start":{"line":15,"column":25},"end":{"line":15,"column":74}},"7":{"start":{"line":16,"column":22},"end":{"line":16,"column":67}},"8":{"start":{"line":19,"column":23},"end":{"line":19,"column":53}},"9":{"start":{"line":22,"column":21},"end":{"line":28,"column":6}},"10":{"start":{"line":31,"column":29},"end":{"line":37,"column":6}},"11":{"start":{"line":40,"column":30},"end":{"line":46,"column":6}},"12":{"start":{"line":49,"column":31},"end":{"line":55,"column":6}},"13":{"start":{"line":58,"column":25},"end":{"line":62,"column":6}},"14":{"start":{"line":64,"column":4},"end":{"line":73,"column":6}},"15":{"start":{"line":84,"column":20},"end":{"line":92,"column":6}},"16":{"start":{"line":95,"column":32},"end":{"line":99,"column":6}},"17":{"start":{"line":102,"column":27},"end":{"line":108,"column":6}},"18":{"start":{"line":111,"column":24},"end":{"line":115,"column":null}},"19":{"start":{"line":112,"column":40},"end":{"line":115,"column":8}},"20":{"start":{"line":118,"column":25},"end":{"line":119,"column":null}},"21":{"start":{"line":119,"column":35},"end":{"line":119,"column":70}},"22":{"start":{"line":123,"column":24},"end":{"line":139,"column":6}},"23":{"start":{"line":124,"column":23},"end":{"line":124,"column":83}},"24":{"start":{"line":125,"column":24},"end":{"line":125,"column":58}},"25":{"start":{"line":126,"column":28},"end":{"line":126,"column":42}},"26":{"start":{"line":128,"column":6},"end":{"line":138,"column":8}},"27":{"start":{"line":142,"column":4},"end":{"line":142,"column":66}},"28":{"start":{"line":142,"column":31},"end":{"line":142,"column":64}},"29":{"start":{"line":144,"column":4},"end":{"line":147,"column":6}},"30":{"start":{"line":157,"column":18},"end":{"line":165,"column":6}},"31":{"start":{"line":168,"column":34},"end":{"line":171,"column":6}},"32":{"start":{"line":174,"column":35},"end":{"line":178,"column":6}},"33":{"start":{"line":181,"column":29},"end":{"line":183,"column":6}},"34":{"start":{"line":186,"column":32},"end":{"line":187,"column":null}},"35":{"start":{"line":187,"column":42},"end":{"line":187,"column":73}},"36":{"start":{"line":190,"column":33},"end":{"line":191,"column":null}},"37":{"start":{"line":191,"column":43},"end":{"line":191,"column":74}},"38":{"start":{"line":195,"column":27},"end":{"line":195,"column":52}},"39":{"start":{"line":196,"column":4},"end":{"line":199,"column":7}},"40":{"start":{"line":197,"column":22},"end":{"line":197,"column":58}},"41":{"start":{"line":198,"column":6},"end":{"line":198,"column":51}},"42":{"start":{"line":202,"column":22},"end":{"line":220,"column":6}},"43":{"start":{"line":203,"column":31},"end":{"line":203,"column":68}},"44":{"start":{"line":204,"column":32},"end":{"line":204,"column":70}},"45":{"start":{"line":205,"column":26},"end":{"line":205,"column":58}},"46":{"start":{"line":207,"column":8},"end":{"line":207,"column":79}},"47":{"start":{"line":209,"column":6},"end":{"line":219,"column":8}},"48":{"start":{"line":223,"column":33},"end":{"line":223,"column":80}},"49":{"start":{"line":223,"column":57},"end":{"line":223,"column":79}},"50":{"start":{"line":226,"column":25},"end":{"line":228,"column":19}},"51":{"start":{"line":227,"column":22},"end":{"line":227,"column":45}},"52":{"start":{"line":231,"column":25},"end":{"line":233,"column":19}},"53":{"start":{"line":232,"column":22},"end":{"line":232,"column":45}},"54":{"start":{"line":236,"column":29},"end":{"line":238,"column":19}},"55":{"start":{"line":237,"column":22},"end":{"line":237,"column":51}},"56":{"start":{"line":240,"column":4},"end":{"line":246,"column":6}},"57":{"start":{"line":254,"column":16},"end":{"line":254,"column":26}},"58":{"start":{"line":255,"column":26},"end":{"line":255,"column":76}},"59":{"start":{"line":258,"column":29},"end":{"line":258,"column":65}},"60":{"start":{"line":261,"column":30},"end":{"line":267,"column":6}},"61":{"start":{"line":270,"column":32},"end":{"line":275,"column":6}},"62":{"start":{"line":277,"column":24},"end":{"line":284,"column":7}},"63":{"start":{"line":277,"column":59},"end":{"line":284,"column":6}},"64":{"start":{"line":287,"column":30},"end":{"line":297,"column":6}},"65":{"start":{"line":300,"column":56},"end":{"line":300,"column":58}},"66":{"start":{"line":301,"column":4},"end":{"line":304,"column":7}},"67":{"start":{"line":302,"column":19},"end":{"line":302,"column":67}},"68":{"start":{"line":303,"column":6},"end":{"line":303,"column":84}},"69":{"start":{"line":306,"column":4},"end":{"line":311,"column":6}},"70":{"start":{"line":319,"column":16},"end":{"line":319,"column":26}},"71":{"start":{"line":320,"column":28},"end":{"line":320,"column":74}},"72":{"start":{"line":323,"column":32},"end":{"line":327,"column":6}},"73":{"start":{"line":330,"column":38},"end":{"line":337,"column":6}},"74":{"start":{"line":340,"column":32},"end":{"line":348,"column":6}},"75":{"start":{"line":351,"column":20},"end":{"line":351,"column":66}},"76":{"start":{"line":351,"column":54},"end":{"line":351,"column":65}},"77":{"start":{"line":352,"column":18},"end":{"line":361,"column":6}},"78":{"start":{"line":364,"column":20},"end":{"line":364,"column":65}},"79":{"start":{"line":364,"column":48},"end":{"line":364,"column":63}},"80":{"start":{"line":367,"column":22},"end":{"line":377,"column":6}},"81":{"start":{"line":368,"column":19},"end":{"line":368,"column":43}},"82":{"start":{"line":369,"column":6},"end":{"line":376,"column":8}},"83":{"start":{"line":380,"column":32},"end":{"line":380,"column":93}},"84":{"start":{"line":380,"column":64},"end":{"line":380,"column":89}},"85":{"start":{"line":383,"column":30},"end":{"line":387,"column":6}},"86":{"start":{"line":389,"column":25},"end":{"line":396,"column":6}},"87":{"start":{"line":398,"column":4},"end":{"line":405,"column":6}},"88":{"start":{"line":413,"column":16},"end":{"line":413,"column":26}},"89":{"start":{"line":414,"column":26},"end":{"line":414,"column":76}},"90":{"start":{"line":417,"column":23},"end":{"line":421,"column":6}},"91":{"start":{"line":424,"column":24},"end":{"line":434,"column":6}},"92":{"start":{"line":437,"column":50},"end":{"line":437,"column":52}},"93":{"start":{"line":438,"column":4},"end":{"line":440,"column":7}},"94":{"start":{"line":439,"column":6},"end":{"line":439,"column":75}},"95":{"start":{"line":443,"column":23},"end":{"line":445,"column":51}},"96":{"start":{"line":444,"column":31},"end":{"line":444,"column":46}},"97":{"start":{"line":445,"column":22},"end":{"line":445,"column":50}},"98":{"start":{"line":448,"column":24},"end":{"line":451,"column":6}},"99":{"start":{"line":455,"column":6},"end":{"line":455,"column":84}},"100":{"start":{"line":457,"column":4},"end":{"line":462,"column":6}},"101":{"start":{"line":5,"column":13},"end":{"line":5,"column":25}},"102":{"start":{"line":5,"column":13},"end":{"line":464,"column":null}}},"fnMap":{"0":{"name":"(anonymous_2)","decl":{"start":{"line":6,"column":2},"end":{"line":6,"column":31}},"loc":{"start":{"line":6,"column":52},"end":{"line":6,"column":56}}},"1":{"name":"(anonymous_3)","decl":{"start":{"line":12,"column":2},"end":{"line":12,"column":7}},"loc":{"start":{"line":12,"column":25},"end":{"line":74,"column":3}}},"2":{"name":"(anonymous_4)","decl":{"start":{"line":82,"column":2},"end":{"line":82,"column":7}},"loc":{"start":{"line":82,"column":26},"end":{"line":148,"column":3}}},"3":{"name":"(anonymous_5)","decl":{"start":{"line":112,"column":30},"end":{"line":112,"column":31}},"loc":{"start":{"line":112,"column":40},"end":{"line":115,"column":8}}},"4":{"name":"(anonymous_6)","decl":{"start":{"line":119,"column":25},"end":{"line":119,"column":26}},"loc":{"start":{"line":119,"column":35},"end":{"line":119,"column":70}}},"5":{"name":"(anonymous_7)","decl":{"start":{"line":123,"column":36},"end":{"line":123,"column":37}},"loc":{"start":{"line":123,"column":47},"end":{"line":139,"column":5}}},"6":{"name":"(anonymous_8)","decl":{"start":{"line":142,"column":21},"end":{"line":142,"column":22}},"loc":{"start":{"line":142,"column":31},"end":{"line":142,"column":64}}},"7":{"name":"(anonymous_9)","decl":{"start":{"line":155,"column":2},"end":{"line":155,"column":7}},"loc":{"start":{"line":155,"column":24},"end":{"line":247,"column":3}}},"8":{"name":"(anonymous_10)","decl":{"start":{"line":187,"column":32},"end":{"line":187,"column":33}},"loc":{"start":{"line":187,"column":42},"end":{"line":187,"column":73}}},"9":{"name":"(anonymous_11)","decl":{"start":{"line":191,"column":33},"end":{"line":191,"column":34}},"loc":{"start":{"line":191,"column":43},"end":{"line":191,"column":74}}},"10":{"name":"(anonymous_12)","decl":{"start":{"line":196,"column":29},"end":{"line":196,"column":30}},"loc":{"start":{"line":196,"column":38},"end":{"line":199,"column":5}}},"11":{"name":"(anonymous_13)","decl":{"start":{"line":202,"column":32},"end":{"line":202,"column":33}},"loc":{"start":{"line":202,"column":41},"end":{"line":220,"column":5}}},"12":{"name":"(anonymous_14)","decl":{"start":{"line":223,"column":50},"end":{"line":223,"column":51}},"loc":{"start":{"line":223,"column":57},"end":{"line":223,"column":79}}},"13":{"name":"(anonymous_15)","decl":{"start":{"line":227,"column":12},"end":{"line":227,"column":13}},"loc":{"start":{"line":227,"column":22},"end":{"line":227,"column":45}}},"14":{"name":"(anonymous_16)","decl":{"start":{"line":232,"column":12},"end":{"line":232,"column":13}},"loc":{"start":{"line":232,"column":22},"end":{"line":232,"column":45}}},"15":{"name":"(anonymous_17)","decl":{"start":{"line":237,"column":12},"end":{"line":237,"column":13}},"loc":{"start":{"line":237,"column":22},"end":{"line":237,"column":51}}},"16":{"name":"(anonymous_18)","decl":{"start":{"line":253,"column":2},"end":{"line":253,"column":7}},"loc":{"start":{"line":253,"column":26},"end":{"line":312,"column":3}}},"17":{"name":"(anonymous_19)","decl":{"start":{"line":277,"column":48},"end":{"line":277,"column":49}},"loc":{"start":{"line":277,"column":59},"end":{"line":284,"column":6}}},"18":{"name":"(anonymous_20)","decl":{"start":{"line":301,"column":30},"end":{"line":301,"column":31}},"loc":{"start":{"line":301,"column":45},"end":{"line":304,"column":5}}},"19":{"name":"(anonymous_21)","decl":{"start":{"line":318,"column":2},"end":{"line":318,"column":7}},"loc":{"start":{"line":318,"column":28},"end":{"line":406,"column":3}}},"20":{"name":"(anonymous_22)","decl":{"start":{"line":351,"column":44},"end":{"line":351,"column":45}},"loc":{"start":{"line":351,"column":54},"end":{"line":351,"column":65}}},"21":{"name":"(anonymous_23)","decl":{"start":{"line":364,"column":38},"end":{"line":364,"column":39}},"loc":{"start":{"line":364,"column":48},"end":{"line":364,"column":63}}},"22":{"name":"(anonymous_24)","decl":{"start":{"line":367,"column":46},"end":{"line":367,"column":47}},"loc":{"start":{"line":367,"column":55},"end":{"line":377,"column":5}}},"23":{"name":"(anonymous_25)","decl":{"start":{"line":380,"column":49},"end":{"line":380,"column":50}},"loc":{"start":{"line":380,"column":64},"end":{"line":380,"column":89}}},"24":{"name":"(anonymous_26)","decl":{"start":{"line":412,"column":2},"end":{"line":412,"column":7}},"loc":{"start":{"line":412,"column":23},"end":{"line":463,"column":3}}},"25":{"name":"(anonymous_27)","decl":{"start":{"line":438,"column":24},"end":{"line":438,"column":25}},"loc":{"start":{"line":438,"column":34},"end":{"line":440,"column":5}}},"26":{"name":"(anonymous_28)","decl":{"start":{"line":444,"column":11},"end":{"line":444,"column":12}},"loc":{"start":{"line":444,"column":31},"end":{"line":444,"column":46}}},"27":{"name":"(anonymous_29)","decl":{"start":{"line":445,"column":12},"end":{"line":445,"column":13}},"loc":{"start":{"line":445,"column":22},"end":{"line":445,"column":50}}}},"branchMap":{"0":{"loc":{"start":{"line":114,"column":48},"end":{"line":114,"column":71}},"type":"binary-expr","locations":[{"start":{"line":114,"column":48},"end":{"line":114,"column":66}},{"start":{"line":114,"column":70},"end":{"line":114,"column":71}}]},"1":{"loc":{"start":{"line":124,"column":23},"end":{"line":124,"column":83}},"type":"binary-expr","locations":[{"start":{"line":124,"column":23},"end":{"line":124,"column":51}},{"start":{"line":124,"column":55},"end":{"line":124,"column":83}}]},"2":{"loc":{"start":{"line":125,"column":24},"end":{"line":125,"column":58}},"type":"binary-expr","locations":[{"start":{"line":125,"column":24},"end":{"line":125,"column":53}},{"start":{"line":125,"column":57},"end":{"line":125,"column":58}}]},"3":{"loc":{"start":{"line":135,"column":24},"end":{"line":135,"column":81}},"type":"cond-expr","locations":[{"start":{"line":135,"column":44},"end":{"line":135,"column":77}},{"start":{"line":135,"column":80},"end":{"line":135,"column":81}}]},"4":{"loc":{"start":{"line":197,"column":22},"end":{"line":197,"column":58}},"type":"binary-expr","locations":[{"start":{"line":197,"column":22},"end":{"line":197,"column":53}},{"start":{"line":197,"column":57},"end":{"line":197,"column":58}}]},"5":{"loc":{"start":{"line":203,"column":31},"end":{"line":203,"column":68}},"type":"binary-expr","locations":[{"start":{"line":203,"column":31},"end":{"line":203,"column":63}},{"start":{"line":203,"column":67},"end":{"line":203,"column":68}}]},"6":{"loc":{"start":{"line":204,"column":32},"end":{"line":204,"column":70}},"type":"binary-expr","locations":[{"start":{"line":204,"column":32},"end":{"line":204,"column":65}},{"start":{"line":204,"column":69},"end":{"line":204,"column":70}}]},"7":{"loc":{"start":{"line":205,"column":26},"end":{"line":205,"column":58}},"type":"binary-expr","locations":[{"start":{"line":205,"column":26},"end":{"line":205,"column":53}},{"start":{"line":205,"column":57},"end":{"line":205,"column":58}}]},"8":{"loc":{"start":{"line":207,"column":8},"end":{"line":207,"column":79}},"type":"cond-expr","locations":[{"start":{"line":207,"column":31},"end":{"line":207,"column":75}},{"start":{"line":207,"column":78},"end":{"line":207,"column":79}}]},"9":{"loc":{"start":{"line":281,"column":8},"end":{"line":283,"column":13}},"type":"cond-expr","locations":[{"start":{"line":282,"column":12},"end":{"line":282,"column":77}},{"start":{"line":283,"column":12},"end":{"line":283,"column":13}}]},"10":{"loc":{"start":{"line":303,"column":32},"end":{"line":303,"column":59}},"type":"binary-expr","locations":[{"start":{"line":303,"column":32},"end":{"line":303,"column":54}},{"start":{"line":303,"column":58},"end":{"line":303,"column":59}}]},"11":{"loc":{"start":{"line":371,"column":18},"end":{"line":371,"column":41}},"type":"binary-expr","locations":[{"start":{"line":371,"column":18},"end":{"line":371,"column":28}},{"start":{"line":371,"column":32},"end":{"line":371,"column":41}}]},"12":{"loc":{"start":{"line":371,"column":18},"end":{"line":371,"column":28}},"type":"cond-expr","locations":[{"start":{"line":371,"column":22},"end":{"line":371,"column":24}},{"start":{"line":371,"column":18},"end":{"line":371,"column":28}}]},"13":{"loc":{"start":{"line":371,"column":18},"end":{"line":371,"column":24}},"type":"binary-expr","locations":[{"start":{"line":371,"column":18},"end":{"line":371,"column":24}},{"start":{"line":371,"column":18},"end":{"line":371,"column":24}}]},"14":{"loc":{"start":{"line":372,"column":18},"end":{"line":372,"column":41}},"type":"binary-expr","locations":[{"start":{"line":372,"column":18},"end":{"line":372,"column":28}},{"start":{"line":372,"column":32},"end":{"line":372,"column":41}}]},"15":{"loc":{"start":{"line":372,"column":18},"end":{"line":372,"column":28}},"type":"cond-expr","locations":[{"start":{"line":372,"column":22},"end":{"line":372,"column":24}},{"start":{"line":372,"column":18},"end":{"line":372,"column":28}}]},"16":{"loc":{"start":{"line":372,"column":18},"end":{"line":372,"column":24}},"type":"binary-expr","locations":[{"start":{"line":372,"column":18},"end":{"line":372,"column":24}},{"start":{"line":372,"column":18},"end":{"line":372,"column":24}}]},"17":{"loc":{"start":{"line":373,"column":18},"end":{"line":373,"column":41}},"type":"binary-expr","locations":[{"start":{"line":373,"column":18},"end":{"line":373,"column":28}},{"start":{"line":373,"column":32},"end":{"line":373,"column":41}}]},"18":{"loc":{"start":{"line":373,"column":18},"end":{"line":373,"column":28}},"type":"cond-expr","locations":[{"start":{"line":373,"column":22},"end":{"line":373,"column":24}},{"start":{"line":373,"column":18},"end":{"line":373,"column":28}}]},"19":{"loc":{"start":{"line":373,"column":18},"end":{"line":373,"column":24}},"type":"binary-expr","locations":[{"start":{"line":373,"column":18},"end":{"line":373,"column":24}},{"start":{"line":373,"column":18},"end":{"line":373,"column":24}}]},"20":{"loc":{"start":{"line":375,"column":25},"end":{"line":375,"column":48}},"type":"binary-expr","locations":[{"start":{"line":375,"column":25},"end":{"line":375,"column":43}},{"start":{"line":375,"column":47},"end":{"line":375,"column":48}}]},"21":{"loc":{"start":{"line":375,"column":25},"end":{"line":375,"column":43}},"type":"cond-expr","locations":[{"start":{"line":375,"column":29},"end":{"line":375,"column":31}},{"start":{"line":375,"column":25},"end":{"line":375,"column":43}}]},"22":{"loc":{"start":{"line":375,"column":25},"end":{"line":375,"column":31}},"type":"binary-expr","locations":[{"start":{"line":375,"column":25},"end":{"line":375,"column":31}},{"start":{"line":375,"column":25},"end":{"line":375,"column":31}}]},"23":{"loc":{"start":{"line":404,"column":20},"end":{"line":404,"column":49}},"type":"binary-expr","locations":[{"start":{"line":404,"column":20},"end":{"line":404,"column":44}},{"start":{"line":404,"column":48},"end":{"line":404,"column":49}}]},"24":{"loc":{"start":{"line":439,"column":32},"end":{"line":439,"column":59}},"type":"binary-expr","locations":[{"start":{"line":439,"column":32},"end":{"line":439,"column":54}},{"start":{"line":439,"column":58},"end":{"line":439,"column":59}}]},"25":{"loc":{"start":{"line":455,"column":6},"end":{"line":455,"column":84}},"type":"cond-expr","locations":[{"start":{"line":455,"column":31},"end":{"line":455,"column":80}},{"start":{"line":455,"column":83},"end":{"line":455,"column":84}}]},"26":{"loc":{"start":{"line":455,"column":32},"end":{"line":455,"column":58}},"type":"binary-expr","locations":[{"start":{"line":455,"column":32},"end":{"line":455,"column":53}},{"start":{"line":455,"column":57},"end":{"line":455,"column":58}}]},"27":{"loc":{"start":{"line":458,"column":18},"end":{"line":458,"column":44}},"type":"binary-expr","locations":[{"start":{"line":458,"column":18},"end":{"line":458,"column":39}},{"start":{"line":458,"column":43},"end":{"line":458,"column":44}}]}},"s":{"0":0,"1":0,"2":0,"3":0,"4":0,"5":0,"6":0,"7":0,"8":0,"9":0,"10":0,"11":0,"12":0,"13":0,"14":0,"15":0,"16":0,"17":0,"18":0,"19":0,"20":0,"21":0,"22":0,"23":0,"24":0,"25":0,"26":0,"27":0,"28":0,"29":0,"30":0,"31":0,"32":0,"33":0,"34":0,"35":0,"36":0,"37":0,"38":0,"39":0,"40":0,"41":0,"42":0,"43":0,"44":0,"45":0,"46":0,"47":0,"48":0,"49":0,"50":0,"51":0,"52":0,"53":0,"54":0,"55":0,"56":0,"57":0,"58":0,"59":0,"60":0,"61":0,"62":0,"63":0,"64":0,"65":0,"66":0,"67":0,"68":0,"69":0,"70":0,"71":0,"72":0,"73":0,"74":0,"75":0,"76":0,"77":0,"78":0,"79":0,"80":0,"81":0,"82":0,"83":0,"84":0,"85":0,"86":0,"87":0,"88":0,"89":0,"90":0,"91":0,"92":0,"93":0,"94":0,"95":0,"96":0,"97":0,"98":0,"99":0,"100":0,"101":0,"102":0},"f":{"0":0,"1":0,"2":0,"3":0,"4":0,"5":0,"6":0,"7":0,"8":0,"9":0,"10":0,"11":0,"12":0,"13":0,"14":0,"15":0,"16":0,"17":0,"18":0,"19":0,"20":0,"21":0,"22":0,"23":0,"24":0,"25":0,"26":0,"27":0},"b":{"0":[0,0],"1":[0,0],"2":[0,0],"3":[0,0],"4":[0,0],"5":[0,0],"6":[0,0],"7":[0,0],"8":[0,0],"9":[0,0],"10":[0,0],"11":[0,0],"12":[0,0],"13":[0,0],"14":[0,0],"15":[0,0],"16":[0,0],"17":[0,0],"18":[0,0],"19":[0,0],"20":[0,0],"21":[0,0],"22":[0,0],"23":[0,0],"24":[0,0],"25":[0,0],"26":[0,0],"27":[0,0]}}
,"/Users/isyahex/Desktop/prjct/practix/server/src/admin/settings/settings.controller.ts": {"path":"/Users/isyahex/Desktop/prjct/practix/server/src/admin/settings/settings.controller.ts","statementMap":{"0":{"start":{"line":1,"column":0},"end":{"line":1,"column":76}},"1":{"start":{"line":2,"column":0},"end":{"line":2,"column":45}},"2":{"start":{"line":3,"column":0},"end":{"line":3,"column":71}},"3":{"start":{"line":4,"column":0},"end":{"line":4,"column":53}},"4":{"start":{"line":5,"column":0},"end":{"line":5,"column":null}},"5":{"start":{"line":9,"column":0},"end":{"line":9,"column":64}},"6":{"start":{"line":10,"column":0},"end":{"line":10,"column":59}},"7":{"start":{"line":21,"column":7},"end":{"line":46,"column":null}},"8":{"start":{"line":22,"column":31},"end":{"line":22,"column":48}},"9":{"start":{"line":31,"column":4},"end":{"line":31,"column":48}},"10":{"start":{"line":44,"column":4},"end":{"line":44,"column":71}},"11":{"start":{"line":21,"column":13},"end":{"line":21,"column":31}},"12":{"start":{"line":30,"column":8},"end":{"line":32,"column":null}},"13":{"start":{"line":40,"column":8},"end":{"line":45,"column":null}},"14":{"start":{"line":21,"column":13},"end":{"line":46,"column":null}}},"fnMap":{"0":{"name":"(anonymous_4)","decl":{"start":{"line":22,"column":2},"end":{"line":22,"column":31}},"loc":{"start":{"line":22,"column":63},"end":{"line":22,"column":67}}},"1":{"name":"(anonymous_5)","decl":{"start":{"line":30,"column":8},"end":{"line":30,"column":21}},"loc":{"start":{"line":30,"column":21},"end":{"line":32,"column":3}}},"2":{"name":"(anonymous_6)","decl":{"start":{"line":40,"column":8},"end":{"line":40,"column":24}},"loc":{"start":{"line":42,"column":31},"end":{"line":45,"column":3}}}},"branchMap":{},"s":{"0":1,"1":1,"2":1,"3":1,"4":1,"5":1,"6":1,"7":1,"8":5,"9":1,"10":3,"11":1,"12":1,"13":1,"14":1},"f":{"0":5,"1":1,"2":3},"b":{}}
,"/Users/isyahex/Desktop/prjct/practix/server/src/admin/settings/settings.service.ts": {"path":"/Users/isyahex/Desktop/prjct/practix/server/src/admin/settings/settings.service.ts","statementMap":{"0":{"start":{"line":1,"column":0},"end":{"line":1,"column":52}},"1":{"start":{"line":2,"column":0},"end":{"line":2,"column":60}},"2":{"start":{"line":3,"column":0},"end":{"line":3,"column":57}},"3":{"start":{"line":13,"column":13},"end":{"line":18,"column":2}},"4":{"start":{"line":20,"column":28},"end":{"line":26,"column":2}},"5":{"start":{"line":29,"column":27},"end":{"line":29,"column":30}},"6":{"start":{"line":42,"column":28},"end":{"line":260,"column":null}},"7":{"start":{"line":46,"column":12},"end":{"line":46,"column":20}},"8":{"start":{"line":47,"column":12},"end":{"line":47,"column":26}},"9":{"start":{"line":43,"column":19},"end":{"line":43,"column":61}},"10":{"start":{"line":54,"column":4},"end":{"line":54,"column":34}},"11":{"start":{"line":64,"column":19},"end":{"line":65,"column":null}},"12":{"start":{"line":67,"column":4},"end":{"line":69,"column":5}},"13":{"start":{"line":68,"column":6},"end":{"line":68,"column":20}},"14":{"start":{"line":72,"column":21},"end":{"line":74,"column":6}},"15":{"start":{"line":77,"column":44},"end":{"line":77,"column":46}},"16":{"start":{"line":78,"column":4},"end":{"line":84,"column":5}},"17":{"start":{"line":79,"column":6},"end":{"line":83,"column":7}},"18":{"start":{"line":80,"column":8},"end":{"line":80,"column":56}},"19":{"start":{"line":82,"column":8},"end":{"line":82,"column":44}},"20":{"start":{"line":87,"column":4},"end":{"line":91,"column":6}},"21":{"start":{"line":93,"column":4},"end":{"line":93,"column":18}},"22":{"start":{"line":104,"column":21},"end":{"line":104,"column":63}},"23":{"start":{"line":105,"column":4},"end":{"line":105,"column":48}},"24":{"start":{"line":117,"column":28},"end":{"line":117,"column":49}},"25":{"start":{"line":119,"column":4},"end":{"line":133,"column":7}},"26":{"start":{"line":136,"column":4},"end":{"line":136,"column":63}},"27":{"start":{"line":138,"column":4},"end":{"line":140,"column":6}},"28":{"start":{"line":151,"column":23},"end":{"line":168,"column":6}},"29":{"start":{"line":152,"column":30},"end":{"line":152,"column":51}},"30":{"start":{"line":153,"column":6},"end":{"line":167,"column":9}},"31":{"start":{"line":170,"column":4},"end":{"line":170,"column":47}},"32":{"start":{"line":173,"column":4},"end":{"line":173,"column":63}},"33":{"start":{"line":175,"column":4},"end":{"line":177,"column":6}},"34":{"start":{"line":188,"column":21},"end":{"line":188,"column":59}},"35":{"start":{"line":190,"column":4},"end":{"line":206,"column":6}},"36":{"start":{"line":216,"column":45},"end":{"line":216,"column":47}},"37":{"start":{"line":218,"column":4},"end":{"line":220,"column":5}},"38":{"start":{"line":219,"column":6},"end":{"line":219,"column":44}},"39":{"start":{"line":221,"column":4},"end":{"line":234,"column":5}},"40":{"start":{"line":222,"column":6},"end":{"line":224,"column":7}},"41":{"start":{"line":223,"column":8},"end":{"line":223,"column":54}},"42":{"start":{"line":225,"column":6},"end":{"line":227,"column":7}},"43":{"start":{"line":226,"column":8},"end":{"line":226,"column":58}},"44":{"start":{"line":228,"column":6},"end":{"line":230,"column":7}},"45":{"start":{"line":229,"column":8},"end":{"line":229,"column":60}},"46":{"start":{"line":231,"column":6},"end":{"line":233,"column":7}},"47":{"start":{"line":232,"column":8},"end":{"line":232,"column":80}},"48":{"start":{"line":236,"column":4},"end":{"line":238,"column":5}},"49":{"start":{"line":237,"column":6},"end":{"line":237,"column":58}},"50":{"start":{"line":240,"column":4},"end":{"line":240,"column":32}},"51":{"start":{"line":249,"column":21},"end":{"line":249,"column":47}},"52":{"start":{"line":250,"column":4},"end":{"line":250,"column":33}},"53":{"start":{"line":257,"column":21},"end":{"line":257,"column":47}},"54":{"start":{"line":258,"column":4},"end":{"line":258,"column":28}},"55":{"start":{"line":42,"column":13},"end":{"line":42,"column":28}},"56":{"start":{"line":42,"column":13},"end":{"line":260,"column":null}}},"fnMap":{"0":{"name":"(anonymous_2)","decl":{"start":{"line":45,"column":2},"end":{"line":45,"column":null}},"loc":{"start":{"line":47,"column":38},"end":{"line":48,"column":6}}},"1":{"name":"(anonymous_3)","decl":{"start":{"line":53,"column":10},"end":{"line":53,"column":21}},"loc":{"start":{"line":53,"column":38},"end":{"line":55,"column":3}}},"2":{"name":"(anonymous_4)","decl":{"start":{"line":60,"column":2},"end":{"line":60,"column":7}},"loc":{"start":{"line":61,"column":20},"end":{"line":94,"column":3}}},"3":{"name":"(anonymous_5)","decl":{"start":{"line":99,"column":2},"end":{"line":99,"column":7}},"loc":{"start":{"line":102,"column":19},"end":{"line":106,"column":3}}},"4":{"name":"(anonymous_6)","decl":{"start":{"line":111,"column":2},"end":{"line":111,"column":7}},"loc":{"start":{"line":115,"column":22},"end":{"line":141,"column":3}}},"5":{"name":"(anonymous_7)","decl":{"start":{"line":146,"column":2},"end":{"line":146,"column":7}},"loc":{"start":{"line":149,"column":22},"end":{"line":178,"column":3}}},"6":{"name":"(anonymous_8)","decl":{"start":{"line":151,"column":52},"end":{"line":151,"column":53}},"loc":{"start":{"line":151,"column":69},"end":{"line":168,"column":5}}},"7":{"name":"(anonymous_9)","decl":{"start":{"line":187,"column":2},"end":{"line":187,"column":7}},"loc":{"start":{"line":187,"column":21},"end":{"line":207,"column":3}}},"8":{"name":"(anonymous_10)","decl":{"start":{"line":212,"column":2},"end":{"line":212,"column":7}},"loc":{"start":{"line":214,"column":22},"end":{"line":241,"column":3}}},"9":{"name":"(anonymous_11)","decl":{"start":{"line":246,"column":2},"end":{"line":246,"column":7}},"loc":{"start":{"line":247,"column":61},"end":{"line":251,"column":3}}},"10":{"name":"(anonymous_12)","decl":{"start":{"line":256,"column":2},"end":{"line":256,"column":7}},"loc":{"start":{"line":256,"column":19},"end":{"line":259,"column":3}}}},"branchMap":{"0":{"loc":{"start":{"line":67,"column":4},"end":{"line":69,"column":5}},"type":"if","locations":[{"start":{"line":67,"column":4},"end":{"line":69,"column":5}},{"start":{},"end":{}}]},"1":{"loc":{"start":{"line":105,"column":11},"end":{"line":105,"column":47}},"type":"cond-expr","locations":[{"start":{"line":105,"column":31},"end":{"line":105,"column":35}},{"start":{"line":105,"column":35},"end":{"line":105,"column":47}}]},"2":{"loc":{"start":{"line":105,"column":11},"end":{"line":105,"column":35}},"type":"binary-expr","locations":[{"start":{"line":105,"column":11},"end":{"line":105,"column":35}},{"start":{"line":105,"column":31},"end":{"line":105,"column":35}}]},"3":{"loc":{"start":{"line":139,"column":69},"end":{"line":139,"column":90}},"type":"binary-expr","locations":[{"start":{"line":139,"column":69},"end":{"line":139,"column":78}},{"start":{"line":139,"column":82},"end":{"line":139,"column":90}}]},"4":{"loc":{"start":{"line":176,"column":82},"end":{"line":176,"column":103}},"type":"binary-expr","locations":[{"start":{"line":176,"column":82},"end":{"line":176,"column":91}},{"start":{"line":176,"column":95},"end":{"line":176,"column":103}}]},"5":{"loc":{"start":{"line":191,"column":15},"end":{"line":191,"column":78}},"type":"cond-expr","locations":[{"start":{"line":191,"column":47},"end":{"line":191,"column":51}},{"start":{"line":191,"column":51},"end":{"line":191,"column":78}}]},"6":{"loc":{"start":{"line":191,"column":15},"end":{"line":191,"column":51}},"type":"binary-expr","locations":[{"start":{"line":191,"column":15},"end":{"line":191,"column":51}},{"start":{"line":191,"column":47},"end":{"line":191,"column":51}}]},"7":{"loc":{"start":{"line":194,"column":10},"end":{"line":195,"column":44}},"type":"cond-expr","locations":[{"start":{"line":194,"column":45},"end":{"line":194,"column":null}},{"start":{"line":195,"column":10},"end":{"line":195,"column":44}}]},"8":{"loc":{"start":{"line":194,"column":10},"end":{"line":194,"column":null}},"type":"binary-expr","locations":[{"start":{"line":194,"column":10},"end":{"line":194,"column":null}},{"start":{"line":194,"column":45},"end":{"line":194,"column":null}}]},"9":{"loc":{"start":{"line":197,"column":10},"end":{"line":198,"column":46}},"type":"cond-expr","locations":[{"start":{"line":197,"column":47},"end":{"line":197,"column":null}},{"start":{"line":198,"column":10},"end":{"line":198,"column":46}}]},"10":{"loc":{"start":{"line":197,"column":10},"end":{"line":197,"column":null}},"type":"binary-expr","locations":[{"start":{"line":197,"column":10},"end":{"line":197,"column":null}},{"start":{"line":197,"column":47},"end":{"line":197,"column":null}}]},"11":{"loc":{"start":{"line":200,"column":10},"end":{"line":201,"column":47}},"type":"cond-expr","locations":[{"start":{"line":200,"column":48},"end":{"line":200,"column":null}},{"start":{"line":201,"column":10},"end":{"line":201,"column":47}}]},"12":{"loc":{"start":{"line":200,"column":10},"end":{"line":200,"column":null}},"type":"binary-expr","locations":[{"start":{"line":200,"column":10},"end":{"line":200,"column":null}},{"start":{"line":200,"column":48},"end":{"line":200,"column":null}}]},"13":{"loc":{"start":{"line":203,"column":10},"end":{"line":204,"column":57}},"type":"cond-expr","locations":[{"start":{"line":203,"column":58},"end":{"line":203,"column":null}},{"start":{"line":204,"column":10},"end":{"line":204,"column":57}}]},"14":{"loc":{"start":{"line":203,"column":10},"end":{"line":203,"column":null}},"type":"binary-expr","locations":[{"start":{"line":203,"column":10},"end":{"line":203,"column":null}},{"start":{"line":203,"column":58},"end":{"line":203,"column":null}}]},"15":{"loc":{"start":{"line":218,"column":4},"end":{"line":220,"column":5}},"type":"if","locations":[{"start":{"line":218,"column":4},"end":{"line":220,"column":5}},{"start":{},"end":{}}]},"16":{"loc":{"start":{"line":221,"column":4},"end":{"line":234,"column":5}},"type":"if","locations":[{"start":{"line":221,"column":4},"end":{"line":234,"column":5}},{"start":{},"end":{}}]},"17":{"loc":{"start":{"line":222,"column":6},"end":{"line":224,"column":7}},"type":"if","locations":[{"start":{"line":222,"column":6},"end":{"line":224,"column":7}},{"start":{},"end":{}}]},"18":{"loc":{"start":{"line":225,"column":6},"end":{"line":227,"column":7}},"type":"if","locations":[{"start":{"line":225,"column":6},"end":{"line":227,"column":7}},{"start":{},"end":{}}]},"19":{"loc":{"start":{"line":228,"column":6},"end":{"line":230,"column":7}},"type":"if","locations":[{"start":{"line":228,"column":6},"end":{"line":230,"column":7}},{"start":{},"end":{}}]},"20":{"loc":{"start":{"line":231,"column":6},"end":{"line":233,"column":7}},"type":"if","locations":[{"start":{"line":231,"column":6},"end":{"line":233,"column":7}},{"start":{},"end":{}}]},"21":{"loc":{"start":{"line":236,"column":4},"end":{"line":238,"column":5}},"type":"if","locations":[{"start":{"line":236,"column":4},"end":{"line":238,"column":5}},{"start":{},"end":{}}]}},"s":{"0":2,"1":2,"2":2,"3":2,"4":2,"5":2,"6":2,"7":14,"8":14,"9":14,"10":29,"11":16,"12":16,"13":7,"14":9,"15":9,"16":9,"17":3,"18":3,"19":0,"20":9,"21":9,"22":0,"23":0,"24":0,"25":0,"26":0,"27":0,"28":4,"29":5,"30":5,"31":4,"32":4,"33":4,"34":16,"35":16,"36":4,"37":4,"38":3,"39":4,"40":1,"41":1,"42":1,"43":1,"44":1,"45":0,"46":1,"47":0,"48":4,"49":4,"50":4,"51":5,"52":5,"53":3,"54":3,"55":2,"56":2},"f":{"0":14,"1":29,"2":16,"3":0,"4":0,"5":4,"6":5,"7":16,"8":4,"9":5,"10":3},"b":{"0":[7,9],"1":[0,0],"2":[0,0],"3":[0,0],"4":[4,0],"5":[8,8],"6":[16,16],"7":[6,10],"8":[16,16],"9":[6,10],"10":[16,16],"11":[4,12],"12":[16,16],"13":[4,12],"14":[16,16],"15":[3,1],"16":[1,3],"17":[1,0],"18":[1,0],"19":[0,1],"20":[0,1],"21":[4,0]}}
,"/Users/isyahex/Desktop/prjct/practix/server/src/admin/settings/dto/settings.dto.ts": {"path":"/Users/isyahex/Desktop/prjct/practix/server/src/admin/settings/dto/settings.dto.ts","statementMap":{"0":{"start":{"line":1,"column":0},"end":{"line":1,"column":null}},"1":{"start":{"line":9,"column":0},"end":{"line":9,"column":41}},"2":{"start":{"line":10,"column":0},"end":{"line":10,"column":67}},"3":{"start":{"line":12,"column":0},"end":{"line":12,"column":13}},"4":{"start":{"line":18,"column":2},"end":{"line":18,"column":null}},"5":{"start":{"line":28,"column":2},"end":{"line":28,"column":null}},"6":{"start":{"line":38,"column":2},"end":{"line":38,"column":null}},"7":{"start":{"line":48,"column":2},"end":{"line":48,"column":null}},"8":{"start":{"line":51,"column":0},"end":{"line":51,"column":13}},"9":{"start":{"line":55,"column":2},"end":{"line":55,"column":null}},"10":{"start":{"line":61,"column":2},"end":{"line":61,"column":null}},"11":{"start":{"line":60,"column":14},"end":{"line":60,"column":25}},"12":{"start":{"line":64,"column":0},"end":{"line":64,"column":13}},"13":{"start":{"line":66,"column":2},"end":{"line":66,"column":null}},"14":{"start":{"line":69,"column":2},"end":{"line":74,"column":null}}},"fnMap":{"0":{"name":"(anonymous_2)","decl":{"start":{"line":60,"column":8},"end":{"line":60,"column":11}},"loc":{"start":{"line":60,"column":14},"end":{"line":60,"column":25}}}},"branchMap":{},"s":{"0":1,"1":1,"2":1,"3":1,"4":1,"5":1,"6":1,"7":1,"8":1,"9":1,"10":1,"11":0,"12":1,"13":1,"14":1},"f":{"0":0},"b":{}}
,"/Users/isyahex/Desktop/prjct/practix/server/src/ai/ai.config.ts": {"path":"/Users/isyahex/Desktop/prjct/practix/server/src/ai/ai.config.ts","statementMap":{"0":{"start":{"line":7,"column":13},"end":{"line":7,"column":51}},"1":{"start":{"line":10,"column":13},"end":{"line":15,"column":11}},"2":{"start":{"line":18,"column":13},"end":{"line":18,"column":67}},"3":{"start":{"line":21,"column":13},"end":{"line":24,"column":2}}},"fnMap":{},"branchMap":{},"s":{"0":0,"1":0,"2":0,"3":0},"f":{},"b":{}}
,"/Users/isyahex/Desktop/prjct/practix/server/src/ai/ai.controller.ts": {"path":"/Users/isyahex/Desktop/prjct/practix/server/src/ai/ai.controller.ts","statementMap":{"0":{"start":{"line":1,"column":0},"end":{"line":1,"column":null}},"1":{"start":{"line":10,"column":0},"end":{"line":10,"column":45}},"2":{"start":{"line":11,"column":0},"end":{"line":11,"column":41}},"3":{"start":{"line":12,"column":0},"end":{"line":12,"column":61}},"4":{"start":{"line":13,"column":0},"end":{"line":13,"column":40}},"5":{"start":{"line":16,"column":7},"end":{"line":47,"column":null}},"6":{"start":{"line":17,"column":31},"end":{"line":17,"column":42}},"7":{"start":{"line":26,"column":4},"end":{"line":26,"column":66}},"8":{"start":{"line":37,"column":4},"end":{"line":45,"column":6}},"9":{"start":{"line":16,"column":13},"end":{"line":16,"column":25}},"10":{"start":{"line":25,"column":8},"end":{"line":27,"column":null}},"11":{"start":{"line":36,"column":8},"end":{"line":46,"column":null}},"12":{"start":{"line":16,"column":13},"end":{"line":47,"column":null}}},"fnMap":{"0":{"name":"(anonymous_4)","decl":{"start":{"line":17,"column":2},"end":{"line":17,"column":31}},"loc":{"start":{"line":17,"column":51},"end":{"line":17,"column":55}}},"1":{"name":"(anonymous_5)","decl":{"start":{"line":25,"column":8},"end":{"line":25,"column":17}},"loc":{"start":{"line":25,"column":66},"end":{"line":27,"column":3}}},"2":{"name":"(anonymous_6)","decl":{"start":{"line":36,"column":8},"end":{"line":36,"column":16}},"loc":{"start":{"line":36,"column":55},"end":{"line":46,"column":3}}}},"branchMap":{"0":{"loc":{"start":{"line":44,"column":6},"end":{"line":44,"column":29}},"type":"binary-expr","locations":[{"start":{"line":44,"column":6},"end":{"line":44,"column":21}},{"start":{"line":44,"column":25},"end":{"line":44,"column":29}}]}},"s":{"0":0,"1":0,"2":0,"3":0,"4":0,"5":0,"6":0,"7":0,"8":0,"9":0,"10":0,"11":0,"12":0},"f":{"0":0,"1":0,"2":0},"b":{"0":[0,0]}}
,"/Users/isyahex/Desktop/prjct/practix/server/src/ai/ai.module.ts": {"path":"/Users/isyahex/Desktop/prjct/practix/server/src/ai/ai.module.ts","statementMap":{"0":{"start":{"line":1,"column":0},"end":{"line":1,"column":40}},"1":{"start":{"line":2,"column":0},"end":{"line":2,"column":41}},"2":{"start":{"line":3,"column":0},"end":{"line":3,"column":47}},"3":{"start":{"line":4,"column":0},"end":{"line":4,"column":52}},"4":{"start":{"line":5,"column":0},"end":{"line":5,"column":76}},"5":{"start":{"line":6,"column":0},"end":{"line":6,"column":52}},"6":{"start":{"line":14,"column":7},"end":{"line":14,"column":null}},"7":{"start":{"line":14,"column":13},"end":{"line":14,"column":21}},"8":{"start":{"line":14,"column":13},"end":{"line":14,"column":null}}},"fnMap":{},"branchMap":{},"s":{"0":0,"1":0,"2":0,"3":0,"4":0,"5":0,"6":0,"7":0,"8":0},"f":{},"b":{}}
,"/Users/isyahex/Desktop/prjct/practix/server/src/ai/ai.service.ts": {"path":"/Users/isyahex/Desktop/prjct/practix/server/src/ai/ai.service.ts","statementMap":{"0":{"start":{"line":1,"column":0},"end":{"line":1,"column":null}},"1":{"start":{"line":7,"column":0},"end":{"line":7,"column":57}},"2":{"start":{"line":8,"column":0},"end":{"line":8,"column":54}},"3":{"start":{"line":9,"column":0},"end":{"line":9,"column":47}},"4":{"start":{"line":10,"column":0},"end":{"line":10,"column":44}},"5":{"start":{"line":11,"column":0},"end":{"line":11,"column":79}},"6":{"start":{"line":12,"column":0},"end":{"line":12,"column":69}},"7":{"start":{"line":13,"column":0},"end":{"line":13,"column":null}},"8":{"start":{"line":52,"column":22},"end":{"line":436,"column":null}},"9":{"start":{"line":85,"column":12},"end":{"line":85,"column":20}},"10":{"start":{"line":86,"column":12},"end":{"line":86,"column":26}},"11":{"start":{"line":87,"column":12},"end":{"line":87,"column":27}},"12":{"start":{"line":88,"column":12},"end":{"line":88,"column":34}},"13":{"start":{"line":89,"column":12},"end":{"line":89,"column":29}},"14":{"start":{"line":53,"column":19},"end":{"line":53,"column":55}},"15":{"start":{"line":57,"column":19},"end":{"line":82,"column":45}},"16":{"start":{"line":92,"column":6},"end":{"line":93,"column":47}},"17":{"start":{"line":94,"column":4},"end":{"line":96,"column":5}},"18":{"start":{"line":95,"column":6},"end":{"line":95,"column":47}},"19":{"start":{"line":109,"column":23},"end":{"line":109,"column":65}},"20":{"start":{"line":113,"column":6},"end":{"line":113,"column":61}},"21":{"start":{"line":114,"column":4},"end":{"line":116,"column":5}},"22":{"start":{"line":115,"column":6},"end":{"line":115,"column":66}},"23":{"start":{"line":119,"column":26},"end":{"line":121,"column":6}},"24":{"start":{"line":123,"column":4},"end":{"line":134,"column":5}},"25":{"start":{"line":124,"column":26},"end":{"line":126,"column":null}},"26":{"start":{"line":128,"column":6},"end":{"line":133,"column":7}},"27":{"start":{"line":129,"column":8},"end":{"line":132,"column":10}},"28":{"start":{"line":137,"column":4},"end":{"line":145,"column":5}},"29":{"start":{"line":138,"column":28},"end":{"line":140,"column":null}},"30":{"start":{"line":142,"column":6},"end":{"line":144,"column":7}},"31":{"start":{"line":143,"column":8},"end":{"line":143,"column":67}},"32":{"start":{"line":148,"column":4},"end":{"line":148,"column":59}},"33":{"start":{"line":155,"column":28},"end":{"line":155,"column":69}},"34":{"start":{"line":156,"column":18},"end":{"line":156,"column":56}},"35":{"start":{"line":158,"column":18},"end":{"line":160,"column":6}},"36":{"start":{"line":162,"column":17},"end":{"line":162,"column":34}},"37":{"start":{"line":163,"column":4},"end":{"line":168,"column":6}},"38":{"start":{"line":180,"column":4},"end":{"line":184,"column":5}},"39":{"start":{"line":181,"column":6},"end":{"line":183,"column":8}},"40":{"start":{"line":187,"column":28},"end":{"line":187,"column":69}},"41":{"start":{"line":190,"column":18},"end":{"line":190,"column":56}},"42":{"start":{"line":192,"column":24},"end":{"line":221,"column":6}},"43":{"start":{"line":194,"column":20},"end":{"line":198,"column":8}},"44":{"start":{"line":201,"column":6},"end":{"line":203,"column":7}},"45":{"start":{"line":202,"column":8},"end":{"line":202,"column":67}},"46":{"start":{"line":206,"column":22},"end":{"line":213,"column":8}},"47":{"start":{"line":216,"column":6},"end":{"line":218,"column":7}},"48":{"start":{"line":217,"column":8},"end":{"line":217,"column":61}},"49":{"start":{"line":220,"column":6},"end":{"line":220,"column":70}},"50":{"start":{"line":223,"column":4},"end":{"line":227,"column":5}},"51":{"start":{"line":224,"column":6},"end":{"line":226,"column":8}},"52":{"start":{"line":229,"column":25},"end":{"line":229,"column":42}},"53":{"start":{"line":232,"column":50},"end":{"line":236,"column":6}},"54":{"start":{"line":237,"column":23},"end":{"line":237,"column":61}},"55":{"start":{"line":239,"column":19},"end":{"line":246,"column":45}},"56":{"start":{"line":248,"column":4},"end":{"line":288,"column":5}},"57":{"start":{"line":250,"column":23},"end":{"line":253,"column":8}},"58":{"start":{"line":255,"column":19},"end":{"line":255,"column":32}},"59":{"start":{"line":258,"column":6},"end":{"line":263,"column":8}},"60":{"start":{"line":265,"column":6},"end":{"line":268,"column":8}},"61":{"start":{"line":275,"column":6},"end":{"line":283,"column":11}},"62":{"start":{"line":282,"column":10},"end":{"line":282,"column":78}},"63":{"start":{"line":285,"column":6},"end":{"line":287,"column":8}},"64":{"start":{"line":308,"column":4},"end":{"line":312,"column":5}},"65":{"start":{"line":309,"column":6},"end":{"line":311,"column":8}},"66":{"start":{"line":314,"column":48},"end":{"line":314,"column":50}},"67":{"start":{"line":315,"column":21},"end":{"line":315,"column":22}},"68":{"start":{"line":318,"column":4},"end":{"line":406,"column":5}},"69":{"start":{"line":318,"column":17},"end":{"line":318,"column":18}},"70":{"start":{"line":319,"column":23},"end":{"line":319,"column":52}},"71":{"start":{"line":321,"column":6},"end":{"line":405,"column":7}},"72":{"start":{"line":323,"column":32},"end":{"line":325,"column":null}},"73":{"start":{"line":329,"column":10},"end":{"line":329,"column":77}},"74":{"start":{"line":330,"column":34},"end":{"line":333,"column":10}},"75":{"start":{"line":335,"column":23},"end":{"line":335,"column":51}},"76":{"start":{"line":338,"column":37},"end":{"line":343,"column":null}},"77":{"start":{"line":346,"column":34},"end":{"line":351,"column":57}},"78":{"start":{"line":353,"column":30},"end":{"line":356,"column":10}},"79":{"start":{"line":359,"column":10},"end":{"line":360,"column":58}},"80":{"start":{"line":363,"column":20},"end":{"line":363,"column":21}},"81":{"start":{"line":364,"column":23},"end":{"line":364,"column":51}},"82":{"start":{"line":366,"column":8},"end":{"line":377,"column":9}},"83":{"start":{"line":368,"column":28},"end":{"line":368,"column":58}},"84":{"start":{"line":369,"column":10},"end":{"line":373,"column":11}},"85":{"start":{"line":370,"column":27},"end":{"line":370,"column":51}},"86":{"start":{"line":371,"column":12},"end":{"line":371,"column":73}},"87":{"start":{"line":372,"column":12},"end":{"line":372,"column":65}},"88":{"start":{"line":375,"column":10},"end":{"line":375,"column":75}},"89":{"start":{"line":376,"column":10},"end":{"line":376,"column":49}},"90":{"start":{"line":379,"column":8},"end":{"line":388,"column":11}},"91":{"start":{"line":390,"column":8},"end":{"line":390,"column":28}},"92":{"start":{"line":392,"column":8},"end":{"line":394,"column":10}},"93":{"start":{"line":395,"column":8},"end":{"line":404,"column":11}},"94":{"start":{"line":410,"column":6},"end":{"line":412,"column":11}},"95":{"start":{"line":414,"column":28},"end":{"line":414,"column":74}},"96":{"start":{"line":414,"column":58},"end":{"line":414,"column":66}},"97":{"start":{"line":415,"column":27},"end":{"line":415,"column":49}},"98":{"start":{"line":416,"column":26},"end":{"line":416,"column":67}},"99":{"start":{"line":418,"column":4},"end":{"line":425,"column":6}},"100":{"start":{"line":434,"column":4},"end":{"line":434,"column":29}},"101":{"start":{"line":52,"column":13},"end":{"line":52,"column":22}},"102":{"start":{"line":52,"column":13},"end":{"line":436,"column":null}}},"fnMap":{"0":{"name":"(anonymous_2)","decl":{"start":{"line":84,"column":2},"end":{"line":84,"column":null}},"loc":{"start":{"line":89,"column":44},"end":{"line":97,"column":3}}},"1":{"name":"(anonymous_3)","decl":{"start":{"line":104,"column":2},"end":{"line":104,"column":7}},"loc":{"start":{"line":106,"column":19},"end":{"line":149,"column":3}}},"2":{"name":"(anonymous_4)","decl":{"start":{"line":154,"column":2},"end":{"line":154,"column":7}},"loc":{"start":{"line":154,"column":54},"end":{"line":169,"column":3}}},"3":{"name":"(anonymous_5)","decl":{"start":{"line":171,"column":2},"end":{"line":171,"column":7}},"loc":{"start":{"line":178,"column":29},"end":{"line":289,"column":3}}},"4":{"name":"(anonymous_6)","decl":{"start":{"line":192,"column":55},"end":{"line":192,"column":60}},"loc":{"start":{"line":192,"column":68},"end":{"line":221,"column":5}}},"5":{"name":"(anonymous_7)","decl":{"start":{"line":280,"column":15},"end":{"line":280,"column":16}},"loc":{"start":{"line":280,"column":33},"end":{"line":283,"column":9}}},"6":{"name":"(anonymous_8)","decl":{"start":{"line":295,"column":2},"end":{"line":295,"column":7}},"loc":{"start":{"line":306,"column":5},"end":{"line":426,"column":3}}},"7":{"name":"(anonymous_9)","decl":{"start":{"line":414,"column":51},"end":{"line":414,"column":52}},"loc":{"start":{"line":414,"column":58},"end":{"line":414,"column":66}}},"8":{"name":"(anonymous_10)","decl":{"start":{"line":432,"column":2},"end":{"line":432,"column":25}},"loc":{"start":{"line":432,"column":47},"end":{"line":435,"column":3}}}},"branchMap":{"0":{"loc":{"start":{"line":92,"column":6},"end":{"line":93,"column":47}},"type":"binary-expr","locations":[{"start":{"line":92,"column":6},"end":{"line":92,"column":54}},{"start":{"line":93,"column":6},"end":{"line":93,"column":47}}]},"1":{"loc":{"start":{"line":94,"column":4},"end":{"line":96,"column":5}},"type":"if","locations":[{"start":{"line":94,"column":4},"end":{"line":96,"column":5}},{"start":{},"end":{}}]},"2":{"loc":{"start":{"line":114,"column":4},"end":{"line":116,"column":5}},"type":"if","locations":[{"start":{"line":114,"column":4},"end":{"line":116,"column":5}},{"start":{},"end":{}}]},"3":{"loc":{"start":{"line":123,"column":4},"end":{"line":134,"column":5}},"type":"if","locations":[{"start":{"line":123,"column":4},"end":{"line":134,"column":5}},{"start":{},"end":{}}]},"4":{"loc":{"start":{"line":128,"column":6},"end":{"line":133,"column":7}},"type":"if","locations":[{"start":{"line":128,"column":6},"end":{"line":133,"column":7}},{"start":{},"end":{}}]},"5":{"loc":{"start":{"line":137,"column":4},"end":{"line":145,"column":5}},"type":"if","locations":[{"start":{"line":137,"column":4},"end":{"line":145,"column":5}},{"start":{},"end":{}}]},"6":{"loc":{"start":{"line":142,"column":6},"end":{"line":144,"column":7}},"type":"if","locations":[{"start":{"line":142,"column":6},"end":{"line":144,"column":7}},{"start":{},"end":{}}]},"7":{"loc":{"start":{"line":162,"column":17},"end":{"line":162,"column":34}},"type":"cond-expr","locations":[{"start":{"line":162,"column":29},"end":{"line":162,"column":33}},{"start":{"line":162,"column":33},"end":{"line":162,"column":34}}]},"8":{"loc":{"start":{"line":162,"column":17},"end":{"line":162,"column":33}},"type":"binary-expr","locations":[{"start":{"line":162,"column":17},"end":{"line":162,"column":33}},{"start":{"line":162,"column":29},"end":{"line":162,"column":33}}]},"9":{"loc":{"start":{"line":162,"column":17},"end":{"line":162,"column":29}},"type":"cond-expr","locations":[{"start":{"line":162,"column":22},"end":{"line":162,"column":24}},{"start":{"line":162,"column":17},"end":{"line":162,"column":29}}]},"10":{"loc":{"start":{"line":162,"column":17},"end":{"line":162,"column":24}},"type":"binary-expr","locations":[{"start":{"line":162,"column":17},"end":{"line":162,"column":24}},{"start":{"line":162,"column":17},"end":{"line":162,"column":24}}]},"11":{"loc":{"start":{"line":178,"column":4},"end":{"line":178,"column":29}},"type":"default-arg","locations":[{"start":{"line":178,"column":25},"end":{"line":178,"column":29}}]},"12":{"loc":{"start":{"line":180,"column":4},"end":{"line":184,"column":5}},"type":"if","locations":[{"start":{"line":180,"column":4},"end":{"line":184,"column":5}},{"start":{},"end":{}}]},"13":{"loc":{"start":{"line":201,"column":6},"end":{"line":203,"column":7}},"type":"if","locations":[{"start":{"line":201,"column":6},"end":{"line":203,"column":7}},{"start":{},"end":{}}]},"14":{"loc":{"start":{"line":216,"column":6},"end":{"line":218,"column":7}},"type":"if","locations":[{"start":{"line":216,"column":6},"end":{"line":218,"column":7}},{"start":{},"end":{}}]},"15":{"loc":{"start":{"line":223,"column":4},"end":{"line":227,"column":5}},"type":"if","locations":[{"start":{"line":223,"column":4},"end":{"line":227,"column":5}},{"start":{},"end":{}}]},"16":{"loc":{"start":{"line":237,"column":23},"end":{"line":237,"column":61}},"type":"binary-expr","locations":[{"start":{"line":237,"column":23},"end":{"line":237,"column":48}},{"start":{"line":237,"column":52},"end":{"line":237,"column":61}}]},"17":{"loc":{"start":{"line":241,"column":6},"end":{"line":241,"column":27}},"type":"binary-expr","locations":[{"start":{"line":241,"column":6},"end":{"line":241,"column":14}},{"start":{"line":241,"column":18},"end":{"line":241,"column":27}}]},"18":{"loc":{"start":{"line":243,"column":33},"end":{"line":243,"column":60}},"type":"binary-expr","locations":[{"start":{"line":243,"column":33},"end":{"line":243,"column":42}},{"start":{"line":243,"column":46},"end":{"line":243,"column":60}}]},"19":{"loc":{"start":{"line":244,"column":32},"end":{"line":244,"column":46}},"type":"binary-expr","locations":[{"start":{"line":244,"column":32},"end":{"line":244,"column":40}},{"start":{"line":244,"column":44},"end":{"line":244,"column":46}}]},"20":{"loc":{"start":{"line":267,"column":8},"end":{"line":267,"column":60}},"type":"cond-expr","locations":[{"start":{"line":267,"column":33},"end":{"line":267,"column":44}},{"start":{"line":267,"column":47},"end":{"line":267,"column":60}}]},"21":{"loc":{"start":{"line":308,"column":4},"end":{"line":312,"column":5}},"type":"if","locations":[{"start":{"line":308,"column":4},"end":{"line":312,"column":5}},{"start":{},"end":{}}]},"22":{"loc":{"start":{"line":329,"column":10},"end":{"line":329,"column":77}},"type":"binary-expr","locations":[{"start":{"line":329,"column":10},"end":{"line":329,"column":57}},{"start":{"line":329,"column":61},"end":{"line":329,"column":77}}]},"23":{"loc":{"start":{"line":335,"column":23},"end":{"line":335,"column":51}},"type":"binary-expr","locations":[{"start":{"line":335,"column":23},"end":{"line":335,"column":45}},{"start":{"line":335,"column":49},"end":{"line":335,"column":51}}]},"24":{"loc":{"start":{"line":343,"column":12},"end":{"line":343,"column":62}},"type":"binary-expr","locations":[{"start":{"line":343,"column":12},"end":{"line":343,"column":27}},{"start":{"line":343,"column":31},"end":{"line":343,"column":62}}]},"25":{"loc":{"start":{"line":359,"column":10},"end":{"line":360,"column":58}},"type":"binary-expr","locations":[{"start":{"line":359,"column":10},"end":{"line":359,"column":28}},{"start":{"line":360,"column":10},"end":{"line":360,"column":58}}]},"26":{"loc":{"start":{"line":369,"column":10},"end":{"line":373,"column":11}},"type":"if","locations":[{"start":{"line":369,"column":10},"end":{"line":373,"column":11}},{"start":{},"end":{}}]},"27":{"loc":{"start":{"line":371,"column":45},"end":{"line":371,"column":70}},"type":"binary-expr","locations":[{"start":{"line":371,"column":45},"end":{"line":371,"column":65}},{"start":{"line":371,"column":69},"end":{"line":371,"column":70}}]},"28":{"loc":{"start":{"line":372,"column":23},"end":{"line":372,"column":64}},"type":"binary-expr","locations":[{"start":{"line":372,"column":23},"end":{"line":372,"column":38}},{"start":{"line":372,"column":42},"end":{"line":372,"column":64}}]},"29":{"loc":{"start":{"line":383,"column":13},"end":{"line":383,"column":53}},"type":"cond-expr","locations":[{"start":{"line":383,"column":43},"end":{"line":383,"column":48}},{"start":{"line":383,"column":51},"end":{"line":383,"column":53}}]},"30":{"loc":{"start":{"line":384,"column":46},"end":{"line":384,"column":78}},"type":"cond-expr","locations":[{"start":{"line":384,"column":68},"end":{"line":384,"column":73}},{"start":{"line":384,"column":76},"end":{"line":384,"column":78}}]},"31":{"loc":{"start":{"line":393,"column":35},"end":{"line":393,"column":89}},"type":"cond-expr","locations":[{"start":{"line":393,"column":60},"end":{"line":393,"column":73}},{"start":{"line":393,"column":76},"end":{"line":393,"column":89}}]},"32":{"loc":{"start":{"line":402,"column":13},"end":{"line":402,"column":69}},"type":"cond-expr","locations":[{"start":{"line":402,"column":38},"end":{"line":402,"column":51}},{"start":{"line":402,"column":54},"end":{"line":402,"column":69}}]},"33":{"loc":{"start":{"line":410,"column":6},"end":{"line":412,"column":11}},"type":"cond-expr","locations":[{"start":{"line":411,"column":10},"end":{"line":411,"column":56}},{"start":{"line":412,"column":10},"end":{"line":412,"column":11}}]},"34":{"loc":{"start":{"line":422,"column":15},"end":{"line":424,"column":176}},"type":"cond-expr","locations":[{"start":{"line":423,"column":10},"end":{"line":423,"column":125}},{"start":{"line":424,"column":10},"end":{"line":424,"column":176}}]}},"s":{"0":0,"1":0,"2":0,"3":0,"4":0,"5":0,"6":0,"7":0,"8":0,"9":0,"10":0,"11":0,"12":0,"13":0,"14":0,"15":0,"16":0,"17":0,"18":0,"19":0,"20":0,"21":0,"22":0,"23":0,"24":0,"25":0,"26":0,"27":0,"28":0,"29":0,"30":0,"31":0,"32":0,"33":0,"34":0,"35":0,"36":0,"37":0,"38":0,"39":0,"40":0,"41":0,"42":0,"43":0,"44":0,"45":0,"46":0,"47":0,"48":0,"49":0,"50":0,"51":0,"52":0,"53":0,"54":0,"55":0,"56":0,"57":0,"58":0,"59":0,"60":0,"61":0,"62":0,"63":0,"64":0,"65":0,"66":0,"67":0,"68":0,"69":0,"70":0,"71":0,"72":0,"73":0,"74":0,"75":0,"76":0,"77":0,"78":0,"79":0,"80":0,"81":0,"82":0,"83":0,"84":0,"85":0,"86":0,"87":0,"88":0,"89":0,"90":0,"91":0,"92":0,"93":0,"94":0,"95":0,"96":0,"97":0,"98":0,"99":0,"100":0,"101":0,"102":0},"f":{"0":0,"1":0,"2":0,"3":0,"4":0,"5":0,"6":0,"7":0,"8":0},"b":{"0":[0,0],"1":[0,0],"2":[0,0],"3":[0,0],"4":[0,0],"5":[0,0],"6":[0,0],"7":[0,0],"8":[0,0],"9":[0,0],"10":[0,0],"11":[0],"12":[0,0],"13":[0,0],"14":[0,0],"15":[0,0],"16":[0,0],"17":[0,0],"18":[0,0],"19":[0,0],"20":[0,0],"21":[0,0],"22":[0,0],"23":[0,0],"24":[0,0],"25":[0,0],"26":[0,0],"27":[0,0],"28":[0,0],"29":[0,0],"30":[0,0],"31":[0,0],"32":[0,0],"33":[0,0],"34":[0,0]}}
,"/Users/isyahex/Desktop/prjct/practix/server/src/ai/dto/ai.dto.ts": {"path":"/Users/isyahex/Desktop/prjct/practix/server/src/ai/dto/ai.dto.ts","statementMap":{"0":{"start":{"line":1,"column":0},"end":{"line":1,"column":84}},"1":{"start":{"line":3,"column":0},"end":{"line":3,"column":13}},"2":{"start":{"line":6,"column":2},"end":{"line":6,"column":null}},"3":{"start":{"line":11,"column":2},"end":{"line":11,"column":null}},"4":{"start":{"line":16,"column":2},"end":{"line":16,"column":null}},"5":{"start":{"line":21,"column":2},"end":{"line":21,"column":null}},"6":{"start":{"line":25,"column":2},"end":{"line":25,"column":null}},"7":{"start":{"line":30,"column":2},"end":{"line":30,"column":null}}},"fnMap":{},"branchMap":{},"s":{"0":0,"1":0,"2":0,"3":0,"4":0,"5":0,"6":0,"7":0},"f":{},"b":{}}
,"/Users/isyahex/Desktop/prjct/practix/server/src/auth/auth.controller.ts": {"path":"/Users/isyahex/Desktop/prjct/practix/server/src/auth/auth.controller.ts","statementMap":{"0":{"start":{"line":1,"column":0},"end":{"line":1,"column":103}},"1":{"start":{"line":2,"column":0},"end":{"line":2,"column":45}},"2":{"start":{"line":3,"column":0},"end":{"line":3,"column":45}},"3":{"start":{"line":4,"column":0},"end":{"line":4,"column":54}},"4":{"start":{"line":5,"column":0},"end":{"line":5,"column":55}},"5":{"start":{"line":9,"column":28},"end":{"line":9,"column":80}},"6":{"start":{"line":10,"column":25},"end":{"line":10,"column":74}},"7":{"start":{"line":13,"column":7},"end":{"line":52,"column":null}},"8":{"start":{"line":14,"column":31},"end":{"line":14,"column":44}},"9":{"start":{"line":24,"column":22},"end":{"line":24,"column":60}},"10":{"start":{"line":25,"column":4},"end":{"line":25,"column":72}},"11":{"start":{"line":37,"column":22},"end":{"line":37,"column":60}},"12":{"start":{"line":38,"column":4},"end":{"line":38,"column":66}},"13":{"start":{"line":46,"column":18},"end":{"line":46,"column":52}},"14":{"start":{"line":47,"column":4},"end":{"line":49,"column":5}},"15":{"start":{"line":48,"column":6},"end":{"line":48,"column":43}},"16":{"start":{"line":50,"column":4},"end":{"line":50,"column":50}},"17":{"start":{"line":13,"column":13},"end":{"line":13,"column":27}},"18":{"start":{"line":19,"column":8},"end":{"line":26,"column":null}},"19":{"start":{"line":32,"column":8},"end":{"line":39,"column":null}},"20":{"start":{"line":45,"column":8},"end":{"line":51,"column":null}},"21":{"start":{"line":13,"column":13},"end":{"line":52,"column":null}}},"fnMap":{"0":{"name":"(anonymous_4)","decl":{"start":{"line":14,"column":2},"end":{"line":14,"column":31}},"loc":{"start":{"line":14,"column":55},"end":{"line":14,"column":59}}},"1":{"name":"(anonymous_5)","decl":{"start":{"line":19,"column":8},"end":{"line":19,"column":16}},"loc":{"start":{"line":22,"column":24},"end":{"line":26,"column":3}}},"2":{"name":"(anonymous_6)","decl":{"start":{"line":32,"column":8},"end":{"line":32,"column":13}},"loc":{"start":{"line":35,"column":24},"end":{"line":39,"column":3}}},"3":{"name":"(anonymous_7)","decl":{"start":{"line":45,"column":8},"end":{"line":45,"column":14}},"loc":{"start":{"line":45,"column":59},"end":{"line":51,"column":3}}}},"branchMap":{"0":{"loc":{"start":{"line":9,"column":37},"end":{"line":9,"column":75}},"type":"binary-expr","locations":[{"start":{"line":9,"column":37},"end":{"line":9,"column":68}},{"start":{"line":9,"column":72},"end":{"line":9,"column":75}}]},"1":{"loc":{"start":{"line":10,"column":34},"end":{"line":10,"column":69}},"type":"binary-expr","locations":[{"start":{"line":10,"column":34},"end":{"line":10,"column":62}},{"start":{"line":10,"column":66},"end":{"line":10,"column":69}}]},"2":{"loc":{"start":{"line":24,"column":22},"end":{"line":24,"column":60}},"type":"binary-expr","locations":[{"start":{"line":24,"column":22},"end":{"line":24,"column":29}},{"start":{"line":24,"column":33},"end":{"line":24,"column":59}}]},"3":{"loc":{"start":{"line":24,"column":22},"end":{"line":24,"column":29}},"type":"cond-expr","locations":[{"start":{"line":24,"column":25},"end":{"line":24,"column":27}},{"start":{"line":24,"column":22},"end":{"line":24,"column":29}}]},"4":{"loc":{"start":{"line":24,"column":22},"end":{"line":24,"column":27}},"type":"binary-expr","locations":[{"start":{"line":24,"column":22},"end":{"line":24,"column":27}},{"start":{"line":24,"column":22},"end":{"line":24,"column":27}}]},"5":{"loc":{"start":{"line":24,"column":33},"end":{"line":24,"column":59}},"type":"cond-expr","locations":[{"start":{"line":24,"column":44},"end":{"line":24,"column":46}},{"start":{"line":24,"column":44},"end":{"line":24,"column":59}}]},"6":{"loc":{"start":{"line":24,"column":33},"end":{"line":24,"column":46}},"type":"binary-expr","locations":[{"start":{"line":24,"column":33},"end":{"line":24,"column":46}},{"start":{"line":24,"column":44},"end":{"line":24,"column":46}}]},"7":{"loc":{"start":{"line":24,"column":33},"end":{"line":24,"column":44}},"type":"cond-expr","locations":[{"start":{"line":24,"column":36},"end":{"line":24,"column":38}},{"start":{"line":24,"column":33},"end":{"line":24,"column":44}}]},"8":{"loc":{"start":{"line":24,"column":33},"end":{"line":24,"column":38}},"type":"binary-expr","locations":[{"start":{"line":24,"column":33},"end":{"line":24,"column":38}},{"start":{"line":24,"column":33},"end":{"line":24,"column":38}}]},"9":{"loc":{"start":{"line":37,"column":22},"end":{"line":37,"column":60}},"type":"binary-expr","locations":[{"start":{"line":37,"column":22},"end":{"line":37,"column":29}},{"start":{"line":37,"column":33},"end":{"line":37,"column":59}}]},"10":{"loc":{"start":{"line":37,"column":22},"end":{"line":37,"column":29}},"type":"cond-expr","locations":[{"start":{"line":37,"column":25},"end":{"line":37,"column":27}},{"start":{"line":37,"column":22},"end":{"line":37,"column":29}}]},"11":{"loc":{"start":{"line":37,"column":22},"end":{"line":37,"column":27}},"type":"binary-expr","locations":[{"start":{"line":37,"column":22},"end":{"line":37,"column":27}},{"start":{"line":37,"column":22},"end":{"line":37,"column":27}}]},"12":{"loc":{"start":{"line":37,"column":33},"end":{"line":37,"column":59}},"type":"cond-expr","locations":[{"start":{"line":37,"column":44},"end":{"line":37,"column":46}},{"start":{"line":37,"column":44},"end":{"line":37,"column":59}}]},"13":{"loc":{"start":{"line":37,"column":33},"end":{"line":37,"column":46}},"type":"binary-expr","locations":[{"start":{"line":37,"column":33},"end":{"line":37,"column":46}},{"start":{"line":37,"column":44},"end":{"line":37,"column":46}}]},"14":{"loc":{"start":{"line":37,"column":33},"end":{"line":37,"column":44}},"type":"cond-expr","locations":[{"start":{"line":37,"column":36},"end":{"line":37,"column":38}},{"start":{"line":37,"column":33},"end":{"line":37,"column":44}}]},"15":{"loc":{"start":{"line":37,"column":33},"end":{"line":37,"column":38}},"type":"binary-expr","locations":[{"start":{"line":37,"column":33},"end":{"line":37,"column":38}},{"start":{"line":37,"column":33},"end":{"line":37,"column":38}}]},"16":{"loc":{"start":{"line":46,"column":18},"end":{"line":46,"column":52}},"type":"cond-expr","locations":[{"start":{"line":46,"column":28},"end":{"line":46,"column":30}},{"start":{"line":46,"column":18},"end":{"line":46,"column":52}}]},"17":{"loc":{"start":{"line":46,"column":18},"end":{"line":46,"column":30}},"type":"binary-expr","locations":[{"start":{"line":46,"column":18},"end":{"line":46,"column":30}},{"start":{"line":46,"column":18},"end":{"line":46,"column":30}}]},"18":{"loc":{"start":{"line":47,"column":4},"end":{"line":49,"column":5}},"type":"if","locations":[{"start":{"line":47,"column":4},"end":{"line":49,"column":5}},{"start":{},"end":{}}]}},"s":{"0":0,"1":0,"2":0,"3":0,"4":0,"5":0,"6":0,"7":0,"8":0,"9":0,"10":0,"11":0,"12":0,"13":0,"14":0,"15":0,"16":0,"17":0,"18":0,"19":0,"20":0,"21":0},"f":{"0":0,"1":0,"2":0,"3":0},"b":{"0":[0,0],"1":[0,0],"2":[0,0],"3":[0,0],"4":[0,0],"5":[0,0],"6":[0,0],"7":[0,0],"8":[0,0],"9":[0,0],"10":[0,0],"11":[0,0],"12":[0,0],"13":[0,0],"14":[0,0],"15":[0,0],"16":[0,0],"17":[0,0],"18":[0,0]}}
,"/Users/isyahex/Desktop/prjct/practix/server/src/auth/auth.module.ts": {"path":"/Users/isyahex/Desktop/prjct/practix/server/src/auth/auth.module.ts","statementMap":{"0":{"start":{"line":1,"column":0},"end":{"line":1,"column":40}},"1":{"start":{"line":2,"column":0},"end":{"line":2,"column":45}},"2":{"start":{"line":3,"column":0},"end":{"line":3,"column":51}},"3":{"start":{"line":4,"column":0},"end":{"line":4,"column":52}},"4":{"start":{"line":5,"column":0},"end":{"line":5,"column":61}},"5":{"start":{"line":6,"column":0},"end":{"line":6,"column":40}},"6":{"start":{"line":7,"column":0},"end":{"line":7,"column":61}},"7":{"start":{"line":8,"column":0},"end":{"line":8,"column":56}},"8":{"start":{"line":9,"column":0},"end":{"line":9,"column":50}},"9":{"start":{"line":30,"column":7},"end":{"line":30,"column":null}},"10":{"start":{"line":30,"column":13},"end":{"line":30,"column":23}},"11":{"start":{"line":30,"column":13},"end":{"line":30,"column":null}},"12":{"start":{"line":18,"column":59},"end":{"line":23,"column":8}}},"fnMap":{"0":{"name":"(anonymous_1)","decl":{"start":{"line":18,"column":18},"end":{"line":18,"column":23}},"loc":{"start":{"line":18,"column":59},"end":{"line":23,"column":8}}}},"branchMap":{"0":{"loc":{"start":{"line":22,"column":34},"end":{"line":22,"column":85}},"type":"binary-expr","locations":[{"start":{"line":22,"column":34},"end":{"line":22,"column":77}},{"start":{"line":22,"column":81},"end":{"line":22,"column":85}}]}},"s":{"0":0,"1":0,"2":0,"3":0,"4":0,"5":0,"6":0,"7":0,"8":0,"9":0,"10":0,"11":0,"12":0},"f":{"0":0},"b":{"0":[0,0]}}
[...]
,"/Users/isyahex/Desktop/prjct/practix/server/src/users/users.service.ts": {"path":"/Users/isyahex/Desktop/prjct/practix/server/src/users/users.service.ts","statementMap":{"0":{"start":{"line":2,"column":0},"end":{"line":2,"column":44}},"1":{"start":{"line":3,"column":0},"end":{"line":3,"column":57}},"2":{"start":{"line":26,"column":7},"end":{"line":384,"column":null}},"3":{"start":{"line":27,"column":22},"end":{"line":27,"column":30}},"4":{"start":{"line":34,"column":4},"end":{"line":36,"column":7}},"5":{"start":{"line":44,"column":4},"end":{"line":64,"column":7}},"6":{"start":{"line":72,"column":4},"end":{"line":92,"column":7}},"7":{"start":{"line":96,"column":4},"end":{"line":98,"column":7}},"8":{"start":{"line":102,"column":4},"end":{"line":105,"column":7}},"9":{"start":{"line":118,"column":4},"end":{"line":121,"column":7}},"10":{"start":{"line":129,"column":17},"end":{"line":132,"column":6}},"11":{"start":{"line":135,"column":24},"end":{"line":138,"column":6}},"12":{"start":{"line":141,"column":26},"end":{"line":141,"column":43}},"13":{"start":{"line":142,"column":4},"end":{"line":146,"column":7}},"14":{"start":{"line":143,"column":6},"end":{"line":145,"column":7}},"15":{"start":{"line":144,"column":8},"end":{"line":144,"column":36}},"16":{"start":{"line":147,"column":24},"end":{"line":147,"column":42}},"17":{"start":{"line":150,"column":25},"end":{"line":150,"column":48}},"18":{"start":{"line":153,"column":24},"end":{"line":153,"column":37}},"19":{"start":{"line":156,"column":26},"end":{"line":156,"column":50}},"20":{"start":{"line":157,"column":22},"end":{"line":157,"column":42}},"21":{"start":{"line":160,"column":22},"end":{"line":160,"column":32}},"22":{"start":{"line":161,"column":4},"end":{"line":161,"column":64}},"23":{"start":{"line":162,"column":4},"end":{"line":162,"column":35}},"24":{"start":{"line":164,"column":27},"end":{"line":164,"column":44}},"25":{"start":{"line":165,"column":4},"end":{"line":169,"column":7}},"26":{"start":{"line":166,"column":6},"end":{"line":168,"column":7}},"27":{"start":{"line":167,"column":8},"end":{"line":167,"column":37}},"28":{"start":{"line":172,"column":39},"end":{"line":175,"column":6}},"29":{"start":{"line":177,"column":23},"end":{"line":177,"column":39}},"30":{"start":{"line":179,"column":23},"end":{"line":179,"column":88}},"31":{"start":{"line":181,"column":4},"end":{"line":191,"column":6}},"32":{"start":{"line":200,"column":34},"end":{"line":200,"column":36}},"33":{"start":{"line":201,"column":21},"end":{"line":201,"column":70}},"34":{"start":{"line":204,"column":20},"end":{"line":204,"column":30}},"35":{"start":{"line":205,"column":4},"end":{"line":205,"column":48}},"36":{"start":{"line":206,"column":4},"end":{"line":206,"column":38}},"37":{"start":{"line":208,"column":22},"end":{"line":208,"column":39}},"38":{"start":{"line":209,"column":4},"end":{"line":209,"column":54}},"39":{"start":{"line":210,"column":4},"end":{"line":210,"column":35}},"40":{"start":{"line":212,"column":24},"end":{"line":220,"column":6}},"41":{"start":{"line":223,"column":4},"end":{"line":244,"column":5}},"42":{"start":{"line":223,"column":17},"end":{"line":223,"column":18}},"43":{"start":{"line":224,"column":19},"end":{"line":224,"column":38}},"44":{"start":{"line":225,"column":6},"end":{"line":225,"column":44}},"45":{"start":{"line":226,"column":6},"end":{"line":226,"column":32}},"46":{"start":{"line":228,"column":22},"end":{"line":228,"column":54}},"47":{"start":{"line":229,"column":29},"end":{"line":230,"column":null}},"48":{"start":{"line":230,"column":8},"end":{"line":230,"column":59}},"49":{"start":{"line":233,"column":28},"end":{"line":233,"column":45}},"50":{"start":{"line":234,"column":6},"end":{"line":236,"column":9}},"51":{"start":{"line":235,"column":8},"end":{"line":235,"column":63}},"52":{"start":{"line":235,"column":35},"end":{"line":235,"column":63}},"53":{"start":{"line":238,"column":6},"end":{"line":243,"column":9}},"54":{"start":{"line":246,"column":4},"end":{"line":246,"column":18}},"55":{"start":{"line":253,"column":22},"end":{"line":253,"column":32}},"56":{"start":{"line":254,"column":4},"end":{"line":254,"column":55}},"57":{"start":{"line":255,"column":4},"end":{"line":255,"column":35}},"58":{"start":{"line":257,"column":24},"end":{"line":264,"column":6}},"59":{"start":{"line":267,"column":20},"end":{"line":267,"column":50}},"60":{"start":{"line":268,"column":4},"end":{"line":274,"column":7}},"61":{"start":{"line":269,"column":22},"end":{"line":269,"column":61}},"62":{"start":{"line":270,"column":6},"end":{"line":272,"column":7}},"63":{"start":{"line":271,"column":8},"end":{"line":271,"column":40}},"64":{"start":{"line":273,"column":6},"end":{"line":273,"column":42}},"65":{"start":{"line":276,"column":4},"end":{"line":279,"column":8}},"66":{"start":{"line":276,"column":67},"end":{"line":279,"column":6}},"67":{"start":{"line":288,"column":31},"end":{"line":294,"column":6}},"68":{"start":{"line":295,"column":4},"end":{"line":295,"column":32}},"69":{"start":{"line":304,"column":25},"end":{"line":312,"column":6}},"70":{"start":{"line":314,"column":4},"end":{"line":314,"column":35}},"71":{"start":{"line":314,"column":23},"end":{"line":314,"column":35}},"72":{"start":{"line":316,"column":4},"end":{"line":319,"column":6}},"73":{"start":{"line":329,"column":4},"end":{"line":331,"column":5}},"74":{"start":{"line":330,"column":6},"end":{"line":330,"column":48}},"75":{"start":{"line":334,"column":24},"end":{"line":334,"column":41}},"76":{"start":{"line":335,"column":4},"end":{"line":339,"column":7}},"77":{"start":{"line":336,"column":6},"end":{"line":338,"column":7}},"78":{"start":{"line":337,"column":8},"end":{"line":337,"column":65}},"79":{"start":{"line":341,"column":4},"end":{"line":343,"column":5}},"80":{"start":{"line":342,"column":6},"end":{"line":342,"column":48}},"81":{"start":{"line":346,"column":24},"end":{"line":346,"column":54}},"82":{"start":{"line":349,"column":20},"end":{"line":349,"column":21}},"83":{"start":{"line":350,"column":21},"end":{"line":350,"column":22}},"84":{"start":{"line":352,"column":4},"end":{"line":363,"column":5}},"85":{"start":{"line":352,"column":17},"end":{"line":352,"column":18}},"86":{"start":{"line":353,"column":23},"end":{"line":353,"column":51}},"87":{"start":{"line":354,"column":23},"end":{"line":354,"column":47}},"88":{"start":{"line":355,"column":23},"end":{"line":355,"column":100}},"89":{"start":{"line":357,"column":6},"end":{"line":362,"column":7}},"90":{"start":{"line":358,"column":8},"end":{"line":358,"column":21}},"91":{"start":{"line":359,"column":8},"end":{"line":359,"column":52}},"92":{"start":{"line":361,"column":8},"end":{"line":361,"column":23}},"93":{"start":{"line":366,"column":18},"end":{"line":366,"column":56}},"94":{"start":{"line":367,"column":22},"end":{"line":367,"column":81}},"95":{"start":{"line":369,"column":24},"end":{"line":369,"column":25}},"96":{"start":{"line":372,"column":4},"end":{"line":380,"column":5}},"97":{"start":{"line":373,"column":24},"end":{"line":373,"column":66}},"98":{"start":{"line":374,"column":22},"end":{"line":374,"column":41}},"99":{"start":{"line":376,"column":6},"end":{"line":379,"column":7}},"100":{"start":{"line":377,"column":8},"end":{"line":377,"column":24}},"101":{"start":{"line":378,"column":8},"end":{"line":378,"column":51}},"102":{"start":{"line":382,"column":4},"end":{"line":382,"column":40}},"103":{"start":{"line":26,"column":13},"end":{"line":26,"column":25}},"104":{"start":{"line":26,"column":13},"end":{"line":384,"column":null}}},"fnMap":{"0":{"name":"(anonymous_2)","decl":{"start":{"line":27,"column":2},"end":{"line":27,"column":22}},"loc":{"start":{"line":27,"column":43},"end":{"line":27,"column":47}}},"1":{"name":"(anonymous_3)","decl":{"start":{"line":33,"column":2},"end":{"line":33,"column":7}},"loc":{"start":{"line":33,"column":36},"end":{"line":37,"column":3}}},"2":{"name":"(anonymous_4)","decl":{"start":{"line":43,"column":2},"end":{"line":43,"column":7}},"loc":{"start":{"line":43,"column":29},"end":{"line":65,"column":3}}},"3":{"name":"(anonymous_5)","decl":{"start":{"line":71,"column":2},"end":{"line":71,"column":7}},"loc":{"start":{"line":71,"column":27},"end":{"line":93,"column":3}}},"4":{"name":"(anonymous_6)","decl":{"start":{"line":95,"column":2},"end":{"line":95,"column":7}},"loc":{"start":{"line":95,"column":35},"end":{"line":99,"column":3}}},"5":{"name":"(anonymous_7)","decl":{"start":{"line":101,"column":2},"end":{"line":101,"column":7}},"loc":{"start":{"line":101,"column":70},"end":{"line":106,"column":3}}},"6":{"name":"(anonymous_8)","decl":{"start":{"line":117,"column":2},"end":{"line":117,"column":7}},"loc":{"start":{"line":117,"column":54},"end":{"line":122,"column":3}}},"7":{"name":"(anonymous_9)","decl":{"start":{"line":127,"column":2},"end":{"line":127,"column":7}},"loc":{"start":{"line":127,"column":35},"end":{"line":192,"column":3}}},"8":{"name":"(anonymous_10)","decl":{"start":{"line":142,"column":24},"end":{"line":142,"column":25}},"loc":{"start":{"line":142,"column":28},"end":{"line":146,"column":5}}},"9":{"name":"(anonymous_11)","decl":{"start":{"line":165,"column":24},"end":{"line":165,"column":25}},"loc":{"start":{"line":165,"column":28},"end":{"line":169,"column":5}}},"10":{"name":"(anonymous_12)","decl":{"start":{"line":199,"column":2},"end":{"line":199,"column":7}},"loc":{"start":{"line":199,"column":62},"end":{"line":247,"column":3}}},"11":{"name":"(anonymous_13)","decl":{"start":{"line":229,"column":48},"end":{"line":229,"column":49}},"loc":{"start":{"line":230,"column":8},"end":{"line":230,"column":59}}},"12":{"name":"(anonymous_14)","decl":{"start":{"line":234,"column":29},"end":{"line":234,"column":30}},"loc":{"start":{"line":234,"column":33},"end":{"line":236,"column":7}}},"13":{"name":"(anonymous_15)","decl":{"start":{"line":252,"column":2},"end":{"line":252,"column":7}},"loc":{"start":{"line":252,"column":40},"end":{"line":280,"column":3}}},"14":{"name":"(anonymous_16)","decl":{"start":{"line":268,"column":24},"end":{"line":268,"column":25}},"loc":{"start":{"line":268,"column":28},"end":{"line":274,"column":5}}},"15":{"name":"(anonymous_17)","decl":{"start":{"line":276,"column":45},"end":{"line":276,"column":46}},"loc":{"start":{"line":276,"column":67},"end":{"line":279,"column":6}}},"16":{"name":"(anonymous_18)","decl":{"start":{"line":287,"column":2},"end":{"line":287,"column":7}},"loc":{"start":{"line":287,"column":36},"end":{"line":296,"column":3}}},"17":{"name":"(anonymous_19)","decl":{"start":{"line":303,"column":2},"end":{"line":303,"column":7}},"loc":{"start":{"line":303,"column":36},"end":{"line":320,"column":3}}},"18":{"name":"(anonymous_20)","decl":{"start":{"line":325,"column":10},"end":{"line":325,"column":25}},"loc":{"start":{"line":325,"column":76},"end":{"line":383,"column":3}}},"19":{"name":"(anonymous_21)","decl":{"start":{"line":335,"column":24},"end":{"line":335,"column":25}},"loc":{"start":{"line":335,"column":28},"end":{"line":339,"column":5}}}},"branchMap":{"0":{"loc":{"start":{"line":143,"column":6},"end":{"line":145,"column":7}},"type":"if","locations":[{"start":{"line":143,"column":6},"end":{"line":145,"column":7}},{"start":{},"end":{}}]},"1":{"loc":{"start":{"line":153,"column":24},"end":{"line":153,"column":37}},"type":"binary-expr","locations":[{"start":{"line":153,"column":24},"end":{"line":153,"column":32}},{"start":{"line":153,"column":36},"end":{"line":153,"column":37}}]},"2":{"loc":{"start":{"line":153,"column":24},"end":{"line":153,"column":32}},"type":"cond-expr","locations":[{"start":{"line":153,"column":28},"end":{"line":153,"column":30}},{"start":{"line":153,"column":24},"end":{"line":153,"column":32}}]},"3":{"loc":{"start":{"line":153,"column":24},"end":{"line":153,"column":30}},"type":"binary-expr","locations":[{"start":{"line":153,"column":24},"end":{"line":153,"column":30}},{"start":{"line":153,"column":24},"end":{"line":153,"column":30}}]},"4":{"loc":{"start":{"line":156,"column":26},"end":{"line":156,"column":50}},"type":"binary-expr","locations":[{"start":{"line":156,"column":26},"end":{"line":156,"column":45}},{"start":{"line":156,"column":49},"end":{"line":156,"column":50}}]},"5":{"loc":{"start":{"line":156,"column":26},"end":{"line":156,"column":45}},"type":"cond-expr","locations":[{"start":{"line":156,"column":30},"end":{"line":156,"column":32}},{"start":{"line":156,"column":26},"end":{"line":156,"column":45}}]},"6":{"loc":{"start":{"line":156,"column":26},"end":{"line":156,"column":32}},"type":"binary-expr","locations":[{"start":{"line":156,"column":26},"end":{"line":156,"column":32}},{"start":{"line":156,"column":26},"end":{"line":156,"column":32}}]},"7":{"loc":{"start":{"line":157,"column":22},"end":{"line":157,"column":42}},"type":"binary-expr","locations":[{"start":{"line":157,"column":22},"end":{"line":157,"column":37}},{"start":{"line":157,"column":41},"end":{"line":157,"column":42}}]},"8":{"loc":{"start":{"line":157,"column":22},"end":{"line":157,"column":37}},"type":"cond-expr","locations":[{"start":{"line":157,"column":26},"end":{"line":157,"column":28}},{"start":{"line":157,"column":22},"end":{"line":157,"column":37}}]},"9":{"loc":{"start":{"line":157,"column":22},"end":{"line":157,"column":28}},"type":"binary-expr","locations":[{"start":{"line":157,"column":22},"end":{"line":157,"column":28}},{"start":{"line":157,"column":22},"end":{"line":157,"column":28}}]},"10":{"loc":{"start":{"line":166,"column":6},"end":{"line":168,"column":7}},"type":"if","locations":[{"start":{"line":166,"column":6},"end":{"line":168,"column":7}},{"start":{},"end":{}}]},"11":{"loc":{"start":{"line":166,"column":10},"end":{"line":166,"column":69}},"type":"binary-expr","locations":[{"start":{"line":166,"column":10},"end":{"line":166,"column":31}},{"start":{"line":166,"column":35},"end":{"line":166,"column":69}}]},"12":{"loc":{"start":{"line":173,"column":50},"end":{"line":173,"column":63}},"type":"binary-expr","locations":[{"start":{"line":173,"column":50},"end":{"line":173,"column":58}},{"start":{"line":173,"column":62},"end":{"line":173,"column":63}}]},"13":{"loc":{"start":{"line":173,"column":50},"end":{"line":173,"column":58}},"type":"cond-expr","locations":[{"start":{"line":173,"column":54},"end":{"line":173,"column":56}},{"start":{"line":173,"column":50},"end":{"line":173,"column":58}}]},"14":{"loc":{"start":{"line":173,"column":50},"end":{"line":173,"column":56}},"type":"binary-expr","locations":[{"start":{"line":173,"column":50},"end":{"line":173,"column":56}},{"start":{"line":173,"column":50},"end":{"line":173,"column":56}}]},"15":{"loc":{"start":{"line":179,"column":23},"end":{"line":179,"column":88}},"type":"cond-expr","locations":[{"start":{"line":179,"column":40},"end":{"line":179,"column":82}},{"start":{"line":179,"column":85},"end":{"line":179,"column":88}}]},"16":{"loc":{"start":{"line":199,"column":42},"end":{"line":199,"column":50}},"type":"default-arg","locations":[{"start":{"line":199,"column":49},"end":{"line":199,"column":50}}]},"17":{"loc":{"start":{"line":199,"column":52},"end":{"line":199,"column":62}},"type":"default-arg","locations":[{"start":{"line":199,"column":61},"end":{"line":199,"column":62}}]},"18":{"loc":{"start":{"line":235,"column":8},"end":{"line":235,"column":63}},"type":"if","locations":[{"start":{"line":235,"column":8},"end":{"line":235,"column":63}},{"start":{},"end":{}}]},"19":{"loc":{"start":{"line":270,"column":6},"end":{"line":272,"column":7}},"type":"if","locations":[{"start":{"line":270,"column":6},"end":{"line":272,"column":7}},{"start":{},"end":{}}]},"20":{"loc":{"start":{"line":314,"column":4},"end":{"line":314,"column":35}},"type":"if","locations":[{"start":{"line":314,"column":4},"end":{"line":314,"column":35}},{"start":{},"end":{}}]},"21":{"loc":{"start":{"line":329,"column":4},"end":{"line":331,"column":5}},"type":"if","locations":[{"start":{"line":329,"column":4},"end":{"line":331,"column":5}},{"start":{},"end":{}}]},"22":{"loc":{"start":{"line":336,"column":6},"end":{"line":338,"column":7}},"type":"if","locations":[{"start":{"line":336,"column":6},"end":{"line":338,"column":7}},{"start":{},"end":{}}]},"23":{"loc":{"start":{"line":341,"column":4},"end":{"line":343,"column":5}},"type":"if","locations":[{"start":{"line":341,"column":4},"end":{"line":343,"column":5}},{"start":{},"end":{}}]},"24":{"loc":{"start":{"line":357,"column":6},"end":{"line":362,"column":7}},"type":"if","locations":[{"start":{"line":357,"column":6},"end":{"line":362,"column":7}},{"start":{"line":360,"column":13},"end":{"line":362,"column":7}}]},"25":{"loc":{"start":{"line":372,"column":4},"end":{"line":380,"column":5}},"type":"if","locations":[{"start":{"line":372,"column":4},"end":{"line":380,"column":5}},{"start":{},"end":{}}]},"26":{"loc":{"start":{"line":372,"column":8},"end":{"line":372,"column":60}},"type":"binary-expr","locations":[{"start":{"line":372,"column":8},"end":{"line":372,"column":30}},{"start":{"line":372,"column":34},"end":{"line":372,"column":60}}]},"27":{"loc":{"start":{"line":373,"column":24},"end":{"line":373,"column":66}},"type":"cond-expr","locations":[{"start":{"line":373,"column":49},"end":{"line":373,"column":54}},{"start":{"line":373,"column":57},"end":{"line":373,"column":66}}]}},"s":{"0":0,"1":0,"2":0,"3":0,"4":0,"5":0,"6":0,"7":0,"8":0,"9":0,"10":0,"11":0,"12":0,"13":0,"14":0,"15":0,"16":0,"17":0,"18":0,"19":0,"20":0,"21":0,"22":0,"23":0,"24":0,"25":0,"26":0,"27":0,"28":0,"29":0,"30":0,"31":0,"32":0,"33":0,"34":0,"35":0,"36":0,"37":0,"38":0,"39":0,"40":0,"41":0,"42":0,"43":0,"44":0,"45":0,"46":0,"47":0,"48":0,"49":0,"50":0,"51":0,"52":0,"53":0,"54":0,"55":0,"56":0,"57":0,"58":0,"59":0,"60":0,"61":0,"62":0,"63":0,"64":0,"65":0,"66":0,"67":0,"68":0,"69":0,"70":0,"71":0,"72":0,"73":0,"74":0,"75":0,"76":0,"77":0,"78":0,"79":0,"80":0,"81":0,"82":0,"83":0,"84":0,"85":0,"86":0,"87":0,"88":0,"89":0,"90":0,"91":0,"92":0,"93":0,"94":0,"95":0,"96":0,"97":0,"98":0,"99":0,"100":0,"101":0,"102":0,"103":0,"104":0},"f":{"0":0,"1":0,"2":0,"3":0,"4":0,"5":0,"6":0,"7":0,"8":0,"9":0,"10":0,"11":0,"12":0,"13":0,"14":0,"15":0,"16":0,"17":0,"18":0,"19":0},"b":{"0":[0,0],"1":[0,0],"2":[0,0],"3":[0,0],"4":[0,0],"5":[0,0],"6":[0,0],"7":[0,0],"8":[0,0],"9":[0,0],"10":[0,0],"11":[0,0],"12":[0,0],"13":[0,0],"14":[0,0],"15":[0,0],"16":[0],"17":[0],"18":[0,0],"19":[0,0],"20":[0,0],"21":[0,0],"22":[0,0],"23":[0,0],"24":[0,0],"25":[0,0],"26":[0,0],"27":[0,0]}}
,"/Users/isyahex/Desktop/prjct/practix/server/src/users/dto/users.dto.ts": {"path":"/Users/isyahex/Desktop/prjct/practix/server/src/users/dto/users.dto.ts","statementMap":{"0":{"start":{"line":1,"column":0},"end":{"line":1,"column":116}},"1":{"start":{"line":2,"column":0},"end":{"line":2,"column":41}},"2":{"start":{"line":7,"column":2},"end":{"line":7,"column":null}},"3":{"start":{"line":11,"column":2},"end":{"line":11,"column":null}},"4":{"start":{"line":14,"column":0},"end":{"line":14,"column":13}},"5":{"start":{"line":17,"column":2},"end":{"line":17,"column":null}},"6":{"start":{"line":21,"column":2},"end":{"line":21,"column":null}},"7":{"start":{"line":25,"column":2},"end":{"line":25,"column":null}},"8":{"start":{"line":29,"column":2},"end":{"line":29,"column":null}},"9":{"start":{"line":33,"column":2},"end":{"line":33,"column":null}},"10":{"start":{"line":39,"column":2},"end":{"line":39,"column":null}},"11":{"start":{"line":37,"column":14},"end":{"line":37,"column":30}},"12":{"start":{"line":42,"column":0},"end":{"line":42,"column":13}},"13":{"start":{"line":44,"column":2},"end":{"line":44,"column":null}},"14":{"start":{"line":47,"column":2},"end":{"line":47,"column":null}}},"fnMap":{"0":{"name":"(anonymous_2)","decl":{"start":{"line":37,"column":8},"end":{"line":37,"column":11}},"loc":{"start":{"line":37,"column":14},"end":{"line":37,"column":30}}}},"branchMap":{},"s":{"0":0,"1":0,"2":0,"3":0,"4":0,"5":0,"6":0,"7":0,"8":0,"9":0,"10":0,"11":0,"12":0,"13":0,"14":0},"f":{"0":0},"b":{}}
}
