TN:
SF:src/app.module.ts
FN:76,(anonymous_1)
FNF:1
FNH:0
FNDA:0,(anonymous_1)
DA:1,0
DA:2,0
DA:3,0
DA:4,0
DA:5,0
DA:6,0
DA:7,0
DA:8,0
DA:9,0
DA:10,0
DA:11,0
DA:12,0
DA:13,0
DA:14,0
DA:15,0
DA:16,0
DA:17,0
DA:18,0
DA:19,0
DA:20,0
DA:21,0
DA:22,0
DA:23,0
DA:24,0
DA:25,0
DA:75,0
DA:78,0
LF:27
LH:0
BRF:0
BRH:0
end_of_record
TN:
SF:src/main.ts
FN:10,bootstrap
FN:105,(anonymous_1)
FN:105,(anonymous_2)
FN:109,(anonymous_3)
FNF:4
FNH:0
FNDA:0,bootstrap
FNDA:0,(anonymous_1)
FNDA:0,(anonymous_2)
FNDA:0,(anonymous_3)
DA:1,0
DA:2,0
DA:3,0
DA:4,0
DA:5,0
DA:6,0
DA:7,0
DA:8,0
DA:11,0
DA:16,0
DA:17,0
DA:20,0
DA:21,0
DA:61,0
DA:64,0
DA:67,0
DA:70,0
DA:71,0
DA:94,0
DA:95,0
DA:100,0
DA:104,0
DA:105,0
DA:108,0
DA:113,0
DA:115,0
DA:116,0
DA:120,0
DA:123,0
DA:124,0
DA:126,0
DA:127,0
DA:135,0
DA:137,0
DA:138,0
DA:139,0
DA:141,0
LF:37
LH:0
BRDA:24,0,0,0
BRDA:24,0,1,0
BRDA:40,1,0,0
BRDA:40,1,1,0
BRDA:70,2,0,0
BRDA:70,2,1,0
BRDA:104,3,0,0
BRDA:104,3,1,0
BRDA:113,4,0,0
BRDA:113,4,1,0
BRDA:115,5,0,0
BRDA:115,5,1,0
BRDA:123,6,0,0
BRDA:123,6,1,0
BRDA:137,7,0,0
BRDA:137,7,1,0
BRF:16
BRH:0
end_of_record
TN:
SF:src/admin/admin.controller.ts
FN:11,(anonymous_2)
FN:18,(anonymous_3)
FN:27,(anonymous_4)
FN:36,(anonymous_5)
FN:45,(anonymous_6)
FN:54,(anonymous_7)
FN:63,(anonymous_8)
FNF:7
FNH:0
FNDA:0,(anonymous_2)
FNDA:0,(anonymous_3)
FNDA:0,(anonymous_4)
FNDA:0,(anonymous_5)
FNDA:0,(anonymous_6)
FNDA:0,(anonymous_7)
FNDA:0,(anonymous_8)
DA:1,0
DA:2,0
DA:3,0
DA:4,0
DA:5,0
DA:10,0
DA:11,0
DA:18,0
DA:19,0
DA:27,0
DA:28,0
DA:36,0
DA:37,0
DA:45,0
DA:46,0
DA:54,0
DA:55,0
DA:63,0
DA:64,0
LF:19
LH:0
BRF:0
BRH:0
end_of_record
TN:
SF:src/admin/admin.module.ts
FNF:0
FNH:0
DA:1,0
DA:2,0
DA:3,0
DA:4,0
DA:5,0
DA:6,0
DA:7,0
DA:15,0
LF:8
LH:0
BRF:0
BRH:0
end_of_record
TN:
SF:src/admin/admin.service.ts
FN:6,(anonymous_2)
FN:12,(anonymous_3)
FN:82,(anonymous_4)
FN:112,(anonymous_5)
FN:119,(anonymous_6)
FN:123,(anonymous_7)
FN:142,(anonymous_8)
FN:155,(anonymous_9)
FN:187,(anonymous_10)
FN:191,(anonymous_11)
FN:196,(anonymous_12)
FN:202,(anonymous_13)
FN:223,(anonymous_14)
FN:227,(anonymous_15)
FN:232,(anonymous_16)
FN:237,(anonymous_17)
FN:253,(anonymous_18)
FN:277,(anonymous_19)
FN:301,(anonymous_20)
FN:318,(anonymous_21)
FN:351,(anonymous_22)
FN:364,(anonymous_23)
FN:367,(anonymous_24)
FN:380,(anonymous_25)
FN:412,(anonymous_26)
FN:438,(anonymous_27)
FN:444,(anonymous_28)
FN:445,(anonymous_29)
FNF:28
FNH:0
FNDA:0,(anonymous_2)
FNDA:0,(anonymous_3)
FNDA:0,(anonymous_4)
FNDA:0,(anonymous_5)
FNDA:0,(anonymous_6)
FNDA:0,(anonymous_7)
FNDA:0,(anonymous_8)
FNDA:0,(anonymous_9)
FNDA:0,(anonymous_10)
FNDA:0,(anonymous_11)
FNDA:0,(anonymous_12)
FNDA:0,(anonymous_13)
FNDA:0,(anonymous_14)
FNDA:0,(anonymous_15)
FNDA:0,(anonymous_16)
FNDA:0,(anonymous_17)
FNDA:0,(anonymous_18)
FNDA:0,(anonymous_19)
FNDA:0,(anonymous_20)
FNDA:0,(anonymous_21)
FNDA:0,(anonymous_22)
FNDA:0,(anonymous_23)
FNDA:0,(anonymous_24)
FNDA:0,(anonymous_25)
FNDA:0,(anonymous_26)
FNDA:0,(anonymous_27)
FNDA:0,(anonymous_28)
FNDA:0,(anonymous_29)
DA:1,0
DA:2,0
DA:5,0
DA:6,0
DA:13,0
DA:14,0
DA:15,0
DA:16,0
DA:19,0
DA:22,0
DA:31,0
DA:40,0
DA:49,0
DA:58,0
DA:64,0
DA:84,0
DA:95,0
DA:102,0
DA:111,0
DA:112,0
DA:118,0
DA:119,0
DA:123,0
DA:124,0
DA:125,0
DA:126,0
DA:128,0
DA:142,0
DA:144,0
DA:157,0
DA:168,0
DA:174,0
DA:181,0
DA:186,0
DA:187,0
DA:190,0
DA:191,0
DA:195,0
DA:196,0
DA:197,0
DA:198,0
DA:202,0
DA:203,0
DA:204,0
DA:205,0
DA:207,0
DA:209,0
DA:223,0
DA:226,0
DA:227,0
DA:231,0
DA:232,0
DA:236,0
DA:237,0
DA:240,0
DA:254,0
DA:255,0
DA:258,0
DA:261,0
DA:270,0
DA:277,0
DA:287,0
DA:300,0
DA:301,0
DA:302,0
DA:303,0
DA:306,0
DA:319,0
DA:320,0
DA:323,0
DA:330,0
DA:340,0
DA:351,0
DA:352,0
DA:364,0
DA:367,0
DA:368,0
DA:369,0
DA:380,0
DA:383,0
DA:389,0
DA:398,0
DA:413,0
DA:414,0
DA:417,0
DA:424,0
DA:437,0
DA:438,0
DA:439,0
DA:443,0
DA:444,0
DA:445,0
DA:448,0
DA:455,0
DA:457,0
LF:95
LH:0
BRDA:114,0,0,0
BRDA:114,0,1,0
BRDA:124,1,0,0
BRDA:124,1,1,0
BRDA:125,2,0,0
BRDA:125,2,1,0
BRDA:135,3,0,0
BRDA:135,3,1,0
BRDA:197,4,0,0
BRDA:197,4,1,0
BRDA:203,5,0,0
BRDA:203,5,1,0
BRDA:204,6,0,0
BRDA:204,6,1,0
BRDA:205,7,0,0
BRDA:205,7,1,0
BRDA:207,8,0,0
BRDA:207,8,1,0
BRDA:281,9,0,0
BRDA:281,9,1,0
BRDA:303,10,0,0
BRDA:303,10,1,0
BRDA:371,11,0,0
BRDA:371,11,1,0
BRDA:371,12,0,0
BRDA:371,12,1,0
BRDA:371,13,0,0
BRDA:371,13,1,0
BRDA:372,14,0,0
BRDA:372,14,1,0
BRDA:372,15,0,0
BRDA:372,15,1,0
BRDA:372,16,0,0
BRDA:372,16,1,0
BRDA:373,17,0,0
BRDA:373,17,1,0
BRDA:373,18,0,0
BRDA:373,18,1,0
BRDA:373,19,0,0
BRDA:373,19,1,0
BRDA:375,20,0,0
BRDA:375,20,1,0
BRDA:375,21,0,0
BRDA:375,21,1,0
BRDA:375,22,0,0
BRDA:375,22,1,0
BRDA:404,23,0,0
BRDA:404,23,1,0
BRDA:439,24,0,0
BRDA:439,24,1,0
BRDA:455,25,0,0
BRDA:455,25,1,0
BRDA:455,26,0,0
BRDA:455,26,1,0
BRDA:458,27,0,0
BRDA:458,27,1,0
BRF:56
BRH:0
end_of_record
TN:
SF:src/admin/settings/settings.controller.ts
FN:22,(anonymous_4)
FN:30,(anonymous_5)
FN:40,(anonymous_6)
FNF:3
FNH:3
FNDA:5,(anonymous_4)
FNDA:1,(anonymous_5)
FNDA:3,(anonymous_6)
DA:1,1
DA:2,1
DA:3,1
DA:4,1
DA:5,1
DA:9,1
DA:10,1
DA:21,1
DA:22,5
DA:30,1
DA:31,1
DA:40,1
DA:44,3
LF:13
LH:13
BRF:0
BRH:0
end_of_record
TN:
SF:src/admin/settings/settings.service.ts
FN:45,(anonymous_2)
FN:53,(anonymous_3)
FN:60,(anonymous_4)
FN:99,(anonymous_5)
FN:111,(anonymous_6)
FN:146,(anonymous_7)
FN:151,(anonymous_8)
FN:187,(anonymous_9)
FN:212,(anonymous_10)
FN:246,(anonymous_11)
FN:256,(anonymous_12)
FNF:11
FNH:9
FNDA:14,(anonymous_2)
FNDA:29,(anonymous_3)
FNDA:16,(anonymous_4)
FNDA:0,(anonymous_5)
FNDA:0,(anonymous_6)
FNDA:4,(anonymous_7)
FNDA:5,(anonymous_8)
FNDA:16,(anonymous_9)
FNDA:4,(anonymous_10)
FNDA:5,(anonymous_11)
FNDA:3,(anonymous_12)
DA:1,2
DA:2,2
DA:3,2
DA:13,2
DA:20,2
DA:29,2
DA:42,2
DA:43,14
DA:46,14
DA:47,14
DA:54,29
DA:64,16
DA:67,16
DA:68,7
DA:72,9
DA:77,9
DA:78,9
DA:79,3
DA:80,3
DA:82,0
DA:87,9
DA:93,9
DA:104,0
DA:105,0
DA:117,0
DA:119,0
DA:136,0
DA:138,0
DA:151,4
DA:152,5
DA:153,5
DA:170,4
DA:173,4
DA:175,4
DA:188,16
DA:190,16
DA:216,4
DA:218,4
DA:219,3
DA:221,4
DA:222,1
DA:223,1
DA:225,1
DA:226,1
DA:228,1
DA:229,0
DA:231,1
DA:232,0
DA:236,4
DA:237,4
DA:240,4
DA:249,5
DA:250,5
DA:257,3
DA:258,3
LF:55
LH:46
BRDA:67,0,0,7
BRDA:67,0,1,9
BRDA:105,1,0,0
BRDA:105,1,1,0
BRDA:105,2,0,0
BRDA:105,2,1,0
BRDA:139,3,0,0
BRDA:139,3,1,0
BRDA:176,4,0,4
BRDA:176,4,1,0
BRDA:191,5,0,8
BRDA:191,5,1,8
BRDA:191,6,0,16
BRDA:191,6,1,16
BRDA:194,7,0,6
BRDA:194,7,1,10
BRDA:194,8,0,16
BRDA:194,8,1,16
BRDA:197,9,0,6
BRDA:197,9,1,10
BRDA:197,10,0,16
BRDA:197,10,1,16
BRDA:200,11,0,4
BRDA:200,11,1,12
BRDA:200,12,0,16
BRDA:200,12,1,16
BRDA:203,13,0,4
BRDA:203,13,1,12
BRDA:203,14,0,16
BRDA:203,14,1,16
BRDA:218,15,0,3
BRDA:218,15,1,1
BRDA:221,16,0,1
BRDA:221,16,1,3
BRDA:222,17,0,1
BRDA:222,17,1,0
BRDA:225,18,0,1
BRDA:225,18,1,0
BRDA:228,19,0,0
BRDA:228,19,1,1
BRDA:231,20,0,0
BRDA:231,20,1,1
BRDA:236,21,0,4
BRDA:236,21,1,0
BRF:44
BRH:32
end_of_record
TN:
SF:src/admin/settings/dto/settings.dto.ts
FN:60,(anonymous_2)
FNF:1
FNH:0
FNDA:0,(anonymous_2)
DA:1,1
DA:9,1
DA:10,1
DA:12,1
DA:18,1
DA:28,1
DA:38,1
DA:48,1
DA:51,1
DA:55,1
DA:60,0
DA:61,1
DA:64,1
DA:66,1
DA:69,1
LF:15
LH:14
BRF:0
BRH:0
end_of_record
TN:
SF:src/ai/ai.config.ts
FNF:0
FNH:0
DA:7,0
DA:10,0
DA:18,0
DA:21,0
LF:4
LH:0
BRF:0
BRH:0
end_of_record
TN:
SF:src/ai/ai.controller.ts
FN:17,(anonymous_4)
FN:25,(anonymous_5)
FN:36,(anonymous_6)
FNF:3
FNH:0
FNDA:0,(anonymous_4)
FNDA:0,(anonymous_5)
FNDA:0,(anonymous_6)
DA:1,0
DA:10,0
DA:11,0
DA:12,0
DA:13,0
DA:16,0
DA:17,0
DA:25,0
DA:26,0
DA:36,0
DA:37,0
LF:11
LH:0
BRDA:44,0,0,0
BRDA:44,0,1,0
BRF:2
BRH:0
end_of_record
TN:
SF:src/ai/ai.module.ts
FNF:0
FNH:0
DA:1,0
DA:2,0
DA:3,0
DA:4,0
DA:5,0
DA:6,0
DA:14,0
LF:7
LH:0
BRF:0
BRH:0
end_of_record
TN:
SF:src/ai/ai.service.ts
FN:84,(anonymous_2)
FN:104,(anonymous_3)
FN:154,(anonymous_4)
FN:171,(anonymous_5)
FN:192,(anonymous_6)
FN:280,(anonymous_7)
FN:295,(anonymous_8)
FN:414,(anonymous_9)
FN:432,(anonymous_10)
FNF:9
FNH:0
FNDA:0,(anonymous_2)
FNDA:0,(anonymous_3)
FNDA:0,(anonymous_4)
FNDA:0,(anonymous_5)
FNDA:0,(anonymous_6)
FNDA:0,(anonymous_7)
FNDA:0,(anonymous_8)
FNDA:0,(anonymous_9)
FNDA:0,(anonymous_10)
DA:1,0
DA:7,0
DA:8,0
DA:9,0
DA:10,0
DA:11,0
DA:12,0
DA:13,0
DA:52,0
DA:53,0
DA:57,0
DA:85,0
DA:86,0
DA:87,0
DA:88,0
DA:89,0
DA:92,0
DA:94,0
DA:95,0
DA:109,0
DA:113,0
DA:114,0
DA:115,0
DA:119,0
DA:123,0
DA:124,0
DA:128,0
DA:129,0
DA:137,0
DA:138,0
DA:142,0
DA:143,0
DA:148,0
DA:155,0
DA:156,0
DA:158,0
DA:162,0
DA:163,0
DA:180,0
DA:181,0
DA:187,0
DA:190,0
DA:192,0
DA:194,0
DA:201,0
DA:202,0
DA:206,0
DA:216,0
DA:217,0
DA:220,0
DA:223,0
DA:224,0
DA:229,0
DA:232,0
DA:237,0
DA:239,0
DA:248,0
DA:250,0
DA:255,0
DA:258,0
DA:265,0
DA:275,0
DA:282,0
DA:285,0
DA:308,0
DA:309,0
DA:314,0
DA:315,0
DA:318,0
DA:319,0
DA:321,0
DA:323,0
DA:329,0
DA:330,0
DA:335,0
DA:338,0
DA:346,0
DA:353,0
DA:359,0
DA:363,0
DA:364,0
DA:366,0
DA:368,0
DA:369,0
DA:370,0
DA:371,0
DA:372,0
DA:375,0
DA:376,0
DA:379,0
DA:390,0
DA:392,0
DA:395,0
DA:410,0
DA:414,0
DA:415,0
DA:416,0
DA:418,0
DA:434,0
LF:99
LH:0
BRDA:92,0,0,0
BRDA:92,0,1,0
BRDA:94,1,0,0
BRDA:94,1,1,0
BRDA:114,2,0,0
BRDA:114,2,1,0
BRDA:123,3,0,0
BRDA:123,3,1,0
BRDA:128,4,0,0
BRDA:128,4,1,0
BRDA:137,5,0,0
BRDA:137,5,1,0
BRDA:142,6,0,0
BRDA:142,6,1,0
BRDA:162,7,0,0
BRDA:162,7,1,0
BRDA:162,8,0,0
BRDA:162,8,1,0
BRDA:162,9,0,0
BRDA:162,9,1,0
BRDA:162,10,0,0
BRDA:162,10,1,0
BRDA:178,11,0,0
BRDA:180,12,0,0
BRDA:180,12,1,0
BRDA:201,13,0,0
BRDA:201,13,1,0
BRDA:216,14,0,0
BRDA:216,14,1,0
BRDA:223,15,0,0
BRDA:223,15,1,0
BRDA:237,16,0,0
BRDA:237,16,1,0
BRDA:241,17,0,0
BRDA:241,17,1,0
BRDA:243,18,0,0
BRDA:243,18,1,0
BRDA:244,19,0,0
BRDA:244,19,1,0
BRDA:267,20,0,0
BRDA:267,20,1,0
BRDA:308,21,0,0
BRDA:308,21,1,0
BRDA:329,22,0,0
BRDA:329,22,1,0
BRDA:335,23,0,0
BRDA:335,23,1,0
BRDA:343,24,0,0
BRDA:343,24,1,0
BRDA:359,25,0,0
BRDA:359,25,1,0
BRDA:369,26,0,0
BRDA:369,26,1,0
BRDA:371,27,0,0
BRDA:371,27,1,0
BRDA:372,28,0,0
BRDA:372,28,1,0
BRDA:383,29,0,0
BRDA:383,29,1,0
BRDA:384,30,0,0
BRDA:384,30,1,0
BRDA:393,31,0,0
BRDA:393,31,1,0
BRDA:402,32,0,0
BRDA:402,32,1,0
BRDA:410,33,0,0
BRDA:410,33,1,0
BRDA:422,34,0,0
BRDA:422,34,1,0
BRF:69
BRH:0
end_of_record
TN:
SF:src/ai/dto/ai.dto.ts
FNF:0
FNH:0
DA:1,0
DA:3,0
DA:6,0
DA:11,0
DA:16,0
DA:21,0
DA:25,0
DA:30,0
LF:8
LH:0
BRF:0
BRH:0
end_of_record
TN:
SF:src/auth/auth.controller.ts
FN:14,(anonymous_4)
FN:19,(anonymous_5)
FN:32,(anonymous_6)
FN:45,(anonymous_7)
FNF:4
FNH:0
FNDA:0,(anonymous_4)
FNDA:0,(anonymous_5)
FNDA:0,(anonymous_6)
FNDA:0,(anonymous_7)
DA:1,0
DA:2,0
DA:3,0
DA:4,0
DA:5,0
DA:9,0
DA:10,0
DA:13,0
DA:14,0
DA:19,0
DA:24,0
DA:25,0
DA:32,0
DA:37,0
DA:38,0
DA:45,0
DA:46,0
DA:47,0
DA:48,0
DA:50,0
LF:20
LH:0
BRDA:9,0,0,0
BRDA:9,0,1,0
BRDA:10,1,0,0
BRDA:10,1,1,0
BRDA:24,2,0,0
BRDA:24,2,1,0
BRDA:24,3,0,0
BRDA:24,3,1,0
BRDA:24,4,0,0
BRDA:24,4,1,0
BRDA:24,5,0,0
BRDA:24,5,1,0
BRDA:24,6,0,0
BRDA:24,6,1,0
BRDA:24,7,0,0
BRDA:24,7,1,0
BRDA:24,8,0,0
BRDA:24,8,1,0
BRDA:37,9,0,0
BRDA:37,9,1,0
BRDA:37,10,0,0
BRDA:37,10,1,0
BRDA:37,11,0,0
BRDA:37,11,1,0
BRDA:37,12,0,0
BRDA:37,12,1,0
BRDA:37,13,0,0
BRDA:37,13,1,0
BRDA:37,14,0,0
BRDA:37,14,1,0
BRDA:37,15,0,0
BRDA:37,15,1,0
BRDA:46,16,0,0
BRDA:46,16,1,0
BRDA:46,17,0,0
BRDA:46,17,1,0
BRDA:47,18,0,0
BRDA:47,18,1,0
BRF:38
BRH:0
end_of_record
TN:
SF:src/auth/auth.module.ts
FN:18,(anonymous_1)
FNF:1
FNH:0
FNDA:0,(anonymous_1)
DA:1,0
DA:2,0
DA:3,0
DA:4,0
DA:5,0
DA:6,0
DA:7,0
DA:8,0
DA:9,0
DA:18,0
DA:30,0
LF:11
LH:0
BRDA:22,0,0,0
BRDA:22,0,1,0
BRF:2
BRH:0
end_of_record
TN:
SF:src/auth/auth.service.ts
FN:13,(anonymous_3)
FN:19,(anonymous_4)
FN:72,(anonymous_5)
FN:117,(anonymous_6)
FN:124,(anonymous_7)
FN:135,(anonymous_8)
FNF:6
FNH:0
FNDA:0,(anonymous_3)
FNDA:0,(anonymous_4)
FNDA:0,(anonymous_5)
FNDA:0,(anonymous_6)
FNDA:0,(anonymous_7)
FNDA:0,(anonymous_8)
DA:1,0
DA:2,0
DA:3,0
DA:4,0
DA:5,0
DA:6,0
DA:9,0
DA:12,0
DA:14,0
DA:15,0
DA:16,0
DA:25,0
DA:26,0
DA:27,0
DA:31,0
DA:34,0
DA:50,0
DA:53,0
DA:56,0
DA:65,0
DA:66,0
DA:69,0
DA:78,0
DA:79,0
DA:80,0
DA:83,0
DA:84,0
DA:85,0
DA:89,0
DA:93,0
DA:95,0
DA:98,0
DA:107,0
DA:108,0
DA:111,0
DA:118,0
DA:119,0
DA:120,0
DA:127,0
DA:128,0
DA:136,0
DA:139,0
DA:140,0
DA:142,0
DA:143,0
DA:146,0
LF:46
LH:0
BRDA:26,0,0,0
BRDA:26,0,1,0
BRDA:79,1,0,0
BRDA:79,1,1,0
BRDA:84,2,0,0
BRDA:84,2,1,0
BRDA:119,3,0,0
BRDA:119,3,1,0
BRDA:139,4,0,0
BRDA:139,4,1,0
BRDA:142,5,0,0
BRDA:142,5,1,0
BRF:12
BRH:0
end_of_record
TN:
SF:src/auth/dto/auth.dto.ts
FNF:0
FNH:0
DA:1,0
DA:3,0
DA:5,0
DA:10,0
DA:13,0
DA:17,0
DA:21,0
DA:30,0
LF:8
LH:0
BRF:0
BRH:0
end_of_record
TN:
SF:src/auth/guards/admin.guard.ts
FN:6,(anonymous_2)
FN:8,(anonymous_3)
FNF:2
FNH:0
FNDA:0,(anonymous_2)
FNDA:0,(anonymous_3)
DA:1,1
DA:2,1
DA:5,1
DA:6,0
DA:9,0
DA:10,0
DA:12,0
DA:13,0
DA:16,0
DA:21,0
DA:22,0
DA:25,0
LF:12
LH:3
BRDA:10,0,0,0
BRDA:10,0,1,0
BRDA:10,1,0,0
BRDA:10,1,1,0
BRDA:12,2,0,0
BRDA:12,2,1,0
BRDA:21,3,0,0
BRDA:21,3,1,0
BRDA:21,4,0,0
BRDA:21,4,1,0
BRF:10
BRH:0
end_of_record
TN:
SF:src/auth/guards/jwt-auth.guard.ts
FN:24,(anonymous_4)
FN:41,(anonymous_5)
FN:56,(anonymous_6)
FN:69,(anonymous_7)
FN:91,(anonymous_8)
FNF:5
FNH:0
FNDA:0,(anonymous_4)
FNDA:0,(anonymous_5)
FNDA:0,(anonymous_6)
FNDA:0,(anonymous_7)
FNDA:0,(anonymous_8)
DA:1,1
DA:9,1
DA:10,1
DA:11,1
DA:15,1
DA:16,1
DA:17,1
DA:20,1
DA:21,0
DA:27,0
DA:29,0
DA:31,0
DA:32,0
DA:43,0
DA:44,0
DA:45,0
DA:48,0
DA:50,0
DA:58,0
DA:59,0
DA:61,0
DA:62,0
DA:63,0
DA:71,0
DA:72,0
DA:74,0
DA:75,0
DA:76,0
DA:79,0
DA:81,0
DA:83,0
DA:84,0
DA:85,0
DA:92,0
DA:93,0
DA:96,0
DA:97,0
DA:98,0
DA:103,0
DA:105,0
DA:106,0
DA:109,0
DA:110,0
LF:43
LH:8
BRDA:33,0,0,0
BRDA:33,0,1,0
BRDA:33,0,2,0
BRDA:33,1,0,0
BRDA:33,1,1,0
BRDA:33,2,0,0
BRDA:33,2,1,0
BRDA:44,3,0,0
BRDA:44,3,1,0
BRDA:45,4,0,0
BRDA:45,4,1,0
BRDA:50,5,0,0
BRDA:50,5,1,0
BRDA:50,5,2,0
BRDA:50,6,0,0
BRDA:50,6,1,0
BRDA:50,7,0,0
BRDA:50,7,1,0
BRDA:58,8,0,0
BRDA:58,8,1,0
BRDA:59,9,0,0
BRDA:59,9,1,0
BRDA:71,10,0,0
BRDA:71,10,1,0
BRDA:72,11,0,0
BRDA:72,11,1,0
BRDA:75,12,0,0
BRDA:75,12,1,0
BRDA:81,13,0,0
BRDA:81,13,1,0
BRDA:96,14,0,0
BRDA:96,14,1,0
BRF:32
BRH:0
end_of_record
TN:
SF:src/auth/guards/optional-jwt.guard.ts
FN:6,(anonymous_1)
FNF:1
FNH:0
FNDA:0,(anonymous_1)
DA:1,0
DA:2,0
DA:5,0
DA:9,0
LF:4
LH:0
BRDA:9,0,0,0
BRDA:9,0,1,0
BRF:2
BRH:0
end_of_record
TN:
SF:src/auth/strategies/jwt.strategy.ts
FN:11,(anonymous_2)
FN:38,(anonymous_3)
FNF:2
FNH:0
FNDA:0,(anonymous_2)
FNDA:0,(anonymous_3)
DA:1,0
DA:2,0
DA:3,0
DA:4,0
DA:8,0
DA:9,0
DA:12,0
DA:14,0
DA:15,0
DA:21,0
DA:22,0
DA:28,0
DA:35,0
DA:40,0
LF:14
LH:0
BRDA:14,0,0,0
BRDA:14,0,1,0
BRDA:21,1,0,0
BRDA:21,1,1,0
BRF:4
BRH:0
end_of_record
TN:
SF:src/bugreports/bugreports.controller.ts
FN:9,(anonymous_4)
FN:17,(anonymous_5)
FN:26,(anonymous_6)
FN:36,(anonymous_7)
FN:49,(anonymous_8)
FN:59,(anonymous_9)
FNF:6
FNH:0
FNDA:0,(anonymous_4)
FNDA:0,(anonymous_5)
FNDA:0,(anonymous_6)
FNDA:0,(anonymous_7)
FNDA:0,(anonymous_8)
FNDA:0,(anonymous_9)
DA:1,0
DA:2,0
DA:3,0
DA:4,0
DA:5,0
DA:8,0
DA:9,0
DA:17,0
DA:18,0
DA:26,0
DA:27,0
DA:36,0
DA:41,0
DA:49,0
DA:50,0
DA:59,0
DA:63,0
LF:17
LH:0
BRF:0
BRH:0
end_of_record
TN:
SF:src/bugreports/bugreports.module.ts
FNF:0
FNH:0
DA:1,0
DA:2,0
DA:3,0
DA:10,0
LF:4
LH:0
BRF:0
BRH:0
end_of_record
TN:
SF:src/bugreports/bugreports.service.ts
FN:10,(anonymous_2)
FN:15,(anonymous_3)
FN:41,(anonymous_4)
FN:54,(anonymous_5)
FN:73,(anonymous_6)
FN:88,(anonymous_7)
FNF:6
FNH:0
FNDA:0,(anonymous_2)
FNDA:0,(anonymous_3)
FNDA:0,(anonymous_4)
FNDA:0,(anonymous_5)
FNDA:0,(anonymous_6)
FNDA:0,(anonymous_7)
DA:1,0
DA:2,0
DA:3,0
DA:4,0
DA:7,0
DA:8,0
DA:10,0
DA:16,0
DA:18,0
DA:34,0
DA:35,0
DA:42,0
DA:55,0
DA:56,0
DA:57,0
DA:58,0
DA:60,0
DA:74,0
DA:90,0
DA:91,0
DA:92,0
DA:97,0
LF:22
LH:0
BRDA:21,0,0,0
BRDA:21,0,1,0
BRDA:23,1,0,0
BRDA:23,1,1,0
BRDA:26,2,0,0
BRDA:26,2,1,0
BRDA:56,3,0,0
BRDA:56,3,1,0
BRDA:56,4,0,0
BRDA:56,4,1,0
BRDA:56,5,0,0
BRDA:56,5,1,0
BRDA:57,6,0,0
BRDA:57,6,1,0
BRDA:57,7,0,0
BRDA:57,7,1,0
BRDA:57,8,0,0
BRDA:57,8,1,0
BRDA:58,9,0,0
BRDA:58,9,1,0
BRDA:58,10,0,0
BRDA:58,10,1,0
BRDA:58,11,0,0
BRDA:58,11,1,0
BRDA:91,12,0,0
BRDA:91,12,1,0
BRF:26
BRH:0
end_of_record
TN:
SF:src/bugreports/dto/bugreports.dto.ts
FN:3,(anonymous_2)
FN:12,(anonymous_3)
FN:18,(anonymous_4)
FN:26,(anonymous_5)
FNF:4
FNH:0
FNDA:0,(anonymous_2)
FNDA:0,(anonymous_3)
FNDA:0,(anonymous_4)
FNDA:0,(anonymous_5)
DA:1,0
DA:3,0
DA:4,0
DA:5,0
DA:6,0
DA:7,0
DA:8,0
DA:9,0
DA:12,0
DA:13,0
DA:14,0
DA:15,0
DA:18,0
DA:19,0
DA:20,0
DA:21,0
DA:22,0
DA:23,0
DA:26,0
DA:29,0
DA:33,0
DA:36,0
DA:40,0
DA:44,0
DA:47,0
DA:50,0
DA:52,0
LF:27
LH:0
BRDA:3,0,0,0
BRDA:3,0,1,0
BRDA:12,1,0,0
BRDA:12,1,1,0
BRDA:18,2,0,0
BRDA:18,2,1,0
BRF:6
BRH:0
end_of_record
TN:
SF:src/cache/cache.module.ts
FNF:0
FNH:0
DA:1,0
DA:2,0
DA:3,0
DA:11,0
LF:4
LH:0
BRF:0
BRH:0
end_of_record
TN:
SF:src/cache/cache.service.ts
FN:24,(anonymous_2)
FN:26,(anonymous_3)
FN:52,(anonymous_4)
FN:61,(anonymous_5)
FN:66,(anonymous_6)
FN:81,(anonymous_7)
FN:90,(anonymous_8)
FN:102,(anonymous_9)
FN:119,(anonymous_10)
FN:146,(anonymous_11)
FN:174,(anonymous_12)
FN:189,(anonymous_13)
FN:207,(anonymous_14)
FN:248,(anonymous_15)
FN:266,(anonymous_16)
FN:280,(anonymous_17)
FN:319,(anonymous_18)
FN:341,(anonymous_19)
FN:348,(anonymous_20)
FN:375,(anonymous_21)
FN:397,(anonymous_22)
FNF:21
FNH:0
FNDA:0,(anonymous_2)
FNDA:0,(anonymous_3)
FNDA:0,(anonymous_4)
FNDA:0,(anonymous_5)
FNDA:0,(anonymous_6)
FNDA:0,(anonymous_7)
FNDA:0,(anonymous_8)
FNDA:0,(anonymous_9)
FNDA:0,(anonymous_10)
FNDA:0,(anonymous_11)
FNDA:0,(anonymous_12)
FNDA:0,(anonymous_13)
FNDA:0,(anonymous_14)
FNDA:0,(anonymous_15)
FNDA:0,(anonymous_16)
FNDA:0,(anonymous_17)
FNDA:0,(anonymous_18)
FNDA:0,(anonymous_19)
FNDA:0,(anonymous_20)
FNDA:0,(anonymous_21)
FNDA:0,(anonymous_22)
DA:1,2
DA:7,2
DA:8,2
DA:9,2
DA:15,2
DA:16,0
DA:18,0
DA:21,0
DA:22,0
DA:24,0
DA:27,0
DA:28,0
DA:31,0
DA:33,0
DA:34,0
DA:42,0
DA:49,0
DA:53,0
DA:54,0
DA:55,0
DA:57,0
DA:61,0
DA:62,0
DA:63,0
DA:66,0
DA:67,0
DA:68,0
DA:72,0
DA:74,0
DA:77,0
DA:82,0
DA:83,0
DA:91,0
DA:110,0
DA:113,0
DA:125,0
DA:127,0
DA:128,0
DA:129,0
DA:131,0
DA:132,0
DA:133,0
DA:136,0
DA:138,0
DA:139,0
DA:153,0
DA:156,0
DA:158,0
DA:159,0
DA:160,0
DA:165,0
DA:167,0
DA:175,0
DA:177,0
DA:178,0
DA:179,0
DA:181,0
DA:182,0
DA:194,0
DA:196,0
DA:197,0
DA:199,0
DA:212,0
DA:213,0
DA:216,0
DA:218,0
DA:219,0
DA:220,0
DA:224,0
DA:225,0
DA:227,0
DA:228,0
DA:230,0
DA:231,0
DA:232,0
DA:233,0
DA:237,0
DA:238,0
DA:239,0
DA:240,0
DA:242,0
DA:243,0
DA:247,0
DA:248,0
DA:249,0
DA:250,0
DA:251,0
DA:255,0
DA:258,0
DA:259,0
DA:267,0
DA:269,0
DA:270,0
DA:272,0
DA:281,0
DA:283,0
DA:284,0
DA:285,0
DA:288,0
DA:289,0
DA:296,0
DA:298,0
DA:299,0
DA:300,0
DA:304,0
DA:305,0
DA:309,0
DA:311,0
DA:312,0
DA:320,0
DA:321,0
DA:324,0
DA:325,0
DA:326,0
DA:328,0
DA:336,0
DA:342,0
DA:353,0
DA:355,0
DA:356,0
DA:357,0
DA:358,0
DA:363,0
DA:367,0
DA:379,0
DA:381,0
DA:384,0
DA:385,0
DA:386,0
DA:387,0
DA:389,0
DA:390,0
DA:398,0
DA:400,0
DA:401,0
DA:402,0
DA:404,0
LF:137
LH:5
BRDA:31,0,0,0
BRDA:31,0,1,0
BRDA:36,1,0,0
BRDA:36,1,1,0
BRDA:37,2,0,0
BRDA:37,2,1,0
BRDA:38,3,0,0
BRDA:38,3,1,0
BRDA:39,4,0,0
BRDA:39,4,1,0
BRDA:43,5,0,0
BRDA:43,5,1,0
BRDA:44,6,0,0
BRDA:44,6,1,0
BRDA:45,7,0,0
BRDA:45,7,1,0
BRDA:53,8,0,0
BRDA:53,8,1,0
BRDA:82,9,0,0
BRDA:82,9,1,0
BRDA:111,10,0,0
BRDA:111,10,1,0
BRDA:111,11,0,0
BRDA:111,11,1,0
BRDA:125,12,0,0
BRDA:125,12,1,0
BRDA:131,13,0,0
BRDA:131,13,1,0
BRDA:153,14,0,0
BRDA:153,14,1,0
BRDA:156,15,0,0
BRDA:156,15,1,0
BRDA:175,16,0,0
BRDA:175,16,1,0
BRDA:179,17,0,0
BRDA:179,17,1,0
BRDA:192,18,0,0
BRDA:194,19,0,0
BRDA:194,19,1,0
BRDA:212,20,0,0
BRDA:212,20,1,0
BRDA:219,21,0,0
BRDA:219,21,1,0
BRDA:227,22,0,0
BRDA:227,22,1,0
BRDA:231,23,0,0
BRDA:231,23,1,0
BRDA:250,24,0,0
BRDA:250,24,1,0
BRDA:267,25,0,0
BRDA:267,25,1,0
BRDA:281,26,0,0
BRDA:281,26,1,0
BRDA:298,27,0,0
BRDA:298,27,1,0
BRDA:304,28,0,0
BRDA:304,28,1,0
BRDA:320,29,0,0
BRDA:320,29,1,0
BRDA:353,30,0,0
BRDA:353,30,1,0
BRDA:379,31,0,0
BRDA:379,31,1,0
BRDA:387,32,0,0
BRDA:387,32,1,0
BRDA:398,33,0,0
BRDA:398,33,1,0
BRF:67
BRH:0
end_of_record
TN:
SF:src/common/index.ts
FNF:0
FNH:0
DA:1,0
DA:2,0
LF:2
LH:0
BRF:0
BRH:0
end_of_record
TN:
SF:src/common/dto/index.ts
FNF:0
FNH:0
DA:1,0
DA:3,0
DA:6,0
DA:10,0
DA:14,0
DA:17,0
DA:20,0
DA:24,0
DA:28,0
DA:31,0
DA:34,0
DA:38,0
DA:42,0
DA:46,0
DA:50,0
DA:53,0
DA:55,0
DA:58,0
DA:61,0
DA:64,0
DA:67,0
DA:71,0
LF:22
LH:0
BRF:0
BRH:0
end_of_record
TN:
SF:src/common/filters/http-exception.filter.ts
FN:13,(anonymous_1)
FN:16,(anonymous_2)
FNF:2
FNH:0
FNDA:0,(anonymous_1)
FNDA:0,(anonymous_2)
DA:1,0
DA:13,0
DA:14,0
DA:17,0
DA:18,0
DA:19,0
DA:21,0
DA:22,0
DA:23,0
DA:25,0
DA:26,0
DA:27,0
DA:29,0
DA:30,0
DA:31,0
DA:32,0
DA:35,0
DA:36,0
DA:37,0
DA:38,0
DA:39,0
DA:40,0
DA:41,0
DA:45,0
DA:46,0
DA:49,0
DA:50,0
DA:51,0
DA:54,0
DA:62,0
LF:30
LH:0
BRDA:25,0,0,0
BRDA:25,0,1,0
BRDA:29,1,0,0
BRDA:29,1,1,0
BRDA:31,2,0,0
BRDA:31,2,1,0
BRDA:35,3,0,0
BRDA:35,3,1,0
BRDA:37,4,0,0
BRDA:37,4,1,0
BRDA:38,5,0,0
BRDA:38,5,1,0
BRDA:40,6,0,0
BRDA:40,6,1,0
BRDA:40,7,0,0
BRDA:40,7,1,0
BRDA:45,8,0,0
BRDA:45,8,1,0
BRDA:49,9,0,0
BRDA:49,9,1,0
BRDA:57,10,0,0
BRDA:57,10,1,0
BRF:22
BRH:0
end_of_record
TN:
SF:src/common/guards/ip-whitelist.guard.ts
FN:22,(anonymous_2)
FN:67,(anonymous_3)
FN:85,(anonymous_4)
FN:89,(anonymous_5)
FN:97,(anonymous_6)
FN:145,(anonymous_7)
FN:168,(anonymous_8)
FN:197,(anonymous_9)
FN:219,(anonymous_10)
FN:241,(anonymous_11)
FNF:10
FNH:0
FNDA:0,(anonymous_2)
FNDA:0,(anonymous_3)
FNDA:0,(anonymous_4)
FNDA:0,(anonymous_5)
FNDA:0,(anonymous_6)
FNDA:0,(anonymous_7)
FNDA:0,(anonymous_8)
FNDA:0,(anonymous_9)
FNDA:0,(anonymous_10)
FNDA:0,(anonymous_11)
DA:1,0
DA:9,0
DA:10,0
DA:16,0
DA:22,0
DA:23,0
DA:32,0
DA:39,0
DA:60,0
DA:61,0
DA:68,0
DA:69,0
DA:71,0
DA:75,0
DA:81,0
DA:82,0
DA:84,0
DA:85,0
DA:88,0
DA:89,0
DA:92,0
DA:99,0
DA:100,0
DA:103,0
DA:104,0
DA:105,0
DA:111,0
DA:112,0
DA:116,0
DA:117,0
DA:120,0
DA:124,0
DA:127,0
DA:129,0
DA:130,0
DA:133,0
DA:138,0
DA:139,0
DA:147,0
DA:148,0
DA:149,0
DA:152,0
DA:156,0
DA:157,0
DA:158,0
DA:162,0
DA:170,0
DA:171,0
DA:175,0
DA:188,0
DA:191,0
DA:198,0
DA:199,0
DA:201,0
DA:202,0
DA:206,0
DA:207,0
DA:211,0
DA:220,0
DA:221,0
DA:222,0
DA:224,0
DA:225,0
DA:227,0
DA:228,0
DA:231,0
DA:232,0
DA:234,0
DA:243,0
DA:244,0
DA:247,0
DA:248,0
DA:249,0
DA:252,0
DA:253,0
DA:254,0
DA:255,0
DA:256,0
DA:258,0
DA:260,0
LF:80
LH:0
BRDA:84,0,0,0
BRDA:84,0,1,0
BRDA:88,1,0,0
BRDA:88,1,1,0
BRDA:99,2,0,0
BRDA:99,2,1,0
BRDA:111,3,0,0
BRDA:111,3,1,0
BRDA:116,4,0,0
BRDA:116,4,1,0
BRDA:116,5,0,0
BRDA:116,5,1,0
BRDA:124,6,0,0
BRDA:124,6,1,0
BRDA:129,7,0,0
BRDA:129,7,1,0
BRDA:148,8,0,0
BRDA:148,8,1,0
BRDA:149,9,0,0
BRDA:149,9,1,0
BRDA:157,10,0,0
BRDA:157,10,1,0
BRDA:158,11,0,0
BRDA:158,11,1,0
BRDA:162,12,0,0
BRDA:162,12,1,0
BRDA:162,12,2,0
BRDA:170,13,0,0
BRDA:170,13,1,0
BRDA:170,14,0,0
BRDA:170,14,1,0
BRDA:175,15,0,0
BRDA:175,15,1,0
BRDA:176,16,0,0
BRDA:176,16,1,0
BRDA:176,16,2,0
BRDA:176,16,3,0
BRDA:176,16,4,0
BRDA:176,16,5,0
BRDA:176,16,6,0
BRDA:176,16,7,0
BRDA:176,16,8,0
BRDA:176,16,9,0
BRDA:176,16,10,0
BRDA:199,17,0,0
BRDA:199,17,1,0
BRDA:201,18,0,0
BRDA:201,18,1,0
BRDA:206,19,0,0
BRDA:206,19,1,0
BRDA:227,20,0,0
BRDA:227,20,1,0
BRDA:227,21,0,0
BRDA:227,21,1,0
BRDA:243,22,0,0
BRDA:243,22,1,0
BRDA:248,23,0,0
BRDA:248,23,1,0
BRDA:255,24,0,0
BRDA:255,24,1,0
BRDA:255,25,0,0
BRDA:255,25,1,0
BRDA:255,25,2,0
BRF:63
BRH:0
end_of_record
TN:
SF:src/common/guards/playground-throttler.guard.ts
FN:37,(anonymous_4)
FN:54,(anonymous_5)
FN:106,(anonymous_6)
FN:125,(anonymous_7)
FN:145,(anonymous_8)
FNF:5
FNH:0
FNDA:0,(anonymous_4)
FNDA:0,(anonymous_5)
FNDA:0,(anonymous_6)
FNDA:0,(anonymous_7)
FNDA:0,(anonymous_8)
DA:1,0
DA:8,0
DA:9,0
DA:10,0
DA:32,0
DA:38,0
DA:39,0
DA:41,0
DA:45,0
DA:46,0
DA:47,0
DA:57,0
DA:58,0
DA:59,0
DA:63,0
DA:66,0
DA:68,0
DA:69,0
DA:70,0
DA:73,0
DA:74,0
DA:78,0
DA:79,0
DA:81,0
DA:82,0
DA:83,0
DA:85,0
DA:86,0
DA:98,0
DA:100,0
DA:107,0
DA:109,0
DA:110,0
DA:111,0
DA:112,0
DA:113,0
DA:114,0
DA:116,0
DA:119,0
DA:126,0
DA:127,0
DA:128,0
DA:131,0
DA:134,0
DA:135,0
DA:136,0
DA:139,0
DA:149,0
DA:150,0
DA:151,0
DA:157,0
LF:51
LH:0
BRDA:66,0,0,0
BRDA:66,0,1,0
BRDA:66,1,0,0
BRDA:66,1,1,0
BRDA:66,2,0,0
BRDA:66,2,1,0
BRDA:69,3,0,0
BRDA:69,3,1,0
BRDA:81,4,0,0
BRDA:81,4,1,0
BRDA:85,5,0,0
BRDA:85,5,1,0
BRDA:109,6,0,0
BRDA:109,6,1,0
BRDA:127,7,0,0
BRDA:127,7,1,0
BRDA:128,8,0,0
BRDA:128,8,1,0
BRDA:135,9,0,0
BRDA:135,9,1,0
BRDA:136,10,0,0
BRDA:136,10,1,0
BRDA:139,11,0,0
BRDA:139,11,1,0
BRDA:139,11,2,0
BRDA:149,12,0,0
BRDA:149,12,1,0
BRDA:152,13,0,0
BRDA:152,13,1,0
BRF:29
BRH:0
end_of_record
TN:
SF:src/common/logger/logger.module.ts
FNF:0
FNH:0
DA:1,0
DA:2,0
DA:3,0
DA:5,0
DA:8,0
DA:15,0
DA:62,0
LF:7
LH:0
BRDA:29,0,0,0
BRDA:29,0,1,0
BRDA:30,1,0,0
BRDA:30,1,1,0
BRDA:39,2,0,0
BRDA:39,2,1,0
BRF:6
BRH:0
end_of_record
TN:
SF:src/common/sentry/sentry.interceptor.ts
FN:15,(anonymous_1)
FN:17,(anonymous_2)
FN:31,(anonymous_3)
FN:38,(anonymous_4)
FN:61,(anonymous_5)
FNF:5
FNH:0
FNDA:0,(anonymous_1)
FNDA:0,(anonymous_2)
FNDA:0,(anonymous_3)
FNDA:0,(anonymous_4)
FNDA:0,(anonymous_5)
DA:1,0
DA:9,0
DA:10,0
DA:11,0
DA:14,0
DA:16,0
DA:19,0
DA:28,0
DA:29,0
DA:30,0
DA:31,0
DA:36,0
DA:38,0
DA:40,0
DA:41,0
DA:42,0
DA:43,0
DA:44,0
DA:47,0
DA:48,0
DA:55,0
DA:56,0
DA:58,0
DA:61,0
LF:24
LH:0
BRDA:28,0,0,0
BRDA:28,0,1,0
BRDA:30,1,0,0
BRDA:30,1,1,0
BRDA:47,2,0,0
BRDA:47,2,1,0
BRF:6
BRH:0
end_of_record
TN:
SF:src/common/sentry/sentry.module.ts
FN:8,(anonymous_2)
FN:10,(anonymous_3)
FN:41,(anonymous_4)
FNF:3
FNH:0
FNDA:0,(anonymous_2)
FNDA:0,(anonymous_3)
FNDA:0,(anonymous_4)
DA:1,0
DA:2,0
DA:3,0
DA:7,0
DA:8,0
DA:11,0
DA:13,0
DA:14,0
DA:15,0
DA:18,0
DA:43,0
DA:44,0
DA:45,0
DA:47,0
DA:51,0
DA:56,0
LF:16
LH:0
BRDA:13,0,0,0
BRDA:13,0,1,0
BRDA:20,1,0,0
BRDA:20,1,1,0
BRDA:23,2,0,0
BRDA:23,2,1,0
BRDA:43,3,0,0
BRDA:43,3,1,0
BRDA:43,4,0,0
BRDA:43,4,1,0
BRDA:43,5,0,0
BRDA:43,5,1,0
BRDA:51,6,0,0
BRDA:51,6,1,0
BRF:14
BRH:0
end_of_record
TN:
SF:src/common/utils/device-parser.ts
FN:26,parseDeviceType
FN:32,(anonymous_1)
FN:48,getDeviceTypeName
FNF:3
FNH:0
FNDA:0,parseDeviceType
FNDA:0,(anonymous_1)
FNDA:0,getDeviceTypeName
DA:1,0
DA:7,0
DA:26,0
DA:27,0
DA:28,0
DA:32,0
DA:34,0
DA:35,0
DA:40,0
DA:48,0
DA:49,0
DA:51,0
DA:53,0
DA:55,0
LF:14
LH:0
BRDA:27,0,0,0
BRDA:27,0,1,0
BRDA:34,1,0,0
BRDA:34,1,1,0
BRDA:49,2,0,0
BRDA:49,2,1,0
BRDA:49,2,2,0
BRF:7
BRH:0
end_of_record
TN:
SF:src/common/utils/index.ts
FNF:0
FNH:0
DA:1,0
LF:1
LH:0
BRF:0
BRH:0
end_of_record
TN:
SF:src/courses/courses.controller.ts
FN:11,(anonymous_4)
FN:15,(anonymous_5)
FN:21,(anonymous_6)
FN:27,(anonymous_7)
FN:37,(anonymous_8)
FNF:5
FNH:0
FNDA:0,(anonymous_4)
FNDA:0,(anonymous_5)
FNDA:0,(anonymous_6)
FNDA:0,(anonymous_7)
FNDA:0,(anonymous_8)
DA:1,0
DA:2,0
DA:3,0
DA:4,0
DA:5,0
DA:6,0
DA:10,0
DA:11,0
DA:15,0
DA:16,0
DA:21,0
DA:22,0
DA:27,0
DA:28,0
DA:37,0
DA:38,0
LF:16
LH:0
BRDA:16,0,0,0
BRDA:16,0,1,0
BRDA:16,1,0,0
BRDA:16,1,1,0
BRDA:22,2,0,0
BRDA:22,2,1,0
BRDA:22,3,0,0
BRDA:22,3,1,0
BRDA:28,4,0,0
BRDA:28,4,1,0
BRDA:28,5,0,0
BRDA:28,5,1,0
BRF:12
BRH:0
end_of_record
TN:
SF:src/courses/courses.module.ts
FNF:0
FNH:0
DA:1,0
DA:2,0
DA:3,0
DA:4,0
DA:12,0
LF:5
LH:0
BRF:0
BRH:0
end_of_record
TN:
SF:src/courses/courses.service.ts
FN:9,(anonymous_2)
FN:19,(anonymous_3)
FN:24,(anonymous_4)
FN:54,(anonymous_5)
FN:56,(anonymous_6)
FN:56,(anonymous_7)
FN:97,(anonymous_8)
FN:127,(anonymous_9)
FN:133,(anonymous_10)
FN:144,(anonymous_11)
FN:158,(anonymous_12)
FN:161,(anonymous_13)
FN:206,(anonymous_14)
FN:213,(anonymous_15)
FN:220,(anonymous_16)
FN:243,(anonymous_17)
FN:245,(anonymous_18)
FN:247,(anonymous_19)
FN:261,(anonymous_20)
FN:264,(anonymous_21)
FN:266,(anonymous_22)
FN:268,(anonymous_23)
FN:279,(anonymous_24)
FNF:23
FNH:0
FNDA:0,(anonymous_2)
FNDA:0,(anonymous_3)
FNDA:0,(anonymous_4)
FNDA:0,(anonymous_5)
FNDA:0,(anonymous_6)
FNDA:0,(anonymous_7)
FNDA:0,(anonymous_8)
FNDA:0,(anonymous_9)
FNDA:0,(anonymous_10)
FNDA:0,(anonymous_11)
FNDA:0,(anonymous_12)
FNDA:0,(anonymous_13)
FNDA:0,(anonymous_14)
FNDA:0,(anonymous_15)
FNDA:0,(anonymous_16)
FNDA:0,(anonymous_17)
FNDA:0,(anonymous_18)
FNDA:0,(anonymous_19)
FNDA:0,(anonymous_20)
FNDA:0,(anonymous_21)
FNDA:0,(anonymous_22)
FNDA:0,(anonymous_23)
FNDA:0,(anonymous_24)
DA:1,0
DA:2,0
DA:3,0
DA:7,0
DA:9,0
DA:13,0
DA:16,0
DA:17,0
DA:20,0
DA:21,0
DA:25,0
DA:27,0
DA:29,0
DA:30,0
DA:33,0
DA:54,0
DA:55,0
DA:56,0
DA:59,0
DA:60,0
DA:61,0
DA:62,0
DA:63,0
DA:69,0
DA:72,0
DA:89,0
DA:90,0
DA:92,0
DA:96,0
DA:97,0
DA:101,0
DA:126,0
DA:127,0
DA:128,0
DA:129,0
DA:133,0
DA:134,0
DA:135,0
DA:136,0
DA:139,0
DA:140,0
DA:145,0
DA:148,0
DA:150,0
DA:152,0
DA:157,0
DA:158,0
DA:163,0
DA:164,0
DA:168,0
DA:169,0
DA:171,0
DA:199,0
DA:201,0
DA:204,0
DA:206,0
DA:213,0
DA:220,0
DA:234,0
DA:235,0
DA:237,0
DA:238,0
DA:242,0
DA:243,0
DA:245,0
DA:247,0
DA:253,0
DA:261,0
DA:264,0
DA:266,0
DA:268,0
DA:280,0
DA:281,0
DA:282,0
LF:74
LH:0
BRDA:29,0,0,0
BRDA:29,0,1,0
BRDA:62,1,0,0
BRDA:62,1,1,0
BRDA:69,2,0,0
BRDA:69,2,1,0
BRDA:96,3,0,0
BRDA:96,3,1,0
BRDA:129,4,0,0
BRDA:129,4,1,0
BRDA:134,5,0,0
BRDA:134,5,1,0
BRDA:135,6,0,0
BRDA:135,6,1,0
BRDA:139,7,0,0
BRDA:139,7,1,0
BRDA:150,8,0,0
BRDA:150,8,1,0
BRDA:168,9,0,0
BRDA:168,9,1,0
BRDA:199,10,0,0
BRDA:199,10,1,0
BRDA:210,11,0,0
BRDA:210,11,1,0
BRDA:242,12,0,0
BRDA:242,12,1,0
BRDA:270,13,0,0
BRDA:270,13,1,0
BRF:28
BRH:0
end_of_record
TN:
SF:src/gamification/gamification.controller.ts
FN:7,(anonymous_4)
FN:14,(anonymous_5)
FN:23,(anonymous_6)
FN:34,(anonymous_7)
FNF:4
FNH:0
FNDA:0,(anonymous_4)
FNDA:0,(anonymous_5)
FNDA:0,(anonymous_6)
FNDA:0,(anonymous_7)
DA:1,0
DA:2,0
DA:3,0
DA:6,0
DA:7,0
DA:14,0
DA:15,0
DA:23,0
DA:24,0
DA:25,0
DA:34,0
DA:35,0
DA:36,0
LF:13
LH:0
BRDA:35,0,0,0
BRDA:35,0,1,0
BRF:2
BRH:0
end_of_record
TN:
SF:src/gamification/gamification.module.ts
FNF:0
FNH:0
DA:1,0
DA:2,0
DA:3,0
DA:4,0
DA:12,0
LF:5
LH:0
BRF:0
BRH:0
end_of_record
TN:
SF:src/gamification/gamification.service.ts
FN:43,(anonymous_2)
FN:52,(anonymous_3)
FN:75,(anonymous_4)
FN:87,(anonymous_5)
FN:97,(anonymous_6)
FN:171,(anonymous_7)
FN:218,(anonymous_8)
FN:230,(anonymous_9)
FN:263,(anonymous_10)
FN:307,(anonymous_11)
FN:337,(anonymous_12)
FN:347,(anonymous_13)
FN:366,(anonymous_14)
FN:382,(anonymous_15)
FN:389,(anonymous_16)
FN:412,(anonymous_17)
FNF:16
FNH:0
FNDA:0,(anonymous_2)
FNDA:0,(anonymous_3)
FNDA:0,(anonymous_4)
FNDA:0,(anonymous_5)
FNDA:0,(anonymous_6)
FNDA:0,(anonymous_7)
FNDA:0,(anonymous_8)
FNDA:0,(anonymous_9)
FNDA:0,(anonymous_10)
FNDA:0,(anonymous_11)
FNDA:0,(anonymous_12)
FNDA:0,(anonymous_13)
FNDA:0,(anonymous_14)
FNDA:0,(anonymous_15)
FNDA:0,(anonymous_16)
FNDA:0,(anonymous_17)
DA:1,0
DA:2,0
DA:3,0
DA:4,0
DA:7,0
DA:14,0
DA:39,0
DA:42,0
DA:44,0
DA:45,0
DA:53,0
DA:54,0
DA:57,0
DA:58,0
DA:59,0
DA:63,0
DA:64,0
DA:65,0
DA:69,0
DA:76,0
DA:77,0
DA:80,0
DA:94,0
DA:97,0
DA:99,0
DA:104,0
DA:107,0
DA:114,0
DA:125,0
DA:126,0
DA:129,0
DA:130,0
DA:136,0
DA:146,0
DA:149,0
DA:157,0
DA:176,0
DA:177,0
DA:180,0
DA:181,0
DA:184,0
DA:187,0
DA:188,0
DA:194,0
DA:196,0
DA:198,0
DA:199,0
DA:201,0
DA:202,0
DA:203,0
DA:206,0
DA:207,0
DA:210,0
DA:225,0
DA:226,0
DA:230,0
DA:232,0
DA:235,0
DA:239,0
DA:240,0
DA:242,0
DA:244,0
DA:246,0
DA:247,0
DA:249,0
DA:250,0
DA:252,0
DA:253,0
DA:255,0
DA:256,0
DA:259,0
DA:262,0
DA:263,0
DA:265,0
DA:269,0
DA:270,0
DA:273,0
DA:278,0
DA:279,0
DA:286,0
DA:290,0
DA:292,0
DA:295,0
DA:296,0
DA:301,0
DA:308,0
DA:322,0
DA:324,0
DA:325,0
DA:326,0
DA:327,0
DA:329,0
DA:337,0
DA:348,0
DA:366,0
DA:383,0
DA:386,0
DA:390,0
DA:395,0
DA:397,0
DA:401,0
DA:405,0
DA:413,0
LF:103
LH:0
BRDA:57,0,0,0
BRDA:57,0,1,0
BRDA:64,1,0,0
BRDA:64,1,1,0
BRDA:76,2,0,0
BRDA:76,2,1,0
BRDA:94,3,0,0
BRDA:94,3,1,0
BRDA:104,4,0,0
BRDA:104,4,1,0
BRDA:104,5,0,0
BRDA:104,5,1,0
BRDA:104,6,0,0
BRDA:104,6,1,0
BRDA:108,7,0,0
BRDA:108,7,1,0
BRDA:108,8,0,0
BRDA:108,8,1,0
BRDA:108,9,0,0
BRDA:108,9,1,0
BRDA:109,10,0,0
BRDA:109,10,1,0
BRDA:109,11,0,0
BRDA:109,11,1,0
BRDA:109,12,0,0
BRDA:109,12,1,0
BRDA:110,13,0,0
BRDA:110,13,1,0
BRDA:110,14,0,0
BRDA:110,14,1,0
BRDA:129,15,0,0
BRDA:129,15,1,0
BRDA:176,16,0,0
BRDA:176,16,1,0
BRDA:196,17,0,0
BRDA:196,17,1,0
BRDA:199,18,0,0
BRDA:199,18,1,0
BRDA:203,19,0,0
BRDA:203,19,1,0
BRDA:203,20,0,0
BRDA:203,20,1,0
BRDA:240,21,0,0
BRDA:240,21,1,0
BRDA:244,22,0,0
BRDA:244,22,1,0
BRDA:244,22,2,0
BRDA:244,22,3,0
BRDA:249,23,0,0
BRDA:249,23,1,0
BRDA:259,24,0,0
BRDA:259,24,1,0
BRDA:269,25,0,0
BRDA:269,25,1,0
BRDA:278,26,0,0
BRDA:278,26,1,0
BRDA:290,27,0,0
BRDA:290,27,1,0
BRDA:290,28,0,0
BRDA:290,28,1,0
BRDA:322,29,0,0
BRDA:322,29,1,0
BRDA:324,30,0,0
BRDA:324,30,1,0
BRDA:347,31,0,0
BRDA:395,32,0,0
BRDA:395,32,1,0
BRDA:405,33,0,0
BRDA:405,33,1,0
BRDA:405,34,0,0
BRDA:405,34,1,0
BRF:71
BRH:0
end_of_record
TN:
SF:src/health/health.controller.ts
FN:18,(anonymous_4)
FN:34,(anonymous_5)
FN:46,(anonymous_6)
FN:48,(anonymous_7)
FN:49,(anonymous_8)
FN:61,(anonymous_9)
FN:63,(anonymous_10)
FN:64,(anonymous_11)
FN:65,(anonymous_12)
FN:67,(anonymous_13)
FN:68,(anonymous_14)
FN:78,(anonymous_15)
FN:95,(anonymous_16)
FNF:13
FNH:0
FNDA:0,(anonymous_4)
FNDA:0,(anonymous_5)
FNDA:0,(anonymous_6)
FNDA:0,(anonymous_7)
FNDA:0,(anonymous_8)
FNDA:0,(anonymous_9)
FNDA:0,(anonymous_10)
FNDA:0,(anonymous_11)
FNDA:0,(anonymous_12)
FNDA:0,(anonymous_13)
FNDA:0,(anonymous_14)
FNDA:0,(anonymous_15)
FNDA:0,(anonymous_16)
DA:1,0
DA:2,0
DA:3,0
DA:10,0
DA:11,0
DA:12,0
DA:13,0
DA:17,0
DA:19,0
DA:20,0
DA:21,0
DA:22,0
DA:23,0
DA:24,0
DA:25,0
DA:34,0
DA:35,0
DA:46,0
DA:47,0
DA:48,0
DA:49,0
DA:61,0
DA:62,0
DA:63,0
DA:64,0
DA:66,0
DA:67,0
DA:68,0
DA:78,0
DA:79,0
DA:80,0
DA:95,0
DA:96,0
DA:97,0
DA:98,0
LF:35
LH:0
BRF:0
BRH:0
end_of_record
TN:
SF:src/health/health.module.ts
FNF:0
FNH:0
DA:1,0
DA:2,0
DA:3,0
DA:4,0
DA:5,0
DA:6,0
DA:7,0
DA:8,0
DA:9,0
DA:10,0
DA:23,0
LF:11
LH:0
BRF:0
BRH:0
end_of_record
TN:
SF:src/health/judge0.health.ts
FN:14,(anonymous_2)
FN:21,(anonymous_3)
FNF:2
FNH:0
FNDA:0,(anonymous_2)
FNDA:0,(anonymous_3)
DA:1,0
DA:2,0
DA:7,0
DA:13,0
DA:14,0
DA:15,0
DA:22,0
DA:24,0
DA:30,0
DA:31,0
DA:34,0
LF:11
LH:0
BRDA:27,0,0,0
BRDA:27,0,1,0
BRDA:30,1,0,0
BRDA:30,1,1,0
BRF:4
BRH:0
end_of_record
TN:
SF:src/health/metrics.service.ts
FN:16,(anonymous_2)
FN:72,(anonymous_3)
FN:80,(anonymous_4)
FN:87,(anonymous_5)
FN:99,(anonymous_6)
FN:107,(anonymous_7)
FN:114,(anonymous_8)
FN:122,(anonymous_9)
FN:126,(anonymous_10)
FNF:9
FNH:0
FNDA:0,(anonymous_2)
FNDA:0,(anonymous_3)
FNDA:0,(anonymous_4)
FNDA:0,(anonymous_5)
FNDA:0,(anonymous_6)
FNDA:0,(anonymous_7)
FNDA:0,(anonymous_8)
FNDA:0,(anonymous_9)
FNDA:0,(anonymous_10)
DA:1,0
DA:2,0
DA:5,0
DA:17,0
DA:20,0
DA:23,0
DA:31,0
DA:40,0
DA:48,0
DA:57,0
DA:65,0
DA:74,0
DA:81,0
DA:88,0
DA:89,0
DA:90,0
DA:100,0
DA:101,0
DA:108,0
DA:115,0
DA:123,0
DA:128,0
DA:132,0
DA:133,0
DA:134,0
DA:136,0
LF:26
LH:0
BRDA:133,0,0,0
BRDA:133,0,1,0
BRF:2
BRH:0
end_of_record
TN:
SF:src/health/prisma.health.ts
FN:7,(anonymous_2)
FN:11,(anonymous_3)
FNF:2
FNH:0
FNDA:0,(anonymous_2)
FNDA:0,(anonymous_3)
DA:1,0
DA:2,0
DA:3,0
DA:6,0
DA:7,0
DA:8,0
DA:12,0
DA:14,0
DA:15,0
DA:17,0
DA:20,0
LF:11
LH:0
BRDA:18,0,0,0
BRDA:18,0,1,0
BRF:2
BRH:0
end_of_record
TN:
SF:src/health/redis.health.ts
FN:7,(anonymous_2)
FN:11,(anonymous_3)
FNF:2
FNH:0
FNDA:0,(anonymous_2)
FNDA:0,(anonymous_3)
DA:1,0
DA:2,0
DA:3,0
DA:6,0
DA:7,0
DA:8,0
DA:12,0
DA:14,0
DA:15,0
DA:17,0
DA:18,0
DA:20,0
DA:21,0
DA:22,0
DA:25,0
DA:26,0
DA:28,0
DA:30,0
DA:33,0
LF:19
LH:0
BRDA:20,0,0,0
BRDA:20,0,1,0
BRDA:28,1,0,0
BRDA:28,1,1,0
BRDA:31,2,0,0
BRDA:31,2,1,0
BRF:6
BRH:0
end_of_record
TN:
SF:src/judge0/judge0.module.ts
FNF:0
FNH:0
DA:1,0
DA:2,0
DA:3,0
DA:10,0
LF:4
LH:0
BRF:0
BRH:0
end_of_record
TN:
SF:src/judge0/judge0.service.ts
FN:181,(anonymous_2)
FN:211,(anonymous_3)
FN:217,(anonymous_4)
FN:224,(anonymous_5)
FN:241,(anonymous_6)
FN:252,(anonymous_7)
FN:255,(anonymous_8)
FN:261,(anonymous_9)
FN:268,(anonymous_10)
FN:289,(anonymous_11)
FN:323,(anonymous_12)
FN:396,(anonymous_13)
FN:477,(anonymous_14)
FN:552,(anonymous_15)
FN:576,(anonymous_16)
FN:588,(anonymous_17)
FN:593,(anonymous_18)
FN:747,(anonymous_19)
FN:772,(anonymous_20)
FN:777,(anonymous_21)
FN:890,(anonymous_22)
FN:896,(anonymous_23)
FN:904,(anonymous_24)
FN:912,(anonymous_25)
FN:924,(anonymous_26)
FN:934,(anonymous_27)
FN:951,(anonymous_28)
FN:966,(anonymous_29)
FN:981,(anonymous_30)
FNF:29
FNH:0
FNDA:0,(anonymous_2)
FNDA:0,(anonymous_3)
FNDA:0,(anonymous_4)
FNDA:0,(anonymous_5)
FNDA:0,(anonymous_6)
FNDA:0,(anonymous_7)
FNDA:0,(anonymous_8)
FNDA:0,(anonymous_9)
FNDA:0,(anonymous_10)
FNDA:0,(anonymous_11)
FNDA:0,(anonymous_12)
FNDA:0,(anonymous_13)
FNDA:0,(anonymous_14)
FNDA:0,(anonymous_15)
FNDA:0,(anonymous_16)
FNDA:0,(anonymous_17)
FNDA:0,(anonymous_18)
FNDA:0,(anonymous_19)
FNDA:0,(anonymous_20)
FNDA:0,(anonymous_21)
FNDA:0,(anonymous_22)
FNDA:0,(anonymous_23)
FNDA:0,(anonymous_24)
FNDA:0,(anonymous_25)
FNDA:0,(anonymous_26)
FNDA:0,(anonymous_27)
FNDA:0,(anonymous_28)
FNDA:0,(anonymous_29)
FNDA:0,(anonymous_30)
DA:1,0
DA:7,0
DA:8,0
DA:9,0
DA:10,0
DA:86,0
DA:154,0
DA:172,0
DA:173,0
DA:178,0
DA:179,0
DA:181,0
DA:182,0
DA:184,0
DA:191,0
DA:198,0
DA:208,0
DA:212,0
DA:213,0
DA:214,0
DA:218,0
DA:225,0
DA:226,0
DA:227,0
DA:228,0
DA:229,0
DA:233,0
DA:234,0
DA:242,0
DA:243,0
DA:245,0
DA:246,0
DA:253,0
DA:254,0
DA:255,0
DA:262,0
DA:269,0
DA:271,0
DA:273,0
DA:274,0
DA:275,0
DA:276,0
DA:277,0
DA:278,0
DA:279,0
DA:280,0
DA:281,0
DA:283,0
DA:295,0
DA:296,0
DA:297,0
DA:300,0
DA:301,0
DA:302,0
DA:307,0
DA:308,0
DA:309,0
DA:310,0
DA:311,0
DA:312,0
DA:314,0
DA:317,0
DA:328,0
DA:329,0
DA:330,0
DA:333,0
DA:334,0
DA:335,0
DA:338,0
DA:339,0
DA:341,0
DA:350,0
DA:355,0
DA:360,0
DA:361,0
DA:364,0
DA:365,0
DA:366,0
DA:368,0
DA:370,0
DA:371,0
DA:385,0
DA:386,0
DA:389,0
DA:400,0
DA:401,0
DA:402,0
DA:405,0
DA:406,0
DA:421,0
DA:422,0
DA:437,0
DA:441,0
DA:456,0
DA:457,0
DA:461,0
DA:482,0
DA:492,0
DA:496,0
DA:557,0
DA:564,0
DA:571,0
DA:572,0
DA:573,0
DA:575,0
DA:576,0
DA:577,0
DA:578,0
DA:579,0
DA:582,0
DA:583,0
DA:587,0
DA:588,0
DA:591,0
DA:592,0
DA:593,0
DA:595,0
DA:748,0
DA:749,0
DA:751,0
DA:757,0
DA:771,0
DA:772,0
DA:775,0
DA:776,0
DA:777,0
DA:779,0
DA:891,0
DA:892,0
DA:893,0
DA:894,0
DA:895,0
DA:896,0
DA:897,0
DA:898,0
DA:902,0
DA:903,0
DA:904,0
DA:905,0
DA:906,0
DA:909,0
DA:913,0
DA:914,0
DA:916,0
DA:917,0
DA:918,0
DA:921,0
DA:925,0
DA:926,0
DA:928,0
DA:929,0
DA:931,0
DA:935,0
DA:937,0
DA:939,0
DA:941,0
DA:945,0
DA:948,0
DA:952,0
DA:967,0
DA:982,0
DA:983,0
DA:984,0
LF:163
LH:0
BRDA:182,0,0,0
BRDA:182,0,1,0
BRDA:242,1,0,0
BRDA:242,1,1,0
BRDA:242,2,0,0
BRDA:242,2,1,0
BRDA:246,3,0,0
BRDA:246,3,1,0
BRDA:254,4,0,0
BRDA:254,4,1,0
BRDA:271,5,0,0
BRDA:271,5,1,0
BRDA:273,6,0,0
BRDA:273,6,1,0
BRDA:273,7,0,0
BRDA:273,7,1,0
BRDA:274,8,0,0
BRDA:274,8,1,0
BRDA:274,9,0,0
BRDA:274,9,1,0
BRDA:275,10,0,0
BRDA:275,10,1,0
BRDA:275,11,0,0
BRDA:275,11,1,0
BRDA:276,12,0,0
BRDA:276,12,1,0
BRDA:276,13,0,0
BRDA:276,13,1,0
BRDA:276,13,2,0
BRDA:278,14,0,0
BRDA:278,14,1,0
BRDA:278,15,0,0
BRDA:278,15,1,0
BRDA:279,16,0,0
BRDA:279,16,1,0
BRDA:279,17,0,0
BRDA:279,17,1,0
BRDA:280,18,0,0
BRDA:280,18,1,0
BRDA:280,19,0,0
BRDA:280,19,1,0
BRDA:281,20,0,0
BRDA:281,20,1,0
BRDA:296,21,0,0
BRDA:296,21,1,0
BRDA:301,22,0,0
BRDA:301,22,1,0
BRDA:307,23,0,0
BRDA:307,23,1,0
BRDA:307,24,0,0
BRDA:307,24,1,0
BRDA:309,25,0,0
BRDA:309,25,1,0
BRDA:309,26,0,0
BRDA:309,26,1,0
BRDA:311,27,0,0
BRDA:311,27,1,0
BRDA:329,28,0,0
BRDA:329,28,1,0
BRDA:334,29,0,0
BRDA:334,29,1,0
BRDA:344,30,0,0
BRDA:344,30,1,0
BRDA:364,31,0,0
BRDA:364,31,1,0
BRDA:365,32,0,0
BRDA:365,32,1,0
BRDA:365,33,0,0
BRDA:365,33,1,0
BRDA:366,34,0,0
BRDA:366,34,1,0
BRDA:366,35,0,0
BRDA:366,35,1,0
BRDA:366,36,0,0
BRDA:366,36,1,0
BRDA:366,37,0,0
BRDA:366,37,1,0
BRDA:370,38,0,0
BRDA:370,38,1,0
BRDA:370,39,0,0
BRDA:370,39,1,0
BRDA:370,40,0,0
BRDA:370,40,1,0
BRDA:370,41,0,0
BRDA:370,41,1,0
BRDA:385,42,0,0
BRDA:385,42,1,0
BRDA:385,43,0,0
BRDA:385,43,1,0
BRDA:401,44,0,0
BRDA:401,44,1,0
BRDA:402,45,0,0
BRDA:402,45,1,0
BRDA:405,46,0,0
BRDA:405,46,1,0
BRDA:412,47,0,0
BRDA:412,47,1,0
BRDA:421,48,0,0
BRDA:421,48,1,0
BRDA:426,49,0,0
BRDA:426,49,1,0
BRDA:437,50,0,0
BRDA:437,50,1,0
BRDA:438,51,0,0
BRDA:438,51,1,0
BRDA:445,52,0,0
BRDA:445,52,1,0
BRDA:446,53,0,0
BRDA:446,53,1,0
BRDA:447,54,0,0
BRDA:447,54,1,0
BRDA:451,55,0,0
BRDA:451,55,1,0
BRDA:456,56,0,0
BRDA:456,56,1,0
BRDA:465,57,0,0
BRDA:465,57,1,0
BRDA:466,58,0,0
BRDA:466,58,1,0
BRDA:467,59,0,0
BRDA:467,59,1,0
BRDA:492,60,0,0
BRDA:492,60,1,0
BRDA:577,61,0,0
BRDA:577,61,1,0
BRDA:583,62,0,0
BRDA:583,62,1,0
BRDA:893,63,0,0
BRDA:893,63,1,0
BRDA:895,64,0,0
BRDA:895,64,1,0
BRDA:898,65,0,0
BRDA:898,65,1,0
BRDA:903,66,0,0
BRDA:903,66,1,0
BRDA:906,67,0,0
BRDA:906,67,1,0
BRDA:906,68,0,0
BRDA:906,68,1,0
BRDA:917,69,0,0
BRDA:917,69,1,0
BRDA:941,70,0,0
BRDA:941,70,1,0
BRDA:942,71,0,0
BRDA:942,71,1,0
BRDA:981,72,0,0
BRDA:982,73,0,0
BRDA:982,73,1,0
BRDA:983,74,0,0
BRDA:983,74,1,0
BRF:150
BRH:0
end_of_record
TN:
SF:src/payments/payments.controller.ts
FN:27,(anonymous_4)
FN:33,(anonymous_5)
FN:41,(anonymous_6)
FN:51,(anonymous_7)
FN:60,(anonymous_8)
FN:69,(anonymous_9)
FN:78,(anonymous_10)
FN:87,(anonymous_11)
FN:96,(anonymous_12)
FN:106,(anonymous_13)
FN:122,(anonymous_14)
FN:152,(anonymous_15)
FNF:12
FNH:0
FNDA:0,(anonymous_4)
FNDA:0,(anonymous_5)
FNDA:0,(anonymous_6)
FNDA:0,(anonymous_7)
FNDA:0,(anonymous_8)
FNDA:0,(anonymous_9)
FNDA:0,(anonymous_10)
FNDA:0,(anonymous_11)
FNDA:0,(anonymous_12)
FNDA:0,(anonymous_13)
FNDA:0,(anonymous_14)
FNDA:0,(anonymous_15)
DA:1,0
DA:13,0
DA:14,0
DA:18,0
DA:19,0
DA:26,0
DA:27,0
DA:33,0
DA:34,0
DA:41,0
DA:42,0
DA:51,0
DA:52,0
DA:60,0
DA:61,0
DA:69,0
DA:70,0
DA:78,0
DA:79,0
DA:87,0
DA:88,0
DA:96,0
DA:97,0
DA:106,0
DA:107,0
DA:122,0
DA:126,0
DA:133,0
DA:152,0
DA:153,0
LF:30
LH:0
BRDA:128,0,0,0
BRDA:128,0,1,0
BRDA:129,1,0,0
BRDA:129,1,1,0
BRF:4
BRH:0
end_of_record
TN:
SF:src/payments/payments.module.ts
FNF:0
FNH:0
DA:1,0
DA:2,0
DA:3,0
DA:4,0
DA:5,0
DA:6,0
DA:7,0
DA:8,0
DA:16,0
LF:9
LH:0
BRF:0
BRH:0
end_of_record
TN:
SF:src/payments/payments.service.ts
FN:55,(anonymous_2)
FN:64,(anonymous_3)
FN:82,(anonymous_4)
FN:83,(anonymous_5)
FN:93,(anonymous_6)
FN:258,(anonymous_7)
FN:292,(anonymous_8)
FN:304,(anonymous_9)
FN:318,(anonymous_10)
FN:325,(anonymous_11)
FN:362,(anonymous_12)
FN:383,(anonymous_13)
FN:401,(anonymous_14)
FN:435,(anonymous_15)
FN:451,(anonymous_16)
FN:460,(anonymous_17)
FN:510,(anonymous_18)
FN:551,(anonymous_19)
FN:563,(anonymous_20)
FN:575,(anonymous_21)
FN:613,(anonymous_22)
FNF:21
FNH:0
FNDA:0,(anonymous_2)
FNDA:0,(anonymous_3)
FNDA:0,(anonymous_4)
FNDA:0,(anonymous_5)
FNDA:0,(anonymous_6)
FNDA:0,(anonymous_7)
FNDA:0,(anonymous_8)
FNDA:0,(anonymous_9)
FNDA:0,(anonymous_10)
FNDA:0,(anonymous_11)
FNDA:0,(anonymous_12)
FNDA:0,(anonymous_13)
FNDA:0,(anonymous_14)
FNDA:0,(anonymous_15)
FNDA:0,(anonymous_16)
FNDA:0,(anonymous_17)
FNDA:0,(anonymous_18)
FNDA:0,(anonymous_19)
FNDA:0,(anonymous_20)
FNDA:0,(anonymous_21)
FNDA:0,(anonymous_22)
DA:1,0
DA:8,0
DA:9,0
DA:10,0
DA:11,0
DA:25,0
DA:49,0
DA:52,0
DA:53,0
DA:56,0
DA:57,0
DA:58,0
DA:65,0
DA:83,0
DA:101,0
DA:103,0
DA:104,0
DA:107,0
DA:112,0
DA:113,0
DA:117,0
DA:134,0
DA:143,0
DA:144,0
DA:145,0
DA:150,0
DA:151,0
DA:155,0
DA:156,0
DA:157,0
DA:163,0
DA:164,0
DA:165,0
DA:168,0
DA:171,0
DA:187,0
DA:188,0
DA:191,0
DA:192,0
DA:193,0
DA:196,0
DA:197,0
DA:200,0
DA:211,0
DA:212,0
DA:219,0
DA:220,0
DA:221,0
DA:223,0
DA:228,0
DA:229,0
DA:230,0
DA:233,0
DA:239,0
DA:242,0
DA:246,0
DA:260,0
DA:281,0
DA:291,0
DA:292,0
DA:304,0
DA:317,0
DA:318,0
DA:331,0
DA:335,0
DA:336,0
DA:344,0
DA:348,0
DA:349,0
DA:356,0
DA:368,0
DA:369,0
DA:377,0
DA:395,0
DA:406,0
DA:411,0
DA:412,0
DA:416,0
DA:417,0
DA:418,0
DA:421,0
DA:425,0
DA:436,0
DA:437,0
DA:438,0
DA:441,0
DA:442,0
DA:445,0
DA:452,0
DA:453,0
DA:465,0
DA:475,0
DA:476,0
DA:480,0
DA:481,0
DA:482,0
DA:488,0
DA:491,0
DA:492,0
DA:493,0
DA:496,0
DA:511,0
DA:521,0
DA:523,0
DA:524,0
DA:525,0
DA:527,0
DA:529,0
DA:530,0
DA:531,0
DA:534,0
DA:545,0
DA:552,0
DA:563,0
DA:580,0
DA:586,0
DA:588,0
DA:589,0
DA:594,0
DA:606,0
DA:618,0
DA:634,0
LF:122
LH:0
BRDA:101,0,0,0
BRDA:101,0,1,0
BRDA:103,1,0,0
BRDA:103,1,1,0
BRDA:112,2,0,0
BRDA:112,2,1,0
BRDA:145,3,0,0
BRDA:145,3,1,0
BRDA:150,4,0,0
BRDA:150,4,1,0
BRDA:155,5,0,0
BRDA:155,5,1,0
BRDA:156,6,0,0
BRDA:156,6,1,0
BRDA:164,7,0,0
BRDA:164,7,1,0
BRDA:192,8,0,0
BRDA:192,8,1,0
BRDA:196,9,0,0
BRDA:196,9,1,0
BRDA:219,10,0,0
BRDA:219,10,1,0
BRDA:220,11,0,0
BRDA:220,11,1,0
BRDA:228,12,0,0
BRDA:228,12,1,0
BRDA:229,13,0,0
BRDA:229,13,1,0
BRDA:295,14,0,0
BRDA:295,14,1,0
BRDA:301,15,0,0
BRDA:301,15,1,0
BRDA:307,16,0,0
BRDA:307,16,1,0
BRDA:307,17,0,0
BRDA:307,17,1,0
BRDA:307,18,0,0
BRDA:307,18,1,0
BRDA:311,19,0,0
BRDA:311,19,1,0
BRDA:335,20,0,0
BRDA:335,20,1,0
BRDA:348,21,0,0
BRDA:348,21,1,0
BRDA:368,22,0,0
BRDA:368,22,1,0
BRDA:411,23,0,0
BRDA:411,23,1,0
BRDA:441,24,0,0
BRDA:441,24,1,0
BRDA:475,25,0,0
BRDA:475,25,1,0
BRDA:481,26,0,0
BRDA:481,26,1,0
BRDA:492,27,0,0
BRDA:492,27,1,0
BRDA:525,28,0,0
BRDA:525,28,1,0
BRDA:530,29,0,0
BRDA:530,29,1,0
BRDA:586,30,0,0
BRDA:586,30,1,0
BRDA:588,31,0,0
BRDA:588,31,1,0
BRDA:588,32,0,0
BRDA:588,32,1,0
BRF:66
BRH:0
end_of_record
TN:
SF:src/payments/dto/payment.dto.ts
FN:9,(anonymous_2)
FN:14,(anonymous_3)
FN:19,(anonymous_4)
FNF:3
FNH:0
FNDA:0,(anonymous_2)
FNDA:0,(anonymous_3)
FNDA:0,(anonymous_4)
DA:1,0
DA:9,0
DA:10,0
DA:11,0
DA:14,0
DA:15,0
DA:16,0
DA:19,0
DA:20,0
DA:21,0
DA:22,0
DA:28,0
DA:30,0
DA:34,0
DA:38,0
DA:42,0
DA:46,0
DA:49,0
DA:53,0
DA:59,0
DA:70,0
DA:72,0
DA:75,0
DA:78,0
DA:84,0
DA:86,0
DA:89,0
DA:92,0
DA:96,0
DA:99,0
DA:102,0
DA:105,0
DA:108,0
DA:112,0
DA:116,0
DA:122,0
DA:136,0
DA:149,0
LF:38
LH:0
BRDA:9,0,0,0
BRDA:9,0,1,0
BRDA:14,1,0,0
BRDA:14,1,1,0
BRDA:19,2,0,0
BRDA:19,2,1,0
BRF:6
BRH:0
end_of_record
TN:
SF:src/payments/providers/click.provider.ts
FN:9,(anonymous_2)
FN:17,(anonymous_3)
FN:45,(anonymous_4)
FN:65,(anonymous_5)
FN:76,(anonymous_6)
FN:102,(anonymous_7)
FN:169,(anonymous_8)
FN:246,(anonymous_9)
FN:347,(anonymous_10)
FN:393,(anonymous_11)
FN:418,(anonymous_12)
FN:458,(anonymous_13)
FN:544,(anonymous_14)
FN:561,(anonymous_15)
FNF:14
FNH:0
FNDA:0,(anonymous_2)
FNDA:0,(anonymous_3)
FNDA:0,(anonymous_4)
FNDA:0,(anonymous_5)
FNDA:0,(anonymous_6)
FNDA:0,(anonymous_7)
FNDA:0,(anonymous_8)
FNDA:0,(anonymous_9)
FNDA:0,(anonymous_10)
FNDA:0,(anonymous_11)
FNDA:0,(anonymous_12)
FNDA:0,(anonymous_13)
FNDA:0,(anonymous_14)
FNDA:0,(anonymous_15)
DA:1,0
DA:2,0
DA:3,0
DA:4,0
DA:9,0
DA:10,0
DA:11,0
DA:17,0
DA:18,0
DA:19,0
DA:20,0
DA:21,0
DA:22,0
DA:23,0
DA:24,0
DA:25,0
DA:26,0
DA:27,0
DA:37,0
DA:38,0
DA:46,0
DA:47,0
DA:49,0
DA:50,0
DA:51,0
DA:52,0
DA:54,0
DA:57,0
DA:58,0
DA:66,0
DA:81,0
DA:83,0
DA:91,0
DA:92,0
DA:95,0
DA:121,0
DA:124,0
DA:125,0
DA:133,0
DA:134,0
DA:135,0
DA:142,0
DA:143,0
DA:145,0
DA:147,0
DA:149,0
DA:156,0
DA:157,0
DA:182,0
DA:183,0
DA:186,0
DA:188,0
DA:189,0
DA:198,0
DA:199,0
DA:208,0
DA:209,0
DA:219,0
DA:232,0
DA:261,0
DA:264,0
DA:273,0
DA:274,0
DA:284,0
DA:285,0
DA:287,0
DA:302,0
DA:312,0
DA:319,0
DA:332,0
DA:359,0
DA:360,0
DA:370,0
DA:382,0
DA:387,0
DA:398,0
DA:400,0
DA:425,0
DA:429,0
DA:430,0
DA:439,0
DA:443,0
DA:444,0
DA:452,0
DA:463,0
DA:464,0
DA:474,0
DA:479,0
DA:480,0
DA:486,0
DA:491,0
DA:492,0
DA:502,0
DA:503,0
DA:511,0
DA:513,0
DA:514,0
DA:515,0
DA:533,0
DA:545,0
DA:546,0
DA:550,0
DA:551,0
DA:571,0
LF:104
LH:0
BRDA:9,0,0,0
BRDA:9,0,1,0
BRDA:17,1,0,0
BRDA:17,1,1,0
BRDA:49,2,0,0
BRDA:49,2,1,0
BRDA:50,3,0,0
BRDA:50,3,1,0
BRDA:51,4,0,0
BRDA:51,4,1,0
BRDA:53,5,0,0
BRDA:53,5,1,0
BRDA:57,6,0,0
BRDA:57,6,1,0
BRDA:57,7,0,0
BRDA:57,7,1,0
BRDA:66,8,0,0
BRDA:66,8,1,0
BRDA:66,8,2,0
BRDA:88,9,0,0
BRDA:88,9,1,0
BRDA:91,10,0,0
BRDA:91,10,1,0
BRDA:124,11,0,0
BRDA:124,11,1,0
BRDA:133,12,0,0
BRDA:133,12,1,0
BRDA:133,13,0,0
BRDA:133,13,1,0
BRDA:138,14,0,0
BRDA:138,14,1,0
BRDA:143,15,0,0
BRDA:143,15,1,0
BRDA:143,15,2,0
BRDA:188,16,0,0
BRDA:188,16,1,0
BRDA:198,17,0,0
BRDA:198,17,1,0
BRDA:208,18,0,0
BRDA:208,18,1,0
BRDA:236,19,0,0
BRDA:236,19,1,0
BRDA:273,20,0,0
BRDA:273,20,1,0
BRDA:284,21,0,0
BRDA:284,21,1,0
BRDA:284,22,0,0
BRDA:284,22,1,0
BRDA:359,23,0,0
BRDA:359,23,1,0
BRDA:375,24,0,0
BRDA:375,24,1,0
BRDA:429,25,0,0
BRDA:429,25,1,0
BRDA:443,26,0,0
BRDA:443,26,1,0
BRDA:463,27,0,0
BRDA:463,27,1,0
BRDA:479,28,0,0
BRDA:479,28,1,0
BRDA:479,29,0,0
BRDA:479,29,1,0
BRDA:479,30,0,0
BRDA:479,30,1,0
BRDA:491,31,0,0
BRDA:491,31,1,0
BRDA:502,32,0,0
BRDA:502,32,1,0
BRDA:511,33,0,0
BRDA:511,33,1,0
BRDA:514,34,0,0
BRDA:514,34,1,0
BRDA:514,35,0,0
BRDA:514,35,1,0
BRDA:514,36,0,0
BRDA:514,36,1,0
BRDA:545,37,0,0
BRDA:545,37,1,0
BRDA:550,38,0,0
BRDA:550,38,1,0
BRF:80
BRH:0
end_of_record
TN:
SF:src/payments/providers/payme.provider.ts
FN:9,(anonymous_2)
FN:19,(anonymous_3)
FN:42,(anonymous_4)
FN:59,(anonymous_5)
FN:66,(anonymous_6)
FN:79,(anonymous_7)
FN:101,(anonymous_8)
FN:120,(anonymous_9)
FN:156,(anonymous_10)
FN:192,(anonymous_11)
FN:250,(anonymous_12)
FN:324,(anonymous_13)
FN:373,(anonymous_14)
FN:409,(anonymous_15)
FN:428,(anonymous_16)
FN:450,(anonymous_17)
FN:490,(anonymous_18)
FN:576,(anonymous_19)
FN:593,(anonymous_20)
FNF:19
FNH:0
FNDA:0,(anonymous_2)
FNDA:0,(anonymous_3)
FNDA:0,(anonymous_4)
FNDA:0,(anonymous_5)
FNDA:0,(anonymous_6)
FNDA:0,(anonymous_7)
FNDA:0,(anonymous_8)
FNDA:0,(anonymous_9)
FNDA:0,(anonymous_10)
FNDA:0,(anonymous_11)
FNDA:0,(anonymous_12)
FNDA:0,(anonymous_13)
FNDA:0,(anonymous_14)
FNDA:0,(anonymous_15)
FNDA:0,(anonymous_16)
FNDA:0,(anonymous_17)
FNDA:0,(anonymous_18)
FNDA:0,(anonymous_19)
FNDA:0,(anonymous_20)
DA:1,0
DA:2,0
DA:3,0
DA:9,0
DA:10,0
DA:11,0
DA:12,0
DA:13,0
DA:19,0
DA:20,0
DA:21,0
DA:22,0
DA:23,0
DA:24,0
DA:25,0
DA:26,0
DA:36,0
DA:37,0
DA:43,0
DA:44,0
DA:46,0
DA:47,0
DA:48,0
DA:51,0
DA:52,0
DA:60,0
DA:67,0
DA:86,0
DA:87,0
DA:89,0
DA:91,0
DA:92,0
DA:95,0
DA:102,0
DA:103,0
DA:106,0
DA:107,0
DA:110,0
DA:113,0
DA:124,0
DA:126,0
DA:127,0
DA:129,0
DA:131,0
DA:133,0
DA:135,0
DA:137,0
DA:139,0
DA:141,0
DA:147,0
DA:148,0
DA:159,0
DA:160,0
DA:161,0
DA:163,0
DA:164,0
DA:168,0
DA:170,0
DA:171,0
DA:174,0
DA:175,0
DA:181,0
DA:182,0
DA:185,0
DA:195,0
DA:196,0
DA:197,0
DA:198,0
DA:199,0
DA:202,0
DA:206,0
DA:208,0
DA:218,0
DA:219,0
DA:220,0
DA:224,0
DA:237,0
DA:253,0
DA:255,0
DA:259,0
DA:260,0
DA:266,0
DA:268,0
DA:277,0
DA:278,0
DA:284,0
DA:287,0
DA:296,0
DA:299,0
DA:312,0
DA:327,0
DA:328,0
DA:330,0
DA:335,0
DA:336,0
DA:343,0
DA:347,0
DA:350,0
DA:359,0
DA:361,0
DA:376,0
DA:378,0
DA:383,0
DA:384,0
DA:390,0
DA:412,0
DA:413,0
DA:415,0
DA:426,0
DA:428,0
DA:457,0
DA:461,0
DA:462,0
DA:471,0
DA:475,0
DA:476,0
DA:484,0
DA:495,0
DA:496,0
DA:506,0
DA:511,0
DA:512,0
DA:518,0
DA:523,0
DA:524,0
DA:534,0
DA:535,0
DA:543,0
DA:545,0
DA:546,0
DA:547,0
DA:565,0
DA:577,0
DA:578,0
DA:582,0
DA:583,0
DA:594,0
LF:137
LH:0
BRDA:9,0,0,0
BRDA:9,0,1,0
BRDA:19,1,0,0
BRDA:19,1,1,0
BRDA:46,2,0,0
BRDA:46,2,1,0
BRDA:47,3,0,0
BRDA:47,3,1,0
BRDA:51,4,0,0
BRDA:51,4,1,0
BRDA:60,5,0,0
BRDA:60,5,1,0
BRDA:67,6,0,0
BRDA:67,6,1,0
BRDA:91,7,0,0
BRDA:91,7,1,0
BRDA:102,8,0,0
BRDA:102,8,1,0
BRDA:102,9,0,0
BRDA:102,9,1,0
BRDA:113,10,0,0
BRDA:113,10,1,0
BRDA:127,11,0,0
BRDA:127,11,1,0
BRDA:127,11,2,0
BRDA:127,11,3,0
BRDA:127,11,4,0
BRDA:127,11,5,0
BRDA:127,11,6,0
BRDA:160,12,0,0
BRDA:160,12,1,0
BRDA:160,13,0,0
BRDA:160,13,1,0
BRDA:163,14,0,0
BRDA:163,14,1,0
BRDA:170,15,0,0
BRDA:170,15,1,0
BRDA:174,16,0,0
BRDA:174,16,1,0
BRDA:181,17,0,0
BRDA:181,17,1,0
BRDA:199,18,0,0
BRDA:199,18,1,0
BRDA:199,19,0,0
BRDA:199,19,1,0
BRDA:206,20,0,0
BRDA:206,20,1,0
BRDA:219,21,0,0
BRDA:219,21,1,0
BRDA:219,22,0,0
BRDA:219,22,1,0
BRDA:219,22,2,0
BRDA:259,23,0,0
BRDA:259,23,1,0
BRDA:266,24,0,0
BRDA:266,24,1,0
BRDA:271,25,0,0
BRDA:271,25,1,0
BRDA:271,26,0,0
BRDA:271,26,1,0
BRDA:271,27,0,0
BRDA:271,27,1,0
BRDA:277,28,0,0
BRDA:277,28,1,0
BRDA:335,29,0,0
BRDA:335,29,1,0
BRDA:343,30,0,0
BRDA:343,30,1,0
BRDA:383,31,0,0
BRDA:383,31,1,0
BRDA:394,32,0,0
BRDA:394,32,1,0
BRDA:398,33,0,0
BRDA:398,33,1,0
BRDA:435,34,0,0
BRDA:435,34,1,0
BRDA:438,35,0,0
BRDA:438,35,1,0
BRDA:461,36,0,0
BRDA:461,36,1,0
BRDA:475,37,0,0
BRDA:475,37,1,0
BRDA:495,38,0,0
BRDA:495,38,1,0
BRDA:511,39,0,0
BRDA:511,39,1,0
BRDA:511,40,0,0
BRDA:511,40,1,0
BRDA:511,41,0,0
BRDA:511,41,1,0
BRDA:523,42,0,0
BRDA:523,42,1,0
BRDA:534,43,0,0
BRDA:534,43,1,0
BRDA:543,44,0,0
BRDA:543,44,1,0
BRDA:546,45,0,0
BRDA:546,45,1,0
BRDA:546,46,0,0
BRDA:546,46,1,0
BRDA:546,47,0,0
BRDA:546,47,1,0
BRDA:577,48,0,0
BRDA:577,48,1,0
BRDA:582,49,0,0
BRDA:582,49,1,0
BRF:106
BRH:0
end_of_record
TN:
SF:src/prisma/prisma.module.ts
FNF:0
FNH:0
DA:1,0
DA:2,0
DA:9,0
LF:3
LH:0
BRF:0
BRH:0
end_of_record
TN:
SF:src/prisma/prisma.service.ts
FN:8,(anonymous_1)
FN:12,(anonymous_2)
FNF:2
FNH:0
FNDA:0,(anonymous_1)
FNDA:0,(anonymous_2)
DA:2,2
DA:4,2
DA:7,2
DA:9,0
DA:13,0
LF:5
LH:3
BRF:0
BRH:0
end_of_record
TN:
SF:src/queue/code-execution.processor.ts
FN:48,(anonymous_4)
FN:60,(anonymous_5)
FN:107,(anonymous_6)
FN:112,(anonymous_7)
FN:149,(anonymous_8)
FN:154,(anonymous_9)
FNF:6
FNH:0
FNDA:0,(anonymous_4)
FNDA:0,(anonymous_5)
FNDA:0,(anonymous_6)
FNDA:0,(anonymous_7)
FNDA:0,(anonymous_8)
FNDA:0,(anonymous_9)
DA:1,0
DA:2,0
DA:3,0
DA:4,0
DA:5,0
DA:6,0
DA:45,0
DA:46,0
DA:49,0
DA:51,0
DA:53,0
DA:54,0
DA:61,0
DA:63,0
DA:69,0
DA:70,0
DA:71,0
DA:72,0
DA:76,0
DA:77,0
DA:78,0
DA:83,0
DA:86,0
DA:87,0
DA:88,0
DA:90,0
DA:91,0
DA:92,0
DA:93,0
DA:94,0
DA:98,0
DA:107,0
DA:108,0
DA:112,0
DA:113,0
DA:114,0
DA:116,0
DA:118,0
DA:122,0
DA:123,0
DA:133,0
DA:137,0
DA:139,0
DA:142,0
DA:149,0
DA:150,0
DA:154,0
DA:155,0
LF:48
LH:0
BRDA:64,0,0,0
BRDA:64,0,1,0
BRDA:71,1,0,0
BRDA:71,1,1,0
BRDA:77,2,0,0
BRDA:77,2,1,0
BRDA:86,3,0,0
BRDA:86,3,1,0
BRDA:86,4,0,0
BRDA:86,4,1,0
BRDA:90,5,0,0
BRDA:90,5,1,0
BRDA:113,6,0,0
BRDA:113,6,1,0
BRDA:116,7,0,0
BRDA:116,7,1,0
BRDA:124,8,0,0
BRDA:124,8,1,0
BRDA:127,9,0,0
BRDA:127,9,1,0
BRDA:127,9,2,0
BRF:21
BRH:0
end_of_record
TN:
SF:src/queue/code-execution.service.ts
FN:26,(anonymous_4)
FN:36,(anonymous_5)
FN:79,(anonymous_6)
FN:85,(anonymous_7)
FN:99,(anonymous_8)
FN:112,(anonymous_9)
FN:132,(anonymous_10)
FN:165,(anonymous_11)
FN:199,(anonymous_12)
FN:225,(anonymous_13)
FN:246,(anonymous_14)
FN:267,(anonymous_15)
FNF:12
FNH:0
FNDA:0,(anonymous_4)
FNDA:0,(anonymous_5)
FNDA:0,(anonymous_6)
FNDA:0,(anonymous_7)
FNDA:0,(anonymous_8)
FNDA:0,(anonymous_9)
FNDA:0,(anonymous_10)
FNDA:0,(anonymous_11)
FNDA:0,(anonymous_12)
FNDA:0,(anonymous_13)
FNDA:0,(anonymous_14)
FNDA:0,(anonymous_15)
DA:1,0
DA:7,0
DA:8,0
DA:9,0
DA:10,0
DA:15,0
DA:22,0
DA:23,0
DA:28,0
DA:32,0
DA:33,0
DA:38,0
DA:42,0
DA:43,0
DA:44,0
DA:45,0
DA:54,0
DA:57,0
DA:64,0
DA:71,0
DA:73,0
DA:74,0
DA:75,0
DA:76,0
DA:79,0
DA:80,0
DA:81,0
DA:86,0
DA:87,0
DA:88,0
DA:89,0
DA:91,0
DA:104,0
DA:105,0
DA:118,0
DA:121,0
DA:143,0
DA:158,0
DA:159,0
DA:176,0
DA:185,0
DA:188,0
DA:193,0
DA:205,0
DA:207,0
DA:208,0
DA:211,0
DA:212,0
DA:213,0
DA:215,0
DA:232,0
DA:240,0
DA:247,0
DA:250,0
DA:251,0
DA:252,0
DA:253,0
DA:255,0
DA:258,0
DA:268,0
LF:60
LH:0
BRDA:42,0,0,0
BRDA:42,0,1,0
BRDA:42,1,0,0
BRDA:42,1,1,0
BRDA:47,2,0,0
BRDA:47,2,1,0
BRDA:48,3,0,0
BRDA:48,3,1,0
BRDA:49,4,0,0
BRDA:49,4,1,0
BRDA:50,5,0,0
BRDA:50,5,1,0
BRDA:58,6,0,0
BRDA:58,6,1,0
BRDA:59,7,0,0
BRDA:59,7,1,0
BRDA:60,8,0,0
BRDA:60,8,1,0
BRDA:65,9,0,0
BRDA:65,9,1,0
BRDA:66,10,0,0
BRDA:66,10,1,0
BRDA:67,11,0,0
BRDA:67,11,1,0
BRDA:86,12,0,0
BRDA:86,12,1,0
BRDA:119,13,0,0
BRDA:119,13,1,0
BRDA:148,14,0,0
BRDA:148,14,1,0
BRDA:148,15,0,0
BRDA:148,15,1,0
BRDA:149,16,0,0
BRDA:149,16,1,0
BRDA:149,17,0,0
BRDA:149,17,1,0
BRDA:150,18,0,0
BRDA:150,18,1,0
BRDA:150,19,0,0
BRDA:150,19,1,0
BRDA:151,20,0,0
BRDA:151,20,1,0
BRDA:151,21,0,0
BRDA:151,21,1,0
BRDA:154,22,0,0
BRDA:154,22,1,0
BRDA:154,23,0,0
BRDA:154,23,1,0
BRDA:154,24,0,0
BRDA:154,24,1,0
BRDA:179,25,0,0
BRDA:179,25,1,0
BRDA:179,26,0,0
BRDA:179,26,1,0
BRDA:180,27,0,0
BRDA:180,27,1,0
BRDA:180,28,0,0
BRDA:180,28,1,0
BRDA:181,29,0,0
BRDA:181,29,1,0
BRDA:181,30,0,0
BRDA:181,30,1,0
BRDA:182,31,0,0
BRDA:182,31,1,0
BRDA:182,32,0,0
BRDA:182,32,1,0
BRDA:190,33,0,0
BRDA:190,33,1,0
BRDA:190,34,0,0
BRDA:190,34,1,0
BRDA:190,35,0,0
BRDA:190,35,1,0
BRDA:207,36,0,0
BRDA:207,36,1,0
BRDA:217,37,0,0
BRDA:217,37,1,0
BRF:76
BRH:0
end_of_record
TN:
SF:src/queue/constants.ts
FNF:0
FNH:0
DA:4,0
DA:5,0
LF:2
LH:0
BRF:0
BRH:0
end_of_record
TN:
SF:src/queue/dead-letter.service.ts
FN:28,(anonymous_4)
FN:40,(anonymous_5)
FN:64,(anonymous_6)
FN:74,(anonymous_7)
FN:89,(anonymous_8)
FN:99,(anonymous_9)
FN:110,(anonymous_10)
FN:142,(anonymous_11)
FN:158,(anonymous_12)
FN:171,(anonymous_13)
FN:175,(anonymous_14)
FN:187,(anonymous_15)
FNF:12
FNH:0
FNDA:0,(anonymous_4)
FNDA:0,(anonymous_5)
FNDA:0,(anonymous_6)
FNDA:0,(anonymous_7)
FNDA:0,(anonymous_8)
FNDA:0,(anonymous_9)
FNDA:0,(anonymous_10)
FNDA:0,(anonymous_11)
FNDA:0,(anonymous_12)
FNDA:0,(anonymous_13)
FNDA:0,(anonymous_14)
FNDA:0,(anonymous_15)
DA:1,0
DA:2,0
DA:3,0
DA:4,0
DA:25,0
DA:26,0
DA:30,0
DA:32,0
DA:34,0
DA:41,0
DA:51,0
DA:55,0
DA:69,0
DA:70,0
DA:73,0
DA:74,0
DA:75,0
DA:76,0
DA:79,0
DA:97,0
DA:99,0
DA:111,0
DA:113,0
DA:114,0
DA:117,0
DA:119,0
DA:128,0
DA:130,0
DA:132,0
DA:134,0
DA:135,0
DA:143,0
DA:145,0
DA:146,0
DA:149,0
DA:150,0
DA:151,0
DA:159,0
DA:160,0
DA:162,0
DA:163,0
DA:167,0
DA:168,0
DA:169,0
DA:171,0
DA:174,0
DA:175,0
DA:179,0
DA:180,0
DA:188,0
DA:189,0
DA:191,0
DA:193,0
DA:194,0
DA:195,0
DA:196,0
DA:200,0
DA:201,0
DA:204,0
LF:59
LH:0
BRDA:42,0,0,0
BRDA:42,0,1,0
BRDA:45,1,0,0
BRDA:45,1,1,0
BRDA:73,2,0,0
BRDA:73,2,1,0
BRDA:90,3,0,0
BRDA:91,4,0,0
BRDA:100,5,0,0
BRDA:100,5,1,0
BRDA:113,6,0,0
BRDA:113,6,1,0
BRDA:145,7,0,0
BRDA:145,7,1,0
BRDA:162,8,0,0
BRDA:162,8,1,0
BRDA:174,9,0,0
BRDA:174,9,1,0
BRDA:193,10,0,0
BRDA:193,10,1,0
BRDA:193,11,0,0
BRDA:193,11,1,0
BRDA:200,12,0,0
BRDA:200,12,1,0
BRF:24
BRH:0
end_of_record
TN:
SF:src/queue/queue.module.ts
FN:17,(anonymous_1)
FNF:1
FNH:0
FNDA:0,(anonymous_1)
DA:1,0
DA:2,0
DA:3,0
DA:4,0
DA:5,0
DA:6,0
DA:7,0
DA:8,0
DA:9,0
DA:18,0
DA:19,0
DA:21,0
DA:22,0
DA:32,0
DA:83,0
LF:15
LH:0
BRDA:19,0,0,0
BRDA:19,0,1,0
BRDA:25,1,0,0
BRDA:25,1,1,0
BRDA:26,2,0,0
BRDA:26,2,1,0
BRDA:27,3,0,0
BRDA:27,3,1,0
BRDA:28,4,0,0
BRDA:28,4,1,0
BRDA:34,5,0,0
BRDA:34,5,1,0
BRDA:35,6,0,0
BRDA:35,6,1,0
BRDA:36,7,0,0
BRDA:36,7,1,0
BRF:16
BRH:0
end_of_record
TN:
SF:src/queue/shutdown.service.ts
FN:15,(anonymous_4)
FN:26,(anonymous_5)
FN:49,(anonymous_6)
FN:100,(anonymous_7)
FN:101,(anonymous_8)
FN:107,(anonymous_9)
FNF:6
FNH:0
FNDA:0,(anonymous_4)
FNDA:0,(anonymous_5)
FNDA:0,(anonymous_6)
FNDA:0,(anonymous_7)
FNDA:0,(anonymous_8)
FNDA:0,(anonymous_9)
DA:1,0
DA:2,0
DA:3,0
DA:4,0
DA:11,0
DA:12,0
DA:13,0
DA:17,0
DA:19,0
DA:27,0
DA:28,0
DA:30,0
DA:31,0
DA:33,0
DA:35,0
DA:39,0
DA:41,0
DA:50,0
DA:52,0
DA:54,0
DA:56,0
DA:57,0
DA:60,0
DA:61,0
DA:62,0
DA:64,0
DA:65,0
DA:66,0
DA:67,0
DA:68,0
DA:71,0
DA:72,0
DA:74,0
DA:75,0
DA:79,0
DA:80,0
DA:81,0
DA:88,0
DA:89,0
DA:94,0
DA:96,0
DA:101,0
DA:108,0
DA:115,0
LF:44
LH:0
BRDA:27,0,0,0
BRDA:27,0,1,0
BRDA:30,1,0,0
BRDA:30,1,1,0
BRDA:56,2,0,0
BRDA:56,2,1,0
BRDA:66,3,0,0
BRDA:66,3,1,0
BRDA:74,4,0,0
BRDA:74,4,1,0
BRDA:80,5,0,0
BRDA:80,5,1,0
BRF:12
BRH:0
end_of_record
TN:
SF:src/roadmaps/roadmap.config.ts
FNF:0
FNH:0
DA:7,0
DA:10,0
DA:20,0
DA:42,0
DA:54,0
LF:5
LH:0
BRF:0
BRH:0
end_of_record
TN:
SF:src/roadmaps/roadmaps.controller.ts
FN:9,(anonymous_4)
FN:16,(anonymous_5)
FN:26,(anonymous_6)
FN:36,(anonymous_7)
FN:45,(anonymous_8)
FN:60,(anonymous_9)
FN:70,(anonymous_10)
FN:80,(anonymous_11)
FNF:8
FNH:0
FNDA:0,(anonymous_4)
FNDA:0,(anonymous_5)
FNDA:0,(anonymous_6)
FNDA:0,(anonymous_7)
FNDA:0,(anonymous_8)
FNDA:0,(anonymous_9)
FNDA:0,(anonymous_10)
FNDA:0,(anonymous_11)
DA:2,0
DA:3,0
DA:4,0
DA:5,0
DA:8,0
DA:9,0
DA:16,0
DA:17,0
DA:26,0
DA:27,0
DA:36,0
DA:37,0
DA:45,0
DA:46,0
DA:60,0
DA:61,0
DA:70,0
DA:71,0
DA:80,0
DA:81,0
LF:20
LH:0
BRF:0
BRH:0
end_of_record
TN:
SF:src/roadmaps/roadmaps.module.ts
FNF:0
FNH:0
DA:2,0
DA:3,0
DA:4,0
DA:5,0
DA:6,0
DA:14,0
LF:6
LH:0
BRF:0
BRH:0
end_of_record
TN:
SF:src/roadmaps/roadmaps.service.ts
FN:119,(anonymous_2)
FN:135,(anonymous_3)
FN:142,(anonymous_4)
FN:197,(anonymous_5)
FN:224,(anonymous_6)
FN:244,(anonymous_7)
FN:305,(anonymous_8)
FN:326,(anonymous_9)
FN:363,(anonymous_10)
FN:426,(anonymous_11)
FN:445,(anonymous_12)
FN:453,(anonymous_13)
FN:506,(anonymous_14)
FN:530,(anonymous_15)
FN:539,(anonymous_16)
FN:577,(anonymous_17)
FN:581,(anonymous_18)
FN:630,(anonymous_19)
FN:694,(anonymous_20)
FN:701,(anonymous_21)
FN:705,(anonymous_22)
FN:707,(anonymous_23)
FN:716,(anonymous_24)
FN:729,(anonymous_25)
FN:732,(anonymous_26)
FN:765,(anonymous_27)
FN:772,(anonymous_28)
FN:780,(anonymous_29)
FN:781,(anonymous_30)
FN:783,(anonymous_31)
FN:847,(anonymous_32)
FN:881,(anonymous_33)
FN:912,(anonymous_34)
FN:919,(anonymous_35)
FN:944,(anonymous_36)
FN:956,(anonymous_37)
FN:967,(anonymous_38)
FN:982,(anonymous_39)
FN:990,(anonymous_40)
FN:993,(anonymous_41)
FN:1001,(anonymous_42)
FN:1014,(anonymous_43)
FN:1024,(anonymous_44)
FN:1030,(anonymous_45)
FN:1034,(anonymous_46)
FN:1037,(anonymous_47)
FN:1070,(anonymous_48)
FN:1072,(anonymous_49)
FN:1072,(anonymous_50)
FNF:49
FNH:0
FNDA:0,(anonymous_2)
FNDA:0,(anonymous_3)
FNDA:0,(anonymous_4)
FNDA:0,(anonymous_5)
FNDA:0,(anonymous_6)
FNDA:0,(anonymous_7)
FNDA:0,(anonymous_8)
FNDA:0,(anonymous_9)
FNDA:0,(anonymous_10)
FNDA:0,(anonymous_11)
FNDA:0,(anonymous_12)
FNDA:0,(anonymous_13)
FNDA:0,(anonymous_14)
FNDA:0,(anonymous_15)
FNDA:0,(anonymous_16)
FNDA:0,(anonymous_17)
FNDA:0,(anonymous_18)
FNDA:0,(anonymous_19)
FNDA:0,(anonymous_20)
FNDA:0,(anonymous_21)
FNDA:0,(anonymous_22)
FNDA:0,(anonymous_23)
FNDA:0,(anonymous_24)
FNDA:0,(anonymous_25)
FNDA:0,(anonymous_26)
FNDA:0,(anonymous_27)
FNDA:0,(anonymous_28)
FNDA:0,(anonymous_29)
FNDA:0,(anonymous_30)
FNDA:0,(anonymous_31)
FNDA:0,(anonymous_32)
FNDA:0,(anonymous_33)
FNDA:0,(anonymous_34)
FNDA:0,(anonymous_35)
FNDA:0,(anonymous_36)
FNDA:0,(anonymous_37)
FNDA:0,(anonymous_38)
FNDA:0,(anonymous_39)
FNDA:0,(anonymous_40)
FNDA:0,(anonymous_41)
FNDA:0,(anonymous_42)
FNDA:0,(anonymous_43)
FNDA:0,(anonymous_44)
FNDA:0,(anonymous_45)
FNDA:0,(anonymous_46)
FNDA:0,(anonymous_47)
FNDA:0,(anonymous_48)
FNDA:0,(anonymous_49)
FNDA:0,(anonymous_50)
DA:1,0
DA:2,0
DA:3,0
DA:4,0
DA:10,0
DA:11,0
DA:115,0
DA:116,0
DA:117,0
DA:120,0
DA:121,0
DA:122,0
DA:125,0
DA:127,0
DA:128,0
DA:136,0
DA:148,0
DA:153,0
DA:154,0
DA:163,0
DA:170,0
DA:173,0
DA:174,0
DA:182,0
DA:183,0
DA:186,0
DA:198,0
DA:203,0
DA:204,0
DA:208,0
DA:211,0
DA:213,0
DA:225,0
DA:229,0
DA:230,0
DA:236,0
DA:238,0
DA:245,0
DA:310,0
DA:312,0
DA:313,0
DA:319,0
DA:322,0
DA:325,0
DA:326,0
DA:332,0
DA:333,0
DA:334,0
DA:336,0
DA:337,0
DA:340,0
DA:344,0
DA:349,0
DA:351,0
DA:365,0
DA:367,0
DA:368,0
DA:374,0
DA:377,0
DA:400,0
DA:409,0
DA:411,0
DA:412,0
DA:414,0
DA:427,0
DA:430,0
DA:434,0
DA:446,0
DA:447,0
DA:454,0
DA:477,0
DA:479,0
DA:480,0
DA:481,0
DA:482,0
DA:483,0
DA:500,0
DA:510,0
DA:513,0
DA:514,0
DA:519,0
DA:522,0
DA:523,0
DA:524,0
DA:527,0
DA:530,0
DA:533,0
DA:543,0
DA:553,0
DA:556,0
DA:557,0
DA:558,0
DA:564,0
DA:577,0
DA:581,0
DA:635,0
DA:637,0
DA:639,0
DA:640,0
DA:643,0
DA:644,0
DA:645,0
DA:646,0
DA:647,0
DA:653,0
DA:654,0
DA:655,0
DA:656,0
DA:660,0
DA:663,0
DA:664,0
DA:665,0
DA:671,0
DA:676,0
DA:679,0
DA:683,0
DA:684,0
DA:689,0
DA:690,0
DA:693,0
DA:694,0
DA:701,0
DA:704,0
DA:706,0
DA:707,0
DA:710,0
DA:716,0
DA:729,0
DA:732,0
DA:738,0
DA:739,0
DA:759,0
DA:770,0
DA:771,0
DA:773,0
DA:778,0
DA:779,0
DA:780,0
DA:781,0
DA:782,0
DA:784,0
DA:790,0
DA:794,0
DA:797,0
DA:798,0
DA:811,0
DA:812,0
DA:825,0
DA:826,0
DA:839,0
DA:841,0
DA:856,0
DA:857,0
DA:858,0
DA:859,0
DA:862,0
DA:863,0
DA:864,0
DA:865,0
DA:866,0
DA:870,0
DA:871,0
DA:872,0
DA:873,0
DA:875,0
DA:881,0
DA:893,0
DA:897,0
DA:901,0
DA:902,0
DA:907,0
DA:908,0
DA:911,0
DA:912,0
DA:919,0
DA:922,0
DA:925,0
DA:931,0
DA:944,0
DA:957,0
DA:958,0
DA:959,0
DA:961,0
DA:968,0
DA:969,0
DA:970,0
DA:971,0
DA:972,0
DA:973,0
DA:974,0
DA:983,0
DA:990,0
DA:994,0
DA:998,0
DA:1002,0
DA:1011,0
DA:1016,0
DA:1024,0
DA:1027,0
DA:1030,0
DA:1033,0
DA:1035,0
DA:1037,0
DA:1039,0
DA:1041,0
DA:1044,0
DA:1046,0
DA:1049,0
DA:1051,0
DA:1057,0
DA:1070,0
DA:1071,0
DA:1072,0
DA:1076,0
LF:214
LH:0
BRDA:125,0,0,0
BRDA:125,0,1,0
BRDA:127,1,0,0
BRDA:127,1,1,0
BRDA:153,2,0,0
BRDA:153,2,1,0
BRDA:173,3,0,0
BRDA:173,3,1,0
BRDA:182,4,0,0
BRDA:182,4,1,0
BRDA:203,5,0,0
BRDA:203,5,1,0
BRDA:229,6,0,0
BRDA:229,6,1,0
BRDA:312,7,0,0
BRDA:312,7,1,0
BRDA:332,8,0,0
BRDA:332,8,1,0
BRDA:332,9,0,0
BRDA:332,9,1,0
BRDA:367,10,0,0
BRDA:367,10,1,0
BRDA:374,11,0,0
BRDA:374,11,1,0
BRDA:379,12,0,0
BRDA:379,12,1,0
BRDA:435,13,0,0
BRDA:435,13,1,0
BRDA:493,14,0,0
BRDA:493,14,1,0
BRDA:513,15,0,0
BRDA:513,15,1,0
BRDA:519,16,0,0
BRDA:519,16,1,0
BRDA:523,17,0,0
BRDA:523,17,1,0
BRDA:560,18,0,0
BRDA:560,18,1,0
BRDA:568,19,0,0
BRDA:568,19,1,0
BRDA:571,20,0,0
BRDA:571,20,1,0
BRDA:637,21,0,0
BRDA:637,21,1,0
BRDA:643,22,0,0
BRDA:643,22,1,0
BRDA:644,23,0,0
BRDA:644,23,1,0
BRDA:645,24,0,0
BRDA:645,24,1,0
BRDA:645,25,0,0
BRDA:645,25,1,0
BRDA:653,26,0,0
BRDA:653,26,1,0
BRDA:654,27,0,0
BRDA:654,27,1,0
BRDA:654,28,0,0
BRDA:654,28,1,0
BRDA:660,29,0,0
BRDA:660,29,1,0
BRDA:671,30,0,0
BRDA:671,30,1,0
BRDA:673,31,0,0
BRDA:673,31,1,0
BRDA:676,32,0,0
BRDA:676,32,1,0
BRDA:684,33,0,0
BRDA:684,33,1,0
BRDA:704,34,0,0
BRDA:704,34,1,0
BRDA:706,35,0,0
BRDA:706,35,1,0
BRDA:738,36,0,0
BRDA:738,36,1,0
BRDA:744,37,0,0
BRDA:744,37,1,0
BRDA:745,38,0,0
BRDA:745,38,1,0
BRDA:745,39,0,0
BRDA:745,39,1,0
BRDA:750,40,0,0
BRDA:750,40,1,0
BRDA:751,41,0,0
BRDA:751,41,1,0
BRDA:752,42,0,0
BRDA:752,42,1,0
BRDA:773,43,0,0
BRDA:773,43,1,0
BRDA:774,44,0,0
BRDA:774,44,1,0
BRDA:779,45,0,0
BRDA:779,45,1,0
BRDA:784,46,0,0
BRDA:784,46,1,0
BRDA:784,46,2,0
BRDA:790,47,0,0
BRDA:790,47,1,0
BRDA:859,48,0,0
BRDA:859,48,1,0
BRDA:865,49,0,0
BRDA:865,49,1,0
BRDA:873,50,0,0
BRDA:873,50,1,0
BRDA:902,51,0,0
BRDA:902,51,1,0
BRDA:940,52,0,0
BRDA:940,52,1,0
BRDA:968,53,0,0
BRDA:968,53,1,0
BRDA:972,54,0,0
BRDA:972,54,1,0
BRDA:973,55,0,0
BRDA:973,55,1,0
BRDA:974,56,0,0
BRDA:974,56,1,0
BRDA:998,57,0,0
BRDA:998,57,1,0
BRDA:998,58,0,0
BRDA:998,58,1,0
BRDA:998,59,0,0
BRDA:998,59,1,0
BRDA:1011,60,0,0
BRDA:1011,60,1,0
BRDA:1041,61,0,0
BRDA:1041,61,1,0
BRDA:1044,62,0,0
BRDA:1044,62,1,0
BRDA:1049,63,0,0
BRDA:1049,63,1,0
BRDA:1053,64,0,0
BRDA:1053,64,1,0
BRDA:1062,65,0,0
BRDA:1062,65,1,0
BRDA:1085,66,0,0
BRDA:1085,66,1,0
BRF:135
BRH:0
end_of_record
TN:
SF:src/roadmaps/dto/roadmaps.dto.ts
FNF:0
FNH:0
DA:1,0
DA:25,0
DA:29,0
DA:32,0
DA:37,0
DA:42,0
DA:46,0
DA:49,0
DA:52,0
DA:55,0
DA:60,0
DA:63,0
DA:66,0
DA:69,0
DA:72,0
DA:75,0
DA:79,0
LF:17
LH:0
BRF:0
BRH:0
end_of_record
TN:
SF:src/security/activity-logger.service.ts
FN:10,(anonymous_2)
FN:48,(anonymous_3)
FN:82,(anonymous_4)
FN:95,(anonymous_5)
FN:118,(anonymous_6)
FN:147,(anonymous_7)
FN:193,(anonymous_8)
FN:209,(anonymous_9)
FN:220,(anonymous_10)
FN:228,(anonymous_11)
FN:259,(anonymous_12)
FN:281,(anonymous_13)
FN:299,(anonymous_14)
FN:315,(anonymous_15)
FN:331,(anonymous_16)
FN:345,(anonymous_17)
FN:358,(anonymous_18)
FN:368,(anonymous_19)
FN:386,(anonymous_20)
FN:404,(anonymous_21)
FN:418,(anonymous_22)
FNF:21
FNH:0
FNDA:0,(anonymous_2)
FNDA:0,(anonymous_3)
FNDA:0,(anonymous_4)
FNDA:0,(anonymous_5)
FNDA:0,(anonymous_6)
FNDA:0,(anonymous_7)
FNDA:0,(anonymous_8)
FNDA:0,(anonymous_9)
FNDA:0,(anonymous_10)
FNDA:0,(anonymous_11)
FNDA:0,(anonymous_12)
FNDA:0,(anonymous_13)
FNDA:0,(anonymous_14)
FNDA:0,(anonymous_15)
FNDA:0,(anonymous_16)
FNDA:0,(anonymous_17)
FNDA:0,(anonymous_18)
FNDA:0,(anonymous_19)
FNDA:0,(anonymous_20)
FNDA:0,(anonymous_21)
FNDA:0,(anonymous_22)
DA:1,0
DA:2,0
DA:3,0
DA:4,0
DA:5,0
DA:10,0
DA:12,0
DA:13,0
DA:14,0
DA:15,0
DA:16,0
DA:17,0
DA:20,0
DA:21,0
DA:24,0
DA:25,0
DA:26,0
DA:29,0
DA:30,0
DA:31,0
DA:34,0
DA:35,0
DA:36,0
DA:37,0
DA:40,0
DA:41,0
DA:42,0
DA:48,0
DA:49,0
DA:50,0
DA:51,0
DA:52,0
DA:73,0
DA:74,0
DA:79,0
DA:80,0
DA:83,0
DA:84,0
DA:85,0
DA:87,0
DA:88,0
DA:89,0
DA:96,0
DA:98,0
DA:104,0
DA:107,0
DA:108,0
DA:112,0
DA:119,0
DA:122,0
DA:123,0
DA:126,0
DA:128,0
DA:130,0
DA:141,0
DA:149,0
DA:150,0
DA:153,0
DA:154,0
DA:156,0
DA:157,0
DA:158,0
DA:160,0
DA:161,0
DA:164,0
DA:176,0
DA:201,0
DA:209,0
DA:221,0
DA:222,0
DA:235,0
DA:236,0
DA:237,0
DA:239,0
DA:241,0
DA:243,0
DA:265,0
DA:287,0
DA:300,0
DA:316,0
DA:317,0
DA:320,0
DA:321,0
DA:322,0
DA:325,0
DA:331,0
DA:346,0
DA:347,0
DA:350,0
DA:358,0
DA:359,0
DA:360,0
DA:369,0
DA:371,0
DA:373,0
DA:374,0
DA:376,0
DA:377,0
DA:379,0
DA:380,0
DA:382,0
DA:387,0
DA:388,0
DA:400,0
DA:406,0
DA:407,0
DA:408,0
DA:409,0
DA:412,0
DA:413,0
DA:419,0
DA:421,0
DA:423,0
DA:425,0
DA:427,0
LF:115
LH:0
BRDA:10,0,0,0
BRDA:10,0,1,0
BRDA:48,1,0,0
BRDA:48,1,1,0
BRDA:89,2,0,0
BRDA:89,2,1,0
BRDA:96,3,0,0
BRDA:96,3,1,0
BRDA:107,4,0,0
BRDA:107,4,1,0
BRDA:122,5,0,0
BRDA:122,5,1,0
BRDA:131,6,0,0
BRDA:131,6,1,0
BRDA:132,7,0,0
BRDA:132,7,1,0
BRDA:154,8,0,0
BRDA:154,8,1,0
BRDA:157,9,0,0
BRDA:157,9,1,0
BRDA:236,10,0,0
BRDA:236,10,1,0
BRDA:244,11,0,0
BRDA:244,11,1,0
BRDA:245,12,0,0
BRDA:245,12,1,0
BRDA:315,13,0,0
BRDA:316,14,0,0
BRDA:316,14,1,0
BRDA:321,15,0,0
BRDA:321,15,1,0
BRDA:335,16,0,0
BRDA:335,16,1,0
BRDA:335,17,0,0
BRDA:335,17,1,0
BRDA:336,18,0,0
BRDA:336,18,1,0
BRDA:336,19,0,0
BRDA:336,19,1,0
BRDA:346,20,0,0
BRDA:346,20,1,0
BRDA:369,21,0,0
BRDA:369,21,1,0
BRDA:371,22,0,0
BRDA:371,22,1,0
BRDA:371,22,2,0
BRDA:371,22,3,0
BRDA:406,23,0,0
BRDA:406,23,1,0
BRDA:408,24,0,0
BRDA:408,24,1,0
BRDA:412,25,0,0
BRDA:412,25,1,0
BRDA:419,26,0,0
BRDA:419,26,1,0
BRDA:419,26,2,0
BRDA:419,26,3,0
BRF:57
BRH:0
end_of_record
TN:
SF:src/security/code-scanner.service.ts
FN:7,(anonymous_2)
FN:243,(anonymous_3)
FN:252,(anonymous_4)
FN:315,(anonymous_5)
FN:316,(anonymous_6)
FN:332,(anonymous_7)
FN:350,(anonymous_8)
FN:357,(anonymous_9)
FN:358,(anonymous_10)
FN:368,(anonymous_11)
FN:380,(anonymous_12)
FN:390,(anonymous_13)
FN:398,(anonymous_14)
FNF:13
FNH:0
FNDA:0,(anonymous_2)
FNDA:0,(anonymous_3)
FNDA:0,(anonymous_4)
FNDA:0,(anonymous_5)
FNDA:0,(anonymous_6)
FNDA:0,(anonymous_7)
FNDA:0,(anonymous_8)
FNDA:0,(anonymous_9)
FNDA:0,(anonymous_10)
FNDA:0,(anonymous_11)
FNDA:0,(anonymous_12)
FNDA:0,(anonymous_13)
FNDA:0,(anonymous_14)
DA:1,0
DA:2,0
DA:7,0
DA:8,0
DA:9,0
DA:10,0
DA:11,0
DA:12,0
DA:54,0
DA:55,0
DA:59,0
DA:243,0
DA:244,0
DA:245,0
DA:246,0
DA:253,0
DA:254,0
DA:261,0
DA:262,0
DA:263,0
DA:265,0
DA:267,0
DA:268,0
DA:272,0
DA:273,0
DA:278,0
DA:279,0
DA:280,0
DA:281,0
DA:282,0
DA:285,0
DA:288,0
DA:298,0
DA:302,0
DA:305,0
DA:307,0
DA:313,0
DA:314,0
DA:315,0
DA:316,0
DA:319,0
DA:326,0
DA:333,0
DA:335,0
DA:336,0
DA:337,0
DA:338,0
DA:339,0
DA:343,0
DA:352,0
DA:353,0
DA:357,0
DA:358,0
DA:359,0
DA:371,0
DA:373,0
DA:374,0
DA:375,0
DA:376,0
DA:379,0
DA:380,0
DA:384,0
DA:391,0
DA:392,0
DA:399,0
DA:401,0
DA:403,0
DA:405,0
DA:407,0
DA:409,0
DA:411,0
LF:71
LH:0
BRDA:7,0,0,0
BRDA:7,0,1,0
BRDA:245,1,0,0
BRDA:245,1,1,0
BRDA:246,2,0,0
BRDA:246,2,1,0
BRDA:253,3,0,0
BRDA:253,3,1,0
BRDA:267,4,0,0
BRDA:267,4,1,0
BRDA:267,5,0,0
BRDA:267,5,1,0
BRDA:273,6,0,0
BRDA:273,6,1,0
BRDA:279,7,0,0
BRDA:279,7,1,0
BRDA:305,8,0,0
BRDA:305,8,1,0
BRDA:313,9,0,0
BRDA:313,9,1,0
BRDA:338,10,0,0
BRDA:338,10,1,0
BRDA:352,11,0,0
BRDA:352,11,1,0
BRDA:379,12,0,0
BRDA:379,12,1,0
BRDA:392,13,0,0
BRDA:392,13,1,0
BRDA:399,14,0,0
BRDA:399,14,1,0
BRDA:399,14,2,0
BRDA:399,14,3,0
BRDA:399,14,4,0
BRDA:399,14,5,0
BRF:34
BRH:0
end_of_record
TN:
SF:src/security/ip-ban.service.ts
FN:10,(anonymous_2)
FN:45,(anonymous_3)
FN:61,(anonymous_4)
FN:79,(anonymous_5)
FN:87,(anonymous_6)
FN:113,(anonymous_7)
FN:141,(anonymous_8)
FN:158,(anonymous_9)
FN:166,(anonymous_10)
FN:174,(anonymous_11)
FN:182,(anonymous_12)
FN:199,(anonymous_13)
FN:223,(anonymous_14)
FNF:13
FNH:0
FNDA:0,(anonymous_2)
FNDA:0,(anonymous_3)
FNDA:0,(anonymous_4)
FNDA:0,(anonymous_5)
FNDA:0,(anonymous_6)
FNDA:0,(anonymous_7)
FNDA:0,(anonymous_8)
FNDA:0,(anonymous_9)
FNDA:0,(anonymous_10)
FNDA:0,(anonymous_11)
FNDA:0,(anonymous_12)
FNDA:0,(anonymous_13)
FNDA:0,(anonymous_14)
DA:1,0
DA:2,0
DA:3,0
DA:4,0
DA:5,0
DA:10,0
DA:11,0
DA:12,0
DA:13,0
DA:14,0
DA:15,0
DA:35,0
DA:36,0
DA:42,0
DA:43,0
DA:46,0
DA:47,0
DA:48,0
DA:50,0
DA:51,0
DA:52,0
DA:54,0
DA:55,0
DA:62,0
DA:64,0
DA:65,0
DA:68,0
DA:69,0
DA:70,0
DA:73,0
DA:80,0
DA:88,0
DA:90,0
DA:93,0
DA:94,0
DA:97,0
DA:99,0
DA:102,0
DA:103,0
DA:104,0
DA:107,0
DA:114,0
DA:116,0
DA:126,0
DA:133,0
DA:135,0
DA:142,0
DA:143,0
DA:145,0
DA:152,0
DA:159,0
DA:167,0
DA:175,0
DA:184,0
DA:185,0
DA:186,0
DA:188,0
DA:189,0
DA:190,0
DA:192,0
DA:200,0
DA:202,0
DA:203,0
DA:204,0
DA:208,0
DA:224,0
DA:226,0
DA:227,0
DA:230,0
DA:231,0
DA:232,0
DA:235,0
LF:72
LH:0
BRDA:10,0,0,0
BRDA:10,0,1,0
BRDA:54,1,0,0
BRDA:54,1,1,0
BRDA:62,2,0,0
BRDA:62,2,1,0
BRDA:65,3,0,0
BRDA:65,3,1,0
BRDA:68,4,0,0
BRDA:68,4,1,0
BRDA:88,5,0,0
BRDA:88,5,1,0
BRDA:93,6,0,0
BRDA:93,6,1,0
BRDA:102,7,0,0
BRDA:102,7,1,0
BRDA:114,8,0,0
BRDA:114,8,1,0
BRDA:121,9,0,0
BRDA:121,9,1,0
BRDA:159,10,0,0
BRDA:159,10,1,0
BRDA:184,11,0,0
BRDA:184,11,1,0
BRDA:186,12,0,0
BRDA:186,12,1,0
BRDA:190,13,0,0
BRDA:190,13,1,0
BRDA:200,14,0,0
BRDA:200,14,1,0
BRDA:202,15,0,0
BRDA:202,15,1,0
BRDA:204,16,0,0
BRDA:204,16,1,0
BRDA:213,17,0,0
BRDA:213,17,1,0
BRDA:213,18,0,0
BRDA:213,18,1,0
BRDA:226,19,0,0
BRDA:226,19,1,0
BRDA:230,20,0,0
BRDA:230,20,1,0
BRF:42
BRH:0
end_of_record
TN:
SF:src/security/security-validation.service.ts
FN:21,(anonymous_2)
FN:35,(anonymous_3)
FN:53,(anonymous_4)
FN:83,(anonymous_5)
FN:91,(anonymous_6)
FN:100,(anonymous_7)
FNF:6
FNH:0
FNDA:0,(anonymous_2)
FNDA:0,(anonymous_3)
FNDA:0,(anonymous_4)
FNDA:0,(anonymous_5)
FNDA:0,(anonymous_6)
FNDA:0,(anonymous_7)
DA:1,0
DA:2,0
DA:3,0
DA:4,0
DA:18,0
DA:19,0
DA:22,0
DA:23,0
DA:24,0
DA:40,0
DA:42,0
DA:43,0
DA:59,0
DA:61,0
DA:65,0
DA:67,0
DA:77,0
DA:80,0
DA:83,0
DA:92,0
DA:93,0
DA:101,0
LF:22
LH:0
BRDA:42,0,0,0
BRDA:42,0,1,0
BRDA:59,1,0,0
BRDA:59,1,1,0
BRDA:65,2,0,0
BRDA:65,2,1,0
BRF:6
BRH:0
end_of_record
TN:
SF:src/security/security.module.ts
FNF:0
FNH:0
DA:1,0
DA:2,0
DA:3,0
DA:4,0
DA:5,0
DA:6,0
DA:7,0
DA:8,0
DA:9,0
DA:10,0
DA:32,0
LF:11
LH:0
BRF:0
BRH:0
end_of_record
TN:
SF:src/security/guards/ip-ban.guard.ts
FN:11,(anonymous_2)
FN:13,(anonymous_3)
FN:23,(anonymous_4)
FNF:3
FNH:0
FNDA:0,(anonymous_2)
FNDA:0,(anonymous_3)
FNDA:0,(anonymous_4)
DA:1,0
DA:3,0
DA:10,0
DA:11,0
DA:14,0
DA:15,0
DA:18,0
DA:20,0
DA:24,0
DA:25,0
DA:26,0
DA:29,0
DA:32,0
DA:33,0
DA:34,0
DA:37,0
LF:16
LH:0
BRDA:25,0,0,0
BRDA:25,0,1,0
BRDA:26,1,0,0
BRDA:26,1,1,0
BRDA:33,2,0,0
BRDA:33,2,1,0
BRDA:34,3,0,0
BRDA:34,3,1,0
BRDA:37,4,0,0
BRDA:37,4,1,0
BRDA:37,4,2,0
BRF:11
BRH:0
end_of_record
TN:
SF:src/security/middleware/security.middleware.ts
FN:62,(anonymous_2)
FN:67,(anonymous_3)
FN:110,(anonymous_4)
FN:172,(anonymous_5)
FN:188,(anonymous_6)
FNF:5
FNH:0
FNDA:0,(anonymous_2)
FNDA:0,(anonymous_3)
FNDA:0,(anonymous_4)
FNDA:0,(anonymous_5)
FNDA:0,(anonymous_6)
DA:1,0
DA:3,0
DA:4,0
DA:15,0
DA:16,0
DA:20,0
DA:39,0
DA:53,0
DA:63,0
DA:64,0
DA:68,0
DA:69,0
DA:72,0
DA:73,0
DA:75,0
DA:83,0
DA:85,0
DA:87,0
DA:95,0
DA:96,0
DA:107,0
DA:115,0
DA:118,0
DA:119,0
DA:120,0
DA:130,0
DA:131,0
DA:136,0
DA:137,0
DA:138,0
DA:147,0
DA:148,0
DA:153,0
DA:154,0
DA:155,0
DA:164,0
DA:165,0
DA:169,0
DA:173,0
DA:181,0
DA:182,0
DA:185,0
DA:189,0
DA:190,0
DA:191,0
DA:194,0
DA:197,0
DA:198,0
DA:199,0
DA:202,0
LF:50
LH:0
BRDA:69,0,0,0
BRDA:69,0,1,0
BRDA:69,1,0,0
BRDA:69,1,1,0
BRDA:85,2,0,0
BRDA:85,2,1,0
BRDA:95,3,0,0
BRDA:95,3,1,0
BRDA:95,4,0,0
BRDA:95,4,1,0
BRDA:119,5,0,0
BRDA:119,5,1,0
BRDA:137,6,0,0
BRDA:137,6,1,0
BRDA:154,7,0,0
BRDA:154,7,1,0
BRDA:154,8,0,0
BRDA:154,8,1,0
BRDA:175,9,0,0
BRDA:175,9,1,0
BRDA:176,10,0,0
BRDA:176,10,1,0
BRDA:181,11,0,0
BRDA:181,11,1,0
BRDA:190,12,0,0
BRDA:190,12,1,0
BRDA:191,13,0,0
BRDA:191,13,1,0
BRDA:198,14,0,0
BRDA:198,14,1,0
BRDA:199,15,0,0
BRDA:199,15,1,0
BRDA:202,16,0,0
BRDA:202,16,1,0
BRDA:202,16,2,0
BRF:35
BRH:0
end_of_record
TN:
SF:src/sessions/session-cleanup.service.ts
FN:13,(anonymous_2)
FN:24,(anonymous_3)
FN:61,(anonymous_4)
FN:82,(anonymous_5)
FN:116,(anonymous_6)
FNF:5
FNH:0
FNDA:0,(anonymous_2)
FNDA:0,(anonymous_3)
FNDA:0,(anonymous_4)
FNDA:0,(anonymous_5)
FNDA:0,(anonymous_6)
DA:1,0
DA:2,0
DA:3,0
DA:10,0
DA:11,0
DA:13,0
DA:14,0
DA:24,0
DA:25,0
DA:27,0
DA:29,0
DA:36,0
DA:37,0
DA:44,0
DA:46,0
DA:47,0
DA:52,0
DA:61,0
DA:62,0
DA:64,0
DA:65,0
DA:71,0
DA:72,0
DA:75,0
DA:83,0
DA:84,0
DA:85,0
DA:87,0
DA:91,0
DA:98,0
DA:102,0
DA:106,0
DA:122,0
DA:124,0
DA:137,0
LF:35
LH:0
BRDA:46,0,0,0
BRDA:46,0,1,0
BRDA:71,1,0,0
BRDA:71,1,1,0
BRF:4
BRH:0
end_of_record
TN:
SF:src/sessions/sessions.controller.ts
FN:8,(anonymous_4)
FN:15,(anonymous_5)
FN:19,(anonymous_6)
FN:35,(anonymous_7)
FN:38,(anonymous_8)
FNF:5
FNH:0
FNDA:0,(anonymous_4)
FNDA:0,(anonymous_5)
FNDA:0,(anonymous_6)
FNDA:0,(anonymous_7)
FNDA:0,(anonymous_8)
DA:1,0
DA:2,0
DA:3,0
DA:7,0
DA:8,0
DA:15,0
DA:16,0
DA:19,0
DA:35,0
DA:37,0
DA:38,0
DA:40,0
DA:41,0
DA:48,0
DA:50,0
LF:15
LH:0
BRDA:40,0,0,0
BRDA:40,0,1,0
BRF:2
BRH:0
end_of_record
TN:
SF:src/sessions/sessions.module.ts
FNF:0
FNH:0
DA:1,0
DA:2,0
DA:3,0
DA:4,0
DA:5,0
DA:13,0
LF:6
LH:0
BRF:0
BRH:0
end_of_record
TN:
SF:src/sessions/sessions.service.ts
FN:8,(anonymous_2)
FN:14,(anonymous_3)
FN:27,(anonymous_4)
FN:60,(anonymous_5)
FN:87,(anonymous_6)
FN:108,(anonymous_7)
FN:132,(anonymous_8)
FN:152,(anonymous_9)
FN:164,(anonymous_10)
FN:186,(anonymous_11)
FN:209,(anonymous_12)
FN:237,(anonymous_13)
FNF:12
FNH:0
FNDA:0,(anonymous_2)
FNDA:0,(anonymous_3)
FNDA:0,(anonymous_4)
FNDA:0,(anonymous_5)
FNDA:0,(anonymous_6)
FNDA:0,(anonymous_7)
FNDA:0,(anonymous_8)
FNDA:0,(anonymous_9)
FNDA:0,(anonymous_10)
FNDA:0,(anonymous_11)
FNDA:0,(anonymous_12)
FNDA:0,(anonymous_13)
DA:1,0
DA:2,0
DA:3,0
DA:4,0
DA:7,0
DA:8,0
DA:15,0
DA:35,0
DA:36,0
DA:39,0
DA:41,0
DA:62,0
DA:64,0
DA:68,0
DA:69,0
DA:73,0
DA:74,0
DA:75,0
DA:78,0
DA:88,0
DA:98,0
DA:112,0
DA:123,0
DA:136,0
DA:153,0
DA:165,0
DA:167,0
DA:187,0
DA:189,0
DA:191,0
DA:199,0
DA:210,0
DA:211,0
DA:213,0
DA:229,0
DA:238,0
LF:36
LH:0
BRDA:30,0,0,0
BRDA:68,1,0,0
BRDA:68,1,1,0
BRDA:74,2,0,0
BRDA:74,2,1,0
BRDA:74,3,0,0
BRDA:74,3,1,0
BRDA:209,4,0,0
BRF:8
BRH:0
end_of_record
TN:
SF:src/submissions/result-formatter.service.ts
FN:31,(anonymous_1)
FN:51,(anonymous_2)
FN:69,(anonymous_3)
FN:83,(anonymous_4)
FN:118,(anonymous_5)
FN:132,(anonymous_6)
FNF:6
FNH:0
FNDA:0,(anonymous_1)
FNDA:0,(anonymous_2)
FNDA:0,(anonymous_3)
FNDA:0,(anonymous_4)
FNDA:0,(anonymous_5)
FNDA:0,(anonymous_6)
DA:1,0
DA:24,0
DA:32,0
DA:33,0
DA:36,0
DA:37,0
DA:38,0
DA:41,0
DA:52,0
DA:53,0
DA:56,0
DA:59,0
DA:60,0
DA:63,0
DA:70,0
DA:85,0
DA:86,0
DA:90,0
DA:91,0
DA:95,0
DA:96,0
DA:100,0
DA:101,0
DA:102,0
DA:104,0
DA:108,0
DA:109,0
DA:112,0
DA:119,0
DA:126,0
DA:133,0
DA:139,0
LF:32
LH:0
BRDA:32,0,0,0
BRDA:32,0,1,0
BRDA:32,1,0,0
BRDA:32,1,1,0
BRDA:32,1,2,0
BRDA:32,1,3,0
BRDA:36,2,0,0
BRDA:36,2,1,0
BRDA:37,3,0,0
BRDA:37,3,1,0
BRDA:52,4,0,0
BRDA:52,4,1,0
BRDA:52,5,0,0
BRDA:52,5,1,0
BRDA:59,6,0,0
BRDA:59,6,1,0
BRDA:85,7,0,0
BRDA:85,7,1,0
BRDA:90,8,0,0
BRDA:90,8,1,0
BRDA:91,9,0,0
BRDA:91,9,1,0
BRDA:95,10,0,0
BRDA:95,10,1,0
BRDA:100,11,0,0
BRDA:100,11,1,0
BRDA:101,12,0,0
BRDA:101,12,1,0
BRDA:104,13,0,0
BRDA:104,13,1,0
BRDA:108,14,0,0
BRDA:108,14,1,0
BRDA:109,15,0,0
BRDA:109,15,1,0
BRDA:126,16,0,0
BRDA:126,16,1,0
BRDA:139,17,0,0
BRDA:139,17,1,0
BRF:38
BRH:0
end_of_record
TN:
SF:src/submissions/submissions.controller.ts
FN:26,(anonymous_4)
FN:35,(anonymous_5)
FN:38,(anonymous_6)
FN:54,(anonymous_7)
FN:76,(anonymous_8)
FN:96,(anonymous_9)
FN:99,(anonymous_10)
FN:100,(anonymous_11)
FN:101,(anonymous_12)
FN:121,(anonymous_13)
FN:124,(anonymous_14)
FN:125,(anonymous_15)
FN:126,(anonymous_16)
FN:149,(anonymous_17)
FN:160,(anonymous_18)
FN:170,(anonymous_19)
FN:183,(anonymous_20)
FN:194,(anonymous_21)
FN:206,(anonymous_22)
FN:219,(anonymous_23)
FNF:20
FNH:0
FNDA:0,(anonymous_4)
FNDA:0,(anonymous_5)
FNDA:0,(anonymous_6)
FNDA:0,(anonymous_7)
FNDA:0,(anonymous_8)
FNDA:0,(anonymous_9)
FNDA:0,(anonymous_10)
FNDA:0,(anonymous_11)
FNDA:0,(anonymous_12)
FNDA:0,(anonymous_13)
FNDA:0,(anonymous_14)
FNDA:0,(anonymous_15)
FNDA:0,(anonymous_16)
FNDA:0,(anonymous_17)
FNDA:0,(anonymous_18)
FNDA:0,(anonymous_19)
FNDA:0,(anonymous_20)
FNDA:0,(anonymous_21)
FNDA:0,(anonymous_22)
FNDA:0,(anonymous_23)
DA:1,0
DA:15,0
DA:16,0
DA:17,0
DA:18,0
DA:19,0
DA:20,0
DA:21,0
DA:25,0
DA:27,0
DA:28,0
DA:29,0
DA:36,0
DA:37,0
DA:38,0
DA:39,0
DA:41,0
DA:54,0
DA:55,0
DA:56,0
DA:76,0
DA:77,0
DA:96,0
DA:98,0
DA:99,0
DA:100,0
DA:101,0
DA:105,0
DA:106,0
DA:107,0
DA:121,0
DA:123,0
DA:124,0
DA:125,0
DA:126,0
DA:130,0
DA:131,0
DA:132,0
DA:149,0
DA:150,0
DA:151,0
DA:160,0
DA:161,0
DA:170,0
DA:171,0
DA:183,0
DA:184,0
DA:185,0
DA:194,0
DA:195,0
DA:206,0
DA:207,0
DA:209,0
DA:219,0
DA:220,0
DA:223,0
DA:224,0
DA:227,0
LF:58
LH:0
BRDA:37,0,0,0
BRDA:37,0,1,0
BRDA:41,1,0,0
BRDA:41,1,1,0
BRDA:41,1,2,0
BRDA:41,2,0,0
BRDA:41,2,1,0
BRDA:41,3,0,0
BRDA:41,3,1,0
BRDA:150,4,0,0
BRDA:150,4,1,0
BRDA:150,5,0,0
BRDA:150,5,1,0
BRDA:184,6,0,0
BRDA:184,6,1,0
BRDA:223,7,0,0
BRDA:223,7,1,0
BRF:17
BRH:0
end_of_record
TN:
SF:src/submissions/submissions.module.ts
FNF:0
FNH:0
DA:1,0
DA:2,0
DA:3,0
DA:4,0
DA:5,0
DA:6,0
DA:7,0
DA:8,0
DA:9,0
DA:10,0
DA:11,0
DA:12,0
DA:25,0
LF:13
LH:0
BRF:0
BRH:0
end_of_record
TN:
SF:src/submissions/submissions.service.ts
FN:90,(anonymous_2)
FN:106,(anonymous_3)
FN:240,(anonymous_4)
FN:293,(anonymous_5)
FN:418,(anonymous_6)
FN:499,(anonymous_7)
FN:501,(anonymous_8)
FN:538,(anonymous_9)
FN:554,(anonymous_10)
FN:580,(anonymous_11)
FN:630,(anonymous_12)
FN:642,(anonymous_13)
FN:680,(anonymous_14)
FN:709,(anonymous_15)
FN:721,(anonymous_16)
FN:742,(anonymous_17)
FNF:16
FNH:0
FNDA:0,(anonymous_2)
FNDA:0,(anonymous_3)
FNDA:0,(anonymous_4)
FNDA:0,(anonymous_5)
FNDA:0,(anonymous_6)
FNDA:0,(anonymous_7)
FNDA:0,(anonymous_8)
FNDA:0,(anonymous_9)
FNDA:0,(anonymous_10)
FNDA:0,(anonymous_11)
FNDA:0,(anonymous_12)
FNDA:0,(anonymous_13)
FNDA:0,(anonymous_14)
FNDA:0,(anonymous_15)
FNDA:0,(anonymous_16)
FNDA:0,(anonymous_17)
DA:1,0
DA:8,0
DA:9,0
DA:10,0
DA:11,0
DA:12,0
DA:13,0
DA:14,0
DA:15,0
DA:16,0
DA:17,0
DA:18,0
DA:87,0
DA:88,0
DA:91,0
DA:92,0
DA:93,0
DA:94,0
DA:95,0
DA:96,0
DA:97,0
DA:98,0
DA:99,0
DA:114,0
DA:117,0
DA:120,0
DA:124,0
DA:125,0
DA:131,0
DA:135,0
DA:136,0
DA:142,0
DA:145,0
DA:146,0
DA:150,0
DA:155,0
DA:158,0
DA:164,0
DA:169,0
DA:176,0
DA:177,0
DA:180,0
DA:200,0
DA:209,0
DA:210,0
DA:213,0
DA:248,0
DA:251,0
DA:254,0
DA:260,0
DA:261,0
DA:262,0
DA:265,0
DA:270,0
DA:277,0
DA:285,0
DA:309,0
DA:312,0
DA:316,0
DA:317,0
DA:321,0
DA:322,0
DA:329,0
DA:331,0
DA:334,0
DA:337,0
DA:343,0
DA:350,0
DA:351,0
DA:352,0
DA:357,0
DA:358,0
DA:363,0
DA:374,0
DA:375,0
DA:376,0
DA:404,0
DA:407,0
DA:411,0
DA:424,0
DA:437,0
DA:438,0
DA:441,0
DA:442,0
DA:447,0
DA:448,0
DA:454,0
DA:458,0
DA:459,0
DA:464,0
DA:467,0
DA:478,0
DA:485,0
DA:486,0
DA:489,0
DA:499,0
DA:501,0
DA:511,0
DA:519,0
DA:539,0
DA:544,0
DA:545,0
DA:548,0
DA:555,0
DA:594,0
DA:601,0
DA:602,0
DA:605,0
DA:624,0
DA:631,0
DA:654,0
DA:655,0
DA:656,0
DA:657,0
DA:659,0
DA:684,0
DA:699,0
DA:700,0
DA:703,0
DA:710,0
DA:711,0
DA:712,0
DA:727,0
DA:728,0
DA:735,0
DA:755,0
DA:756,0
DA:759,0
DA:761,0
DA:763,0
DA:772,0
DA:776,0
DA:779,0
DA:782,0
DA:786,0
DA:789,0
DA:791,0
LF:137
LH:0
BRDA:124,0,0,0
BRDA:124,0,1,0
BRDA:135,1,0,0
BRDA:135,1,1,0
BRDA:145,2,0,0
BRDA:145,2,1,0
BRDA:145,3,0,0
BRDA:145,3,1,0
BRDA:145,4,0,0
BRDA:145,4,1,0
BRDA:145,5,0,0
BRDA:145,5,1,0
BRDA:146,6,0,0
BRDA:146,6,1,0
BRDA:190,7,0,0
BRDA:190,7,1,0
BRDA:191,8,0,0
BRDA:191,8,1,0
BRDA:193,9,0,0
BRDA:193,9,1,0
BRDA:209,10,0,0
BRDA:209,10,1,0
BRDA:223,11,0,0
BRDA:223,11,1,0
BRDA:224,12,0,0
BRDA:224,12,1,0
BRDA:226,13,0,0
BRDA:226,13,1,0
BRDA:228,14,0,0
BRDA:228,14,1,0
BRDA:228,15,0,0
BRDA:228,15,1,0
BRDA:229,16,0,0
BRDA:229,16,1,0
BRDA:229,17,0,0
BRDA:229,17,1,0
BRDA:230,18,0,0
BRDA:230,18,1,0
BRDA:230,19,0,0
BRDA:230,19,1,0
BRDA:231,20,0,0
BRDA:231,20,1,0
BRDA:231,21,0,0
BRDA:231,21,1,0
BRDA:232,22,0,0
BRDA:232,22,1,0
BRDA:232,23,0,0
BRDA:232,23,1,0
BRDA:260,24,0,0
BRDA:260,24,1,0
BRDA:266,25,0,0
BRDA:266,25,1,0
BRDA:316,26,0,0
BRDA:316,26,1,0
BRDA:321,27,0,0
BRDA:321,27,1,0
BRDA:351,28,0,0
BRDA:351,28,1,0
BRDA:351,29,0,0
BRDA:351,29,1,0
BRDA:374,30,0,0
BRDA:374,30,1,0
BRDA:388,31,0,0
BRDA:388,31,1,0
BRDA:399,32,0,0
BRDA:399,32,1,0
BRDA:437,33,0,0
BRDA:437,33,1,0
BRDA:441,34,0,0
BRDA:441,34,1,0
BRDA:447,35,0,0
BRDA:447,35,1,0
BRDA:458,36,0,0
BRDA:458,36,1,0
BRDA:485,37,0,0
BRDA:485,37,1,0
BRDA:527,38,0,0
BRDA:527,38,1,0
BRDA:527,39,0,0
BRDA:527,39,1,0
BRDA:528,40,0,0
BRDA:528,40,1,0
BRDA:528,41,0,0
BRDA:528,41,1,0
BRDA:529,42,0,0
BRDA:529,42,1,0
BRDA:529,43,0,0
BRDA:529,43,1,0
BRDA:530,44,0,0
BRDA:530,44,1,0
BRDA:530,45,0,0
BRDA:530,45,1,0
BRDA:531,46,0,0
BRDA:531,46,1,0
BRDA:531,47,0,0
BRDA:531,47,1,0
BRDA:544,48,0,0
BRDA:544,48,1,0
BRDA:601,49,0,0
BRDA:601,49,1,0
BRDA:630,50,0,0
BRDA:682,51,0,0
BRDA:688,52,0,0
BRDA:688,52,1,0
BRDA:699,53,0,0
BRDA:699,53,1,0
BRDA:711,54,0,0
BRDA:711,54,1,0
BRDA:727,55,0,0
BRDA:727,55,1,0
BRDA:755,56,0,0
BRDA:755,56,1,0
BRDA:782,57,0,0
BRDA:782,57,1,0
BRDA:783,58,0,0
BRDA:783,58,1,0
BRF:116
BRH:0
end_of_record
TN:
SF:src/submissions/test-parser.service.ts
FN:56,(anonymous_1)
FN:73,(anonymous_2)
FN:86,(anonymous_3)
FN:109,(anonymous_4)
FN:155,(anonymous_5)
FN:163,(anonymous_6)
FN:180,(anonymous_7)
FN:194,(anonymous_8)
FN:229,(anonymous_9)
FN:252,(anonymous_10)
FNF:10
FNH:0
FNDA:0,(anonymous_1)
FNDA:0,(anonymous_2)
FNDA:0,(anonymous_3)
FNDA:0,(anonymous_4)
FNDA:0,(anonymous_5)
FNDA:0,(anonymous_6)
FNDA:0,(anonymous_7)
FNDA:0,(anonymous_8)
FNDA:0,(anonymous_9)
FNDA:0,(anonymous_10)
DA:1,0
DA:48,0
DA:57,0
DA:60,0
DA:61,0
DA:62,0
DA:66,0
DA:74,0
DA:76,0
DA:77,0
DA:78,0
DA:81,0
DA:82,0
DA:83,0
DA:86,0
DA:95,0
DA:101,0
DA:110,0
DA:111,0
DA:114,0
DA:117,0
DA:118,0
DA:121,0
DA:122,0
DA:123,0
DA:125,0
DA:131,0
DA:132,0
DA:133,0
DA:134,0
DA:135,0
DA:136,0
DA:140,0
DA:144,0
DA:145,0
DA:146,0
DA:153,0
DA:155,0
DA:164,0
DA:165,0
DA:168,0
DA:169,0
DA:170,0
DA:174,0
DA:181,0
DA:184,0
DA:185,0
DA:188,0
DA:199,0
DA:201,0
DA:208,0
DA:209,0
DA:212,0
DA:215,0
DA:219,0
DA:234,0
DA:235,0
DA:238,0
DA:239,0
DA:242,0
DA:243,0
DA:246,0
DA:253,0
DA:254,0
DA:256,0
LF:65
LH:0
BRDA:61,0,0,0
BRDA:61,0,1,0
BRDA:77,1,0,0
BRDA:77,1,1,0
BRDA:82,2,0,0
BRDA:82,2,1,0
BRDA:82,3,0,0
BRDA:82,3,1,0
BRDA:87,4,0,0
BRDA:87,4,1,0
BRDA:88,5,0,0
BRDA:88,5,1,0
BRDA:97,6,0,0
BRDA:97,6,1,0
BRDA:98,7,0,0
BRDA:98,7,1,0
BRDA:127,8,0,0
BRDA:127,8,1,0
BRDA:131,9,0,0
BRDA:131,9,1,0
BRDA:133,10,0,0
BRDA:133,10,1,0
BRDA:145,11,0,0
BRDA:145,11,1,0
BRDA:169,12,0,0
BRDA:169,12,1,0
BRDA:208,13,0,0
BRDA:208,13,1,0
BRDA:221,14,0,0
BRDA:221,14,1,0
BRDA:221,15,0,0
BRDA:221,15,1,0
BRDA:221,16,0,0
BRDA:221,16,1,0
BRDA:221,17,0,0
BRDA:221,17,1,0
BRDA:222,18,0,0
BRDA:222,18,1,0
BRDA:222,19,0,0
BRDA:222,19,1,0
BRDA:222,20,0,0
BRDA:222,20,1,0
BRDA:222,21,0,0
BRDA:222,21,1,0
BRDA:234,22,0,0
BRDA:234,22,1,0
BRDA:238,23,0,0
BRDA:238,23,1,0
BRDA:238,24,0,0
BRDA:238,24,1,0
BRDA:242,25,0,0
BRDA:242,25,1,0
BRDA:242,26,0,0
BRDA:242,26,1,0
BRDA:253,27,0,0
BRDA:253,27,1,0
BRDA:256,28,0,0
BRDA:256,28,1,0
BRF:58
BRH:0
end_of_record
TN:
SF:src/submissions/dto/submissions.dto.ts
FNF:0
FNH:0
DA:1,0
DA:4,0
DA:5,0
DA:7,0
DA:11,0
DA:15,0
DA:19,0
DA:22,0
DA:26,0
DA:30,0
DA:35,0
DA:38,0
DA:42,0
DA:46,0
DA:50,0
DA:54,0
DA:56,0
DA:60,0
DA:64,0
LF:19
LH:0
BRF:0
BRH:0
end_of_record
TN:
SF:src/subscriptions/access-control.service.ts
FN:17,(anonymous_2)
FN:23,(anonymous_3)
FN:33,(anonymous_4)
FN:51,(anonymous_5)
FN:93,(anonymous_6)
FN:102,(anonymous_7)
FN:139,(anonymous_8)
FN:166,(anonymous_9)
FN:210,(anonymous_10)
FN:227,(anonymous_11)
FN:247,(anonymous_12)
FNF:11
FNH:0
FNDA:0,(anonymous_2)
FNDA:0,(anonymous_3)
FNDA:0,(anonymous_4)
FNDA:0,(anonymous_5)
FNDA:0,(anonymous_6)
FNDA:0,(anonymous_7)
FNDA:0,(anonymous_8)
FNDA:0,(anonymous_9)
FNDA:0,(anonymous_10)
FNDA:0,(anonymous_11)
FNDA:0,(anonymous_12)
DA:1,0
DA:2,0
DA:6,0
DA:7,0
DA:11,0
DA:14,0
DA:15,0
DA:17,0
DA:24,0
DA:25,0
DA:26,0
DA:34,0
DA:36,0
DA:44,0
DA:53,0
DA:54,0
DA:58,0
DA:64,0
DA:66,0
DA:67,0
DA:71,0
DA:74,0
DA:86,0
DA:94,0
DA:95,0
DA:104,0
DA:115,0
DA:116,0
DA:119,0
DA:122,0
DA:123,0
DA:127,0
DA:132,0
DA:140,0
DA:151,0
DA:152,0
DA:155,0
DA:156,0
DA:167,0
DA:178,0
DA:179,0
DA:189,0
DA:190,0
DA:191,0
DA:195,0
DA:197,0
DA:214,0
DA:216,0
DA:228,0
DA:230,0
DA:251,0
DA:252,0
DA:255,0
DA:261,0
DA:263,0
DA:264,0
DA:272,0
DA:284,0
DA:287,0
DA:288,0
DA:293,0
LF:61
LH:0
BRDA:53,0,0,0
BRDA:53,0,1,0
BRDA:64,1,0,0
BRDA:64,1,1,0
BRDA:66,2,0,0
BRDA:66,2,1,0
BRDA:66,3,0,0
BRDA:66,3,1,0
BRDA:95,4,0,0
BRDA:95,4,1,0
BRDA:115,5,0,0
BRDA:115,5,1,0
BRDA:115,6,0,0
BRDA:115,6,1,0
BRDA:115,7,0,0
BRDA:115,7,1,0
BRDA:122,8,0,0
BRDA:122,8,1,0
BRDA:132,9,0,0
BRDA:132,9,1,0
BRDA:132,10,0,0
BRDA:132,10,1,0
BRDA:151,11,0,0
BRDA:151,11,1,0
BRDA:151,12,0,0
BRDA:151,12,1,0
BRDA:151,13,0,0
BRDA:151,13,1,0
BRDA:178,14,0,0
BRDA:178,14,1,0
BRDA:178,15,0,0
BRDA:178,15,1,0
BRDA:178,16,0,0
BRDA:178,16,1,0
BRDA:195,17,0,0
BRDA:195,17,1,0
BRDA:201,18,0,0
BRDA:201,18,1,0
BRDA:203,19,0,0
BRDA:203,19,1,0
BRDA:218,20,0,0
BRDA:218,20,1,0
BRDA:261,21,0,0
BRDA:261,21,1,0
BRDA:263,22,0,0
BRDA:263,22,1,0
BRDA:263,23,0,0
BRDA:263,23,1,0
BRDA:287,24,0,0
BRDA:287,24,1,0
BRDA:295,25,0,0
BRDA:295,25,1,0
BRF:52
BRH:0
end_of_record
TN:
SF:src/subscriptions/subscriptions.controller.ts
FN:24,(anonymous_4)
FN:36,(anonymous_5)
FN:44,(anonymous_6)
FN:53,(anonymous_7)
FN:62,(anonymous_8)
FN:74,(anonymous_9)
FN:88,(anonymous_10)
FN:102,(anonymous_11)
FN:127,(anonymous_12)
FNF:9
FNH:0
FNDA:0,(anonymous_4)
FNDA:0,(anonymous_5)
FNDA:0,(anonymous_6)
FNDA:0,(anonymous_7)
FNDA:0,(anonymous_8)
FNDA:0,(anonymous_9)
FNDA:0,(anonymous_10)
FNDA:0,(anonymous_11)
FNDA:0,(anonymous_12)
DA:1,0
DA:13,0
DA:14,0
DA:15,0
DA:16,0
DA:18,0
DA:21,0
DA:25,0
DA:26,0
DA:27,0
DA:29,0
DA:36,0
DA:37,0
DA:44,0
DA:45,0
DA:53,0
DA:54,0
DA:62,0
DA:66,0
DA:74,0
DA:78,0
DA:88,0
DA:93,0
DA:94,0
DA:102,0
DA:106,0
DA:107,0
DA:113,0
DA:114,0
DA:119,0
DA:127,0
DA:131,0
LF:32
LH:0
BRDA:29,0,0,0
BRDA:29,0,1,0
BRDA:93,1,0,0
BRDA:93,1,1,0
BRDA:106,2,0,0
BRDA:106,2,1,0
BRDA:113,3,0,0
BRDA:113,3,1,0
BRF:8
BRH:0
end_of_record
TN:
SF:src/subscriptions/subscriptions.module.ts
FNF:0
FNH:0
DA:1,0
DA:2,0
DA:3,0
DA:4,0
DA:5,0
DA:13,0
LF:6
LH:0
BRF:0
BRH:0
end_of_record
TN:
SF:src/subscriptions/subscriptions.service.ts
FN:7,(anonymous_2)
FN:12,(anonymous_3)
FN:33,(anonymous_4)
FN:49,(anonymous_5)
FN:65,(anonymous_6)
FN:91,(anonymous_7)
FN:136,(anonymous_8)
FN:161,(anonymous_9)
FN:193,(anonymous_10)
FN:210,(anonymous_11)
FNF:10
FNH:0
FNDA:0,(anonymous_2)
FNDA:0,(anonymous_3)
FNDA:0,(anonymous_4)
FNDA:0,(anonymous_5)
FNDA:0,(anonymous_6)
FNDA:0,(anonymous_7)
FNDA:0,(anonymous_8)
FNDA:0,(anonymous_9)
FNDA:0,(anonymous_10)
FNDA:0,(anonymous_11)
DA:1,0
DA:2,0
DA:6,0
DA:7,0
DA:13,0
DA:34,0
DA:39,0
DA:40,0
DA:43,0
DA:50,0
DA:55,0
DA:56,0
DA:59,0
DA:66,0
DA:92,0
DA:97,0
DA:98,0
DA:99,0
DA:102,0
DA:103,0
DA:109,0
DA:130,0
DA:137,0
DA:144,0
DA:145,0
DA:148,0
DA:162,0
DA:166,0
DA:167,0
DA:171,0
DA:172,0
DA:173,0
DA:174,0
DA:176,0
DA:177,0
DA:180,0
DA:194,0
DA:196,0
DA:211,0
DA:212,0
DA:213,0
DA:215,0
LF:42
LH:0
BRDA:39,0,0,0
BRDA:39,0,1,0
BRDA:55,1,0,0
BRDA:55,1,1,0
BRDA:102,2,0,0
BRDA:102,2,1,0
BRDA:119,3,0,0
BRDA:119,3,1,0
BRDA:119,4,0,0
BRDA:119,4,1,0
BRDA:125,5,0,0
BRDA:125,5,1,0
BRDA:125,6,0,0
BRDA:125,6,1,0
BRDA:144,7,0,0
BRDA:144,7,1,0
BRDA:166,8,0,0
BRDA:166,8,1,0
BRDA:176,9,0,0
BRDA:176,9,1,0
BRF:20
BRH:0
end_of_record
TN:
SF:src/subscriptions/dto/subscription.dto.ts
FNF:0
FNH:0
DA:1,0
DA:3,0
DA:5,0
DA:9,0
DA:12,0
DA:24,0
DA:35,0
DA:44,0
LF:8
LH:0
BRF:0
BRH:0
end_of_record
TN:
SF:src/tasks/tasks.controller.ts
FN:10,(anonymous_4)
FN:14,(anonymous_5)
FN:21,(anonymous_6)
FNF:3
FNH:0
FNDA:0,(anonymous_4)
FNDA:0,(anonymous_5)
FNDA:0,(anonymous_6)
DA:1,0
DA:2,0
DA:3,0
DA:5,0
DA:9,0
DA:10,0
DA:14,0
DA:16,0
DA:21,0
DA:22,0
LF:10
LH:0
BRDA:16,0,0,0
BRDA:16,0,1,0
BRDA:16,1,0,0
BRDA:16,1,1,0
BRDA:22,2,0,0
BRDA:22,2,1,0
BRDA:22,3,0,0
BRDA:22,3,1,0
BRF:8
BRH:0
end_of_record
TN:
SF:src/tasks/tasks.module.ts
FNF:0
FNH:0
DA:1,0
DA:2,0
DA:3,0
DA:10,0
LF:4
LH:0
BRF:0
BRH:0
end_of_record
TN:
SF:src/tasks/tasks.service.ts
FN:6,(anonymous_2)
FN:11,(anonymous_3)
FN:27,(anonymous_4)
FN:42,(anonymous_5)
FN:45,(anonymous_6)
FN:56,(anonymous_7)
FNF:6
FNH:0
FNDA:0,(anonymous_2)
FNDA:0,(anonymous_3)
FNDA:0,(anonymous_4)
FNDA:0,(anonymous_5)
FNDA:0,(anonymous_6)
FNDA:0,(anonymous_7)
DA:1,0
DA:2,0
DA:5,0
DA:6,0
DA:12,0
DA:26,0
DA:27,0
DA:31,0
DA:42,0
DA:45,0
DA:50,0
DA:57,0
DA:61,0
DA:62,0
DA:65,0
DA:67,0
DA:68,0
DA:75,0
DA:78,0
LF:19
LH:0
BRDA:26,0,0,0
BRDA:26,0,1,0
BRDA:47,1,0,0
BRDA:47,1,1,0
BRDA:61,2,0,0
BRDA:61,2,1,0
BRDA:67,3,0,0
BRDA:67,3,1,0
BRDA:75,4,0,0
BRDA:75,4,1,0
BRF:10
BRH:0
end_of_record
TN:
SF:src/user-courses/index.ts
FNF:0
FNH:0
DA:1,0
DA:2,0
DA:3,0
DA:4,0
LF:4
LH:0
BRF:0
BRH:0
end_of_record
TN:
SF:src/user-courses/user-courses.controller.ts
FN:20,(anonymous_4)
FN:27,(anonymous_5)
FN:37,(anonymous_6)
FN:47,(anonymous_7)
FN:65,(anonymous_8)
FNF:5
FNH:0
FNDA:0,(anonymous_4)
FNDA:0,(anonymous_5)
FNDA:0,(anonymous_6)
FNDA:0,(anonymous_7)
FNDA:0,(anonymous_8)
DA:1,0
DA:13,0
DA:14,0
DA:15,0
DA:19,0
DA:20,0
DA:27,0
DA:28,0
DA:37,0
DA:38,0
DA:47,0
DA:52,0
DA:65,0
DA:69,0
LF:14
LH:0
BRF:0
BRH:0
end_of_record
TN:
SF:src/user-courses/user-courses.module.ts
FNF:0
FNH:0
DA:1,0
DA:2,0
DA:3,0
DA:4,0
DA:12,0
LF:5
LH:0
BRF:0
BRH:0
end_of_record
TN:
SF:src/user-courses/user-courses.service.ts
FN:11,(anonymous_2)
FN:16,(anonymous_3)
FN:25,(anonymous_4)
FN:41,(anonymous_5)
FN:58,(anonymous_6)
FN:72,(anonymous_7)
FN:94,(anonymous_8)
FN:120,(anonymous_9)
FN:122,(anonymous_10)
FN:123,(anonymous_11)
FN:163,(anonymous_12)
FN:176,(anonymous_13)
FN:186,(anonymous_14)
FN:224,(anonymous_15)
FN:284,(anonymous_16)
FN:345,(anonymous_17)
FNF:16
FNH:0
FNDA:0,(anonymous_2)
FNDA:0,(anonymous_3)
FNDA:0,(anonymous_4)
FNDA:0,(anonymous_5)
FNDA:0,(anonymous_6)
FNDA:0,(anonymous_7)
FNDA:0,(anonymous_8)
FNDA:0,(anonymous_9)
FNDA:0,(anonymous_10)
FNDA:0,(anonymous_11)
FNDA:0,(anonymous_12)
FNDA:0,(anonymous_13)
FNDA:0,(anonymous_14)
FNDA:0,(anonymous_15)
FNDA:0,(anonymous_16)
FNDA:0,(anonymous_17)
DA:1,0
DA:2,0
DA:5,0
DA:8,0
DA:9,0
DA:11,0
DA:17,0
DA:18,0
DA:19,0
DA:26,0
DA:27,0
DA:35,0
DA:42,0
DA:45,0
DA:57,0
DA:58,0
DA:59,0
DA:60,0
DA:64,0
DA:73,0
DA:75,0
DA:78,0
DA:83,0
DA:88,0
DA:89,0
DA:90,0
DA:94,0
DA:95,0
DA:119,0
DA:121,0
DA:122,0
DA:123,0
DA:125,0
DA:130,0
DA:162,0
DA:163,0
DA:164,0
DA:165,0
DA:166,0
DA:168,0
DA:171,0
DA:175,0
DA:177,0
DA:180,0
DA:183,0
DA:184,0
DA:187,0
DA:188,0
DA:190,0
DA:194,0
DA:210,0
DA:212,0
DA:216,0
DA:225,0
DA:227,0
DA:231,0
DA:232,0
DA:236,0
DA:255,0
DA:257,0
DA:272,0
DA:276,0
DA:285,0
DA:287,0
DA:288,0
DA:292,0
DA:301,0
DA:302,0
DA:308,0
DA:322,0
DA:326,0
DA:333,0
DA:337,0
DA:346,0
DA:348,0
DA:367,0
DA:371,0
DA:376,0
DA:380,0
LF:79
LH:0
BRDA:59,0,0,0
BRDA:59,0,1,0
BRDA:78,1,0,0
BRDA:78,1,1,0
BRDA:88,2,0,0
BRDA:88,2,1,0
BRDA:165,3,0,0
BRDA:165,3,1,0
BRDA:177,4,0,0
BRDA:177,4,1,0
BRDA:180,5,0,0
BRDA:180,5,1,0
BRDA:188,6,0,0
BRDA:188,6,1,0
BRDA:188,7,0,0
BRDA:188,7,1,0
BRDA:188,8,0,0
BRDA:188,8,1,0
BRDA:190,9,0,0
BRDA:190,9,1,0
BRDA:206,10,0,0
BRDA:206,10,1,0
BRDA:214,11,0,0
BRDA:214,11,1,0
BRDA:231,12,0,0
BRDA:231,12,1,0
BRDA:274,13,0,0
BRDA:274,13,1,0
BRDA:287,14,0,0
BRDA:287,14,1,0
BRDA:287,15,0,0
BRDA:287,15,1,0
BRDA:301,16,0,0
BRDA:301,16,1,0
BRDA:318,17,0,0
BRDA:318,17,1,0
BRDA:335,18,0,0
BRDA:335,18,1,0
BRDA:378,19,0,0
BRDA:378,19,1,0
BRF:40
BRH:0
end_of_record
TN:
SF:src/user-courses/dto/user-courses.dto.ts
FNF:0
FNH:0
DA:1,0
DA:3,0
DA:7,0
LF:3
LH:0
BRF:0
BRH:0
end_of_record
TN:
SF:src/users/users.controller.ts
FN:10,(anonymous_5)
FN:14,(anonymous_6)
FN:30,(anonymous_7)
FN:40,(anonymous_8)
FN:55,(anonymous_9)
FN:61,(anonymous_10)
FN:77,(anonymous_11)
FN:92,(anonymous_12)
FNF:8
FNH:0
FNDA:0,(anonymous_5)
FNDA:0,(anonymous_6)
FNDA:0,(anonymous_7)
FNDA:0,(anonymous_8)
FNDA:0,(anonymous_9)
FNDA:0,(anonymous_10)
FNDA:0,(anonymous_11)
FNDA:0,(anonymous_12)
DA:2,0
DA:3,0
DA:4,0
DA:5,0
DA:9,0
DA:10,0
DA:14,0
DA:15,0
DA:18,0
DA:19,0
DA:21,0
DA:30,0
DA:31,0
DA:40,0
DA:45,0
DA:46,0
DA:47,0
DA:55,0
DA:56,0
DA:61,0
DA:62,0
DA:65,0
DA:66,0
DA:68,0
DA:77,0
DA:78,0
DA:81,0
DA:82,0
DA:84,0
DA:94,0
DA:97,0
DA:98,0
DA:100,0
DA:101,0
DA:104,0
LF:35
LH:0
BRDA:45,0,0,0
BRDA:45,0,1,0
BRDA:46,1,0,0
BRDA:46,1,1,0
BRDA:97,2,0,0
BRDA:97,2,1,0
BRDA:100,3,0,0
BRDA:100,3,1,0
BRF:8
BRH:0
end_of_record
TN:
SF:src/users/users.module.ts
FNF:0
FNH:0
DA:1,0
DA:2,0
DA:3,0
DA:10,0
LF:4
LH:0
BRF:0
BRH:0
end_of_record
TN:
SF:src/users/users.service.ts
FN:27,(anonymous_2)
FN:33,(anonymous_3)
FN:43,(anonymous_4)
FN:71,(anonymous_5)
FN:95,(anonymous_6)
FN:101,(anonymous_7)
FN:117,(anonymous_8)
FN:127,(anonymous_9)
FN:142,(anonymous_10)
FN:165,(anonymous_11)
FN:199,(anonymous_12)
FN:229,(anonymous_13)
FN:234,(anonymous_14)
FN:252,(anonymous_15)
FN:268,(anonymous_16)
FN:276,(anonymous_17)
FN:287,(anonymous_18)
FN:303,(anonymous_19)
FN:325,(anonymous_20)
FN:335,(anonymous_21)
FNF:20
FNH:0
FNDA:0,(anonymous_2)
FNDA:0,(anonymous_3)
FNDA:0,(anonymous_4)
FNDA:0,(anonymous_5)
FNDA:0,(anonymous_6)
FNDA:0,(anonymous_7)
FNDA:0,(anonymous_8)
FNDA:0,(anonymous_9)
FNDA:0,(anonymous_10)
FNDA:0,(anonymous_11)
FNDA:0,(anonymous_12)
FNDA:0,(anonymous_13)
FNDA:0,(anonymous_14)
FNDA:0,(anonymous_15)
FNDA:0,(anonymous_16)
FNDA:0,(anonymous_17)
FNDA:0,(anonymous_18)
FNDA:0,(anonymous_19)
FNDA:0,(anonymous_20)
FNDA:0,(anonymous_21)
DA:2,0
DA:3,0
DA:26,0
DA:27,0
DA:34,0
DA:44,0
DA:72,0
DA:96,0
DA:102,0
DA:118,0
DA:129,0
DA:135,0
DA:141,0
DA:142,0
DA:143,0
DA:144,0
DA:147,0
DA:150,0
DA:153,0
DA:156,0
DA:157,0
DA:160,0
DA:161,0
DA:162,0
DA:164,0
DA:165,0
DA:166,0
DA:167,0
DA:172,0
DA:177,0
DA:179,0
DA:181,0
DA:200,0
DA:201,0
DA:204,0
DA:205,0
DA:206,0
DA:208,0
DA:209,0
DA:210,0
DA:212,0
DA:223,0
DA:224,0
DA:225,0
DA:226,0
DA:228,0
DA:229,0
DA:230,0
DA:233,0
DA:234,0
DA:235,0
DA:238,0
DA:246,0
DA:253,0
DA:254,0
DA:255,0
DA:257,0
DA:267,0
DA:268,0
DA:269,0
DA:270,0
DA:271,0
DA:273,0
DA:276,0
DA:288,0
DA:295,0
DA:304,0
DA:314,0
DA:316,0
DA:329,0
DA:330,0
DA:334,0
DA:335,0
DA:336,0
DA:337,0
DA:341,0
DA:342,0
DA:346,0
DA:349,0
DA:350,0
DA:352,0
DA:353,0
DA:354,0
DA:355,0
DA:357,0
DA:358,0
DA:359,0
DA:361,0
DA:366,0
DA:367,0
DA:369,0
DA:372,0
DA:373,0
DA:374,0
DA:376,0
DA:377,0
DA:378,0
DA:382,0
LF:98
LH:0
BRDA:143,0,0,0
BRDA:143,0,1,0
BRDA:153,1,0,0
BRDA:153,1,1,0
BRDA:153,2,0,0
BRDA:153,2,1,0
BRDA:153,3,0,0
BRDA:153,3,1,0
BRDA:156,4,0,0
BRDA:156,4,1,0
BRDA:156,5,0,0
BRDA:156,5,1,0
BRDA:156,6,0,0
BRDA:156,6,1,0
BRDA:157,7,0,0
BRDA:157,7,1,0
BRDA:157,8,0,0
BRDA:157,8,1,0
BRDA:157,9,0,0
BRDA:157,9,1,0
BRDA:166,10,0,0
BRDA:166,10,1,0
BRDA:166,11,0,0
BRDA:166,11,1,0
BRDA:173,12,0,0
BRDA:173,12,1,0
BRDA:173,13,0,0
BRDA:173,13,1,0
BRDA:173,14,0,0
BRDA:173,14,1,0
BRDA:179,15,0,0
BRDA:179,15,1,0
BRDA:199,16,0,0
BRDA:199,17,0,0
BRDA:235,18,0,0
BRDA:235,18,1,0
BRDA:270,19,0,0
BRDA:270,19,1,0
BRDA:314,20,0,0
BRDA:314,20,1,0
BRDA:329,21,0,0
BRDA:329,21,1,0
BRDA:336,22,0,0
BRDA:336,22,1,0
BRDA:341,23,0,0
BRDA:341,23,1,0
BRDA:357,24,0,0
BRDA:357,24,1,0
BRDA:372,25,0,0
BRDA:372,25,1,0
BRDA:372,26,0,0
BRDA:372,26,1,0
BRDA:373,27,0,0
BRDA:373,27,1,0
BRF:54
BRH:0
end_of_record
TN:
SF:src/users/dto/users.dto.ts
FN:37,(anonymous_2)
FNF:1
FNH:0
FNDA:0,(anonymous_2)
DA:1,0
DA:2,0
DA:7,0
DA:11,0
DA:14,0
DA:17,0
DA:21,0
DA:25,0
DA:29,0
DA:33,0
DA:37,0
DA:39,0
DA:42,0
DA:44,0
DA:47,0
LF:15
LH:0
BRF:0
BRH:0
end_of_record
