{"/Users/isyahex/Desktop/prjct/practix/src/components/Icons.tsx": {"path":"/Users/isyahex/Desktop/prjct/practix/src/components/Icons.tsx","statementMap":{"0":{"start":{"line":4,"column":29},"end":{"line":7,"column":null}},"1":{"start":{"line":5,"column":2},"end":{"line":7,"column":null}},"2":{"start":{"line":10,"column":24},"end":{"line":13,"column":null}},"3":{"start":{"line":11,"column":2},"end":{"line":13,"column":null}},"4":{"start":{"line":16,"column":24},"end":{"line":19,"column":null}},"5":{"start":{"line":17,"column":2},"end":{"line":19,"column":null}},"6":{"start":{"line":22,"column":25},"end":{"line":25,"column":null}},"7":{"start":{"line":23,"column":2},"end":{"line":25,"column":null}},"8":{"start":{"line":28,"column":28},"end":{"line":31,"column":null}},"9":{"start":{"line":29,"column":2},"end":{"line":31,"column":null}},"10":{"start":{"line":34,"column":28},"end":{"line":38,"column":null}},"11":{"start":{"line":35,"column":2},"end":{"line":38,"column":null}},"12":{"start":{"line":41,"column":24},"end":{"line":44,"column":null}},"13":{"start":{"line":42,"column":2},"end":{"line":44,"column":null}},"14":{"start":{"line":47,"column":23},"end":{"line":50,"column":null}},"15":{"start":{"line":48,"column":2},"end":{"line":50,"column":null}},"16":{"start":{"line":53,"column":24},"end":{"line":57,"column":null}},"17":{"start":{"line":54,"column":2},"end":{"line":57,"column":null}},"18":{"start":{"line":60,"column":30},"end":{"line":64,"column":null}},"19":{"start":{"line":61,"column":2},"end":{"line":64,"column":null}},"20":{"start":{"line":67,"column":28},"end":{"line":70,"column":null}},"21":{"start":{"line":68,"column":2},"end":{"line":70,"column":null}},"22":{"start":{"line":73,"column":30},"end":{"line":76,"column":null}},"23":{"start":{"line":74,"column":2},"end":{"line":76,"column":null}},"24":{"start":{"line":79,"column":25},"end":{"line":82,"column":null}},"25":{"start":{"line":80,"column":2},"end":{"line":82,"column":null}},"26":{"start":{"line":85,"column":24},"end":{"line":88,"column":null}},"27":{"start":{"line":86,"column":2},"end":{"line":88,"column":null}},"28":{"start":{"line":91,"column":21},"end":{"line":94,"column":null}},"29":{"start":{"line":92,"column":2},"end":{"line":94,"column":null}},"30":{"start":{"line":97,"column":23},"end":{"line":100,"column":null}},"31":{"start":{"line":98,"column":2},"end":{"line":100,"column":null}},"32":{"start":{"line":103,"column":25},"end":{"line":106,"column":null}},"33":{"start":{"line":104,"column":2},"end":{"line":106,"column":null}},"34":{"start":{"line":109,"column":29},"end":{"line":121,"column":null}},"35":{"start":{"line":110,"column":2},"end":{"line":121,"column":null}},"36":{"start":{"line":124,"column":31},"end":{"line":127,"column":null}},"37":{"start":{"line":125,"column":2},"end":{"line":127,"column":null}},"38":{"start":{"line":130,"column":31},"end":{"line":133,"column":null}},"39":{"start":{"line":131,"column":2},"end":{"line":133,"column":null}},"40":{"start":{"line":136,"column":29},"end":{"line":139,"column":null}},"41":{"start":{"line":137,"column":2},"end":{"line":139,"column":null}},"42":{"start":{"line":142,"column":31},"end":{"line":145,"column":null}},"43":{"start":{"line":143,"column":2},"end":{"line":145,"column":null}},"44":{"start":{"line":148,"column":32},"end":{"line":151,"column":null}},"45":{"start":{"line":149,"column":2},"end":{"line":151,"column":null}},"46":{"start":{"line":154,"column":24},"end":{"line":157,"column":null}},"47":{"start":{"line":155,"column":2},"end":{"line":157,"column":null}},"48":{"start":{"line":160,"column":29},"end":{"line":163,"column":null}},"49":{"start":{"line":161,"column":2},"end":{"line":163,"column":null}},"50":{"start":{"line":166,"column":26},"end":{"line":169,"column":null}},"51":{"start":{"line":167,"column":2},"end":{"line":169,"column":null}},"52":{"start":{"line":172,"column":26},"end":{"line":175,"column":null}},"53":{"start":{"line":173,"column":2},"end":{"line":175,"column":null}},"54":{"start":{"line":178,"column":24},"end":{"line":182,"column":null}},"55":{"start":{"line":179,"column":2},"end":{"line":182,"column":null}},"56":{"start":{"line":185,"column":24},"end":{"line":188,"column":null}},"57":{"start":{"line":186,"column":2},"end":{"line":188,"column":null}},"58":{"start":{"line":191,"column":27},"end":{"line":194,"column":null}},"59":{"start":{"line":192,"column":2},"end":{"line":194,"column":null}},"60":{"start":{"line":197,"column":26},"end":{"line":200,"column":null}},"61":{"start":{"line":198,"column":2},"end":{"line":200,"column":null}},"62":{"start":{"line":203,"column":23},"end":{"line":206,"column":null}},"63":{"start":{"line":204,"column":2},"end":{"line":206,"column":null}},"64":{"start":{"line":209,"column":33},"end":{"line":212,"column":null}},"65":{"start":{"line":210,"column":2},"end":{"line":212,"column":null}},"66":{"start":{"line":215,"column":28},"end":{"line":218,"column":null}},"67":{"start":{"line":216,"column":2},"end":{"line":218,"column":null}},"68":{"start":{"line":221,"column":23},"end":{"line":227,"column":null}},"69":{"start":{"line":222,"column":2},"end":{"line":227,"column":null}},"70":{"start":{"line":230,"column":24},"end":{"line":233,"column":null}},"71":{"start":{"line":231,"column":2},"end":{"line":233,"column":null}},"72":{"start":{"line":236,"column":24},"end":{"line":239,"column":null}},"73":{"start":{"line":237,"column":2},"end":{"line":239,"column":null}},"74":{"start":{"line":242,"column":26},"end":{"line":245,"column":null}},"75":{"start":{"line":243,"column":2},"end":{"line":245,"column":null}},"76":{"start":{"line":248,"column":25},"end":{"line":251,"column":null}},"77":{"start":{"line":249,"column":2},"end":{"line":251,"column":null}},"78":{"start":{"line":254,"column":29},"end":{"line":257,"column":null}},"79":{"start":{"line":255,"column":2},"end":{"line":257,"column":null}}},"fnMap":{"0":{"name":"(anonymous_0)","decl":{"start":{"line":4,"column":29},"end":{"line":4,"column":30}},"loc":{"start":{"line":5,"column":2},"end":{"line":7,"column":null}},"line":5},"1":{"name":"(anonymous_1)","decl":{"start":{"line":10,"column":24},"end":{"line":10,"column":25}},"loc":{"start":{"line":11,"column":2},"end":{"line":13,"column":null}},"line":11},"2":{"name":"(anonymous_2)","decl":{"start":{"line":16,"column":24},"end":{"line":16,"column":25}},"loc":{"start":{"line":17,"column":2},"end":{"line":19,"column":null}},"line":17},"3":{"name":"(anonymous_3)","decl":{"start":{"line":22,"column":25},"end":{"line":22,"column":26}},"loc":{"start":{"line":23,"column":2},"end":{"line":25,"column":null}},"line":23},"4":{"name":"(anonymous_4)","decl":{"start":{"line":28,"column":28},"end":{"line":28,"column":29}},"loc":{"start":{"line":29,"column":2},"end":{"line":31,"column":null}},"line":29},"5":{"name":"(anonymous_5)","decl":{"start":{"line":34,"column":28},"end":{"line":34,"column":29}},"loc":{"start":{"line":35,"column":2},"end":{"line":38,"column":null}},"line":35},"6":{"name":"(anonymous_6)","decl":{"start":{"line":41,"column":24},"end":{"line":41,"column":25}},"loc":{"start":{"line":42,"column":2},"end":{"line":44,"column":null}},"line":42},"7":{"name":"(anonymous_7)","decl":{"start":{"line":47,"column":23},"end":{"line":47,"column":24}},"loc":{"start":{"line":48,"column":2},"end":{"line":50,"column":null}},"line":48},"8":{"name":"(anonymous_8)","decl":{"start":{"line":53,"column":24},"end":{"line":53,"column":25}},"loc":{"start":{"line":54,"column":2},"end":{"line":57,"column":null}},"line":54},"9":{"name":"(anonymous_9)","decl":{"start":{"line":60,"column":30},"end":{"line":60,"column":31}},"loc":{"start":{"line":61,"column":2},"end":{"line":64,"column":null}},"line":61},"10":{"name":"(anonymous_10)","decl":{"start":{"line":67,"column":28},"end":{"line":67,"column":29}},"loc":{"start":{"line":68,"column":2},"end":{"line":70,"column":null}},"line":68},"11":{"name":"(anonymous_11)","decl":{"start":{"line":73,"column":30},"end":{"line":73,"column":31}},"loc":{"start":{"line":74,"column":2},"end":{"line":76,"column":null}},"line":74},"12":{"name":"(anonymous_12)","decl":{"start":{"line":79,"column":25},"end":{"line":79,"column":26}},"loc":{"start":{"line":80,"column":2},"end":{"line":82,"column":null}},"line":80},"13":{"name":"(anonymous_13)","decl":{"start":{"line":85,"column":24},"end":{"line":85,"column":25}},"loc":{"start":{"line":86,"column":2},"end":{"line":88,"column":null}},"line":86},"14":{"name":"(anonymous_14)","decl":{"start":{"line":91,"column":21},"end":{"line":91,"column":22}},"loc":{"start":{"line":92,"column":2},"end":{"line":94,"column":null}},"line":92},"15":{"name":"(anonymous_15)","decl":{"start":{"line":97,"column":23},"end":{"line":97,"column":24}},"loc":{"start":{"line":98,"column":2},"end":{"line":100,"column":null}},"line":98},"16":{"name":"(anonymous_16)","decl":{"start":{"line":103,"column":25},"end":{"line":103,"column":26}},"loc":{"start":{"line":104,"column":2},"end":{"line":106,"column":null}},"line":104},"17":{"name":"(anonymous_17)","decl":{"start":{"line":109,"column":29},"end":{"line":109,"column":30}},"loc":{"start":{"line":110,"column":2},"end":{"line":121,"column":null}},"line":110},"18":{"name":"(anonymous_18)","decl":{"start":{"line":124,"column":31},"end":{"line":124,"column":32}},"loc":{"start":{"line":125,"column":2},"end":{"line":127,"column":null}},"line":125},"19":{"name":"(anonymous_19)","decl":{"start":{"line":130,"column":31},"end":{"line":130,"column":32}},"loc":{"start":{"line":131,"column":2},"end":{"line":133,"column":null}},"line":131},"20":{"name":"(anonymous_20)","decl":{"start":{"line":136,"column":29},"end":{"line":136,"column":30}},"loc":{"start":{"line":137,"column":2},"end":{"line":139,"column":null}},"line":137},"21":{"name":"(anonymous_21)","decl":{"start":{"line":142,"column":31},"end":{"line":142,"column":32}},"loc":{"start":{"line":143,"column":2},"end":{"line":145,"column":null}},"line":143},"22":{"name":"(anonymous_22)","decl":{"start":{"line":148,"column":32},"end":{"line":148,"column":33}},"loc":{"start":{"line":149,"column":2},"end":{"line":151,"column":null}},"line":149},"23":{"name":"(anonymous_23)","decl":{"start":{"line":154,"column":24},"end":{"line":154,"column":25}},"loc":{"start":{"line":155,"column":2},"end":{"line":157,"column":null}},"line":155},"24":{"name":"(anonymous_24)","decl":{"start":{"line":160,"column":29},"end":{"line":160,"column":30}},"loc":{"start":{"line":161,"column":2},"end":{"line":163,"column":null}},"line":161},"25":{"name":"(anonymous_25)","decl":{"start":{"line":166,"column":26},"end":{"line":166,"column":27}},"loc":{"start":{"line":167,"column":2},"end":{"line":169,"column":null}},"line":167},"26":{"name":"(anonymous_26)","decl":{"start":{"line":172,"column":26},"end":{"line":172,"column":27}},"loc":{"start":{"line":173,"column":2},"end":{"line":175,"column":null}},"line":173},"27":{"name":"(anonymous_27)","decl":{"start":{"line":178,"column":24},"end":{"line":178,"column":25}},"loc":{"start":{"line":179,"column":2},"end":{"line":182,"column":null}},"line":179},"28":{"name":"(anonymous_28)","decl":{"start":{"line":185,"column":24},"end":{"line":185,"column":25}},"loc":{"start":{"line":186,"column":2},"end":{"line":188,"column":null}},"line":186},"29":{"name":"(anonymous_29)","decl":{"start":{"line":191,"column":27},"end":{"line":191,"column":28}},"loc":{"start":{"line":192,"column":2},"end":{"line":194,"column":null}},"line":192},"30":{"name":"(anonymous_30)","decl":{"start":{"line":197,"column":26},"end":{"line":197,"column":27}},"loc":{"start":{"line":198,"column":2},"end":{"line":200,"column":null}},"line":198},"31":{"name":"(anonymous_31)","decl":{"start":{"line":203,"column":23},"end":{"line":203,"column":24}},"loc":{"start":{"line":204,"column":2},"end":{"line":206,"column":null}},"line":204},"32":{"name":"(anonymous_32)","decl":{"start":{"line":209,"column":33},"end":{"line":209,"column":34}},"loc":{"start":{"line":210,"column":2},"end":{"line":212,"column":null}},"line":210},"33":{"name":"(anonymous_33)","decl":{"start":{"line":215,"column":28},"end":{"line":215,"column":29}},"loc":{"start":{"line":216,"column":2},"end":{"line":218,"column":null}},"line":216},"34":{"name":"(anonymous_34)","decl":{"start":{"line":221,"column":23},"end":{"line":221,"column":24}},"loc":{"start":{"line":222,"column":2},"end":{"line":227,"column":null}},"line":222},"35":{"name":"(anonymous_35)","decl":{"start":{"line":230,"column":24},"end":{"line":230,"column":25}},"loc":{"start":{"line":231,"column":2},"end":{"line":233,"column":null}},"line":231},"36":{"name":"(anonymous_36)","decl":{"start":{"line":236,"column":24},"end":{"line":236,"column":25}},"loc":{"start":{"line":237,"column":2},"end":{"line":239,"column":null}},"line":237},"37":{"name":"(anonymous_37)","decl":{"start":{"line":242,"column":26},"end":{"line":242,"column":27}},"loc":{"start":{"line":243,"column":2},"end":{"line":245,"column":null}},"line":243},"38":{"name":"(anonymous_38)","decl":{"start":{"line":248,"column":25},"end":{"line":248,"column":26}},"loc":{"start":{"line":249,"column":2},"end":{"line":251,"column":null}},"line":249},"39":{"name":"(anonymous_39)","decl":{"start":{"line":254,"column":29},"end":{"line":254,"column":30}},"loc":{"start":{"line":255,"column":2},"end":{"line":257,"column":null}},"line":255}},"branchMap":{},"s":{"0":1,"1":0,"2":1,"3":0,"4":1,"5":0,"6":1,"7":0,"8":1,"9":0,"10":1,"11":0,"12":1,"13":0,"14":1,"15":0,"16":1,"17":27,"18":1,"19":0,"20":1,"21":35,"22":1,"23":0,"24":1,"25":82,"26":1,"27":0,"28":1,"29":0,"30":1,"31":35,"32":1,"33":0,"34":1,"35":0,"36":1,"37":0,"38":1,"39":0,"40":1,"41":0,"42":1,"43":142,"44":1,"45":142,"46":1,"47":32,"48":1,"49":0,"50":1,"51":35,"52":1,"53":62,"54":1,"55":0,"56":1,"57":0,"58":1,"59":17,"60":1,"61":0,"62":1,"63":0,"64":1,"65":0,"66":1,"67":0,"68":1,"69":0,"70":1,"71":0,"72":1,"73":0,"74":1,"75":0,"76":1,"77":0,"78":1,"79":0},"f":{"0":0,"1":0,"2":0,"3":0,"4":0,"5":0,"6":0,"7":0,"8":27,"9":0,"10":35,"11":0,"12":82,"13":0,"14":0,"15":35,"16":0,"17":0,"18":0,"19":0,"20":0,"21":142,"22":142,"23":32,"24":0,"25":35,"26":62,"27":0,"28":0,"29":17,"30":0,"31":0,"32":0,"33":0,"34":0,"35":0,"36":0,"37":0,"38":0,"39":0},"b":{},"meta":{"lastBranch":0,"lastFunction":40,"lastStatement":80,"seen":{"s:4:29:7:Infinity":0,"f:4:29:4:30":0,"s:5:2:7:Infinity":1,"s:10:24:13:Infinity":2,"f:10:24:10:25":1,"s:11:2:13:Infinity":3,"s:16:24:19:Infinity":4,"f:16:24:16:25":2,"s:17:2:19:Infinity":5,"s:22:25:25:Infinity":6,"f:22:25:22:26":3,"s:23:2:25:Infinity":7,"s:28:28:31:Infinity":8,"f:28:28:28:29":4,"s:29:2:31:Infinity":9,"s:34:28:38:Infinity":10,"f:34:28:34:29":5,"s:35:2:38:Infinity":11,"s:41:24:44:Infinity":12,"f:41:24:41:25":6,"s:42:2:44:Infinity":13,"s:47:23:50:Infinity":14,"f:47:23:47:24":7,"s:48:2:50:Infinity":15,"s:53:24:57:Infinity":16,"f:53:24:53:25":8,"s:54:2:57:Infinity":17,"s:60:30:64:Infinity":18,"f:60:30:60:31":9,"s:61:2:64:Infinity":19,"s:67:28:70:Infinity":20,"f:67:28:67:29":10,"s:68:2:70:Infinity":21,"s:73:30:76:Infinity":22,"f:73:30:73:31":11,"s:74:2:76:Infinity":23,"s:79:25:82:Infinity":24,"f:79:25:79:26":12,"s:80:2:82:Infinity":25,"s:85:24:88:Infinity":26,"f:85:24:85:25":13,"s:86:2:88:Infinity":27,"s:91:21:94:Infinity":28,"f:91:21:91:22":14,"s:92:2:94:Infinity":29,"s:97:23:100:Infinity":30,"f:97:23:97:24":15,"s:98:2:100:Infinity":31,"s:103:25:106:Infinity":32,"f:103:25:103:26":16,"s:104:2:106:Infinity":33,"s:109:29:121:Infinity":34,"f:109:29:109:30":17,"s:110:2:121:Infinity":35,"s:124:31:127:Infinity":36,"f:124:31:124:32":18,"s:125:2:127:Infinity":37,"s:130:31:133:Infinity":38,"f:130:31:130:32":19,"s:131:2:133:Infinity":39,"s:136:29:139:Infinity":40,"f:136:29:136:30":20,"s:137:2:139:Infinity":41,"s:142:31:145:Infinity":42,"f:142:31:142:32":21,"s:143:2:145:Infinity":43,"s:148:32:151:Infinity":44,"f:148:32:148:33":22,"s:149:2:151:Infinity":45,"s:154:24:157:Infinity":46,"f:154:24:154:25":23,"s:155:2:157:Infinity":47,"s:160:29:163:Infinity":48,"f:160:29:160:30":24,"s:161:2:163:Infinity":49,"s:166:26:169:Infinity":50,"f:166:26:166:27":25,"s:167:2:169:Infinity":51,"s:172:26:175:Infinity":52,"f:172:26:172:27":26,"s:173:2:175:Infinity":53,"s:178:24:182:Infinity":54,"f:178:24:178:25":27,"s:179:2:182:Infinity":55,"s:185:24:188:Infinity":56,"f:185:24:185:25":28,"s:186:2:188:Infinity":57,"s:191:27:194:Infinity":58,"f:191:27:191:28":29,"s:192:2:194:Infinity":59,"s:197:26:200:Infinity":60,"f:197:26:197:27":30,"s:198:2:200:Infinity":61,"s:203:23:206:Infinity":62,"f:203:23:203:24":31,"s:204:2:206:Infinity":63,"s:209:33:212:Infinity":64,"f:209:33:209:34":32,"s:210:2:212:Infinity":65,"s:215:28:218:Infinity":66,"f:215:28:215:29":33,"s:216:2:218:Infinity":67,"s:221:23:227:Infinity":68,"f:221:23:221:24":34,"s:222:2:227:Infinity":69,"s:230:24:233:Infinity":70,"f:230:24:230:25":35,"s:231:2:233:Infinity":71,"s:236:24:239:Infinity":72,"f:236:24:236:25":36,"s:237:2:239:Infinity":73,"s:242:26:245:Infinity":74,"f:242:26:242:27":37,"s:243:2:245:Infinity":75,"s:248:25:251:Infinity":76,"f:248:25:248:26":38,"s:249:2:251:Infinity":77,"s:254:29:257:Infinity":78,"f:254:29:254:30":39,"s:255:2:257:Infinity":79}}}
,"/Users/isyahex/Desktop/prjct/practix/src/components/Layout.tsx": {"path":"/Users/isyahex/Desktop/prjct/practix/src/components/Layout.tsx","statementMap":{"0":{"start":{"line":14,"column":6},"end":{"line":14,"column":null}},"1":{"start":{"line":20,"column":28},"end":{"line":20,"column":null}},"2":{"start":{"line":30,"column":27},"end":{"line":36,"column":null}},"3":{"start":{"line":39,"column":65},"end":{"line":49,"column":null}},"4":{"start":{"line":51,"column":16},"end":{"line":173,"column":null}},"5":{"start":{"line":52,"column":8},"end":{"line":52,"column":null}},"6":{"start":{"line":53,"column":14},"end":{"line":53,"column":null}},"7":{"start":{"line":54,"column":15},"end":{"line":54,"column":null}},"8":{"start":{"line":55,"column":36},"end":{"line":55,"column":null}},"9":{"start":{"line":55,"column":55},"end":{"line":55,"column":84}},"10":{"start":{"line":56,"column":30},"end":{"line":56,"column":null}},"11":{"start":{"line":57,"column":32},"end":{"line":57,"column":null}},"12":{"start":{"line":60,"column":29},"end":{"line":63,"column":null}},"13":{"start":{"line":61,"column":4},"end":{"line":61,"column":null}},"14":{"start":{"line":62,"column":4},"end":{"line":62,"column":null}},"15":{"start":{"line":66,"column":2},"end":{"line":86,"column":null}},"16":{"start":{"line":67,"column":4},"end":{"line":85,"column":null}},"17":{"start":{"line":70,"column":30},"end":{"line":78,"column":null}},"18":{"start":{"line":71,"column":10},"end":{"line":73,"column":null}},"19":{"start":{"line":72,"column":12},"end":{"line":72,"column":null}},"20":{"start":{"line":74,"column":10},"end":{"line":76,"column":null}},"21":{"start":{"line":75,"column":12},"end":{"line":75,"column":null}},"22":{"start":{"line":77,"column":10},"end":{"line":77,"column":null}},"23":{"start":{"line":79,"column":8},"end":{"line":79,"column":null}},"24":{"start":{"line":80,"column":8},"end":{"line":80,"column":null}},"25":{"start":{"line":83,"column":8},"end":{"line":83,"column":null}},"26":{"start":{"line":84,"column":8},"end":{"line":84,"column":null}},"27":{"start":{"line":88,"column":19},"end":{"line":88,"column":null}},"28":{"start":{"line":88,"column":37},"end":{"line":88,"column":null}},"29":{"start":{"line":90,"column":2},"end":{"line":171,"column":null}},"30":{"start":{"line":111,"column":33},"end":{"line":111,"column":59}},"31":{"start":{"line":122,"column":34},"end":{"line":122,"column":61}},"32":{"start":{"line":134,"column":16},"end":{"line":134,"column":null}},"33":{"start":{"line":138,"column":38},"end":{"line":138,"column":null}},"34":{"start":{"line":139,"column":16},"end":{"line":157,"column":null}},"35":{"start":{"line":175,"column":15},"end":{"line":286,"column":null}},"36":{"start":{"line":176,"column":30},"end":{"line":176,"column":null}},"37":{"start":{"line":177,"column":23},"end":{"line":177,"column":null}},"38":{"start":{"line":178,"column":32},"end":{"line":178,"column":null}},"39":{"start":{"line":179,"column":14},"end":{"line":179,"column":null}},"40":{"start":{"line":180,"column":8},"end":{"line":180,"column":null}},"41":{"start":{"line":181,"column":8},"end":{"line":181,"column":null}},"42":{"start":{"line":183,"column":23},"end":{"line":186,"column":null}},"43":{"start":{"line":184,"column":4},"end":{"line":184,"column":null}},"44":{"start":{"line":185,"column":4},"end":{"line":185,"column":null}},"45":{"start":{"line":188,"column":23},"end":{"line":203,"column":null}},"46":{"start":{"line":189,"column":17},"end":{"line":189,"column":null}},"47":{"start":{"line":190,"column":4},"end":{"line":190,"column":null}},"48":{"start":{"line":190,"column":22},"end":{"line":190,"column":null}},"49":{"start":{"line":191,"column":4},"end":{"line":191,"column":null}},"50":{"start":{"line":191,"column":37},"end":{"line":191,"column":null}},"51":{"start":{"line":192,"column":4},"end":{"line":192,"column":null}},"52":{"start":{"line":192,"column":37},"end":{"line":192,"column":null}},"53":{"start":{"line":193,"column":4},"end":{"line":193,"column":null}},"54":{"start":{"line":193,"column":40},"end":{"line":193,"column":null}},"55":{"start":{"line":194,"column":4},"end":{"line":194,"column":null}},"56":{"start":{"line":194,"column":37},"end":{"line":194,"column":null}},"57":{"start":{"line":195,"column":4},"end":{"line":195,"column":null}},"58":{"start":{"line":195,"column":39},"end":{"line":195,"column":null}},"59":{"start":{"line":196,"column":4},"end":{"line":196,"column":null}},"60":{"start":{"line":196,"column":69},"end":{"line":196,"column":null}},"61":{"start":{"line":197,"column":4},"end":{"line":197,"column":null}},"62":{"start":{"line":197,"column":38},"end":{"line":197,"column":null}},"63":{"start":{"line":198,"column":4},"end":{"line":198,"column":null}},"64":{"start":{"line":198,"column":38},"end":{"line":198,"column":null}},"65":{"start":{"line":199,"column":4},"end":{"line":199,"column":null}},"66":{"start":{"line":199,"column":35},"end":{"line":199,"column":null}},"67":{"start":{"line":200,"column":4},"end":{"line":200,"column":null}},"68":{"start":{"line":200,"column":35},"end":{"line":200,"column":null}},"69":{"start":{"line":201,"column":4},"end":{"line":201,"column":null}},"70":{"start":{"line":201,"column":34},"end":{"line":201,"column":null}},"71":{"start":{"line":202,"column":4},"end":{"line":202,"column":null}},"72":{"start":{"line":207,"column":2},"end":{"line":209,"column":null}},"73":{"start":{"line":208,"column":4},"end":{"line":208,"column":null}},"74":{"start":{"line":211,"column":2},"end":{"line":284,"column":null}},"75":{"start":{"line":231,"column":12},"end":{"line":241,"column":null}},"76":{"start":{"line":233,"column":29},"end":{"line":233,"column":null}},"77":{"start":{"line":288,"column":22},"end":{"line":300,"column":null}},"78":{"start":{"line":289,"column":2},"end":{"line":298,"column":null}}},"fnMap":{"0":{"name":"(anonymous_0)","decl":{"start":{"line":20,"column":96},"end":{"line":20,"column":102}},"loc":{"start":{"line":20,"column":102},"end":{"line":20,"column":105}},"line":20},"1":{"name":"(anonymous_1)","decl":{"start":{"line":32,"column":11},"end":{"line":32,"column":23}},"loc":{"start":{"line":32,"column":23},"end":{"line":32,"column":null}},"line":32},"2":{"name":"(anonymous_2)","decl":{"start":{"line":33,"column":12},"end":{"line":33,"column":18}},"loc":{"start":{"line":33,"column":18},"end":{"line":33,"column":null}},"line":33},"3":{"name":"(anonymous_3)","decl":{"start":{"line":34,"column":13},"end":{"line":34,"column":25}},"loc":{"start":{"line":34,"column":25},"end":{"line":34,"column":null}},"line":34},"4":{"name":"(anonymous_4)","decl":{"start":{"line":35,"column":16},"end":{"line":35,"column":22}},"loc":{"start":{"line":35,"column":22},"end":{"line":35,"column":null}},"line":35},"5":{"name":"(anonymous_5)","decl":{"start":{"line":51,"column":16},"end":{"line":51,"column":22}},"loc":{"start":{"line":51,"column":22},"end":{"line":173,"column":null}},"line":51},"6":{"name":"(anonymous_6)","decl":{"start":{"line":55,"column":49},"end":{"line":55,"column":55}},"loc":{"start":{"line":55,"column":55},"end":{"line":55,"column":84}},"line":55},"7":{"name":"(anonymous_7)","decl":{"start":{"line":60,"column":29},"end":{"line":60,"column":30}},"loc":{"start":{"line":60,"column":53},"end":{"line":63,"column":null}},"line":60},"8":{"name":"(anonymous_8)","decl":{"start":{"line":66,"column":12},"end":{"line":66,"column":18}},"loc":{"start":{"line":66,"column":18},"end":{"line":86,"column":5}},"line":66},"9":{"name":"(anonymous_9)","decl":{"start":{"line":68,"column":12},"end":{"line":68,"column":21}},"loc":{"start":{"line":68,"column":21},"end":{"line":81,"column":7}},"line":68},"10":{"name":"(anonymous_10)","decl":{"start":{"line":70,"column":43},"end":{"line":70,"column":51}},"loc":{"start":{"line":70,"column":51},"end":{"line":78,"column":9}},"line":70},"11":{"name":"(anonymous_11)","decl":{"start":{"line":82,"column":13},"end":{"line":82,"column":14}},"loc":{"start":{"line":82,"column":24},"end":{"line":85,"column":7}},"line":82},"12":{"name":"(anonymous_12)","decl":{"start":{"line":88,"column":19},"end":{"line":88,"column":20}},"loc":{"start":{"line":88,"column":37},"end":{"line":88,"column":null}},"line":88},"13":{"name":"(anonymous_13)","decl":{"start":{"line":111,"column":27},"end":{"line":111,"column":33}},"loc":{"start":{"line":111,"column":33},"end":{"line":111,"column":59}},"line":111},"14":{"name":"(anonymous_14)","decl":{"start":{"line":122,"column":28},"end":{"line":122,"column":34}},"loc":{"start":{"line":122,"column":34},"end":{"line":122,"column":61}},"line":122},"15":{"name":"(anonymous_15)","decl":{"start":{"line":133,"column":40},"end":{"line":133,"column":41}},"loc":{"start":{"line":134,"column":16},"end":{"line":134,"column":null}},"line":134},"16":{"name":"(anonymous_16)","decl":{"start":{"line":137,"column":25},"end":{"line":137,"column":26}},"loc":{"start":{"line":137,"column":35},"end":{"line":159,"column":13}},"line":137},"17":{"name":"(anonymous_17)","decl":{"start":{"line":175,"column":15},"end":{"line":175,"column":21}},"loc":{"start":{"line":175,"column":21},"end":{"line":286,"column":null}},"line":175},"18":{"name":"(anonymous_18)","decl":{"start":{"line":183,"column":23},"end":{"line":183,"column":29}},"loc":{"start":{"line":183,"column":29},"end":{"line":186,"column":null}},"line":183},"19":{"name":"(anonymous_19)","decl":{"start":{"line":188,"column":23},"end":{"line":188,"column":29}},"loc":{"start":{"line":188,"column":29},"end":{"line":203,"column":null}},"line":188},"20":{"name":"(anonymous_20)","decl":{"start":{"line":207,"column":12},"end":{"line":207,"column":18}},"loc":{"start":{"line":207,"column":18},"end":{"line":209,"column":5}},"line":207},"21":{"name":"(anonymous_21)","decl":{"start":{"line":230,"column":45},"end":{"line":230,"column":46}},"loc":{"start":{"line":231,"column":12},"end":{"line":241,"column":null}},"line":231},"22":{"name":"(anonymous_22)","decl":{"start":{"line":233,"column":23},"end":{"line":233,"column":29}},"loc":{"start":{"line":233,"column":29},"end":{"line":233,"column":null}},"line":233},"23":{"name":"(anonymous_23)","decl":{"start":{"line":288,"column":22},"end":{"line":288,"column":23}},"loc":{"start":{"line":288,"column":72},"end":{"line":300,"column":null}},"line":288}},"branchMap":{"0":{"loc":{"start":{"line":71,"column":10},"end":{"line":73,"column":null}},"type":"if","locations":[{"start":{"line":71,"column":10},"end":{"line":73,"column":null}},{"start":{},"end":{}}],"line":71},"1":{"loc":{"start":{"line":74,"column":10},"end":{"line":76,"column":null}},"type":"if","locations":[{"start":{"line":74,"column":10},"end":{"line":76,"column":null}},{"start":{},"end":{}}],"line":74},"2":{"loc":{"start":{"line":88,"column":37},"end":{"line":88,"column":null}},"type":"binary-expr","locations":[{"start":{"line":88,"column":37},"end":{"line":88,"column":68}},{"start":{"line":88,"column":68},"end":{"line":88,"column":84}},{"start":{"line":88,"column":84},"end":{"line":88,"column":null}}],"line":88},"3":{"loc":{"start":{"line":92,"column":20},"end":{"line":92,"column":49}},"type":"cond-expr","locations":[{"start":{"line":92,"column":34},"end":{"line":92,"column":43}},{"start":{"line":92,"column":43},"end":{"line":92,"column":49}}],"line":92},"4":{"loc":{"start":{"line":94,"column":48},"end":{"line":94,"column":103}},"type":"cond-expr","locations":[{"start":{"line":94,"column":62},"end":{"line":94,"column":81}},{"start":{"line":94,"column":81},"end":{"line":94,"column":103}}],"line":94},"5":{"loc":{"start":{"line":96,"column":9},"end":{"line":106,"column":null}},"type":"cond-expr","locations":[{"start":{"line":97,"column":10},"end":{"line":102,"column":null}},{"start":{"line":104,"column":10},"end":{"line":106,"column":null}}],"line":96},"6":{"loc":{"start":{"line":110,"column":9},"end":{"line":115,"column":null}},"type":"binary-expr","locations":[{"start":{"line":110,"column":9},"end":{"line":110,"column":null}},{"start":{"line":111,"column":10},"end":{"line":115,"column":null}}],"line":110},"7":{"loc":{"start":{"line":120,"column":7},"end":{"line":127,"column":null}},"type":"binary-expr","locations":[{"start":{"line":120,"column":7},"end":{"line":120,"column":null}},{"start":{"line":121,"column":8},"end":{"line":127,"column":null}}],"line":120},"8":{"loc":{"start":{"line":131,"column":9},"end":{"line":159,"column":null}},"type":"cond-expr","locations":[{"start":{"line":133,"column":12},"end":{"line":135,"column":null}},{"start":{"line":137,"column":12},"end":{"line":159,"column":null}}],"line":131},"9":{"loc":{"start":{"line":138,"column":38},"end":{"line":138,"column":null}},"type":"binary-expr","locations":[{"start":{"line":138,"column":38},"end":{"line":138,"column":64}},{"start":{"line":138,"column":64},"end":{"line":138,"column":null}}],"line":138},"10":{"loc":{"start":{"line":143,"column":31},"end":{"line":143,"column":null}},"type":"cond-expr","locations":[{"start":{"line":143,"column":45},"end":{"line":143,"column":72}},{"start":{"line":143,"column":72},"end":{"line":143,"column":null}}],"line":143},"11":{"loc":{"start":{"line":145,"column":24},"end":{"line":147,"column":null}},"type":"cond-expr","locations":[{"start":{"line":146,"column":30},"end":{"line":146,"column":null}},{"start":{"line":147,"column":30},"end":{"line":147,"column":null}}],"line":145},"12":{"loc":{"start":{"line":148,"column":28},"end":{"line":148,"column":63}},"type":"cond-expr","locations":[{"start":{"line":148,"column":42},"end":{"line":148,"column":61}},{"start":{"line":148,"column":61},"end":{"line":148,"column":63}}],"line":148},"13":{"loc":{"start":{"line":150,"column":75},"end":{"line":150,"column":138}},"type":"cond-expr","locations":[{"start":{"line":150,"column":97},"end":{"line":150,"column":136}},{"start":{"line":150,"column":136},"end":{"line":150,"column":138}}],"line":150},"14":{"loc":{"start":{"line":152,"column":25},"end":{"line":155,"column":null}},"type":"binary-expr","locations":[{"start":{"line":152,"column":25},"end":{"line":152,"column":null}},{"start":{"line":153,"column":24},"end":{"line":155,"column":null}}],"line":152},"15":{"loc":{"start":{"line":164,"column":78},"end":{"line":164,"column":118}},"type":"cond-expr","locations":[{"start":{"line":164,"column":92},"end":{"line":164,"column":116}},{"start":{"line":164,"column":116},"end":{"line":164,"column":118}}],"line":164},"16":{"loc":{"start":{"line":165,"column":9},"end":{"line":168,"column":null}},"type":"cond-expr","locations":[{"start":{"line":166,"column":11},"end":{"line":166,"column":null}},{"start":{"line":168,"column":11},"end":{"line":168,"column":null}}],"line":165},"17":{"loc":{"start":{"line":190,"column":4},"end":{"line":190,"column":null}},"type":"if","locations":[{"start":{"line":190,"column":4},"end":{"line":190,"column":null}},{"start":{},"end":{}}],"line":190},"18":{"loc":{"start":{"line":191,"column":4},"end":{"line":191,"column":null}},"type":"if","locations":[{"start":{"line":191,"column":4},"end":{"line":191,"column":null}},{"start":{},"end":{}}],"line":191},"19":{"loc":{"start":{"line":192,"column":4},"end":{"line":192,"column":null}},"type":"if","locations":[{"start":{"line":192,"column":4},"end":{"line":192,"column":null}},{"start":{},"end":{}}],"line":192},"20":{"loc":{"start":{"line":193,"column":4},"end":{"line":193,"column":null}},"type":"if","locations":[{"start":{"line":193,"column":4},"end":{"line":193,"column":null}},{"start":{},"end":{}}],"line":193},"21":{"loc":{"start":{"line":194,"column":4},"end":{"line":194,"column":null}},"type":"if","locations":[{"start":{"line":194,"column":4},"end":{"line":194,"column":null}},{"start":{},"end":{}}],"line":194},"22":{"loc":{"start":{"line":195,"column":4},"end":{"line":195,"column":null}},"type":"if","locations":[{"start":{"line":195,"column":4},"end":{"line":195,"column":null}},{"start":{},"end":{}}],"line":195},"23":{"loc":{"start":{"line":196,"column":4},"end":{"line":196,"column":null}},"type":"if","locations":[{"start":{"line":196,"column":4},"end":{"line":196,"column":null}},{"start":{},"end":{}}],"line":196},"24":{"loc":{"start":{"line":196,"column":8},"end":{"line":196,"column":69}},"type":"binary-expr","locations":[{"start":{"line":196,"column":8},"end":{"line":196,"column":40}},{"start":{"line":196,"column":40},"end":{"line":196,"column":69}}],"line":196},"25":{"loc":{"start":{"line":197,"column":4},"end":{"line":197,"column":null}},"type":"if","locations":[{"start":{"line":197,"column":4},"end":{"line":197,"column":null}},{"start":{},"end":{}}],"line":197},"26":{"loc":{"start":{"line":198,"column":4},"end":{"line":198,"column":null}},"type":"if","locations":[{"start":{"line":198,"column":4},"end":{"line":198,"column":null}},{"start":{},"end":{}}],"line":198},"27":{"loc":{"start":{"line":199,"column":4},"end":{"line":199,"column":null}},"type":"if","locations":[{"start":{"line":199,"column":4},"end":{"line":199,"column":null}},{"start":{},"end":{}}],"line":199},"28":{"loc":{"start":{"line":200,"column":4},"end":{"line":200,"column":null}},"type":"if","locations":[{"start":{"line":200,"column":4},"end":{"line":200,"column":null}},{"start":{},"end":{}}],"line":200},"29":{"loc":{"start":{"line":201,"column":4},"end":{"line":201,"column":null}},"type":"if","locations":[{"start":{"line":201,"column":4},"end":{"line":201,"column":null}},{"start":{},"end":{}}],"line":201},"30":{"loc":{"start":{"line":221,"column":9},"end":{"line":225,"column":null}},"type":"binary-expr","locations":[{"start":{"line":221,"column":9},"end":{"line":221,"column":null}},{"start":{"line":222,"column":10},"end":{"line":225,"column":null}}],"line":221},"31":{"loc":{"start":{"line":235,"column":16},"end":{"line":237,"column":null}},"type":"cond-expr","locations":[{"start":{"line":236,"column":20},"end":{"line":236,"column":null}},{"start":{"line":237,"column":20},"end":{"line":237,"column":null}}],"line":235},"32":{"loc":{"start":{"line":250,"column":11},"end":{"line":250,"column":null}},"type":"cond-expr","locations":[{"start":{"line":250,"column":20},"end":{"line":250,"column":54}},{"start":{"line":250,"column":54},"end":{"line":250,"column":null}}],"line":250},"33":{"loc":{"start":{"line":254,"column":9},"end":{"line":281,"column":null}},"type":"cond-expr","locations":[{"start":{"line":255,"column":10},"end":{"line":274,"column":null}},{"start":{"line":276,"column":10},"end":{"line":281,"column":null}}],"line":254},"34":{"loc":{"start":{"line":259,"column":17},"end":{"line":264,"column":null}},"type":"cond-expr","locations":[{"start":{"line":260,"column":20},"end":{"line":263,"column":null}},{"start":{"line":264,"column":20},"end":{"line":264,"column":null}}],"line":259},"35":{"loc":{"start":{"line":267,"column":13},"end":{"line":270,"column":null}},"type":"cond-expr","locations":[{"start":{"line":268,"column":16},"end":{"line":268,"column":null}},{"start":{"line":270,"column":16},"end":{"line":270,"column":null}}],"line":267}},"s":{"0":1,"1":1,"2":1,"3":1,"4":1,"5":0,"6":0,"7":0,"8":0,"9":0,"10":0,"11":0,"12":0,"13":0,"14":0,"15":0,"16":0,"17":0,"18":0,"19":0,"20":0,"21":0,"22":0,"23":0,"24":0,"25":0,"26":0,"27":0,"28":0,"29":0,"30":0,"31":0,"32":0,"33":0,"34":0,"35":1,"36":0,"37":0,"38":0,"39":0,"40":0,"41":0,"42":0,"43":0,"44":0,"45":0,"46":0,"47":0,"48":0,"49":0,"50":0,"51":0,"52":0,"53":0,"54":0,"55":0,"56":0,"57":0,"58":0,"59":0,"60":0,"61":0,"62":0,"63":0,"64":0,"65":0,"66":0,"67":0,"68":0,"69":0,"70":0,"71":0,"72":0,"73":0,"74":0,"75":0,"76":0,"77":1,"78":0},"f":{"0":0,"1":0,"2":0,"3":0,"4":0,"5":0,"6":0,"7":0,"8":0,"9":0,"10":0,"11":0,"12":0,"13":0,"14":0,"15":0,"16":0,"17":0,"18":0,"19":0,"20":0,"21":0,"22":0,"23":0},"b":{"0":[0,0],"1":[0,0],"2":[0,0,0],"3":[0,0],"4":[0,0],"5":[0,0],"6":[0,0],"7":[0,0],"8":[0,0],"9":[0,0],"10":[0,0],"11":[0,0],"12":[0,0],"13":[0,0],"14":[0,0],"15":[0,0],"16":[0,0],"17":[0,0],"18":[0,0],"19":[0,0],"20":[0,0],"21":[0,0],"22":[0,0],"23":[0,0],"24":[0,0],"25":[0,0],"26":[0,0],"27":[0,0],"28":[0,0],"29":[0,0],"30":[0,0],"31":[0,0],"32":[0,0],"33":[0,0],"34":[0,0],"35":[0,0]},"meta":{"lastBranch":36,"lastFunction":24,"lastStatement":79,"seen":{"s:14:6:14:Infinity":0,"s:20:28:20:Infinity":1,"f:20:96:20:102":0,"s:30:27:36:Infinity":2,"f:32:11:32:23":1,"f:33:12:33:18":2,"f:34:13:34:25":3,"f:35:16:35:22":4,"s:39:65:49:Infinity":3,"s:51:16:173:Infinity":4,"f:51:16:51:22":5,"s:52:8:52:Infinity":5,"s:53:14:53:Infinity":6,"s:54:15:54:Infinity":7,"s:55:36:55:Infinity":8,"f:55:49:55:55":6,"s:55:55:55:84":9,"s:56:30:56:Infinity":10,"s:57:32:57:Infinity":11,"s:60:29:63:Infinity":12,"f:60:29:60:30":7,"s:61:4:61:Infinity":13,"s:62:4:62:Infinity":14,"s:66:2:86:Infinity":15,"f:66:12:66:18":8,"s:67:4:85:Infinity":16,"f:68:12:68:21":9,"s:70:30:78:Infinity":17,"f:70:43:70:51":10,"b:71:10:73:Infinity:undefined:undefined:undefined:undefined":0,"s:71:10:73:Infinity":18,"s:72:12:72:Infinity":19,"b:74:10:76:Infinity:undefined:undefined:undefined:undefined":1,"s:74:10:76:Infinity":20,"s:75:12:75:Infinity":21,"s:77:10:77:Infinity":22,"s:79:8:79:Infinity":23,"s:80:8:80:Infinity":24,"f:82:13:82:14":11,"s:83:8:83:Infinity":25,"s:84:8:84:Infinity":26,"s:88:19:88:Infinity":27,"f:88:19:88:20":12,"s:88:37:88:Infinity":28,"b:88:37:88:68:88:68:88:84:88:84:88:Infinity":2,"s:90:2:171:Infinity":29,"b:92:34:92:43:92:43:92:49":3,"b:94:62:94:81:94:81:94:103":4,"b:97:10:102:Infinity:104:10:106:Infinity":5,"b:110:9:110:Infinity:111:10:115:Infinity":6,"f:111:27:111:33":13,"s:111:33:111:59":30,"b:120:7:120:Infinity:121:8:127:Infinity":7,"f:122:28:122:34":14,"s:122:34:122:61":31,"b:133:12:135:Infinity:137:12:159:Infinity":8,"f:133:40:133:41":15,"s:134:16:134:Infinity":32,"f:137:25:137:26":16,"s:138:38:138:Infinity":33,"b:138:38:138:64:138:64:138:Infinity":9,"s:139:16:157:Infinity":34,"b:143:45:143:72:143:72:143:Infinity":10,"b:146:30:146:Infinity:147:30:147:Infinity":11,"b:148:42:148:61:148:61:148:63":12,"b:150:97:150:136:150:136:150:138":13,"b:152:25:152:Infinity:153:24:155:Infinity":14,"b:164:92:164:116:164:116:164:118":15,"b:166:11:166:Infinity:168:11:168:Infinity":16,"s:175:15:286:Infinity":35,"f:175:15:175:21":17,"s:176:30:176:Infinity":36,"s:177:23:177:Infinity":37,"s:178:32:178:Infinity":38,"s:179:14:179:Infinity":39,"s:180:8:180:Infinity":40,"s:181:8:181:Infinity":41,"s:183:23:186:Infinity":42,"f:183:23:183:29":18,"s:184:4:184:Infinity":43,"s:185:4:185:Infinity":44,"s:188:23:203:Infinity":45,"f:188:23:188:29":19,"s:189:17:189:Infinity":46,"b:190:4:190:Infinity:undefined:undefined:undefined:undefined":17,"s:190:4:190:Infinity":47,"s:190:22:190:Infinity":48,"b:191:4:191:Infinity:undefined:undefined:undefined:undefined":18,"s:191:4:191:Infinity":49,"s:191:37:191:Infinity":50,"b:192:4:192:Infinity:undefined:undefined:undefined:undefined":19,"s:192:4:192:Infinity":51,"s:192:37:192:Infinity":52,"b:193:4:193:Infinity:undefined:undefined:undefined:undefined":20,"s:193:4:193:Infinity":53,"s:193:40:193:Infinity":54,"b:194:4:194:Infinity:undefined:undefined:undefined:undefined":21,"s:194:4:194:Infinity":55,"s:194:37:194:Infinity":56,"b:195:4:195:Infinity:undefined:undefined:undefined:undefined":22,"s:195:4:195:Infinity":57,"s:195:39:195:Infinity":58,"b:196:4:196:Infinity:undefined:undefined:undefined:undefined":23,"s:196:4:196:Infinity":59,"b:196:8:196:40:196:40:196:69":24,"s:196:69:196:Infinity":60,"b:197:4:197:Infinity:undefined:undefined:undefined:undefined":25,"s:197:4:197:Infinity":61,"s:197:38:197:Infinity":62,"b:198:4:198:Infinity:undefined:undefined:undefined:undefined":26,"s:198:4:198:Infinity":63,"s:198:38:198:Infinity":64,"b:199:4:199:Infinity:undefined:undefined:undefined:undefined":27,"s:199:4:199:Infinity":65,"s:199:35:199:Infinity":66,"b:200:4:200:Infinity:undefined:undefined:undefined:undefined":28,"s:200:4:200:Infinity":67,"s:200:35:200:Infinity":68,"b:201:4:201:Infinity:undefined:undefined:undefined:undefined":29,"s:201:4:201:Infinity":69,"s:201:34:201:Infinity":70,"s:202:4:202:Infinity":71,"s:207:2:209:Infinity":72,"f:207:12:207:18":20,"s:208:4:208:Infinity":73,"s:211:2:284:Infinity":74,"b:221:9:221:Infinity:222:10:225:Infinity":30,"f:230:45:230:46":21,"s:231:12:241:Infinity":75,"f:233:23:233:29":22,"s:233:29:233:Infinity":76,"b:236:20:236:Infinity:237:20:237:Infinity":31,"b:250:20:250:54:250:54:250:Infinity":32,"b:255:10:274:Infinity:276:10:281:Infinity":33,"b:260:20:263:Infinity:264:20:264:Infinity":34,"b:268:16:268:Infinity:270:16:270:Infinity":35,"s:288:22:300:Infinity":77,"f:288:22:288:23":23,"s:289:2:298:Infinity":78}}}
,"/Users/isyahex/Desktop/prjct/practix/src/features/config/api/configService.ts": {"path":"/Users/isyahex/Desktop/prjct/practix/src/features/config/api/configService.ts","statementMap":{"0":{"start":{"line":4,"column":29},"end":{"line":13,"column":null}},"1":{"start":{"line":6,"column":4},"end":{"line":6,"column":null}},"2":{"start":{"line":10,"column":19},"end":{"line":10,"column":null}},"3":{"start":{"line":11,"column":4},"end":{"line":11,"column":null}}},"fnMap":{"0":{"name":"(anonymous_0)","decl":{"start":{"line":5,"column":17},"end":{"line":5,"column":55}},"loc":{"start":{"line":5,"column":55},"end":{"line":7,"column":null}},"line":5},"1":{"name":"(anonymous_1)","decl":{"start":{"line":9,"column":21},"end":{"line":9,"column":28}},"loc":{"start":{"line":9,"column":80},"end":{"line":12,"column":null}},"line":9}},"branchMap":{"0":{"loc":{"start":{"line":11,"column":11},"end":{"line":11,"column":null}},"type":"binary-expr","locations":[{"start":{"line":11,"column":11},"end":{"line":11,"column":21}},{"start":{"line":11,"column":21},"end":{"line":11,"column":null}}],"line":11}},"s":{"0":1,"1":0,"2":0,"3":0},"f":{"0":0,"1":0},"b":{"0":[0,0]},"meta":{"lastBranch":1,"lastFunction":2,"lastStatement":4,"seen":{"s:4:29:13:Infinity":0,"f:5:17:5:55":0,"s:6:4:6:Infinity":1,"f:9:21:9:28":1,"s:10:19:10:Infinity":2,"s:11:4:11:Infinity":3,"b:11:11:11:21:11:21:11:Infinity":0}}}
,"/Users/isyahex/Desktop/prjct/practix/src/features/config/data/repository.ts": {"path":"/Users/isyahex/Desktop/prjct/practix/src/features/config/data/repository.ts","statementMap":{"0":{"start":{"line":4,"column":47},"end":{"line":15,"column":null}},"1":{"start":{"line":17,"column":28},"end":{"line":32,"column":null}},"2":{"start":{"line":34,"column":32},"end":{"line":37,"column":null}},"3":{"start":{"line":35,"column":27},"end":{"line":35,"column":null}},"4":{"start":{"line":36,"column":55},"end":{"line":36,"column":null}}},"fnMap":{"0":{"name":"(anonymous_0)","decl":{"start":{"line":35,"column":15},"end":{"line":35,"column":27}},"loc":{"start":{"line":35,"column":27},"end":{"line":35,"column":null}},"line":35},"1":{"name":"(anonymous_1)","decl":{"start":{"line":36,"column":13},"end":{"line":36,"column":20}},"loc":{"start":{"line":36,"column":55},"end":{"line":36,"column":null}},"line":36}},"branchMap":{},"s":{"0":1,"1":1,"2":1,"3":0,"4":0},"f":{"0":0,"1":0},"b":{},"meta":{"lastBranch":0,"lastFunction":2,"lastStatement":5,"seen":{"s:4:47:15:Infinity":0,"s:17:28:32:Infinity":1,"s:34:32:37:Infinity":2,"f:35:15:35:27":0,"s:35:27:35:Infinity":3,"f:36:13:36:20":1,"s:36:55:36:Infinity":4}}}
,"/Users/isyahex/Desktop/prjct/practix/src/features/roadmap/ui/RoadmapPage.tsx": {"path":"/Users/isyahex/Desktop/prjct/practix/src/features/roadmap/ui/RoadmapPage.tsx","statementMap":{"0":{"start":{"line":29,"column":6},"end":{"line":29,"column":null}},"1":{"start":{"line":48,"column":40},"end":{"line":55,"column":null}},"2":{"start":{"line":61,"column":25},"end":{"line":74,"column":null}},"3":{"start":{"line":76,"column":27},"end":{"line":82,"column":null}},"4":{"start":{"line":84,"column":25},"end":{"line":133,"column":null}},"5":{"start":{"line":135,"column":21},"end":{"line":164,"column":null}},"6":{"start":{"line":166,"column":22},"end":{"line":171,"column":null}},"7":{"start":{"line":173,"column":23},"end":{"line":178,"column":null}},"8":{"start":{"line":183,"column":27},"end":{"line":183,"column":null}},"9":{"start":{"line":191,"column":28},"end":{"line":202,"column":null}},"10":{"start":{"line":192,"column":2},"end":{"line":201,"column":null}},"11":{"start":{"line":193,"column":39},"end":{"line":197,"column":null}},"12":{"start":{"line":198,"column":4},"end":{"line":198,"column":null}},"13":{"start":{"line":204,"column":30},"end":{"line":219,"column":null}},"14":{"start":{"line":205,"column":2},"end":{"line":218,"column":null}},"15":{"start":{"line":206,"column":18},"end":{"line":206,"column":null}},"16":{"start":{"line":207,"column":4},"end":{"line":207,"column":null}},"17":{"start":{"line":207,"column":16},"end":{"line":207,"column":null}},"18":{"start":{"line":209,"column":39},"end":{"line":209,"column":null}},"19":{"start":{"line":211,"column":4},"end":{"line":214,"column":null}},"20":{"start":{"line":212,"column":6},"end":{"line":212,"column":null}},"21":{"start":{"line":213,"column":6},"end":{"line":213,"column":null}},"22":{"start":{"line":215,"column":4},"end":{"line":215,"column":null}},"23":{"start":{"line":217,"column":4},"end":{"line":217,"column":null}},"24":{"start":{"line":221,"column":27},"end":{"line":227,"column":null}},"25":{"start":{"line":222,"column":2},"end":{"line":226,"column":null}},"26":{"start":{"line":223,"column":4},"end":{"line":223,"column":null}},"27":{"start":{"line":239,"column":21},"end":{"line":323,"column":null}},"28":{"start":{"line":244,"column":14},"end":{"line":244,"column":null}},"29":{"start":{"line":246,"column":2},"end":{"line":321,"column":null}},"30":{"start":{"line":329,"column":20},"end":{"line":1310,"column":null}},"31":{"start":{"line":330,"column":15},"end":{"line":330,"column":null}},"32":{"start":{"line":331,"column":14},"end":{"line":331,"column":null}},"33":{"start":{"line":332,"column":8},"end":{"line":332,"column":null}},"34":{"start":{"line":335,"column":22},"end":{"line":337,"column":null}},"35":{"start":{"line":338,"column":34},"end":{"line":341,"column":null}},"36":{"start":{"line":339,"column":18},"end":{"line":339,"column":null}},"37":{"start":{"line":340,"column":4},"end":{"line":340,"column":null}},"38":{"start":{"line":342,"column":36},"end":{"line":345,"column":null}},"39":{"start":{"line":343,"column":18},"end":{"line":343,"column":null}},"40":{"start":{"line":344,"column":4},"end":{"line":344,"column":null}},"41":{"start":{"line":346,"column":48},"end":{"line":346,"column":null}},"42":{"start":{"line":347,"column":30},"end":{"line":347,"column":null}},"43":{"start":{"line":348,"column":44},"end":{"line":350,"column":null}},"44":{"start":{"line":351,"column":28},"end":{"line":351,"column":null}},"45":{"start":{"line":352,"column":36},"end":{"line":352,"column":null}},"46":{"start":{"line":353,"column":44},"end":{"line":353,"column":null}},"47":{"start":{"line":354,"column":24},"end":{"line":354,"column":null}},"48":{"start":{"line":355,"column":52},"end":{"line":355,"column":null}},"49":{"start":{"line":356,"column":42},"end":{"line":356,"column":null}},"50":{"start":{"line":359,"column":2},"end":{"line":363,"column":null}},"51":{"start":{"line":360,"column":4},"end":{"line":362,"column":null}},"52":{"start":{"line":361,"column":6},"end":{"line":361,"column":null}},"53":{"start":{"line":366,"column":2},"end":{"line":401,"column":null}},"54":{"start":{"line":367,"column":33},"end":{"line":398,"column":null}},"55":{"start":{"line":368,"column":6},"end":{"line":376,"column":null}},"56":{"start":{"line":370,"column":22},"end":{"line":370,"column":null}},"57":{"start":{"line":371,"column":8},"end":{"line":373,"column":null}},"58":{"start":{"line":372,"column":10},"end":{"line":372,"column":null}},"59":{"start":{"line":374,"column":8},"end":{"line":374,"column":null}},"60":{"start":{"line":375,"column":8},"end":{"line":375,"column":null}},"61":{"start":{"line":378,"column":6},"end":{"line":397,"column":null}},"62":{"start":{"line":379,"column":25},"end":{"line":379,"column":null}},"63":{"start":{"line":380,"column":8},"end":{"line":393,"column":null}},"64":{"start":{"line":381,"column":10},"end":{"line":381,"column":null}},"65":{"start":{"line":382,"column":10},"end":{"line":382,"column":null}},"66":{"start":{"line":383,"column":10},"end":{"line":383,"column":null}},"67":{"start":{"line":386,"column":24},"end":{"line":386,"column":null}},"68":{"start":{"line":387,"column":10},"end":{"line":392,"column":null}},"69":{"start":{"line":388,"column":12},"end":{"line":388,"column":null}},"70":{"start":{"line":389,"column":12},"end":{"line":389,"column":null}},"71":{"start":{"line":391,"column":12},"end":{"line":391,"column":null}},"72":{"start":{"line":395,"column":8},"end":{"line":395,"column":null}},"73":{"start":{"line":396,"column":8},"end":{"line":396,"column":null}},"74":{"start":{"line":400,"column":4},"end":{"line":400,"column":null}},"75":{"start":{"line":407,"column":23},"end":{"line":433,"column":null}},"76":{"start":{"line":435,"column":21},"end":{"line":450,"column":null}},"77":{"start":{"line":436,"column":4},"end":{"line":449,"column":null}},"78":{"start":{"line":438,"column":8},"end":{"line":438,"column":null}},"79":{"start":{"line":440,"column":8},"end":{"line":440,"column":null}},"80":{"start":{"line":442,"column":8},"end":{"line":442,"column":null}},"81":{"start":{"line":444,"column":8},"end":{"line":444,"column":null}},"82":{"start":{"line":446,"column":8},"end":{"line":446,"column":null}},"83":{"start":{"line":448,"column":8},"end":{"line":448,"column":null}},"84":{"start":{"line":452,"column":21},"end":{"line":468,"column":null}},"85":{"start":{"line":454,"column":4},"end":{"line":457,"column":null}},"86":{"start":{"line":455,"column":6},"end":{"line":455,"column":null}},"87":{"start":{"line":456,"column":6},"end":{"line":456,"column":null}},"88":{"start":{"line":460,"column":4},"end":{"line":460,"column":null}},"89":{"start":{"line":462,"column":4},"end":{"line":467,"column":null}},"90":{"start":{"line":463,"column":6},"end":{"line":463,"column":null}},"91":{"start":{"line":463,"column":30},"end":{"line":463,"column":38}},"92":{"start":{"line":466,"column":6},"end":{"line":466,"column":null}},"93":{"start":{"line":470,"column":21},"end":{"line":474,"column":null}},"94":{"start":{"line":471,"column":4},"end":{"line":473,"column":null}},"95":{"start":{"line":472,"column":6},"end":{"line":472,"column":null}},"96":{"start":{"line":472,"column":30},"end":{"line":472,"column":38}},"97":{"start":{"line":476,"column":25},"end":{"line":483,"column":null}},"98":{"start":{"line":477,"column":4},"end":{"line":482,"column":null}},"99":{"start":{"line":477,"column":30},"end":{"line":482,"column":6}},"100":{"start":{"line":480,"column":44},"end":{"line":480,"column":56}},"101":{"start":{"line":485,"column":25},"end":{"line":496,"column":null}},"102":{"start":{"line":487,"column":4},"end":{"line":489,"column":null}},"103":{"start":{"line":488,"column":6},"end":{"line":488,"column":null}},"104":{"start":{"line":490,"column":4},"end":{"line":495,"column":null}},"105":{"start":{"line":490,"column":30},"end":{"line":495,"column":6}},"106":{"start":{"line":493,"column":39},"end":{"line":493,"column":55}},"107":{"start":{"line":502,"column":33},"end":{"line":544,"column":null}},"108":{"start":{"line":503,"column":4},"end":{"line":503,"column":null}},"109":{"start":{"line":504,"column":4},"end":{"line":504,"column":null}},"110":{"start":{"line":506,"column":19},"end":{"line":512,"column":null}},"111":{"start":{"line":514,"column":4},"end":{"line":518,"column":null}},"112":{"start":{"line":514,"column":17},"end":{"line":514,"column":20}},"113":{"start":{"line":515,"column":6},"end":{"line":515,"column":null}},"114":{"start":{"line":516,"column":6},"end":{"line":516,"column":null}},"115":{"start":{"line":517,"column":6},"end":{"line":517,"column":null}},"116":{"start":{"line":517,"column":31},"end":{"line":517,"column":49}},"117":{"start":{"line":520,"column":4},"end":{"line":543,"column":null}},"118":{"start":{"line":521,"column":44},"end":{"line":528,"column":null}},"119":{"start":{"line":530,"column":23},"end":{"line":530,"column":null}},"120":{"start":{"line":531,"column":6},"end":{"line":531,"column":null}},"121":{"start":{"line":532,"column":6},"end":{"line":532,"column":null}},"122":{"start":{"line":534,"column":6},"end":{"line":534,"column":null}},"123":{"start":{"line":535,"column":6},"end":{"line":541,"column":null}},"124":{"start":{"line":536,"column":8},"end":{"line":538,"column":null}},"125":{"start":{"line":540,"column":8},"end":{"line":540,"column":null}},"126":{"start":{"line":542,"column":6},"end":{"line":542,"column":null}},"127":{"start":{"line":546,"column":30},"end":{"line":548,"column":null}},"128":{"start":{"line":547,"column":4},"end":{"line":547,"column":null}},"129":{"start":{"line":550,"column":34},"end":{"line":580,"column":null}},"130":{"start":{"line":551,"column":4},"end":{"line":551,"column":null}},"131":{"start":{"line":551,"column":26},"end":{"line":551,"column":null}},"132":{"start":{"line":553,"column":4},"end":{"line":553,"column":null}},"133":{"start":{"line":554,"column":4},"end":{"line":554,"column":null}},"134":{"start":{"line":555,"column":4},"end":{"line":555,"column":null}},"135":{"start":{"line":557,"column":4},"end":{"line":579,"column":null}},"136":{"start":{"line":558,"column":42},"end":{"line":568,"column":null}},"137":{"start":{"line":570,"column":21},"end":{"line":570,"column":null}},"138":{"start":{"line":571,"column":6},"end":{"line":571,"column":null}},"139":{"start":{"line":572,"column":6},"end":{"line":572,"column":null}},"140":{"start":{"line":573,"column":6},"end":{"line":573,"column":null}},"141":{"start":{"line":574,"column":6},"end":{"line":574,"column":null}},"142":{"start":{"line":576,"column":6},"end":{"line":576,"column":null}},"143":{"start":{"line":577,"column":6},"end":{"line":577,"column":null}},"144":{"start":{"line":578,"column":6},"end":{"line":578,"column":null}},"145":{"start":{"line":582,"column":27},"end":{"line":592,"column":null}},"146":{"start":{"line":583,"column":4},"end":{"line":586,"column":null}},"147":{"start":{"line":584,"column":6},"end":{"line":584,"column":null}},"148":{"start":{"line":585,"column":6},"end":{"line":585,"column":null}},"149":{"start":{"line":587,"column":4},"end":{"line":587,"column":null}},"150":{"start":{"line":588,"column":4},"end":{"line":588,"column":null}},"151":{"start":{"line":589,"column":4},"end":{"line":589,"column":null}},"152":{"start":{"line":590,"column":4},"end":{"line":590,"column":null}},"153":{"start":{"line":591,"column":4},"end":{"line":591,"column":null}},"154":{"start":{"line":594,"column":35},"end":{"line":598,"column":null}},"155":{"start":{"line":597,"column":4},"end":{"line":597,"column":null}},"156":{"start":{"line":600,"column":16},"end":{"line":616,"column":null}},"157":{"start":{"line":601,"column":4},"end":{"line":607,"column":null}},"158":{"start":{"line":602,"column":6},"end":{"line":606,"column":null}},"159":{"start":{"line":603,"column":8},"end":{"line":603,"column":null}},"160":{"start":{"line":605,"column":8},"end":{"line":605,"column":null}},"161":{"start":{"line":608,"column":4},"end":{"line":608,"column":null}},"162":{"start":{"line":609,"column":4},"end":{"line":609,"column":null}},"163":{"start":{"line":610,"column":4},"end":{"line":610,"column":null}},"164":{"start":{"line":611,"column":4},"end":{"line":611,"column":null}},"165":{"start":{"line":612,"column":4},"end":{"line":612,"column":null}},"166":{"start":{"line":613,"column":4},"end":{"line":613,"column":null}},"167":{"start":{"line":614,"column":4},"end":{"line":614,"column":null}},"168":{"start":{"line":615,"column":4},"end":{"line":615,"column":null}},"169":{"start":{"line":622,"column":28},"end":{"line":636,"column":null}},"170":{"start":{"line":623,"column":4},"end":{"line":627,"column":null}},"171":{"start":{"line":625,"column":6},"end":{"line":625,"column":null}},"172":{"start":{"line":626,"column":6},"end":{"line":626,"column":null}},"173":{"start":{"line":628,"column":4},"end":{"line":634,"column":null}},"174":{"start":{"line":630,"column":6},"end":{"line":630,"column":null}},"175":{"start":{"line":631,"column":6},"end":{"line":631,"column":null}},"176":{"start":{"line":632,"column":6},"end":{"line":632,"column":null}},"177":{"start":{"line":633,"column":6},"end":{"line":633,"column":null}},"178":{"start":{"line":635,"column":4},"end":{"line":635,"column":null}},"179":{"start":{"line":638,"column":29},"end":{"line":645,"column":null}},"180":{"start":{"line":639,"column":4},"end":{"line":642,"column":null}},"181":{"start":{"line":640,"column":6},"end":{"line":640,"column":null}},"182":{"start":{"line":641,"column":6},"end":{"line":641,"column":null}},"183":{"start":{"line":644,"column":4},"end":{"line":644,"column":null}},"184":{"start":{"line":647,"column":2},"end":{"line":655,"column":null}},"185":{"start":{"line":648,"column":4},"end":{"line":653,"column":null}},"186":{"start":{"line":650,"column":23},"end":{"line":650,"column":null}},"187":{"start":{"line":661,"column":2},"end":{"line":927,"column":null}},"188":{"start":{"line":662,"column":24},"end":{"line":662,"column":null}},"189":{"start":{"line":664,"column":4},"end":{"line":925,"column":null}},"190":{"start":{"line":707,"column":18},"end":{"line":723,"column":null}},"191":{"start":{"line":709,"column":35},"end":{"line":709,"column":null}},"192":{"start":{"line":732,"column":16},"end":{"line":750,"column":null}},"193":{"start":{"line":735,"column":20},"end":{"line":738,"column":null}},"194":{"start":{"line":735,"column":46},"end":{"line":738,"column":22}},"195":{"start":{"line":768,"column":18},"end":{"line":787,"column":null}},"196":{"start":{"line":770,"column":35},"end":{"line":770,"column":null}},"197":{"start":{"line":796,"column":16},"end":{"line":826,"column":null}},"198":{"start":{"line":799,"column":20},"end":{"line":802,"column":null}},"199":{"start":{"line":799,"column":46},"end":{"line":802,"column":22}},"200":{"start":{"line":840,"column":20},"end":{"line":858,"column":null}},"201":{"start":{"line":843,"column":24},"end":{"line":846,"column":null}},"202":{"start":{"line":843,"column":50},"end":{"line":846,"column":26}},"203":{"start":{"line":870,"column":20},"end":{"line":888,"column":null}},"204":{"start":{"line":873,"column":24},"end":{"line":876,"column":null}},"205":{"start":{"line":873,"column":50},"end":{"line":876,"column":26}},"206":{"start":{"line":933,"column":2},"end":{"line":960,"column":null}},"207":{"start":{"line":934,"column":4},"end":{"line":958,"column":null}},"208":{"start":{"line":966,"column":2},"end":{"line":1025,"column":null}},"209":{"start":{"line":967,"column":4},"end":{"line":1023,"column":null}},"210":{"start":{"line":990,"column":12},"end":{"line":995,"column":null}},"211":{"start":{"line":1003,"column":14},"end":{"line":1003,"column":null}},"212":{"start":{"line":1004,"column":14},"end":{"line":1004,"column":null}},"213":{"start":{"line":1031,"column":24},"end":{"line":1031,"column":null}},"214":{"start":{"line":1032,"column":20},"end":{"line":1032,"column":null}},"215":{"start":{"line":1034,"column":2},"end":{"line":1308,"column":null}},"216":{"start":{"line":1040,"column":25},"end":{"line":1040,"column":null}},"217":{"start":{"line":1044,"column":28},"end":{"line":1044,"column":null}},"218":{"start":{"line":1048,"column":29},"end":{"line":1048,"column":null}},"219":{"start":{"line":1120,"column":33},"end":{"line":1120,"column":null}},"220":{"start":{"line":1212,"column":12},"end":{"line":1289,"column":null}},"221":{"start":{"line":1235,"column":40},"end":{"line":1235,"column":null}},"222":{"start":{"line":1237,"column":20},"end":{"line":1284,"column":null}}},"fnMap":{"0":{"name":"(anonymous_0)","decl":{"start":{"line":191,"column":28},"end":{"line":191,"column":29}},"loc":{"start":{"line":191,"column":66},"end":{"line":202,"column":null}},"line":191},"1":{"name":"(anonymous_1)","decl":{"start":{"line":204,"column":30},"end":{"line":204,"column":65}},"loc":{"start":{"line":204,"column":65},"end":{"line":219,"column":null}},"line":204},"2":{"name":"(anonymous_2)","decl":{"start":{"line":221,"column":27},"end":{"line":221,"column":33}},"loc":{"start":{"line":221,"column":33},"end":{"line":227,"column":null}},"line":221},"3":{"name":"(anonymous_3)","decl":{"start":{"line":239,"column":21},"end":{"line":239,"column":22}},"loc":{"start":{"line":243,"column":25},"end":{"line":323,"column":null}},"line":243},"4":{"name":"(anonymous_4)","decl":{"start":{"line":329,"column":20},"end":{"line":329,"column":26}},"loc":{"start":{"line":329,"column":26},"end":{"line":1310,"column":null}},"line":329},"5":{"name":"(anonymous_5)","decl":{"start":{"line":338,"column":47},"end":{"line":338,"column":53}},"loc":{"start":{"line":338,"column":53},"end":{"line":341,"column":3}},"line":338},"6":{"name":"(anonymous_6)","decl":{"start":{"line":342,"column":62},"end":{"line":342,"column":68}},"loc":{"start":{"line":342,"column":68},"end":{"line":345,"column":3}},"line":342},"7":{"name":"(anonymous_7)","decl":{"start":{"line":359,"column":12},"end":{"line":359,"column":18}},"loc":{"start":{"line":359,"column":18},"end":{"line":363,"column":5}},"line":359},"8":{"name":"(anonymous_8)","decl":{"start":{"line":366,"column":12},"end":{"line":366,"column":18}},"loc":{"start":{"line":366,"column":18},"end":{"line":401,"column":5}},"line":366},"9":{"name":"(anonymous_9)","decl":{"start":{"line":367,"column":33},"end":{"line":367,"column":45}},"loc":{"start":{"line":367,"column":45},"end":{"line":398,"column":null}},"line":367},"10":{"name":"(anonymous_10)","decl":{"start":{"line":435,"column":21},"end":{"line":435,"column":27}},"loc":{"start":{"line":435,"column":27},"end":{"line":450,"column":null}},"line":435},"11":{"name":"(anonymous_11)","decl":{"start":{"line":452,"column":21},"end":{"line":452,"column":27}},"loc":{"start":{"line":452,"column":27},"end":{"line":468,"column":null}},"line":452},"12":{"name":"(anonymous_12)","decl":{"start":{"line":463,"column":20},"end":{"line":463,"column":21}},"loc":{"start":{"line":463,"column":30},"end":{"line":463,"column":38}},"line":463},"13":{"name":"(anonymous_13)","decl":{"start":{"line":470,"column":21},"end":{"line":470,"column":27}},"loc":{"start":{"line":470,"column":27},"end":{"line":474,"column":null}},"line":470},"14":{"name":"(anonymous_14)","decl":{"start":{"line":472,"column":20},"end":{"line":472,"column":21}},"loc":{"start":{"line":472,"column":30},"end":{"line":472,"column":38}},"line":472},"15":{"name":"(anonymous_15)","decl":{"start":{"line":476,"column":25},"end":{"line":476,"column":26}},"loc":{"start":{"line":476,"column":45},"end":{"line":483,"column":null}},"line":476},"16":{"name":"(anonymous_16)","decl":{"start":{"line":477,"column":19},"end":{"line":477,"column":20}},"loc":{"start":{"line":477,"column":30},"end":{"line":482,"column":6}},"line":477},"17":{"name":"(anonymous_17)","decl":{"start":{"line":480,"column":37},"end":{"line":480,"column":38}},"loc":{"start":{"line":480,"column":44},"end":{"line":480,"column":56}},"line":480},"18":{"name":"(anonymous_18)","decl":{"start":{"line":485,"column":25},"end":{"line":485,"column":26}},"loc":{"start":{"line":485,"column":49},"end":{"line":496,"column":null}},"line":485},"19":{"name":"(anonymous_19)","decl":{"start":{"line":490,"column":19},"end":{"line":490,"column":20}},"loc":{"start":{"line":490,"column":30},"end":{"line":495,"column":6}},"line":490},"20":{"name":"(anonymous_20)","decl":{"start":{"line":493,"column":32},"end":{"line":493,"column":33}},"loc":{"start":{"line":493,"column":39},"end":{"line":493,"column":55}},"line":493},"21":{"name":"(anonymous_21)","decl":{"start":{"line":502,"column":33},"end":{"line":502,"column":45}},"loc":{"start":{"line":502,"column":45},"end":{"line":544,"column":null}},"line":502},"22":{"name":"(anonymous_22)","decl":{"start":{"line":517,"column":24},"end":{"line":517,"column":25}},"loc":{"start":{"line":517,"column":31},"end":{"line":517,"column":49}},"line":517},"23":{"name":"(anonymous_23)","decl":{"start":{"line":546,"column":30},"end":{"line":546,"column":31}},"loc":{"start":{"line":546,"column":59},"end":{"line":548,"column":null}},"line":546},"24":{"name":"(anonymous_24)","decl":{"start":{"line":550,"column":34},"end":{"line":550,"column":46}},"loc":{"start":{"line":550,"column":46},"end":{"line":580,"column":null}},"line":550},"25":{"name":"(anonymous_25)","decl":{"start":{"line":582,"column":27},"end":{"line":582,"column":39}},"loc":{"start":{"line":582,"column":39},"end":{"line":592,"column":null}},"line":582},"26":{"name":"(anonymous_26)","decl":{"start":{"line":594,"column":35},"end":{"line":594,"column":41}},"loc":{"start":{"line":594,"column":41},"end":{"line":598,"column":null}},"line":594},"27":{"name":"(anonymous_27)","decl":{"start":{"line":600,"column":16},"end":{"line":600,"column":28}},"loc":{"start":{"line":600,"column":28},"end":{"line":616,"column":null}},"line":600},"28":{"name":"(anonymous_28)","decl":{"start":{"line":622,"column":28},"end":{"line":622,"column":29}},"loc":{"start":{"line":622,"column":52},"end":{"line":636,"column":null}},"line":622},"29":{"name":"(anonymous_29)","decl":{"start":{"line":638,"column":29},"end":{"line":638,"column":35}},"loc":{"start":{"line":638,"column":35},"end":{"line":645,"column":null}},"line":638},"30":{"name":"(anonymous_30)","decl":{"start":{"line":650,"column":17},"end":{"line":650,"column":23}},"loc":{"start":{"line":650,"column":23},"end":{"line":650,"column":null}},"line":650},"31":{"name":"(anonymous_31)","decl":{"start":{"line":706,"column":38},"end":{"line":706,"column":39}},"loc":{"start":{"line":707,"column":18},"end":{"line":723,"column":null}},"line":707},"32":{"name":"(anonymous_32)","decl":{"start":{"line":709,"column":29},"end":{"line":709,"column":35}},"loc":{"start":{"line":709,"column":35},"end":{"line":709,"column":null}},"line":709},"33":{"name":"(anonymous_33)","decl":{"start":{"line":731,"column":38},"end":{"line":731,"column":39}},"loc":{"start":{"line":732,"column":16},"end":{"line":750,"column":null}},"line":732},"34":{"name":"(anonymous_34)","decl":{"start":{"line":734,"column":27},"end":{"line":734,"column":null}},"loc":{"start":{"line":735,"column":20},"end":{"line":738,"column":null}},"line":735},"35":{"name":"(anonymous_35)","decl":{"start":{"line":735,"column":35},"end":{"line":735,"column":36}},"loc":{"start":{"line":735,"column":46},"end":{"line":738,"column":22}},"line":735},"36":{"name":"(anonymous_36)","decl":{"start":{"line":767,"column":38},"end":{"line":767,"column":39}},"loc":{"start":{"line":768,"column":18},"end":{"line":787,"column":null}},"line":768},"37":{"name":"(anonymous_37)","decl":{"start":{"line":770,"column":29},"end":{"line":770,"column":35}},"loc":{"start":{"line":770,"column":35},"end":{"line":770,"column":null}},"line":770},"38":{"name":"(anonymous_38)","decl":{"start":{"line":795,"column":32},"end":{"line":795,"column":33}},"loc":{"start":{"line":796,"column":16},"end":{"line":826,"column":null}},"line":796},"39":{"name":"(anonymous_39)","decl":{"start":{"line":798,"column":27},"end":{"line":798,"column":null}},"loc":{"start":{"line":799,"column":20},"end":{"line":802,"column":null}},"line":799},"40":{"name":"(anonymous_40)","decl":{"start":{"line":799,"column":35},"end":{"line":799,"column":36}},"loc":{"start":{"line":799,"column":46},"end":{"line":802,"column":22}},"line":799},"41":{"name":"(anonymous_41)","decl":{"start":{"line":839,"column":37},"end":{"line":839,"column":38}},"loc":{"start":{"line":840,"column":20},"end":{"line":858,"column":null}},"line":840},"42":{"name":"(anonymous_42)","decl":{"start":{"line":842,"column":31},"end":{"line":842,"column":null}},"loc":{"start":{"line":843,"column":24},"end":{"line":846,"column":null}},"line":843},"43":{"name":"(anonymous_43)","decl":{"start":{"line":843,"column":39},"end":{"line":843,"column":40}},"loc":{"start":{"line":843,"column":50},"end":{"line":846,"column":26}},"line":843},"44":{"name":"(anonymous_44)","decl":{"start":{"line":869,"column":38},"end":{"line":869,"column":39}},"loc":{"start":{"line":870,"column":20},"end":{"line":888,"column":null}},"line":870},"45":{"name":"(anonymous_45)","decl":{"start":{"line":872,"column":31},"end":{"line":872,"column":null}},"loc":{"start":{"line":873,"column":24},"end":{"line":876,"column":null}},"line":873},"46":{"name":"(anonymous_46)","decl":{"start":{"line":873,"column":39},"end":{"line":873,"column":40}},"loc":{"start":{"line":873,"column":50},"end":{"line":876,"column":26}},"line":873},"47":{"name":"(anonymous_47)","decl":{"start":{"line":989,"column":24},"end":{"line":989,"column":25}},"loc":{"start":{"line":990,"column":12},"end":{"line":995,"column":null}},"line":990},"48":{"name":"(anonymous_48)","decl":{"start":{"line":1002,"column":21},"end":{"line":1002,"column":27}},"loc":{"start":{"line":1002,"column":27},"end":{"line":1005,"column":null}},"line":1002},"49":{"name":"(anonymous_49)","decl":{"start":{"line":1040,"column":19},"end":{"line":1040,"column":25}},"loc":{"start":{"line":1040,"column":25},"end":{"line":1040,"column":null}},"line":1040},"50":{"name":"(anonymous_50)","decl":{"start":{"line":1044,"column":21},"end":{"line":1044,"column":22}},"loc":{"start":{"line":1044,"column":28},"end":{"line":1044,"column":null}},"line":1044},"51":{"name":"(anonymous_51)","decl":{"start":{"line":1048,"column":23},"end":{"line":1048,"column":29}},"loc":{"start":{"line":1048,"column":29},"end":{"line":1048,"column":null}},"line":1048},"52":{"name":"(anonymous_52)","decl":{"start":{"line":1120,"column":27},"end":{"line":1120,"column":33}},"loc":{"start":{"line":1120,"column":33},"end":{"line":1120,"column":null}},"line":1120},"53":{"name":"(anonymous_53)","decl":{"start":{"line":1211,"column":31},"end":{"line":1211,"column":32}},"loc":{"start":{"line":1212,"column":12},"end":{"line":1289,"column":null}},"line":1212},"54":{"name":"(anonymous_54)","decl":{"start":{"line":1234,"column":35},"end":{"line":1234,"column":36}},"loc":{"start":{"line":1234,"column":45},"end":{"line":1286,"column":19}},"line":1234}},"branchMap":{"0":{"loc":{"start":{"line":207,"column":4},"end":{"line":207,"column":null}},"type":"if","locations":[{"start":{"line":207,"column":4},"end":{"line":207,"column":null}},{"start":{},"end":{}}],"line":207},"1":{"loc":{"start":{"line":211,"column":4},"end":{"line":214,"column":null}},"type":"if","locations":[{"start":{"line":211,"column":4},"end":{"line":214,"column":null}},{"start":{},"end":{}}],"line":211},"2":{"loc":{"start":{"line":297,"column":9},"end":{"line":309,"column":null}},"type":"binary-expr","locations":[{"start":{"line":297,"column":9},"end":{"line":297,"column":24}},{"start":{"line":297,"column":24},"end":{"line":297,"column":null}},{"start":{"line":298,"column":10},"end":{"line":309,"column":null}}],"line":297},"3":{"loc":{"start":{"line":300,"column":15},"end":{"line":301,"column":null}},"type":"binary-expr","locations":[{"start":{"line":300,"column":15},"end":{"line":300,"column":null}},{"start":{"line":301,"column":16},"end":{"line":301,"column":null}}],"line":300},"4":{"loc":{"start":{"line":307,"column":15},"end":{"line":307,"column":null}},"type":"binary-expr","locations":[{"start":{"line":307,"column":15},"end":{"line":307,"column":46}},{"start":{"line":307,"column":46},"end":{"line":307,"column":null}}],"line":307},"5":{"loc":{"start":{"line":316,"column":11},"end":{"line":318,"column":null}},"type":"cond-expr","locations":[{"start":{"line":317,"column":14},"end":{"line":317,"column":null}},{"start":{"line":318,"column":14},"end":{"line":318,"column":null}}],"line":316},"6":{"loc":{"start":{"line":317,"column":14},"end":{"line":317,"column":null}},"type":"binary-expr","locations":[{"start":{"line":317,"column":14},"end":{"line":317,"column":42}},{"start":{"line":317,"column":42},"end":{"line":317,"column":null}}],"line":317},"7":{"loc":{"start":{"line":340,"column":11},"end":{"line":340,"column":null}},"type":"binary-expr","locations":[{"start":{"line":340,"column":11},"end":{"line":340,"column":32}},{"start":{"line":340,"column":32},"end":{"line":340,"column":null}}],"line":340},"8":{"loc":{"start":{"line":344,"column":11},"end":{"line":344,"column":null}},"type":"binary-expr","locations":[{"start":{"line":344,"column":11},"end":{"line":344,"column":33}},{"start":{"line":344,"column":33},"end":{"line":344,"column":null}}],"line":344},"9":{"loc":{"start":{"line":360,"column":4},"end":{"line":362,"column":null}},"type":"if","locations":[{"start":{"line":360,"column":4},"end":{"line":362,"column":null}},{"start":{},"end":{}}],"line":360},"10":{"loc":{"start":{"line":368,"column":6},"end":{"line":376,"column":null}},"type":"if","locations":[{"start":{"line":368,"column":6},"end":{"line":376,"column":null}},{"start":{},"end":{}}],"line":368},"11":{"loc":{"start":{"line":371,"column":8},"end":{"line":373,"column":null}},"type":"if","locations":[{"start":{"line":371,"column":8},"end":{"line":373,"column":null}},{"start":{},"end":{}}],"line":371},"12":{"loc":{"start":{"line":371,"column":12},"end":{"line":371,"column":43}},"type":"binary-expr","locations":[{"start":{"line":371,"column":12},"end":{"line":371,"column":21}},{"start":{"line":371,"column":21},"end":{"line":371,"column":43}}],"line":371},"13":{"loc":{"start":{"line":380,"column":8},"end":{"line":393,"column":null}},"type":"if","locations":[{"start":{"line":380,"column":8},"end":{"line":393,"column":null}},{"start":{"line":384,"column":15},"end":{"line":393,"column":null}}],"line":380},"14":{"loc":{"start":{"line":387,"column":10},"end":{"line":392,"column":null}},"type":"if","locations":[{"start":{"line":387,"column":10},"end":{"line":392,"column":null}},{"start":{"line":390,"column":17},"end":{"line":392,"column":null}}],"line":387},"15":{"loc":{"start":{"line":387,"column":14},"end":{"line":387,"column":45}},"type":"binary-expr","locations":[{"start":{"line":387,"column":14},"end":{"line":387,"column":23}},{"start":{"line":387,"column":23},"end":{"line":387,"column":45}}],"line":387},"16":{"loc":{"start":{"line":436,"column":4},"end":{"line":449,"column":null}},"type":"switch","locations":[{"start":{"line":437,"column":6},"end":{"line":438,"column":null}},{"start":{"line":439,"column":6},"end":{"line":440,"column":null}},{"start":{"line":441,"column":6},"end":{"line":442,"column":null}},{"start":{"line":443,"column":6},"end":{"line":444,"column":null}},{"start":{"line":445,"column":6},"end":{"line":446,"column":null}},{"start":{"line":447,"column":6},"end":{"line":448,"column":null}}],"line":436},"17":{"loc":{"start":{"line":454,"column":4},"end":{"line":457,"column":null}},"type":"if","locations":[{"start":{"line":454,"column":4},"end":{"line":457,"column":null}},{"start":{},"end":{}}],"line":454},"18":{"loc":{"start":{"line":454,"column":8},"end":{"line":454,"column":64}},"type":"binary-expr","locations":[{"start":{"line":454,"column":8},"end":{"line":454,"column":28}},{"start":{"line":454,"column":28},"end":{"line":454,"column":64}}],"line":454},"19":{"loc":{"start":{"line":462,"column":4},"end":{"line":467,"column":null}},"type":"if","locations":[{"start":{"line":462,"column":4},"end":{"line":467,"column":null}},{"start":{"line":464,"column":11},"end":{"line":467,"column":null}}],"line":462},"20":{"loc":{"start":{"line":471,"column":4},"end":{"line":473,"column":null}},"type":"if","locations":[{"start":{"line":471,"column":4},"end":{"line":473,"column":null}},{"start":{},"end":{}}],"line":471},"21":{"loc":{"start":{"line":479,"column":22},"end":{"line":481,"column":null}},"type":"cond-expr","locations":[{"start":{"line":480,"column":10},"end":{"line":480,"column":null}},{"start":{"line":481,"column":10},"end":{"line":481,"column":null}}],"line":479},"22":{"loc":{"start":{"line":487,"column":4},"end":{"line":489,"column":null}},"type":"if","locations":[{"start":{"line":487,"column":4},"end":{"line":489,"column":null}},{"start":{},"end":{}}],"line":487},"23":{"loc":{"start":{"line":492,"column":17},"end":{"line":494,"column":null}},"type":"cond-expr","locations":[{"start":{"line":493,"column":10},"end":{"line":493,"column":null}},{"start":{"line":494,"column":10},"end":{"line":494,"column":null}}],"line":492},"24":{"loc":{"start":{"line":535,"column":6},"end":{"line":541,"column":null}},"type":"if","locations":[{"start":{"line":535,"column":6},"end":{"line":541,"column":null}},{"start":{"line":539,"column":13},"end":{"line":541,"column":null}}],"line":535},"25":{"loc":{"start":{"line":535,"column":10},"end":{"line":535,"column":75}},"type":"binary-expr","locations":[{"start":{"line":535,"column":10},"end":{"line":535,"column":15}},{"start":{"line":535,"column":15},"end":{"line":535,"column":40}},{"start":{"line":535,"column":40},"end":{"line":535,"column":57}},{"start":{"line":535,"column":57},"end":{"line":535,"column":75}}],"line":535},"26":{"loc":{"start":{"line":551,"column":4},"end":{"line":551,"column":null}},"type":"if","locations":[{"start":{"line":551,"column":4},"end":{"line":551,"column":null}},{"start":{},"end":{}}],"line":551},"27":{"loc":{"start":{"line":567,"column":16},"end":{"line":567,"column":null}},"type":"binary-expr","locations":[{"start":{"line":567,"column":16},"end":{"line":567,"column":42}},{"start":{"line":567,"column":42},"end":{"line":567,"column":null}}],"line":567},"28":{"loc":{"start":{"line":583,"column":4},"end":{"line":586,"column":null}},"type":"if","locations":[{"start":{"line":583,"column":4},"end":{"line":586,"column":null}},{"start":{},"end":{}}],"line":583},"29":{"loc":{"start":{"line":583,"column":8},"end":{"line":583,"column":56}},"type":"binary-expr","locations":[{"start":{"line":583,"column":8},"end":{"line":583,"column":35}},{"start":{"line":583,"column":35},"end":{"line":583,"column":56}}],"line":583},"30":{"loc":{"start":{"line":601,"column":4},"end":{"line":607,"column":null}},"type":"if","locations":[{"start":{"line":601,"column":4},"end":{"line":607,"column":null}},{"start":{},"end":{}}],"line":601},"31":{"loc":{"start":{"line":622,"column":29},"end":{"line":622,"column":52}},"type":"default-arg","locations":[{"start":{"line":622,"column":42},"end":{"line":622,"column":52}}],"line":622},"32":{"loc":{"start":{"line":623,"column":4},"end":{"line":627,"column":null}},"type":"if","locations":[{"start":{"line":623,"column":4},"end":{"line":627,"column":null}},{"start":{},"end":{}}],"line":623},"33":{"loc":{"start":{"line":628,"column":4},"end":{"line":634,"column":null}},"type":"if","locations":[{"start":{"line":628,"column":4},"end":{"line":634,"column":null}},{"start":{},"end":{}}],"line":628},"34":{"loc":{"start":{"line":639,"column":4},"end":{"line":642,"column":null}},"type":"if","locations":[{"start":{"line":639,"column":4},"end":{"line":642,"column":null}},{"start":{},"end":{}}],"line":639},"35":{"loc":{"start":{"line":647,"column":2},"end":{"line":655,"column":null}},"type":"if","locations":[{"start":{"line":647,"column":2},"end":{"line":655,"column":null}},{"start":{},"end":{}}],"line":647},"36":{"loc":{"start":{"line":661,"column":2},"end":{"line":927,"column":null}},"type":"if","locations":[{"start":{"line":661,"column":2},"end":{"line":927,"column
[...]
4,"column":null}},"type":"binary-expr","locations":[{"start":{"line":1174,"column":15},"end":{"line":1174,"column":53}},{"start":{"line":1174,"column":53},"end":{"line":1174,"column":null}}],"line":1174},"85":{"loc":{"start":{"line":1178,"column":17},"end":{"line":1178,"column":null}},"type":"binary-expr","locations":[{"start":{"line":1178,"column":17},"end":{"line":1178,"column":39}},{"start":{"line":1178,"column":39},"end":{"line":1178,"column":null}}],"line":1178},"86":{"loc":{"start":{"line":1181,"column":17},"end":{"line":1181,"column":null}},"type":"binary-expr","locations":[{"start":{"line":1181,"column":17},"end":{"line":1181,"column":41}},{"start":{"line":1181,"column":41},"end":{"line":1181,"column":null}}],"line":1181},"87":{"loc":{"start":{"line":1188,"column":14},"end":{"line":1190,"column":null}},"type":"cond-expr","locations":[{"start":{"line":1189,"column":18},"end":{"line":1189,"column":null}},{"start":{"line":1190,"column":18},"end":{"line":1190,"column":null}}],"line":1188},"88":{"loc":{"start":{"line":1188,"column":14},"end":{"line":1188,"column":null}},"type":"binary-expr","locations":[{"start":{"line":1188,"column":14},"end":{"line":1188,"column":31}},{"start":{"line":1188,"column":31},"end":{"line":1188,"column":null}}],"line":1188},"89":{"loc":{"start":{"line":1193,"column":13},"end":{"line":1202,"column":null}},"type":"cond-expr","locations":[{"start":{"line":1194,"column":14},"end":{"line":1197,"column":null}},{"start":{"line":1199,"column":14},"end":{"line":1202,"column":null}}],"line":1193},"90":{"loc":{"start":{"line":1193,"column":13},"end":{"line":1193,"column":null}},"type":"binary-expr","locations":[{"start":{"line":1193,"column":13},"end":{"line":1193,"column":30}},{"start":{"line":1193,"column":30},"end":{"line":1193,"column":null}}],"line":1193},"91":{"loc":{"start":{"line":1196,"column":17},"end":{"line":1196,"column":null}},"type":"binary-expr","locations":[{"start":{"line":1196,"column":17},"end":{"line":1196,"column":46}},{"start":{"line":1196,"column":46},"end":{"line":1196,"column":null}}],"line":1196},"92":{"loc":{"start":{"line":1201,"column":17},"end":{"line":1201,"column":null}},"type":"binary-expr","locations":[{"start":{"line":1201,"column":17},"end":{"line":1201,"column":53}},{"start":{"line":1201,"column":53},"end":{"line":1201,"column":null}}],"line":1201},"93":{"loc":{"start":{"line":1226,"column":32},"end":{"line":1226,"column":61}},"type":"binary-expr","locations":[{"start":{"line":1226,"column":32},"end":{"line":1226,"column":60}},{"start":{"line":1226,"column":60},"end":{"line":1226,"column":61}}],"line":1226},"94":{"loc":{"start":{"line":1242,"column":26},"end":{"line":1244,"column":null}},"type":"cond-expr","locations":[{"start":{"line":1243,"column":30},"end":{"line":1243,"column":null}},{"start":{"line":1244,"column":30},"end":{"line":1244,"column":null}}],"line":1242},"95":{"loc":{"start":{"line":1249,"column":28},"end":{"line":1251,"column":null}},"type":"cond-expr","locations":[{"start":{"line":1250,"column":32},"end":{"line":1250,"column":null}},{"start":{"line":1251,"column":32},"end":{"line":1251,"column":null}}],"line":1249},"96":{"loc":{"start":{"line":1254,"column":27},"end":{"line":1257,"column":null}},"type":"cond-expr","locations":[{"start":{"line":1255,"column":28},"end":{"line":1255,"column":null}},{"start":{"line":1257,"column":28},"end":{"line":1257,"column":null}}],"line":1254},"97":{"loc":{"start":{"line":1264,"column":32},"end":{"line":1266,"column":null}},"type":"cond-expr","locations":[{"start":{"line":1265,"column":36},"end":{"line":1265,"column":null}},{"start":{"line":1266,"column":36},"end":{"line":1266,"column":null}}],"line":1264},"98":{"loc":{"start":{"line":1271,"column":29},"end":{"line":1272,"column":null}},"type":"binary-expr","locations":[{"start":{"line":1271,"column":29},"end":{"line":1271,"column":null}},{"start":{"line":1272,"column":30},"end":{"line":1272,"column":null}}],"line":1271},"99":{"loc":{"start":{"line":1302,"column":27},"end":{"line":1302,"column":null}},"type":"binary-expr","locations":[{"start":{"line":1302,"column":27},"end":{"line":1302,"column":49}},{"start":{"line":1302,"column":49},"end":{"line":1302,"column":null}}],"line":1302}},"s":{"0":1,"1":1,"2":1,"3":1,"4":1,"5":1,"6":1,"7":1,"8":1,"9":1,"10":142,"11":142,"12":142,"13":1,"14":138,"15":138,"16":138,"17":138,"18":0,"19":0,"20":0,"21":0,"22":0,"23":0,"24":1,"25":18,"26":18,"27":1,"28":35,"29":35,"30":1,"31":300,"32":300,"33":300,"34":300,"35":300,"36":52,"37":52,"38":300,"39":52,"40":52,"41":300,"42":300,"43":300,"44":300,"45":300,"46":300,"47":300,"48":300,"49":300,"50":300,"51":264,"52":142,"53":300,"54":52,"55":52,"56":2,"57":2,"58":0,"59":2,"60":2,"61":50,"62":50,"63":49,"64":17,"65":17,"66":17,"67":32,"68":32,"69":0,"70":0,"71":32,"72":1,"73":1,"74":52,"75":300,"76":300,"77":284,"78":78,"79":48,"80":76,"81":52,"82":30,"83":0,"84":300,"85":76,"86":0,"87":0,"88":76,"89":76,"90":68,"91":68,"92":8,"93":300,"94":1,"95":1,"96":1,"97":300,"98":6,"99":6,"100":1,"101":300,"102":18,"103":0,"104":18,"105":18,"106":1,"107":300,"108":8,"109":8,"110":8,"111":8,"112":8,"113":40,"114":40,"115":40,"116":40,"117":40,"118":40,"119":40,"120":6,"121":6,"122":2,"123":2,"124":1,"125":1,"126":2,"127":300,"128":3,"129":300,"130":2,"131":0,"132":2,"133":2,"134":2,"135":2,"136":2,"137":2,"138":1,"139":1,"140":1,"141":1,"142":1,"143":1,"144":1,"145":300,"146":8,"147":6,"148":6,"149":2,"150":2,"151":2,"152":2,"153":2,"154":300,"155":0,"156":300,"157":0,"158":0,"159":0,"160":0,"161":0,"162":0,"163":0,"164":0,"165":0,"166":0,"167":0,"168":0,"169":300,"170":29,"171":0,"172":0,"173":29,"174":0,"175":0,"176":0,"177":0,"178":29,"179":300,"180":0,"181":0,"182":0,"183":0,"184":300,"185":35,"186":29,"187":265,"188":142,"189":142,"190":468,"191":6,"192":120,"193":1,"194":1,"195":304,"196":18,"197":104,"198":12,"199":12,"200":60,"201":1,"202":1,"203":60,"204":1,"205":1,"206":123,"207":86,"208":37,"209":10,"210":20,"211":1,"212":1,"213":27,"214":300,"215":300,"216":1,"217":2,"218":1,"219":1,"220":27,"221":54,"222":54},"f":{"0":142,"1":138,"2":18,"3":35,"4":300,"5":52,"6":52,"7":264,"8":52,"9":52,"10":284,"11":76,"12":68,"13":1,"14":1,"15":6,"16":6,"17":1,"18":18,"19":18,"20":1,"21":8,"22":40,"23":3,"24":2,"25":8,"26":0,"27":0,"28":29,"29":0,"30":29,"31":468,"32":6,"33":120,"34":1,"35":1,"36":304,"37":18,"38":104,"39":12,"40":12,"41":60,"42":1,"43":1,"44":60,"45":1,"46":1,"47":20,"48":1,"49":1,"50":2,"51":1,"52":1,"53":27,"54":54},"b":{"0":[138,0],"1":[0,0],"2":[35,0,0],"3":[0,0],"4":[0,0],"5":[0,35],"6":[0,0],"7":[52,52],"8":[52,52],"9":[142,122],"10":[2,50],"11":[0,2],"12":[2,0],"13":[17,32],"14":[0,32],"15":[32,0],"16":[78,48,76,52,30,0],"17":[0,76],"18":[76,14],"19":[68,8],"20":[1,0],"21":[1,5],"22":[0,18],"23":[1,17],"24":[1,1],"25":[2,2,2,1],"26":[0,2],"27":[2,0],"28":[6,2],"29":[8,7],"30":[0,0],"31":[29],"32":[0,29],"33":[0,29],"34":[0,0],"35":[35,265],"36":[142,123],"37":[142,2],"38":[142,39],"39":[8,460],"40":[468,8],"41":[142,24],"42":[24,96],"43":[142,38],"44":[0,38],"45":[0,38],"46":[0,0],"47":[38,0],"48":[17,287],"49":[304,17],"50":[142,26],"51":[12,92],"52":[104,12],"53":[142,15],"54":[15,45],"55":[15,45],"56":[39,103],"57":[107,35],"58":[15,127],"59":[86,37],"60":[123,91],"61":[86,34],"62":[86,34],"63":[10,27],"64":[10,1],"65":[4,6],"66":[10,6],"67":[27,0],"68":[300,0],"69":[300,6],"70":[6,0],"71":[6,0],"72":[6,0],"73":[6,0],"74":[6,0],"75":[6,0],"76":[6,0],"77":[6,0],"78":[6,0],"79":[6,0],"80":[300,17,16],"81":[16,0],"82":[16,0],"83":[16,0],"84":[300,0],"85":[300,0],"86":[300,0],"87":[11,16],"88":[300,17],"89":[11,16],"90":[300,17],"91":[11,0],"92":[16,0],"93":[27,0],"94":[27,27],"95":[27,27],"96":[27,27],"97":[27,27],"98":[54,27],"99":[300,0]},"meta":{"lastBranch":100,"lastFunction":55,"lastStatement":223,"seen":{"s:29:6:29:Infinity":0,"s:48:40:55:Infinity":1,"s:61:25:74:Infinity":2,"s:76:27:82:Infinity":3,"s:84:25:133:Infinity":4,"s:135:21:164:Infinity":5,"s:166:22:171:Infinity":6,"s:173:23:178:Infinity":7,"s:183:27:183:Infinity":8,"s:191:28:202:Infinity":9,"f:191:28:191:29":0,"s:192:2:201:Infinity":10,"s:193:39:197:Infinity":11,"s:198:4:198:Infinity":12,"s:204:30:219:Infinity":13,"f:204:30:204:65":1,"s:205:2:218:Infinity":14,"s:206:18:206:Infinity":15,"b:207:4:207:Infinity:undefined:undefined:undefined:undefined":0,"s:207:4:207:Infinity":16,"s:207:16:207:Infinity":17,"s:209:39:209:Infinity":18,"b:211:4:214:Infinity:undefined:undefined:undefined:undefined":1,"s:211:4:214:Infinity":19,"s:212:6:212:Infinity":20,"s:213:6:213:Infinity":21,"s:215:4:215:Infinity":22,"s:217:4:217:Infinity":23,"s:221:27:227:Infinity":24,"f:221:27:221:33":2,"s:222:2:226:Infinity":25,"s:223:4:223:Infinity":26,"s:239:21:323:Infinity":27,"f:239:21:239:22":3,"s:244:14:244:Infinity":28,"s:246:2:321:Infinity":29,"b:297:9:297:24:297:24:297:Infinity:298:10:309:Infinity":2,"b:300:15:300:Infinity:301:16:301:Infinity":3,"b:307:15:307:46:307:46:307:Infinity":4,"b:317:14:317:Infinity:318:14:318:Infinity":5,"b:317:14:317:42:317:42:317:Infinity":6,"s:329:20:1310:Infinity":30,"f:329:20:329:26":4,"s:330:15:330:Infinity":31,"s:331:14:331:Infinity":32,"s:332:8:332:Infinity":33,"s:335:22:337:Infinity":34,"s:338:34:341:Infinity":35,"f:338:47:338:53":5,"s:339:18:339:Infinity":36,"s:340:4:340:Infinity":37,"b:340:11:340:32:340:32:340:Infinity":7,"s:342:36:345:Infinity":38,"f:342:62:342:68":6,"s:343:18:343:Infinity":39,"s:344:4:344:Infinity":40,"b:344:11:344:33:344:33:344:Infinity":8,"s:346:48:346:Infinity":41,"s:347:30:347:Infinity":42,"s:348:44:350:Infinity":43,"s:351:28:351:Infinity":44,"s:352:36:352:Infinity":45,"s:353:44:353:Infinity":46,"s:354:24:354:Infinity":47,"s:355:52:355:Infinity":48,"s:356:42:356:Infinity":49,"s:359:2:363:Infinity":50,"f:359:12:359:18":7,"b:360:4:362:Infinity:undefined:undefined:undefined:undefined":9,"s:360:4:362:Infinity":51,"s:361:6:361:Infinity":52,"s:366:2:401:Infinity":53,"f:366:12:366:18":8,"s:367:33:398:Infinity":54,"f:367:33:367:45":9,"b:368:6:376:Infinity:undefined:undefined:undefined:undefined":10,"s:368:6:376:Infinity":55,"s:370:22:370:Infinity":56,"b:371:8:373:Infinity:undefined:undefined:undefined:undefined":11,"s:371:8:373:Infinity":57,"b:371:12:371:21:371:21:371:43":12,"s:372:10:372:Infinity":58,"s:374:8:374:Infinity":59,"s:375:8:375:Infinity":60,"s:378:6:397:Infinity":61,"s:379:25:379:Infinity":62,"b:380:8:393:Infinity:384:15:393:Infinity":13,"s:380:8:393:Infinity":63,"s:381:10:381:Infinity":64,"s:382:10:382:Infinity":65,"s:383:10:383:Infinity":66,"s:386:24:386:Infinity":67,"b:387:10:392:Infinity:390:17:392:Infinity":14,"s:387:10:392:Infinity":68,"b:387:14:387:23:387:23:387:45":15,"s:388:12:388:Infinity":69,"s:389:12:389:Infinity":70,"s:391:12:391:Infinity":71,"s:395:8:395:Infinity":72,"s:396:8:396:Infinity":73,"s:400:4:400:Infinity":74,"s:407:23:433:Infinity":75,"s:435:21:450:Infinity":76,"f:435:21:435:27":10,"b:437:6:438:Infinity:439:6:440:Infinity:441:6:442:Infinity:443:6:444:Infinity:445:6:446:Infinity:447:6:448:Infinity":16,"s:436:4:449:Infinity":77,"s:438:8:438:Infinity":78,"s:440:8:440:Infinity":79,"s:442:8:442:Infinity":80,"s:444:8:444:Infinity":81,"s:446:8:446:Infinity":82,"s:448:8:448:Infinity":83,"s:452:21:468:Infinity":84,"f:452:21:452:27":11,"b:454:4:457:Infinity:undefined:undefined:undefined:undefined":17,"s:454:4:457:Infinity":85,"b:454:8:454:28:454:28:454:64":18,"s:455:6:455:Infinity":86,"s:456:6:456:Infinity":87,"s:460:4:460:Infinity":88,"b:462:4:467:Infinity:464:11:467:Infinity":19,"s:462:4:467:Infinity":89,"s:463:6:463:Infinity":90,"f:463:20:463:21":12,"s:463:30:463:38":91,"s:466:6:466:Infinity":92,"s:470:21:474:Infinity":93,"f:470:21:470:27":13,"b:471:4:473:Infinity:undefined:undefined:undefined:undefined":20,"s:471:4:473:Infinity":94,"s:472:6:472:Infinity":95,"f:472:20:472:21":14,"s:472:30:472:38":96,"s:476:25:483:Infinity":97,"f:476:25:476:26":15,"s:477:4:482:Infinity":98,"f:477:19:477:20":16,"s:477:30:482:6":99,"b:480:10:480:Infinity:481:10:481:Infinity":21,"f:480:37:480:38":17,"s:480:44:480:56":100,"s:485:25:496:Infinity":101,"f:485:25:485:26":18,"b:487:4:489:Infinity:undefined:undefined:undefined:undefined":22,"s:487:4:489:Infinity":102,"s:488:6:488:Infinity":103,"s:490:4:495:Infinity":104,"f:490:19:490:20":19,"s:490:30:495:6":105,"b:493:10:493:Infinity:494:10:494:Infinity":23,"f:493:32:493:33":20,"s:493:39:493:55":106,"s:502:33:544:Infinity":107,"f:502:33:502:45":21,"s:503:4:503:Infinity":108,"s:504:4:504:Infinity":109,"s:506:19:512:Infinity":110,"s:514:4:518:Infinity":111,"s:514:17:514:20":112,"s:515:6:515:Infinity":113,"s:516:6:516:Infinity":114,"s:517:6:517:Infinity":115,"f:517:24:517:25":22,"s:517:31:517:49":116,"s:520:4:543:Infinity":117,"s:521:44:528:Infinity":118,"s:530:23:530:Infinity":119,"s:531:6:531:Infinity":120,"s:532:6:532:Infinity":121,"s:534:6:534:Infinity":122,"b:535:6:541:Infinity:539:13:541:Infinity":24,"s:535:6:541:Infinity":123,"b:535:10:535:15:535:15:535:40:535:40:535:57:535:57:535:75":25,"s:536:8:538:Infinity":124,"s:540:8:540:Infinity":125,"s:542:6:542:Infinity":126,"s:546:30:548:Infinity":127,"f:546:30:546:31":23,"s:547:4:547:Infinity":128,"s:550:34:580:Infinity":129,"f:550:34:550:46":24,"b:551:4:551:Infinity:undefined:undefined:undefined:undefined":26,"s:551:4:551:Infinity":130,"s:551:26:551:Infinity":131,"s:553:4:553:Infinity":132,"s:554:4:554:Infinity":133,"s:555:4:555:Infinity":134,"s:557:4:579:Infinity":135,"s:558:42:568:Infinity":136,"b:567:16:567:42:567:42:567:Infinity":27,"s:570:21:570:Infinity":137,"s:571:6:571:Infinity":138,"s:572:6:572:Infinity":139,"s:573:6:573:Infinity":140,"s:574:6:574:Infinity":141,"s:576:6:576:Infinity":142,"s:577:6:577:Infinity":143,"s:578:6:578:Infinity":144,"s:582:27:592:Infinity":145,"f:582:27:582:39":25,"b:583:4:586:Infinity:undefined:undefined:undefined:undefined":28,"s:583:4:586:Infinity":146,"b:583:8:583:35:583:35:583:56":29,"s:584:6:584:Infinity":147,"s:585:6:585:Infinity":148,"s:587:4:587:Infinity":149,"s:588:4:588:Infinity":150,"s:589:4:589:Infinity":151,"s:590:4:590:Infinity":152,"s:591:4:591:Infinity":153,"s:594:35:598:Infinity":154,"f:594:35:594:41":26,"s:597:4:597:Infinity":155,"s:600:16:616:Infinity":156,"f:600:16:600:28":27,"b:601:4:607:Infinity:undefined:undefined:undefined:undefined":30,"s:601:4:607:Infinity":157,"s:602:6:606:Infinity":158,"s:603:8:603:Infinity":159,"s:605:8:605:Infinity":160,"s:608:4:608:Infinity":161,"s:609:4:609:Infinity":162,"s:610:4:610:Infinity":163,"s:611:4:611:Infinity":164,"s:612:4:612:Infinity":165,"s:613:4:613:Infinity":166,"s:614:4:614:Infinity":167,"s:615:4:615:Infinity":168,"s:622:28:636:Infinity":169,"f:622:28:622:29":28,"b:622:42:622:52":31,"b:623:4:627:Infinity:undefined:undefined:undefined:undefined":32,"s:623:4:627:Infinity":170,"s:625:6:625:Infinity":171,"s:626:6:626:Infinity":172,"b:628:4:634:Infinity:undefined:undefined:undefined:undefined":33,"s:628:4:634:Infinity":173,"s:630:6:630:Infinity":174,"s:631:6:631:Infinity":175,"s:632:6:632:Infinity":176,"s:633:6:633:Infinity":177,"s:635:4:635:Infinity":178,"s:638:29:645:Infinity":179,"f:638:29:638:35":29,"b:639:4:642:Infinity:undefined:undefined:undefined:undefined":34,"s:639:4:642:Infinity":180,"s:640:6:640:Infinity":181,"s:641:6:641:Infinity":182,"s:644:4:644:Infinity":183,"b:647:2:655:Infinity:undefined:undefined:undefined:undefined":35,"s:647:2:655:Infinity":184,"s:648:4:653:Infinity":185,"f:650:17:650:23":30,"s:650:23:650:Infinity":186,"b:661:2:927:Infinity:undefined:undefined:undefined:undefined":36,"s:661:2:927:Infinity":187,"s:662:24:662:Infinity":188,"s:664:4:925:Infinity":189,"b:668:11:668:Infinity:669:12:671:Infinity":37,"b:700:11:700:Infinity:701:12:726:Infinity":38,"f:706:38:706:39":31,"s:707:18:723:Infinity":190,"f:709:29:709:35":32,"s:709:35:709:Infinity":191,"b:712:26:712:Infinity:713:26:713:Infinity":39,"b:720:21:720:Infinity:721:22:721:Infinity":40,"b:729:11:729:Infinity:730:12:752:Infinity":41,"f:731:38:731:39":33,"s:732:16:750:Infinity":192,"f:734:27:734:Infinity":34,"s:735:20:738:Infinity":193,"f:735:35:735:36":35,"s:735:46:738:22":194,"b:742:24:742:Infinity:743:24:743:Infinity":42,"b:755:11:755:Infinity:756:12:790:Infinity":43,"b:758:72:758:101:758:101:758:116":44,"b:761:20:762:Infinity:763:20:764:Infinity":45,"b:761:20:761:Infinity:762:20:762:Infinity":46,"b:763:20:763:Infinity:764:20:764:Infinity":47,"f:767:38:767:39":36,"s:768:18:787:Infinity":195,"f:770:29:770:35":37,"s:770:35:770:Infinity":196,"b:773:26:773:Infinity:774:26:774:Infinity":48,"b:784:21:784:Infinity:785:22:785:Infinity":49,"b:793:11:793:Infinity:794:12:828:Infinity":50,"f:795:32:795:33":38,"s:796:16:826:Infinity":197,"f:798:27:798:Infinity":39,"s:799:20:802:Infinity":198,"f:799:35:799:36":40,"s:799:46:802:22":199,"b:806:24:806:Infinity:807:24:807:Infinity":51,"b:821:19:821:Infinity:822:20:824:Infinity":52,"b:831:11:831:Infinity:832:12:892:Infinity":53,"f:839:37:839:38":41,"s:840:20:858:Infinity":200,"f:842:31:842:Infinity":42,"s:843:24:846:Infinity":201,"f:843:39:843:40":43,"s:843:50:846:26":202,"b:850:28:850:Infinity:851:28:851:Infinity":54,"f:869:38:869:39":44,"s:870:20:888:Infinity":203,"f:872:31:872:Infinity":45,"s:873:24:876:Infinity":204,"f:873:39:873:40":46,"s:873:50:876:26":205,"b:880:28:880:Infinity:881:28:881:Infinity":55,"b:902:20:902:Infinity:903:20:903:Infinity":56,"b:914:20:914:Infinity:915:20:915:Infinity":57,"b:919:18:919:Infinity:920:18:920:Infinity":58,"b:933:2:960:Infinity:undefined:undefined:undefined:undefined":59,"s:933:2:960:Infinity":206,"b:933:6:933:31:933:31:933:51":60,"s:934:4:958:Infinity":207,"b:940:13:940:Infinity:941:14:943:Infinity":61,"b:949:11:949:Infinity:950:12:955:Infinity":62,"b:966:2:1025:Infinity:undefined:undefined:undefined:undefined":63,"s:966:2:1025:Infinity":208,"s:967:4:1023:Infinity":209,"b:981:9:981:Infinity:982:10:984:Infinity":64,"f:989:24:989:25":47,"s:990:12:995:Infinity":210,"f:1002:21:1002:27":48,"s:1003:14:1003:Infinity":211,"s:1004:14:1004:Infinity":212,"b:1016:18:1016:Infinity:1017:18:1017:Infinity":65,"b:1020:19:1020:44:1020:44:1020:55":66,"s:1031:24:1031:Infinity":213,"b:1031:24:1031:50:1031:50:1031:Infinity":67,"s:1032:20:1032:Infinity":214,"b:1032:20:1032:42:1032:42:1032:Infinity":68,"s:1034:2:1308:Infinity":215,"b:1037:7:1037:Infinity:1038:8:1142:Infinity":69,"f:1040:19:1040:25":49,"s:1040:25:1040:Infinity":216,"f:1044:21:1044:22":50,"s:1044:28:1044:Infinity":217,"f:1048:23:1048:29":51,"s:1048:29:1048:Infinity":218,"b:1073:19:1073:Infinity:1074:20:1074:Infinity":70,"b:1077:19:1077:Infinity:1078:20:1078:Infinity":71,"b:1088:19:1088:52:1088:52:1088:Infinity":72,"b:1096:19:1096:Infinity:1097:20:1097:Infinity":73,"b:1101:19:1101:Infinity:1102:20:1102:Infinity":74,"b:1106:19:1106:Infinity:1107:20:1107:Infinity":75,"b:1117:19:1117:56:1117:56:1117:Infinity":76,"f:1120:27:1120:33":52,"s:1120:33:1120:Infinity":219,"b:1123:19:1123:43:1123:43:1123:Infinity":77,"b:1130:19:1130:Infinity:1131:20:1131:Infinity":78,"b:1137:19:1137:54:1137:54:1137:Infinity":79,"b:1147:9:1147:27:1147:27:1147:Infinity:1148:10:1168:Infinity":80,"b:1153:19:1153:Infinity:1154:20:1154:Infinity":81,"b:1157:19:1157:Infinity:1158:20:1158:Infinity":82,"b:1165:17:1165:42:1165:42:1165:Infinity":83,"b:1174:15:1174:53:1174:53:1174:Infinity":84,"b:1178:17:1178:39:1178:39:1178:Infinity":85,"b:1181:17:1181:41:1181:41:1181:Infinity":86,"b:1189:18:1189:Infinity:1190:18:1190:Infinity":87,"b:1188:14:1188:31:1188:31:1188:Infinity":88,"b:1194:14:1197:Infinity:1199:14:1202:Infinity":89,"b:1193:13:1193:30:1193:30:1193:Infinity":90,"b:1196:17:1196:46:1196:46:1196:Infinity":91,"b:1201:17:1201:53:1201:53:1201:Infinity":92,"f:1211:31:1211:32":53,"s:1212:12:1289:Infinity":220,"b:1226:32:1226:60:1226:60:1226:61":93,"f:1234:35:1234:36":54,"s:1235:40:1235:Infinity":221,"s:1237:20:1284:Infinity":222,"b:1243:30:1243:Infinity:1244:30:1244:Infinity":94,"b:1250:32:1250:Infinity:1251:32:1251:Infinity":95,"b:1255:28:1255:Infinity:1257:28:1257:Infinity":96,"b:1265:36:1265:Infinity:1266:36:1266:Infinity":97,"b:1271:29:1271:Infinity:1272:30:1272:Infinity":98,"b:1302:27:1302:49:1302:49:1302:Infinity":99}}}
}
